-------------------------------------
PRODIGAL v2.6.3 [February, 2016]         
Univ of Tenn / Oak Ridge National Lab
Doug Hyatt, Loren Hauser, et al.     
-------------------------------------
Request:  Metagenomic, Phase:  Training
Initializing training files...done!
-------------------------------------
Request:  Metagenomic, Phase:  Gene Finding
Finding genes in sequence #1 (6391 bp)...done!
Finding genes in sequence #2 (3617 bp)...done!
Finding genes in sequence #3 (3223 bp)...done!
Finding genes in sequence #4 (3193 bp)...done!
Finding genes in sequence #5 (3103 bp)...done!
Finding genes in sequence #6 (3101 bp)...done!
Finding genes in sequence #7 (2671 bp)...done!
Finding genes in sequence #8 (2419 bp)...done!
Finding genes in sequence #9 (2287 bp)...done!
Finding genes in sequence #10 (2143 bp)...done!
Finding genes in sequence #11 (1993 bp)...done!
Finding genes in sequence #12 (1939 bp)...done!
Finding genes in sequence #13 (1937 bp)...done!
Finding genes in sequence #14 (1843 bp)...done!
Finding genes in sequence #15 (1819 bp)...done!
Finding genes in sequence #16 (1795 bp)...done!
Finding genes in sequence #17 (1651 bp)...done!
Finding genes in sequence #18 (1601 bp)...done!
Finding genes in sequence #19 (1597 bp)...done!
Finding genes in sequence #20 (1501 bp)...done!
Finding genes in sequence #21 (1489 bp)...done!
Finding genes in sequence #22 (1489 bp)...done!
Finding genes in sequence #23 (1477 bp)...done!
Finding genes in sequence #24 (1441 bp)...done!
Finding genes in sequence #25 (1393 bp)...done!
Finding genes in sequence #26 (1291 bp)...done!
Finding genes in sequence #27 (1267 bp)...done!
Finding genes in sequence #28 (1261 bp)...done!
Finding genes in sequence #29 (1237 bp)...done!
Finding genes in sequence #30 (1171 bp)...done!
Finding genes in sequence #31 (1075 bp)...done!
Finding genes in sequence #32 (1075 bp)...done!
Finding genes in sequence #33 (1051 bp)...done!
Finding genes in sequence #34 (1045 bp)...done!
Finding genes in sequence #35 (1039 bp)...done!
Finding genes in sequence #36 (1027 bp)...done!
Finding genes in sequence #37 (1027 bp)...done!
Finding genes in sequence #38 (1021 bp)...done!
Finding genes in sequence #39 (1011 bp)...done!
Finding genes in sequence #40 (1003 bp)...done!
Finding genes in sequence #41 (997 bp)...done!
Finding genes in sequence #42 (854 bp)...done!
Finding genes in sequence #43 (985 bp)...done!
Finding genes in sequence #44 (979 bp)...done!
Finding genes in sequence #45 (979 bp)...done!
Finding genes in sequence #46 (979 bp)...done!
Finding genes in sequence #47 (949 bp)...done!
