-------------------------------------
PRODIGAL v2.6.3 [February, 2016]         
Univ of Tenn / Oak Ridge National Lab
Doug Hyatt, Loren Hauser, et al.     
-------------------------------------
Request:  Metagenomic, Phase:  Training
Initializing training files...done!
-------------------------------------
Request:  Metagenomic, Phase:  Gene Finding
Finding genes in sequence #1 (34541 bp)...done!
Finding genes in sequence #2 (6621 bp)...done!
Finding genes in sequence #3 (4271 bp)...done!
Finding genes in sequence #4 (3509 bp)...done!
Finding genes in sequence #5 (3193 bp)...done!
Finding genes in sequence #6 (3103 bp)...done!
Finding genes in sequence #7 (3053 bp)...done!
Finding genes in sequence #8 (2671 bp)...done!
Finding genes in sequence #9 (2549 bp)...done!
Finding genes in sequence #10 (2463 bp)...done!
Finding genes in sequence #11 (2281 bp)...done!
Finding genes in sequence #12 (2173 bp)...done!
Finding genes in sequence #13 (2137 bp)...done!
Finding genes in sequence #14 (2029 bp)...done!
Finding genes in sequence #15 (1873 bp)...done!
Finding genes in sequence #16 (1795 bp)...done!
Finding genes in sequence #17 (1687 bp)...done!
Finding genes in sequence #18 (1483 bp)...done!
Finding genes in sequence #19 (1375 bp)...done!
Finding genes in sequence #20 (1339 bp)...done!
Finding genes in sequence #21 (1315 bp)...done!
Finding genes in sequence #22 (1285 bp)...done!
Finding genes in sequence #23 (1285 bp)...done!
Finding genes in sequence #24 (1213 bp)...done!
Finding genes in sequence #25 (1177 bp)...done!
Finding genes in sequence #26 (1153 bp)...done!
Finding genes in sequence #27 (1133 bp)...done!
Finding genes in sequence #28 (1087 bp)...done!
Finding genes in sequence #29 (1057 bp)...done!
Finding genes in sequence #30 (1051 bp)...done!
Finding genes in sequence #31 (1039 bp)...done!
Finding genes in sequence #32 (1039 bp)...done!
Finding genes in sequence #33 (1027 bp)...done!
Finding genes in sequence #34 (1015 bp)...done!
Finding genes in sequence #35 (1009 bp)...done!
Finding genes in sequence #36 (991 bp)...done!
Finding genes in sequence #37 (975 bp)...done!
