-------------------------------------
PRODIGAL v2.6.3 [February, 2016]         
Univ of Tenn / Oak Ridge National Lab
Doug Hyatt, Loren Hauser, et al.     
-------------------------------------
Request:  Metagenomic, Phase:  Training
Initializing training files...done!
-------------------------------------
Request:  Metagenomic, Phase:  Gene Finding
Finding genes in sequence #1 (54614 bp)...done!
Finding genes in sequence #2 (14204 bp)...done!
Finding genes in sequence #3 (11353 bp)...done!
Finding genes in sequence #4 (6445 bp)...done!
Finding genes in sequence #5 (6129 bp)...done!
Finding genes in sequence #6 (5889 bp)...done!
Finding genes in sequence #7 (5449 bp)...done!
Finding genes in sequence #8 (4551 bp)...done!
Finding genes in sequence #9 (4447 bp)...done!
Finding genes in sequence #10 (4047 bp)...done!
Finding genes in sequence #11 (3722 bp)...done!
Finding genes in sequence #12 (3403 bp)...done!
Finding genes in sequence #13 (3295 bp)...done!
Finding genes in sequence #14 (3265 bp)...done!
Finding genes in sequence #15 (2903 bp)...done!
Finding genes in sequence #16 (2875 bp)...done!
Finding genes in sequence #17 (2863 bp)...done!
Finding genes in sequence #18 (2857 bp)...done!
Finding genes in sequence #19 (2521 bp)...done!
Finding genes in sequence #20 (2357 bp)...done!
Finding genes in sequence #21 (2335 bp)...done!
Finding genes in sequence #22 (2101 bp)...done!
Finding genes in sequence #23 (2015 bp)...done!
Finding genes in sequence #24 (1645 bp)...done!
Finding genes in sequence #25 (1591 bp)...done!
Finding genes in sequence #26 (1531 bp)...done!
Finding genes in sequence #27 (1459 bp)...done!
Finding genes in sequence #28 (1357 bp)...done!
Finding genes in sequence #29 (1351 bp)...done!
Finding genes in sequence #30 (1273 bp)...done!
Finding genes in sequence #31 (1215 bp)...done!
Finding genes in sequence #32 (1165 bp)...done!
Finding genes in sequence #33 (1111 bp)...done!
Finding genes in sequence #34 (1087 bp)...done!
Finding genes in sequence #35 (1081 bp)...done!
Finding genes in sequence #36 (1045 bp)...done!
Finding genes in sequence #37 (1009 bp)...done!
Finding genes in sequence #38 (973 bp)...done!
