-------------------------------------
PRODIGAL v2.6.3 [February, 2016]         
Univ of Tenn / Oak Ridge National Lab
Doug Hyatt, Loren Hauser, et al.     
-------------------------------------
Request:  Metagenomic, Phase:  Training
Initializing training files...done!
-------------------------------------
Request:  Metagenomic, Phase:  Gene Finding
Finding genes in sequence #1 (4959 bp)...done!
Finding genes in sequence #2 (4623 bp)...done!
Finding genes in sequence #3 (3917 bp)...done!
Finding genes in sequence #4 (3229 bp)...done!
Finding genes in sequence #5 (2951 bp)...done!
Finding genes in sequence #6 (2465 bp)...done!
Finding genes in sequence #7 (1921 bp)...done!
Finding genes in sequence #8 (1237 bp)...done!
Finding genes in sequence #9 (1211 bp)...done!
Finding genes in sequence #10 (1145 bp)...done!
Finding genes in sequence #11 (1095 bp)...done!
Finding genes in sequence #12 (1081 bp)...done!
Finding genes in sequence #13 (1043 bp)...done!
Finding genes in sequence #14 (1013 bp)...done!
Finding genes in sequence #15 (991 bp)...done!
