-------------------------------------
PRODIGAL v2.6.3 [February, 2016]         
Univ of Tenn / Oak Ridge National Lab
Doug Hyatt, Loren Hauser, et al.     
-------------------------------------
Request:  Metagenomic, Phase:  Training
Initializing training files...done!
-------------------------------------
Request:  Metagenomic, Phase:  Gene Finding
Finding genes in sequence #1 (22099 bp)...done!
Finding genes in sequence #2 (15180 bp)...done!
Finding genes in sequence #3 (14536 bp)...done!
Finding genes in sequence #4 (13889 bp)...done!
Finding genes in sequence #5 (7329 bp)...done!
Finding genes in sequence #6 (6717 bp)...done!
Finding genes in sequence #7 (6153 bp)...done!
Finding genes in sequence #8 (6129 bp)...done!
Finding genes in sequence #9 (5041 bp)...done!
Finding genes in sequence #10 (4447 bp)...done!
Finding genes in sequence #11 (3773 bp)...done!
Finding genes in sequence #12 (3554 bp)...done!
Finding genes in sequence #13 (3405 bp)...done!
Finding genes in sequence #14 (3193 bp)...done!
Finding genes in sequence #15 (3091 bp)...done!
Finding genes in sequence #16 (2959 bp)...done!
Finding genes in sequence #17 (2823 bp)...done!
Finding genes in sequence #18 (2767 bp)...done!
Finding genes in sequence #19 (2689 bp)...done!
Finding genes in sequence #20 (2563 bp)...done!
Finding genes in sequence #21 (2533 bp)...done!
Finding genes in sequence #22 (2449 bp)...done!
Finding genes in sequence #23 (2277 bp)...done!
Finding genes in sequence #24 (2062 bp)...done!
Finding genes in sequence #25 (2041 bp)...done!
Finding genes in sequence #26 (1993 bp)...done!
Finding genes in sequence #27 (1837 bp)...done!
Finding genes in sequence #28 (1825 bp)...done!
Finding genes in sequence #29 (1795 bp)...done!
Finding genes in sequence #30 (1767 bp)...done!
Finding genes in sequence #31 (1761 bp)...done!
Finding genes in sequence #32 (1747 bp)...done!
Finding genes in sequence #33 (1729 bp)...done!
Finding genes in sequence #34 (1723 bp)...done!
Finding genes in sequence #35 (1693 bp)...done!
Finding genes in sequence #36 (1681 bp)...done!
Finding genes in sequence #37 (1675 bp)...done!
Finding genes in sequence #38 (1615 bp)...done!
Finding genes in sequence #39 (1603 bp)...done!
Finding genes in sequence #40 (1591 bp)...done!
Finding genes in sequence #41 (1585 bp)...done!
Finding genes in sequence #42 (1561 bp)...done!
Finding genes in sequence #43 (1501 bp)...done!
Finding genes in sequence #44 (1477 bp)...done!
Finding genes in sequence #45 (1465 bp)...done!
Finding genes in sequence #46 (1463 bp)...done!
Finding genes in sequence #47 (1459 bp)...done!
Finding genes in sequence #48 (1423 bp)...done!
Finding genes in sequence #49 (1357 bp)...done!
Finding genes in sequence #50 (1319 bp)...done!
Finding genes in sequence #51 (1291 bp)...done!
Finding genes in sequence #52 (1285 bp)...done!
Finding genes in sequence #53 (1273 bp)...done!
Finding genes in sequence #54 (1261 bp)...done!
Finding genes in sequence #55 (1165 bp)...done!
Finding genes in sequence #56 (1147 bp)...done!
Finding genes in sequence #57 (1135 bp)...done!
Finding genes in sequence #58 (1093 bp)...done!
Finding genes in sequence #59 (1081 bp)...done!
Finding genes in sequence #60 (1063 bp)...done!
Finding genes in sequence #61 (1051 bp)...done!
Finding genes in sequence #62 (1039 bp)...done!
Finding genes in sequence #63 (1027 bp)...done!
Finding genes in sequence #64 (1009 bp)...done!
Finding genes in sequence #65 (1003 bp)...done!
Finding genes in sequence #66 (1001 bp)...done!
Finding genes in sequence #67 (967 bp)...done!
Finding genes in sequence #68 (967 bp)...done!
Finding genes in sequence #69 (961 bp)...done!
Finding genes in sequence #70 (953 bp)...done!
