-------------------------------------
PRODIGAL v2.6.3 [February, 2016]         
Univ of Tenn / Oak Ridge National Lab
Doug Hyatt, Loren Hauser, et al.     
-------------------------------------
Request:  Metagenomic, Phase:  Training
Initializing training files...done!
-------------------------------------
Request:  Metagenomic, Phase:  Gene Finding
Finding genes in sequence #1 (10821 bp)...done!
Finding genes in sequence #2 (3319 bp)...done!
Finding genes in sequence #3 (3037 bp)...done!
Finding genes in sequence #4 (2547 bp)...done!
Finding genes in sequence #5 (2311 bp)...done!
Finding genes in sequence #6 (2159 bp)...done!
Finding genes in sequence #7 (2049 bp)...done!
Finding genes in sequence #8 (2029 bp)...done!
Finding genes in sequence #9 (2009 bp)...done!
Finding genes in sequence #10 (1849 bp)...done!
Finding genes in sequence #11 (1801 bp)...done!
Finding genes in sequence #12 (1693 bp)...done!
Finding genes in sequence #13 (1589 bp)...done!
Finding genes in sequence #14 (1587 bp)...done!
Finding genes in sequence #15 (1575 bp)...done!
Finding genes in sequence #16 (1545 bp)...done!
Finding genes in sequence #17 (1531 bp)...done!
Finding genes in sequence #18 (1525 bp)...done!
Finding genes in sequence #19 (1497 bp)...done!
Finding genes in sequence #20 (1389 bp)...done!
Finding genes in sequence #21 (1351 bp)...done!
Finding genes in sequence #22 (1313 bp)...done!
Finding genes in sequence #23 (1299 bp)...done!
Finding genes in sequence #24 (1293 bp)...done!
Finding genes in sequence #25 (1287 bp)...done!
Finding genes in sequence #26 (1255 bp)...done!
Finding genes in sequence #27 (1255 bp)...done!
Finding genes in sequence #28 (1253 bp)...done!
Finding genes in sequence #29 (1249 bp)...done!
Finding genes in sequence #30 (1227 bp)...done!
Finding genes in sequence #31 (1211 bp)...done!
Finding genes in sequence #32 (1211 bp)...done!
Finding genes in sequence #33 (1189 bp)...done!
Finding genes in sequence #34 (1189 bp)...done!
Finding genes in sequence #35 (1171 bp)...done!
Finding genes in sequence #36 (1171 bp)...done!
Finding genes in sequence #37 (1171 bp)...done!
Finding genes in sequence #38 (1139 bp)...done!
Finding genes in sequence #39 (1137 bp)...done!
Finding genes in sequence #40 (1097 bp)...done!
Finding genes in sequence #41 (1093 bp)...done!
Finding genes in sequence #42 (1089 bp)...done!
Finding genes in sequence #43 (1087 bp)...done!
Finding genes in sequence #44 (1085 bp)...done!
Finding genes in sequence #45 (1073 bp)...done!
Finding genes in sequence #46 (1063 bp)...done!
Finding genes in sequence #47 (1061 bp)...done!
Finding genes in sequence #48 (1055 bp)...done!
Finding genes in sequence #49 (1045 bp)...done!
Finding genes in sequence #50 (1027 bp)...done!
Finding genes in sequence #51 (1011 bp)...done!
Finding genes in sequence #52 (999 bp)...done!
Finding genes in sequence #53 (989 bp)...done!
Finding genes in sequence #54 (985 bp)...done!
Finding genes in sequence #55 (979 bp)...done!
Finding genes in sequence #56 (969 bp)...done!
Finding genes in sequence #57 (961 bp)...done!
