-------------------------------------
PRODIGAL v2.6.3 [February, 2016]         
Univ of Tenn / Oak Ridge National Lab
Doug Hyatt, Loren Hauser, et al.     
-------------------------------------
Request:  Metagenomic, Phase:  Training
Initializing training files...done!
-------------------------------------
Request:  Metagenomic, Phase:  Gene Finding
Finding genes in sequence #1 (11720 bp)...done!
Finding genes in sequence #2 (5661 bp)...done!
Finding genes in sequence #3 (4668 bp)...done!
Finding genes in sequence #4 (4069 bp)...done!
Finding genes in sequence #5 (3439 bp)...done!
Finding genes in sequence #6 (3319 bp)...done!
Finding genes in sequence #7 (2635 bp)...done!
Finding genes in sequence #8 (2479 bp)...done!
Finding genes in sequence #9 (2269 bp)...done!
Finding genes in sequence #10 (2157 bp)...done!
Finding genes in sequence #11 (2033 bp)...done!
Finding genes in sequence #12 (1931 bp)...done!
Finding genes in sequence #13 (1911 bp)...done!
Finding genes in sequence #14 (1855 bp)...done!
Finding genes in sequence #15 (1829 bp)...done!
Finding genes in sequence #16 (1819 bp)...done!
Finding genes in sequence #17 (1801 bp)...done!
Finding genes in sequence #18 (1795 bp)...done!
Finding genes in sequence #19 (1765 bp)...done!
Finding genes in sequence #20 (1765 bp)...done!
Finding genes in sequence #21 (1761 bp)...done!
Finding genes in sequence #22 (1741 bp)...done!
Finding genes in sequence #23 (1663 bp)...done!
Finding genes in sequence #24 (1659 bp)...done!
Finding genes in sequence #25 (1567 bp)...done!
Finding genes in sequence #26 (1527 bp)...done!
Finding genes in sequence #27 (1517 bp)...done!
Finding genes in sequence #28 (1515 bp)...done!
Finding genes in sequence #29 (1509 bp)...done!
Finding genes in sequence #30 (1505 bp)...done!
Finding genes in sequence #31 (1495 bp)...done!
Finding genes in sequence #32 (1483 bp)...done!
Finding genes in sequence #33 (1411 bp)...done!
Finding genes in sequence #34 (1411 bp)...done!
Finding genes in sequence #35 (1393 bp)...done!
Finding genes in sequence #36 (1381 bp)...done!
Finding genes in sequence #37 (1345 bp)...done!
Finding genes in sequence #38 (1339 bp)...done!
Finding genes in sequence #39 (1297 bp)...done!
Finding genes in sequence #40 (1289 bp)...done!
Finding genes in sequence #41 (1271 bp)...done!
Finding genes in sequence #42 (1267 bp)...done!
Finding genes in sequence #43 (1259 bp)...done!
Finding genes in sequence #44 (1255 bp)...done!
Finding genes in sequence #45 (1231 bp)...done!
Finding genes in sequence #46 (1231 bp)...done!
Finding genes in sequence #47 (1223 bp)...done!
Finding genes in sequence #48 (1108 bp)...done!
Finding genes in sequence #49 (1199 bp)...done!
Finding genes in sequence #50 (1189 bp)...done!
Finding genes in sequence #51 (1173 bp)...done!
Finding genes in sequence #52 (1171 bp)...done!
Finding genes in sequence #53 (1169 bp)...done!
Finding genes in sequence #54 (1169 bp)...done!
Finding genes in sequence #55 (1165 bp)...done!
Finding genes in sequence #56 (1149 bp)...done!
Finding genes in sequence #57 (1137 bp)...done!
Finding genes in sequence #58 (1117 bp)...done!
Finding genes in sequence #59 (1111 bp)...done!
Finding genes in sequence #60 (1111 bp)...done!
Finding genes in sequence #61 (1109 bp)...done!
Finding genes in sequence #62 (1087 bp)...done!
Finding genes in sequence #63 (1063 bp)...done!
Finding genes in sequence #64 (1061 bp)...done!
Finding genes in sequence #65 (1055 bp)...done!
Finding genes in sequence #66 (1049 bp)...done!
Finding genes in sequence #67 (1045 bp)...done!
Finding genes in sequence #68 (1027 bp)...done!
Finding genes in sequence #69 (1027 bp)...done!
Finding genes in sequence #70 (1027 bp)...done!
Finding genes in sequence #71 (1021 bp)...done!
Finding genes in sequence #72 (1011 bp)...done!
Finding genes in sequence #73 (1009 bp)...done!
Finding genes in sequence #74 (1007 bp)...done!
Finding genes in sequence #75 (1001 bp)...done!
Finding genes in sequence #76 (991 bp)...done!
Finding genes in sequence #77 (991 bp)...done!
Finding genes in sequence #78 (991 bp)...done!
Finding genes in sequence #79 (991 bp)...done!
Finding genes in sequence #80 (985 bp)...done!
Finding genes in sequence #81 (978 bp)...done!
Finding genes in sequence #82 (973 bp)...done!
Finding genes in sequence #83 (973 bp)...done!
Finding genes in sequence #84 (967 bp)...done!
Finding genes in sequence #85 (964 bp)...done!
