-------------------------------------
PRODIGAL v2.6.3 [February, 2016]         
Univ of Tenn / Oak Ridge National Lab
Doug Hyatt, Loren Hauser, et al.     
-------------------------------------
Request:  Metagenomic, Phase:  Training
Initializing training files...done!
-------------------------------------
Request:  Metagenomic, Phase:  Gene Finding
Finding genes in sequence #1 (11200 bp)...done!
Finding genes in sequence #2 (10909 bp)...done!
Finding genes in sequence #3 (9043 bp)...done!
Finding genes in sequence #4 (7393 bp)...done!
Finding genes in sequence #5 (7387 bp)...done!
Finding genes in sequence #6 (4153 bp)...done!
Finding genes in sequence #7 (1987 bp)...done!
Finding genes in sequence #8 (1933 bp)...done!
Finding genes in sequence #9 (1855 bp)...done!
Finding genes in sequence #10 (1777 bp)...done!
Finding genes in sequence #11 (1741 bp)...done!
Finding genes in sequence #12 (1645 bp)...done!
Finding genes in sequence #13 (967 bp)...done!
