-------------------------------------
PRODIGAL v2.6.3 [February, 2016]         
Univ of Tenn / Oak Ridge National Lab
Doug Hyatt, Loren Hauser, et al.     
-------------------------------------
Request:  Metagenomic, Phase:  Training
Initializing training files...done!
-------------------------------------
Request:  Metagenomic, Phase:  Gene Finding
Finding genes in sequence #1 (13119 bp)...done!
Finding genes in sequence #2 (10123 bp)...done!
Finding genes in sequence #3 (5061 bp)...done!
Finding genes in sequence #4 (3729 bp)...done!
Finding genes in sequence #5 (3397 bp)...done!
Finding genes in sequence #6 (3319 bp)...done!
Finding genes in sequence #7 (2807 bp)...done!
Finding genes in sequence #8 (2373 bp)...done!
Finding genes in sequence #9 (2329 bp)...done!
Finding genes in sequence #10 (2323 bp)...done!
Finding genes in sequence #11 (2239 bp)...done!
Finding genes in sequence #12 (2131 bp)...done!
Finding genes in sequence #13 (2049 bp)...done!
Finding genes in sequence #14 (1981 bp)...done!
Finding genes in sequence #15 (1957 bp)...done!
Finding genes in sequence #16 (1923 bp)...done!
Finding genes in sequence #17 (1903 bp)...done!
Finding genes in sequence #18 (1843 bp)...done!
Finding genes in sequence #19 (1801 bp)...done!
Finding genes in sequence #20 (1693 bp)...done!
Finding genes in sequence #21 (1675 bp)...done!
Finding genes in sequence #22 (1627 bp)...done!
Finding genes in sequence #23 (1589 bp)...done!
Finding genes in sequence #24 (1575 bp)...done!
Finding genes in sequence #25 (1517 bp)...done!
Finding genes in sequence #26 (1495 bp)...done!
Finding genes in sequence #27 (1489 bp)...done!
Finding genes in sequence #28 (1465 bp)...done!
Finding genes in sequence #29 (1441 bp)...done!
Finding genes in sequence #30 (1417 bp)...done!
Finding genes in sequence #31 (1411 bp)...done!
Finding genes in sequence #32 (1381 bp)...done!
Finding genes in sequence #33 (1371 bp)...done!
Finding genes in sequence #34 (1359 bp)...done!
Finding genes in sequence #35 (1321 bp)...done!
Finding genes in sequence #36 (1315 bp)...done!
Finding genes in sequence #37 (1267 bp)...done!
Finding genes in sequence #38 (1261 bp)...done!
Finding genes in sequence #39 (1255 bp)...done!
Finding genes in sequence #40 (1253 bp)...done!
Finding genes in sequence #41 (1249 bp)...done!
Finding genes in sequence #42 (1237 bp)...done!
Finding genes in sequence #43 (1217 bp)...done!
Finding genes in sequence #44 (1211 bp)...done!
Finding genes in sequence #45 (1209 bp)...done!
Finding genes in sequence #46 (1189 bp)...done!
Finding genes in sequence #47 (1169 bp)...done!
Finding genes in sequence #48 (1111 bp)...done!
Finding genes in sequence #49 (1107 bp)...done!
Finding genes in sequence #50 (1105 bp)...done!
Finding genes in sequence #51 (1093 bp)...done!
Finding genes in sequence #52 (1091 bp)...done!
Finding genes in sequence #53 (1087 bp)...done!
Finding genes in sequence #54 (941 bp)...done!
Finding genes in sequence #55 (1069 bp)...done!
Finding genes in sequence #56 (1057 bp)...done!
Finding genes in sequence #57 (1057 bp)...done!
Finding genes in sequence #58 (1045 bp)...done!
Finding genes in sequence #59 (1031 bp)...done!
Finding genes in sequence #60 (1029 bp)...done!
Finding genes in sequence #61 (1023 bp)...done!
Finding genes in sequence #62 (1005 bp)...done!
Finding genes in sequence #63 (912 bp)...done!
Finding genes in sequence #64 (979 bp)...done!
Finding genes in sequence #65 (930 bp)...done!
Finding genes in sequence #66 (979 bp)...done!
Finding genes in sequence #67 (979 bp)...done!
Finding genes in sequence #68 (973 bp)...done!
Finding genes in sequence #69 (961 bp)...done!
