-------------------------------------
PRODIGAL v2.6.3 [February, 2016]         
Univ of Tenn / Oak Ridge National Lab
Doug Hyatt, Loren Hauser, et al.     
-------------------------------------
Request:  Metagenomic, Phase:  Training
Initializing training files...done!
-------------------------------------
Request:  Metagenomic, Phase:  Gene Finding
Finding genes in sequence #1 (13172 bp)...done!
Finding genes in sequence #2 (10386 bp)...done!
Finding genes in sequence #3 (5295 bp)...done!
Finding genes in sequence #4 (3193 bp)...done!
Finding genes in sequence #5 (2589 bp)...done!
Finding genes in sequence #6 (2207 bp)...done!
Finding genes in sequence #7 (2035 bp)...done!
Finding genes in sequence #8 (2009 bp)...done!
Finding genes in sequence #9 (1927 bp)...done!
Finding genes in sequence #10 (1861 bp)...done!
Finding genes in sequence #11 (1813 bp)...done!
Finding genes in sequence #12 (1717 bp)...done!
Finding genes in sequence #13 (1707 bp)...done!
Finding genes in sequence #14 (1657 bp)...done!
Finding genes in sequence #15 (1635 bp)...done!
Finding genes in sequence #16 (1603 bp)...done!
Finding genes in sequence #17 (1573 bp)...done!
Finding genes in sequence #18 (1501 bp)...done!
Finding genes in sequence #19 (1483 bp)...done!
Finding genes in sequence #20 (1469 bp)...done!
Finding genes in sequence #21 (1459 bp)...done!
Finding genes in sequence #22 (1429 bp)...done!
Finding genes in sequence #23 (1329 bp)...done!
Finding genes in sequence #24 (1325 bp)...done!
Finding genes in sequence #25 (1297 bp)...done!
Finding genes in sequence #26 (1265 bp)...done!
Finding genes in sequence #27 (1227 bp)...done!
Finding genes in sequence #28 (1215 bp)...done!
Finding genes in sequence #29 (1207 bp)...done!
Finding genes in sequence #30 (1203 bp)...done!
Finding genes in sequence #31 (1179 bp)...done!
Finding genes in sequence #32 (1125 bp)...done!
Finding genes in sequence #33 (1123 bp)...done!
Finding genes in sequence #34 (1113 bp)...done!
Finding genes in sequence #35 (1103 bp)...done!
Finding genes in sequence #36 (1101 bp)...done!
Finding genes in sequence #37 (1075 bp)...done!
Finding genes in sequence #38 (1067 bp)...done!
Finding genes in sequence #39 (1059 bp)...done!
Finding genes in sequence #40 (1057 bp)...done!
Finding genes in sequence #41 (1045 bp)...done!
Finding genes in sequence #42 (1033 bp)...done!
Finding genes in sequence #43 (1015 bp)...done!
Finding genes in sequence #44 (997 bp)...done!
Finding genes in sequence #45 (997 bp)...done!
Finding genes in sequence #46 (991 bp)...done!
Finding genes in sequence #47 (989 bp)...done!
Finding genes in sequence #48 (989 bp)...done!
Finding genes in sequence #49 (939 bp)...done!
