-------------------------------------
PRODIGAL v2.6.3 [February, 2016]         
Univ of Tenn / Oak Ridge National Lab
Doug Hyatt, Loren Hauser, et al.     
-------------------------------------
Request:  Metagenomic, Phase:  Training
Initializing training files...done!
-------------------------------------
Request:  Metagenomic, Phase:  Gene Finding
Finding genes in sequence #1 (1007 bp)...done!
Finding genes in sequence #2 (1255 bp)...done!
Finding genes in sequence #3 (1165 bp)...done!
Finding genes in sequence #4 (3473 bp)...done!
Finding genes in sequence #5 (1817 bp)...done!
Finding genes in sequence #6 (6186 bp)...done!
Finding genes in sequence #7 (2179 bp)...done!
Finding genes in sequence #8 (2087 bp)...done!
Finding genes in sequence #9 (2015 bp)...done!
Finding genes in sequence #10 (1433 bp)...done!
Finding genes in sequence #11 (1027 bp)...done!
Finding genes in sequence #12 (1087 bp)...done!
Finding genes in sequence #13 (1039 bp)...done!
Finding genes in sequence #14 (1089 bp)...done!
