-------------------------------------
PRODIGAL v2.6.3 [February, 2016]         
Univ of Tenn / Oak Ridge National Lab
Doug Hyatt, Loren Hauser, et al.     
-------------------------------------
Request:  Metagenomic, Phase:  Training
Initializing training files...done!
-------------------------------------
Request:  Metagenomic, Phase:  Gene Finding
Finding genes in sequence #1 (10708 bp)...done!
Finding genes in sequence #2 (5863 bp)...done!
Finding genes in sequence #3 (4447 bp)...done!
Finding genes in sequence #4 (3193 bp)...done!
Finding genes in sequence #5 (2041 bp)...done!
Finding genes in sequence #6 (1729 bp)...done!
Finding genes in sequence #7 (1693 bp)...done!
Finding genes in sequence #8 (1285 bp)...done!
Finding genes in sequence #9 (1227 bp)...done!
Finding genes in sequence #10 (1193 bp)...done!
Finding genes in sequence #11 (1045 bp)...done!
Finding genes in sequence #12 (1027 bp)...done!
