-------------------------------------
PRODIGAL v2.6.3 [February, 2016]         
Univ of Tenn / Oak Ridge National Lab
Doug Hyatt, Loren Hauser, et al.     
-------------------------------------
Request:  Metagenomic, Phase:  Training
Initializing training files...done!
-------------------------------------
Request:  Metagenomic, Phase:  Gene Finding
Finding genes in sequence #1 (13616 bp)...done!
Finding genes in sequence #2 (12439 bp)...done!
Finding genes in sequence #3 (4889 bp)...done!
Finding genes in sequence #4 (4805 bp)...done!
Finding genes in sequence #5 (4559 bp)...done!
Finding genes in sequence #6 (3889 bp)...done!
Finding genes in sequence #7 (3887 bp)...done!
Finding genes in sequence #8 (3853 bp)...done!
Finding genes in sequence #9 (3781 bp)...done!
Finding genes in sequence #10 (3703 bp)...done!
Finding genes in sequence #11 (3685 bp)...done!
Finding genes in sequence #12 (3469 bp)...done!
Finding genes in sequence #13 (3349 bp)...done!
Finding genes in sequence #14 (3087 bp)...done!
Finding genes in sequence #15 (2773 bp)...done!
Finding genes in sequence #16 (2653 bp)...done!
Finding genes in sequence #17 (2629 bp)...done!
Finding genes in sequence #18 (2605 bp)...done!
Finding genes in sequence #19 (2431 bp)...done!
Finding genes in sequence #20 (2185 bp)...done!
Finding genes in sequence #21 (2025 bp)...done!
Finding genes in sequence #22 (2023 bp)...done!
Finding genes in sequence #23 (1921 bp)...done!
Finding genes in sequence #24 (1837 bp)...done!
Finding genes in sequence #25 (1807 bp)...done!
Finding genes in sequence #26 (1795 bp)...done!
Finding genes in sequence #27 (1651 bp)...done!
Finding genes in sequence #28 (1551 bp)...done!
Finding genes in sequence #29 (1549 bp)...done!
Finding genes in sequence #30 (1537 bp)...done!
Finding genes in sequence #31 (1486 bp)...done!
Finding genes in sequence #32 (1465 bp)...done!
Finding genes in sequence #33 (1465 bp)...done!
Finding genes in sequence #34 (1453 bp)...done!
Finding genes in sequence #35 (1423 bp)...done!
Finding genes in sequence #36 (1393 bp)...done!
Finding genes in sequence #37 (1375 bp)...done!
Finding genes in sequence #38 (1369 bp)...done!
Finding genes in sequence #39 (1363 bp)...done!
Finding genes in sequence #40 (1357 bp)...done!
Finding genes in sequence #41 (1321 bp)...done!
Finding genes in sequence #42 (1321 bp)...done!
Finding genes in sequence #43 (1291 bp)...done!
Finding genes in sequence #44 (1285 bp)...done!
Finding genes in sequence #45 (1279 bp)...done!
Finding genes in sequence #46 (1249 bp)...done!
Finding genes in sequence #47 (1183 bp)...done!
Finding genes in sequence #48 (1153 bp)...done!
Finding genes in sequence #49 (1153 bp)...done!
Finding genes in sequence #50 (1135 bp)...done!
Finding genes in sequence #51 (1135 bp)...done!
Finding genes in sequence #52 (1099 bp)...done!
Finding genes in sequence #53 (1067 bp)...done!
Finding genes in sequence #54 (1063 bp)...done!
Finding genes in sequence #55 (1057 bp)...done!
Finding genes in sequence #56 (1045 bp)...done!
Finding genes in sequence #57 (1021 bp)...done!
Finding genes in sequence #58 (1009 bp)...done!
Finding genes in sequence #59 (991 bp)...done!
Finding genes in sequence #60 (967 bp)...done!
Finding genes in sequence #61 (949 bp)...done!
