-------------------------------------
PRODIGAL v2.6.3 [February, 2016]         
Univ of Tenn / Oak Ridge National Lab
Doug Hyatt, Loren Hauser, et al.     
-------------------------------------
Request:  Metagenomic, Phase:  Training
Initializing training files...done!
-------------------------------------
Request:  Metagenomic, Phase:  Gene Finding
Finding genes in sequence #1 (12455 bp)...done!
Finding genes in sequence #2 (10159 bp)...done!
Finding genes in sequence #3 (9673 bp)...done!
Finding genes in sequence #4 (3103 bp)...done!
Finding genes in sequence #5 (1887 bp)...done!
Finding genes in sequence #6 (1801 bp)...done!
Finding genes in sequence #7 (1795 bp)...done!
Finding genes in sequence #8 (1789 bp)...done!
Finding genes in sequence #9 (1747 bp)...done!
Finding genes in sequence #10 (1659 bp)...done!
Finding genes in sequence #11 (1639 bp)...done!
Finding genes in sequence #12 (1571 bp)...done!
Finding genes in sequence #13 (1435 bp)...done!
Finding genes in sequence #14 (1415 bp)...done!
Finding genes in sequence #15 (1401 bp)...done!
Finding genes in sequence #16 (1381 bp)...done!
Finding genes in sequence #17 (1315 bp)...done!
Finding genes in sequence #18 (1279 bp)...done!
Finding genes in sequence #19 (1261 bp)...done!
Finding genes in sequence #20 (1249 bp)...done!
Finding genes in sequence #21 (1245 bp)...done!
Finding genes in sequence #22 (1231 bp)...done!
Finding genes in sequence #23 (1229 bp)...done!
Finding genes in sequence #24 (1211 bp)...done!
Finding genes in sequence #25 (1199 bp)...done!
Finding genes in sequence #26 (1199 bp)...done!
Finding genes in sequence #27 (1189 bp)...done!
Finding genes in sequence #28 (1167 bp)...done!
Finding genes in sequence #29 (1157 bp)...done!
Finding genes in sequence #30 (1145 bp)...done!
Finding genes in sequence #31 (1099 bp)...done!
Finding genes in sequence #32 (1091 bp)...done!
Finding genes in sequence #33 (954 bp)...done!
Finding genes in sequence #34 (1087 bp)...done!
Finding genes in sequence #35 (1073 bp)...done!
Finding genes in sequence #36 (979 bp)...done!
Finding genes in sequence #37 (979 bp)...done!
Finding genes in sequence #38 (977 bp)...done!
Finding genes in sequence #39 (949 bp)...done!
