-------------------------------------
PRODIGAL v2.6.3 [February, 2016]         
Univ of Tenn / Oak Ridge National Lab
Doug Hyatt, Loren Hauser, et al.     
-------------------------------------
Request:  Metagenomic, Phase:  Training
Initializing training files...done!
-------------------------------------
Request:  Metagenomic, Phase:  Gene Finding
Finding genes in sequence #1 (52212 bp)...done!
Finding genes in sequence #2 (21190 bp)...done!
Finding genes in sequence #3 (15273 bp)...done!
Finding genes in sequence #4 (8405 bp)...done!
Finding genes in sequence #5 (6703 bp)...done!
Finding genes in sequence #6 (4001 bp)...done!
Finding genes in sequence #7 (3375 bp)...done!
Finding genes in sequence #8 (3105 bp)...done!
Finding genes in sequence #9 (2875 bp)...done!
Finding genes in sequence #10 (2247 bp)...done!
Finding genes in sequence #11 (1843 bp)...done!
Finding genes in sequence #12 (1839 bp)...done!
Finding genes in sequence #13 (1729 bp)...done!
Finding genes in sequence #14 (1675 bp)...done!
Finding genes in sequence #15 (1561 bp)...done!
Finding genes in sequence #16 (1483 bp)...done!
Finding genes in sequence #17 (1453 bp)...done!
Finding genes in sequence #18 (1285 bp)...done!
Finding genes in sequence #19 (1177 bp)...done!
Finding genes in sequence #20 (1135 bp)...done!
Finding genes in sequence #21 (1091 bp)...done!
Finding genes in sequence #22 (1075 bp)...done!
Finding genes in sequence #23 (1045 bp)...done!
Finding genes in sequence #24 (1027 bp)...done!
Finding genes in sequence #25 (955 bp)...done!
Finding genes in sequence #26 (949 bp)...done!
Finding genes in sequence #27 (949 bp)...done!
Finding genes in sequence #28 (949 bp)...done!
Finding genes in sequence #29 (949 bp)...done!
