-------------------------------------
PRODIGAL v2.6.3 [February, 2016]         
Univ of Tenn / Oak Ridge National Lab
Doug Hyatt, Loren Hauser, et al.     
-------------------------------------
Request:  Metagenomic, Phase:  Training
Initializing training files...done!
-------------------------------------
Request:  Metagenomic, Phase:  Gene Finding
Finding genes in sequence #1 (19481 bp)...done!
Finding genes in sequence #2 (11881 bp)...done!
Finding genes in sequence #3 (11829 bp)...done!
Finding genes in sequence #4 (9329 bp)...done!
Finding genes in sequence #5 (7247 bp)...done!
Finding genes in sequence #6 (3467 bp)...done!
Finding genes in sequence #7 (3319 bp)...done!
Finding genes in sequence #8 (3129 bp)...done!
Finding genes in sequence #9 (2995 bp)...done!
Finding genes in sequence #10 (2849 bp)...done!
Finding genes in sequence #11 (2715 bp)...done!
Finding genes in sequence #12 (2663 bp)...done!
Finding genes in sequence #13 (2485 bp)...done!
Finding genes in sequence #14 (2481 bp)...done!
Finding genes in sequence #15 (2365 bp)...done!
Finding genes in sequence #16 (2335 bp)...done!
Finding genes in sequence #17 (2313 bp)...done!
Finding genes in sequence #18 (2299 bp)...done!
Finding genes in sequence #19 (2287 bp)...done!
Finding genes in sequence #20 (2125 bp)...done!
Finding genes in sequence #21 (2049 bp)...done!
Finding genes in sequence #22 (2033 bp)...done!
Finding genes in sequence #23 (1875 bp)...done!
Finding genes in sequence #24 (1855 bp)...done!
Finding genes in sequence #25 (1833 bp)...done!
Finding genes in sequence #26 (1825 bp)...done!
Finding genes in sequence #27 (1819 bp)...done!
Finding genes in sequence #28 (1819 bp)...done!
Finding genes in sequence #29 (1807 bp)...done!
Finding genes in sequence #30 (1801 bp)...done!
Finding genes in sequence #31 (1780 bp)...done!
Finding genes in sequence #32 (1795 bp)...done!
Finding genes in sequence #33 (1789 bp)...done!
Finding genes in sequence #34 (1789 bp)...done!
Finding genes in sequence #35 (1775 bp)...done!
Finding genes in sequence #36 (1759 bp)...done!
Finding genes in sequence #37 (1753 bp)...done!
Finding genes in sequence #38 (1753 bp)...done!
Finding genes in sequence #39 (1741 bp)...done!
Finding genes in sequence #40 (1711 bp)...done!
Finding genes in sequence #41 (1653 bp)...done!
Finding genes in sequence #42 (1611 bp)...done!
Finding genes in sequence #43 (1591 bp)...done!
Finding genes in sequence #44 (1589 bp)...done!
Finding genes in sequence #45 (1579 bp)...done!
Finding genes in sequence #46 (1575 bp)...done!
Finding genes in sequence #47 (1435 bp)...done!
Finding genes in sequence #48 (1419 bp)...done!
Finding genes in sequence #49 (1417 bp)...done!
Finding genes in sequence #50 (1359 bp)...done!
Finding genes in sequence #51 (1355 bp)...done!
Finding genes in sequence #52 (1321 bp)...done!
Finding genes in sequence #53 (1319 bp)...done!
Finding genes in sequence #54 (1319 bp)...done!
Finding genes in sequence #55 (1315 bp)...done!
Finding genes in sequence #56 (1267 bp)...done!
Finding genes in sequence #57 (1259 bp)...done!
Finding genes in sequence #58 (1259 bp)...done!
Finding genes in sequence #59 (1215 bp)...done!
Finding genes in sequence #60 (1213 bp)...done!
Finding genes in sequence #61 (1195 bp)...done!
Finding genes in sequence #62 (1193 bp)...done!
Finding genes in sequence #63 (1179 bp)...done!
Finding genes in sequence #64 (1175 bp)...done!
Finding genes in sequence #65 (1171 bp)...done!
Finding genes in sequence #66 (1169 bp)...done!
Finding genes in sequence #67 (1169 bp)...done!
Finding genes in sequence #68 (1161 bp)...done!
Finding genes in sequence #69 (1141 bp)...done!
Finding genes in sequence #70 (1129 bp)...done!
Finding genes in sequence #71 (1113 bp)...done!
Finding genes in sequence #72 (1093 bp)...done!
Finding genes in sequence #73 (1091 bp)...done!
Finding genes in sequence #74 (1091 bp)...done!
Finding genes in sequence #75 (1089 bp)...done!
Finding genes in sequence #76 (1087 bp)...done!
Finding genes in sequence #77 (1075 bp)...done!
Finding genes in sequence #78 (1069 bp)...done!
Finding genes in sequence #79 (1065 bp)...done!
Finding genes in sequence #80 (1065 bp)...done!
Finding genes in sequence #81 (1059 bp)...done!
Finding genes in sequence #82 (1055 bp)...done!
Finding genes in sequence #83 (944 bp)...done!
Finding genes in sequence #84 (1045 bp)...done!
Finding genes in sequence #85 (1045 bp)...done!
Finding genes in sequence #86 (1039 bp)...done!
Finding genes in sequence #87 (1037 bp)...done!
Finding genes in sequence #88 (1023 bp)...done!
Finding genes in sequence #89 (1013 bp)...done!
Finding genes in sequence #90 (1009 bp)...done!
Finding genes in sequence #91 (1007 bp)...done!
Finding genes in sequence #92 (1007 bp)...done!
Finding genes in sequence #93 (1003 bp)...done!
Finding genes in sequence #94 (1003 bp)...done!
Finding genes in sequence #95 (1003 bp)...done!
Finding genes in sequence #96 (979 bp)...done!
Finding genes in sequence #97 (979 bp)...done!
Finding genes in sequence #98 (977 bp)...done!
Finding genes in sequence #99 (890 bp)...done!
Finding genes in sequence #100 (967 bp)...done!
Finding genes in sequence #101 (965 bp)...done!
Finding genes in sequence #102 (959 bp)...done!
Finding genes in sequence #103 (959 bp)...done!
Finding genes in sequence #104 (949 bp)...done!
Finding genes in sequence #105 (950 bp)...done!
Finding genes in sequence #106 (949 bp)...done!
Finding genes in sequence #107 (947 bp)...done!
