-------------------------------------
PRODIGAL v2.6.3 [February, 2016]         
Univ of Tenn / Oak Ridge National Lab
Doug Hyatt, Loren Hauser, et al.     
-------------------------------------
Request:  Metagenomic, Phase:  Training
Initializing training files...done!
-------------------------------------
Request:  Metagenomic, Phase:  Gene Finding
Finding genes in sequence #1 (6139 bp)...done!
Finding genes in sequence #2 (1951 bp)...done!
Finding genes in sequence #3 (1895 bp)...done!
Finding genes in sequence #4 (1559 bp)...done!
Finding genes in sequence #5 (1487 bp)...done!
Finding genes in sequence #6 (1435 bp)...done!
Finding genes in sequence #7 (1249 bp)...done!
Finding genes in sequence #8 (1249 bp)...done!
Finding genes in sequence #9 (1195 bp)...done!
Finding genes in sequence #10 (1189 bp)...done!
Finding genes in sequence #11 (1187 bp)...done!
Finding genes in sequence #12 (1145 bp)...done!
Finding genes in sequence #13 (1013 bp)...done!
Finding genes in sequence #14 (1009 bp)...done!
Finding genes in sequence #15 (979 bp)...done!
