-------------------------------------
PRODIGAL v2.6.3 [February, 2016]         
Univ of Tenn / Oak Ridge National Lab
Doug Hyatt, Loren Hauser, et al.     
-------------------------------------
Request:  Metagenomic, Phase:  Training
Initializing training files...done!
-------------------------------------
Request:  Metagenomic, Phase:  Gene Finding
Finding genes in sequence #1 (4283 bp)...done!
Finding genes in sequence #2 (4207 bp)...done!
Finding genes in sequence #3 (3453 bp)...done!
Finding genes in sequence #4 (2673 bp)...done!
Finding genes in sequence #5 (2101 bp)...done!
Finding genes in sequence #6 (2043 bp)...done!
Finding genes in sequence #7 (1947 bp)...done!
Finding genes in sequence #8 (1831 bp)...done!
Finding genes in sequence #9 (1825 bp)...done!
Finding genes in sequence #10 (1793 bp)...done!
Finding genes in sequence #11 (1791 bp)...done!
Finding genes in sequence #12 (1753 bp)...done!
Finding genes in sequence #13 (1705 bp)...done!
Finding genes in sequence #14 (1693 bp)...done!
Finding genes in sequence #15 (1706 bp)...done!
Finding genes in sequence #16 (1647 bp)...done!
Finding genes in sequence #17 (1643 bp)...done!
Finding genes in sequence #18 (1607 bp)...done!
Finding genes in sequence #19 (1441 bp)...done!
Finding genes in sequence #20 (1441 bp)...done!
Finding genes in sequence #21 (1431 bp)...done!
Finding genes in sequence #22 (1427 bp)...done!
Finding genes in sequence #23 (1393 bp)...done!
Finding genes in sequence #24 (1346 bp)...done!
Finding genes in sequence #25 (1311 bp)...done!
Finding genes in sequence #26 (1307 bp)...done!
Finding genes in sequence #27 (1303 bp)...done!
Finding genes in sequence #28 (1291 bp)...done!
Finding genes in sequence #29 (1287 bp)...done!
Finding genes in sequence #30 (1255 bp)...done!
Finding genes in sequence #31 (1239 bp)...done!
Finding genes in sequence #32 (1225 bp)...done!
Finding genes in sequence #33 (1215 bp)...done!
Finding genes in sequence #34 (1197 bp)...done!
Finding genes in sequence #35 (1181 bp)...done!
Finding genes in sequence #36 (1167 bp)...done!
Finding genes in sequence #37 (1167 bp)...done!
Finding genes in sequence #38 (1163 bp)...done!
Finding genes in sequence #39 (1159 bp)...done!
Finding genes in sequence #40 (1123 bp)...done!
Finding genes in sequence #41 (1091 bp)...done!
Finding genes in sequence #42 (1087 bp)...done!
Finding genes in sequence #43 (1081 bp)...done!
Finding genes in sequence #44 (1067 bp)...done!
Finding genes in sequence #45 (1057 bp)...done!
Finding genes in sequence #46 (1055 bp)...done!
Finding genes in sequence #47 (1039 bp)...done!
Finding genes in sequence #48 (1037 bp)...done!
Finding genes in sequence #49 (1031 bp)...done!
Finding genes in sequence #50 (1029 bp)...done!
Finding genes in sequence #51 (1015 bp)...done!
Finding genes in sequence #52 (1013 bp)...done!
Finding genes in sequence #53 (1009 bp)...done!
Finding genes in sequence #54 (1003 bp)...done!
Finding genes in sequence #55 (999 bp)...done!
Finding genes in sequence #56 (991 bp)...done!
Finding genes in sequence #57 (991 bp)...done!
Finding genes in sequence #58 (985 bp)...done!
Finding genes in sequence #59 (1007 bp)...done!
Finding genes in sequence #60 (975 bp)...done!
Finding genes in sequence #61 (949 bp)...done!
Finding genes in sequence #62 (943 bp)...done!
Finding genes in sequence #63 (943 bp)...done!
Finding genes in sequence #64 (941 bp)...done!
Finding genes in sequence #65 (939 bp)...done!
Finding genes in sequence #66 (937 bp)...done!
Finding genes in sequence #67 (937 bp)...done!
Finding genes in sequence #68 (935 bp)...done!
Finding genes in sequence #69 (935 bp)...done!
Finding genes in sequence #70 (948 bp)...done!
Finding genes in sequence #71 (923 bp)...done!
Finding genes in sequence #72 (921 bp)...done!
Finding genes in sequence #73 (917 bp)...done!
Finding genes in sequence #74 (907 bp)...done!
Finding genes in sequence #75 (905 bp)...done!
Finding genes in sequence #76 (903 bp)...done!
Finding genes in sequence #77 (901 bp)...done!
Finding genes in sequence #78 (927 bp)...done!
Finding genes in sequence #79 (897 bp)...done!
Finding genes in sequence #80 (897 bp)...done!
Finding genes in sequence #81 (895 bp)...done!
Finding genes in sequence #82 (895 bp)...done!
Finding genes in sequence #83 (895 bp)...done!
Finding genes in sequence #84 (895 bp)...done!
Finding genes in sequence #85 (893 bp)...done!
Finding genes in sequence #86 (889 bp)...done!
Finding genes in sequence #87 (889 bp)...done!
Finding genes in sequence #88 (885 bp)...done!
Finding genes in sequence #89 (885 bp)...done!
Finding genes in sequence #90 (875 bp)...done!
Finding genes in sequence #91 (873 bp)...done!
