-------------------------------------
PRODIGAL v2.6.3 [February, 2016]         
Univ of Tenn / Oak Ridge National Lab
Doug Hyatt, Loren Hauser, et al.     
-------------------------------------
Request:  Metagenomic, Phase:  Training
Initializing training files...done!
-------------------------------------
Request:  Metagenomic, Phase:  Gene Finding
Finding genes in sequence #1 (4921 bp)...done!
Finding genes in sequence #2 (3583 bp)...done!
Finding genes in sequence #3 (3553 bp)...done!
Finding genes in sequence #4 (3201 bp)...done!
Finding genes in sequence #5 (3079 bp)...done!
Finding genes in sequence #6 (2887 bp)...done!
Finding genes in sequence #7 (2815 bp)...done!
Finding genes in sequence #8 (2761 bp)...done!
Finding genes in sequence #9 (2761 bp)...done!
Finding genes in sequence #10 (2533 bp)...done!
Finding genes in sequence #11 (2245 bp)...done!
Finding genes in sequence #12 (2243 bp)...done!
Finding genes in sequence #13 (2167 bp)...done!
Finding genes in sequence #14 (2167 bp)...done!
Finding genes in sequence #15 (2137 bp)...done!
Finding genes in sequence #16 (2079 bp)...done!
Finding genes in sequence #17 (2067 bp)...done!
Finding genes in sequence #18 (2057 bp)...done!
Finding genes in sequence #19 (1891 bp)...done!
Finding genes in sequence #20 (1885 bp)...done!
Finding genes in sequence #21 (1875 bp)...done!
Finding genes in sequence #22 (1873 bp)...done!
Finding genes in sequence #23 (1849 bp)...done!
Finding genes in sequence #24 (1843 bp)...done!
Finding genes in sequence #25 (1837 bp)...done!
Finding genes in sequence #26 (1825 bp)...done!
Finding genes in sequence #27 (1777 bp)...done!
Finding genes in sequence #28 (1777 bp)...done!
Finding genes in sequence #29 (1765 bp)...done!
Finding genes in sequence #30 (1753 bp)...done!
Finding genes in sequence #31 (1597 bp)...done!
Finding genes in sequence #32 (1585 bp)...done!
Finding genes in sequence #33 (1585 bp)...done!
Finding genes in sequence #34 (1573 bp)...done!
Finding genes in sequence #35 (1573 bp)...done!
Finding genes in sequence #36 (1567 bp)...done!
Finding genes in sequence #37 (1541 bp)...done!
Finding genes in sequence #38 (1495 bp)...done!
Finding genes in sequence #39 (1489 bp)...done!
Finding genes in sequence #40 (1435 bp)...done!
Finding genes in sequence #41 (1411 bp)...done!
Finding genes in sequence #42 (1387 bp)...done!
Finding genes in sequence #43 (1375 bp)...done!
Finding genes in sequence #44 (1345 bp)...done!
Finding genes in sequence #45 (1340 bp)...done!
Finding genes in sequence #46 (1315 bp)...done!
Finding genes in sequence #47 (1285 bp)...done!
Finding genes in sequence #48 (1267 bp)...done!
Finding genes in sequence #49 (1249 bp)...done!
Finding genes in sequence #50 (1219 bp)...done!
Finding genes in sequence #51 (1213 bp)...done!
Finding genes in sequence #52 (1201 bp)...done!
Finding genes in sequence #53 (1183 bp)...done!
Finding genes in sequence #54 (1155 bp)...done!
Finding genes in sequence #55 (1135 bp)...done!
Finding genes in sequence #56 (1129 bp)...done!
Finding genes in sequence #57 (1123 bp)...done!
Finding genes in sequence #58 (1099 bp)...done!
Finding genes in sequence #59 (1087 bp)...done!
Finding genes in sequence #60 (1047 bp)...done!
Finding genes in sequence #61 (1039 bp)...done!
Finding genes in sequence #62 (1027 bp)...done!
Finding genes in sequence #63 (1027 bp)...done!
Finding genes in sequence #64 (1009 bp)...done!
Finding genes in sequence #65 (1009 bp)...done!
Finding genes in sequence #66 (989 bp)...done!
Finding genes in sequence #67 (975 bp)...done!
Finding genes in sequence #68 (973 bp)...done!
Finding genes in sequence #69 (961 bp)...done!
Finding genes in sequence #70 (957 bp)...done!
Finding genes in sequence #71 (955 bp)...done!
Finding genes in sequence #72 (947 bp)...done!
