-------------------------------------
PRODIGAL v2.6.3 [February, 2016]         
Univ of Tenn / Oak Ridge National Lab
Doug Hyatt, Loren Hauser, et al.     
-------------------------------------
Request:  Metagenomic, Phase:  Training
Initializing training files...done!
-------------------------------------
Request:  Metagenomic, Phase:  Gene Finding
Finding genes in sequence #1 (121553 bp)...done!
Finding genes in sequence #2 (23542 bp)...done!
Finding genes in sequence #3 (15423 bp)...done!
Finding genes in sequence #4 (14204 bp)...done!
Finding genes in sequence #5 (11892 bp)...done!
Finding genes in sequence #6 (11353 bp)...done!
Finding genes in sequence #7 (10723 bp)...done!
Finding genes in sequence #8 (9593 bp)...done!
Finding genes in sequence #9 (9003 bp)...done!
Finding genes in sequence #10 (8749 bp)...done!
Finding genes in sequence #11 (6153 bp)...done!
Finding genes in sequence #12 (5295 bp)...done!
Finding genes in sequence #13 (4447 bp)...done!
Finding genes in sequence #14 (4377 bp)...done!
Finding genes in sequence #15 (3745 bp)...done!
Finding genes in sequence #16 (3238 bp)...done!
Finding genes in sequence #17 (3129 bp)...done!
Finding genes in sequence #18 (2845 bp)...done!
Finding genes in sequence #19 (2701 bp)...done!
Finding genes in sequence #20 (1951 bp)...done!
Finding genes in sequence #21 (1927 bp)...done!
Finding genes in sequence #22 (1507 bp)...done!
Finding genes in sequence #23 (1495 bp)...done!
Finding genes in sequence #24 (1465 bp)...done!
Finding genes in sequence #25 (1367 bp)...done!
Finding genes in sequence #26 (1351 bp)...done!
Finding genes in sequence #27 (1003 bp)...done!
Finding genes in sequence #28 (991 bp)...done!
Finding genes in sequence #29 (977 bp)...done!
Finding genes in sequence #30 (961 bp)...done!
