-------------------------------------
PRODIGAL v2.6.3 [February, 2016]         
Univ of Tenn / Oak Ridge National Lab
Doug Hyatt, Loren Hauser, et al.     
-------------------------------------
Request:  Metagenomic, Phase:  Training
Initializing training files...done!
-------------------------------------
Request:  Metagenomic, Phase:  Gene Finding
Finding genes in sequence #1 (13212 bp)...done!
Finding genes in sequence #2 (10928 bp)...done!
Finding genes in sequence #3 (4027 bp)...done!
Finding genes in sequence #4 (3531 bp)...done!
Finding genes in sequence #5 (3201 bp)...done!
Finding genes in sequence #6 (2509 bp)...done!
Finding genes in sequence #7 (2207 bp)...done!
Finding genes in sequence #8 (2183 bp)...done!
Finding genes in sequence #9 (2131 bp)...done!
Finding genes in sequence #10 (2031 bp)...done!
Finding genes in sequence #11 (1817 bp)...done!
Finding genes in sequence #12 (1765 bp)...done!
Finding genes in sequence #13 (1759 bp)...done!
Finding genes in sequence #14 (1699 bp)...done!
Finding genes in sequence #15 (1535 bp)...done!
Finding genes in sequence #16 (1433 bp)...done!
Finding genes in sequence #17 (1405 bp)...done!
Finding genes in sequence #18 (1267 bp)...done!
Finding genes in sequence #19 (1265 bp)...done!
Finding genes in sequence #20 (1265 bp)...done!
Finding genes in sequence #21 (1259 bp)...done!
Finding genes in sequence #22 (1255 bp)...done!
Finding genes in sequence #23 (1219 bp)...done!
Finding genes in sequence #24 (1207 bp)...done!
Finding genes in sequence #25 (1177 bp)...done!
Finding genes in sequence #26 (1169 bp)...done!
Finding genes in sequence #27 (1153 bp)...done!
Finding genes in sequence #28 (1137 bp)...done!
Finding genes in sequence #29 (1089 bp)...done!
Finding genes in sequence #30 (1085 bp)...done!
Finding genes in sequence #31 (1071 bp)...done!
Finding genes in sequence #32 (1047 bp)...done!
Finding genes in sequence #33 (973 bp)...done!
Finding genes in sequence #34 (967 bp)...done!
