-------------------------------------
PRODIGAL v2.6.3 [February, 2016]         
Univ of Tenn / Oak Ridge National Lab
Doug Hyatt, Loren Hauser, et al.     
-------------------------------------
Request:  Metagenomic, Phase:  Training
Initializing training files...done!
-------------------------------------
Request:  Metagenomic, Phase:  Gene Finding
Finding genes in sequence #1 (10561 bp)...done!
Finding genes in sequence #2 (3271 bp)...done!
Finding genes in sequence #3 (2687 bp)...done!
Finding genes in sequence #4 (2373 bp)...done!
Finding genes in sequence #5 (2281 bp)...done!
Finding genes in sequence #6 (2211 bp)...done!
Finding genes in sequence #7 (2209 bp)...done!
Finding genes in sequence #8 (2203 bp)...done!
Finding genes in sequence #9 (2125 bp)...done!
Finding genes in sequence #10 (2089 bp)...done!
Finding genes in sequence #11 (1963 bp)...done!
Finding genes in sequence #12 (1957 bp)...done!
Finding genes in sequence #13 (1947 bp)...done!
Finding genes in sequence #14 (1891 bp)...done!
Finding genes in sequence #15 (1813 bp)...done!
Finding genes in sequence #16 (1717 bp)...done!
Finding genes in sequence #17 (1735 bp)...done!
Finding genes in sequence #18 (1651 bp)...done!
Finding genes in sequence #19 (1631 bp)...done!
Finding genes in sequence #20 (1629 bp)...done!
Finding genes in sequence #21 (1627 bp)...done!
Finding genes in sequence #22 (1621 bp)...done!
Finding genes in sequence #23 (1597 bp)...done!
Finding genes in sequence #24 (1597 bp)...done!
Finding genes in sequence #25 (1591 bp)...done!
Finding genes in sequence #26 (1555 bp)...done!
Finding genes in sequence #27 (1519 bp)...done!
Finding genes in sequence #28 (1501 bp)...done!
Finding genes in sequence #29 (1489 bp)...done!
Finding genes in sequence #30 (1470 bp)...done!
Finding genes in sequence #31 (1459 bp)...done!
Finding genes in sequence #32 (1485 bp)...done!
Finding genes in sequence #33 (1415 bp)...done!
Finding genes in sequence #34 (1405 bp)...done!
Finding genes in sequence #35 (1405 bp)...done!
Finding genes in sequence #36 (1426 bp)...done!
Finding genes in sequence #37 (1353 bp)...done!
Finding genes in sequence #38 (1347 bp)...done!
Finding genes in sequence #39 (1339 bp)...done!
Finding genes in sequence #40 (1327 bp)...done!
Finding genes in sequence #41 (1321 bp)...done!
Finding genes in sequence #42 (1305 bp)...done!
Finding genes in sequence #43 (1301 bp)...done!
Finding genes in sequence #44 (1295 bp)...done!
Finding genes in sequence #45 (1283 bp)...done!
Finding genes in sequence #46 (1267 bp)...done!
Finding genes in sequence #47 (1263 bp)...done!
Finding genes in sequence #48 (1231 bp)...done!
Finding genes in sequence #49 (1223 bp)...done!
Finding genes in sequence #50 (1248 bp)...done!
Finding genes in sequence #51 (1223 bp)...done!
Finding genes in sequence #52 (1215 bp)...done!
Finding genes in sequence #53 (1207 bp)...done!
Finding genes in sequence #54 (1201 bp)...done!
Finding genes in sequence #55 (1185 bp)...done!
Finding genes in sequence #56 (1175 bp)...done!
Finding genes in sequence #57 (1161 bp)...done!
Finding genes in sequence #58 (1141 bp)...done!
Finding genes in sequence #59 (1119 bp)...done!
Finding genes in sequence #60 (1105 bp)...done!
Finding genes in sequence #61 (1081 bp)...done!
Finding genes in sequence #62 (1081 bp)...done!
Finding genes in sequence #63 (1081 bp)...done!
Finding genes in sequence #64 (1081 bp)...done!
Finding genes in sequence #65 (1063 bp)...done!
Finding genes in sequence #66 (1063 bp)...done!
Finding genes in sequence #67 (1089 bp)...done!
Finding genes in sequence #68 (1089 bp)...done!
Finding genes in sequence #69 (1047 bp)...done!
Finding genes in sequence #70 (1045 bp)...done!
Finding genes in sequence #71 (1027 bp)...done!
Finding genes in sequence #72 (1071 bp)...done!
Finding genes in sequence #73 (1027 bp)...done!
Finding genes in sequence #74 (1025 bp)...done!
Finding genes in sequence #75 (1023 bp)...done!
Finding genes in sequence #76 (1021 bp)...done!
Finding genes in sequence #77 (1019 bp)...done!
Finding genes in sequence #78 (1017 bp)...done!
Finding genes in sequence #79 (1009 bp)...done!
Finding genes in sequence #80 (1003 bp)...done!
Finding genes in sequence #81 (1001 bp)...done!
Finding genes in sequence #82 (999 bp)...done!
Finding genes in sequence #83 (989 bp)...done!
Finding genes in sequence #84 (985 bp)...done!
Finding genes in sequence #85 (985 bp)...done!
Finding genes in sequence #86 (983 bp)...done!
Finding genes in sequence #87 (967 bp)...done!
Finding genes in sequence #88 (963 bp)...done!
Finding genes in sequence #89 (961 bp)...done!
Finding genes in sequence #90 (961 bp)...done!
Finding genes in sequence #91 (961 bp)...done!
Finding genes in sequence #92 (961 bp)...done!
Finding genes in sequence #93 (953 bp)...done!
Finding genes in sequence #94 (945 bp)...done!
Finding genes in sequence #95 (968 bp)...done!
Finding genes in sequence #96 (943 bp)...done!
Finding genes in sequence #97 (954 bp)...done!
Finding genes in sequence #98 (939 bp)...done!
Finding genes in sequence #99 (937 bp)...done!
Finding genes in sequence #100 (931 bp)...done!
Finding genes in sequence #101 (931 bp)...done!
Finding genes in sequence #102 (929 bp)...done!
Finding genes in sequence #103 (929 bp)...done!
Finding genes in sequence #104 (977 bp)...done!
Finding genes in sequence #105 (923 bp)...done!
Finding genes in sequence #106 (919 bp)...done!
Finding genes in sequence #107 (919 bp)...done!
Finding genes in sequence #108 (919 bp)...done!
Finding genes in sequence #109 (915 bp)...done!
Finding genes in sequence #110 (913 bp)...done!
Finding genes in sequence #111 (913 bp)...done!
Finding genes in sequence #112 (913 bp)...done!
Finding genes in sequence #113 (909 bp)...done!
Finding genes in sequence #114 (907 bp)...done!
Finding genes in sequence #115 (901 bp)...done!
Finding genes in sequence #116 (923 bp)...done!
Finding genes in sequence #117 (899 bp)...done!
Finding genes in sequence #118 (897 bp)...done!
Finding genes in sequence #119 (893 bp)...done!
Finding genes in sequence #120 (891 bp)...done!
Finding genes in sequence #121 (891 bp)...done!
Finding genes in sequence #122 (909 bp)...done!
Finding genes in sequence #123 (889 bp)...done!
Finding genes in sequence #124 (889 bp)...done!
Finding genes in sequence #125 (887 bp)...done!
Finding genes in sequence #126 (887 bp)...done!
Finding genes in sequence #127 (883 bp)...done!
Finding genes in sequence #128 (886 bp)...done!
Finding genes in sequence #129 (883 bp)...done!
Finding genes in sequence #130 (881 bp)...done!
Finding genes in sequence #131 (879 bp)...done!
Finding genes in sequence #132 (877 bp)...done!
Finding genes in sequence #133 (877 bp)...done!
Finding genes in sequence #134 (873 bp)...done!
Finding genes in sequence #135 (873 bp)...done!
