-------------------------------------
PRODIGAL v2.6.3 [February, 2016]         
Univ of Tenn / Oak Ridge National Lab
Doug Hyatt, Loren Hauser, et al.     
-------------------------------------
Request:  Metagenomic, Phase:  Training
Initializing training files...done!
-------------------------------------
Request:  Metagenomic, Phase:  Gene Finding
Finding genes in sequence #1 (10386 bp)...done!
Finding genes in sequence #2 (5041 bp)...done!
Finding genes in sequence #3 (2297 bp)...done!
Finding genes in sequence #4 (2069 bp)...done!
Finding genes in sequence #5 (2065 bp)...done!
Finding genes in sequence #6 (1993 bp)...done!
Finding genes in sequence #7 (1967 bp)...done!
Finding genes in sequence #8 (1945 bp)...done!
Finding genes in sequence #9 (1851 bp)...done!
Finding genes in sequence #10 (1849 bp)...done!
Finding genes in sequence #11 (1699 bp)...done!
Finding genes in sequence #12 (1687 bp)...done!
Finding genes in sequence #13 (1645 bp)...done!
Finding genes in sequence #14 (1597 bp)...done!
Finding genes in sequence #15 (1557 bp)...done!
Finding genes in sequence #16 (1501 bp)...done!
Finding genes in sequence #17 (1489 bp)...done!
Finding genes in sequence #18 (1459 bp)...done!
Finding genes in sequence #19 (1429 bp)...done!
Finding genes in sequence #20 (1411 bp)...done!
Finding genes in sequence #21 (1405 bp)...done!
Finding genes in sequence #22 (1393 bp)...done!
Finding genes in sequence #23 (1235 bp)...done!
Finding genes in sequence #24 (1227 bp)...done!
Finding genes in sequence #25 (1225 bp)...done!
Finding genes in sequence #26 (1225 bp)...done!
Finding genes in sequence #27 (1221 bp)...done!
Finding genes in sequence #28 (1201 bp)...done!
Finding genes in sequence #29 (1157 bp)...done!
Finding genes in sequence #30 (1125 bp)...done!
Finding genes in sequence #31 (1105 bp)...done!
Finding genes in sequence #32 (1099 bp)...done!
Finding genes in sequence #33 (1075 bp)...done!
Finding genes in sequence #34 (1045 bp)...done!
Finding genes in sequence #35 (1033 bp)...done!
Finding genes in sequence #36 (969 bp)...done!
Finding genes in sequence #37 (967 bp)...done!
Finding genes in sequence #38 (961 bp)...done!
Finding genes in sequence #39 (949 bp)...done!
