-------------------------------------
PRODIGAL v2.6.3 [February, 2016]         
Univ of Tenn / Oak Ridge National Lab
Doug Hyatt, Loren Hauser, et al.     
-------------------------------------
Request:  Metagenomic, Phase:  Training
Initializing training files...done!
-------------------------------------
Request:  Metagenomic, Phase:  Gene Finding
Finding genes in sequence #1 (9217 bp)...done!
Finding genes in sequence #2 (5665 bp)...done!
Finding genes in sequence #3 (3517 bp)...done!
Finding genes in sequence #4 (3361 bp)...done!
Finding genes in sequence #5 (2761 bp)...done!
Finding genes in sequence #6 (2761 bp)...done!
Finding genes in sequence #7 (2581 bp)...done!
Finding genes in sequence #8 (2365 bp)...done!
Finding genes in sequence #9 (2335 bp)...done!
Finding genes in sequence #10 (2303 bp)...done!
Finding genes in sequence #11 (2167 bp)...done!
Finding genes in sequence #12 (1921 bp)...done!
Finding genes in sequence #13 (1903 bp)...done!
Finding genes in sequence #14 (1875 bp)...done!
Finding genes in sequence #15 (1873 bp)...done!
Finding genes in sequence #16 (1855 bp)...done!
Finding genes in sequence #17 (1831 bp)...done!
Finding genes in sequence #18 (1825 bp)...done!
Finding genes in sequence #19 (1823 bp)...done!
Finding genes in sequence #20 (1771 bp)...done!
Finding genes in sequence #21 (1771 bp)...done!
Finding genes in sequence #22 (1753 bp)...done!
Finding genes in sequence #23 (1711 bp)...done!
Finding genes in sequence #24 (1639 bp)...done!
Finding genes in sequence #25 (1571 bp)...done!
Finding genes in sequence #26 (1471 bp)...done!
Finding genes in sequence #27 (1441 bp)...done!
Finding genes in sequence #28 (1433 bp)...done!
Finding genes in sequence #29 (1405 bp)...done!
Finding genes in sequence #30 (1375 bp)...done!
Finding genes in sequence #31 (1315 bp)...done!
Finding genes in sequence #32 (1261 bp)...done!
Finding genes in sequence #33 (1249 bp)...done!
Finding genes in sequence #34 (1239 bp)...done!
Finding genes in sequence #35 (1231 bp)...done!
Finding genes in sequence #36 (1219 bp)...done!
Finding genes in sequence #37 (1189 bp)...done!
Finding genes in sequence #38 (1183 bp)...done!
Finding genes in sequence #39 (1155 bp)...done!
Finding genes in sequence #40 (1147 bp)...done!
Finding genes in sequence #41 (1133 bp)...done!
Finding genes in sequence #42 (1123 bp)...done!
Finding genes in sequence #43 (1097 bp)...done!
Finding genes in sequence #44 (1087 bp)...done!
Finding genes in sequence #45 (1087 bp)...done!
Finding genes in sequence #46 (1075 bp)...done!
Finding genes in sequence #47 (1047 bp)...done!
Finding genes in sequence #48 (1045 bp)...done!
Finding genes in sequence #49 (1027 bp)...done!
Finding genes in sequence #50 (1009 bp)...done!
Finding genes in sequence #51 (973 bp)...done!
Finding genes in sequence #52 (973 bp)...done!
Finding genes in sequence #53 (961 bp)...done!
Finding genes in sequence #54 (955 bp)...done!
Finding genes in sequence #55 (949 bp)...done!
