-------------------------------------
PRODIGAL v2.6.3 [February, 2016]         
Univ of Tenn / Oak Ridge National Lab
Doug Hyatt, Loren Hauser, et al.     
-------------------------------------
Request:  Metagenomic, Phase:  Training
Initializing training files...done!
-------------------------------------
Request:  Metagenomic, Phase:  Gene Finding
Finding genes in sequence #1 (15219 bp)...done!
Finding genes in sequence #2 (11737 bp)...done!
Finding genes in sequence #3 (10731 bp)...done!
Finding genes in sequence #4 (10157 bp)...done!
Finding genes in sequence #5 (3891 bp)...done!
Finding genes in sequence #6 (3319 bp)...done!
Finding genes in sequence #7 (3307 bp)...done!
Finding genes in sequence #8 (3103 bp)...done!
Finding genes in sequence #9 (3091 bp)...done!
Finding genes in sequence #10 (2635 bp)...done!
Finding genes in sequence #11 (2629 bp)...done!
Finding genes in sequence #12 (2593 bp)...done!
Finding genes in sequence #13 (2481 bp)...done!
Finding genes in sequence #14 (2385 bp)...done!
Finding genes in sequence #15 (2375 bp)...done!
Finding genes in sequence #16 (2335 bp)...done!
Finding genes in sequence #17 (2167 bp)...done!
Finding genes in sequence #18 (2087 bp)...done!
Finding genes in sequence #19 (2041 bp)...done!
Finding genes in sequence #20 (1853 bp)...done!
Finding genes in sequence #21 (1833 bp)...done!
Finding genes in sequence #22 (1801 bp)...done!
Finding genes in sequence #23 (1795 bp)...done!
Finding genes in sequence #24 (1789 bp)...done!
Finding genes in sequence #25 (1789 bp)...done!
Finding genes in sequence #26 (1765 bp)...done!
Finding genes in sequence #27 (1657 bp)...done!
Finding genes in sequence #28 (1619 bp)...done!
Finding genes in sequence #29 (1595 bp)...done!
Finding genes in sequence #30 (1577 bp)...done!
Finding genes in sequence #31 (1547 bp)...done!
Finding genes in sequence #32 (1513 bp)...done!
Finding genes in sequence #33 (1507 bp)...done!
Finding genes in sequence #34 (1487 bp)...done!
Finding genes in sequence #35 (1443 bp)...done!
Finding genes in sequence #36 (1429 bp)...done!
Finding genes in sequence #37 (1415 bp)...done!
Finding genes in sequence #38 (1393 bp)...done!
Finding genes in sequence #39 (1381 bp)...done!
Finding genes in sequence #40 (1315 bp)...done!
Finding genes in sequence #41 (1313 bp)...done!
Finding genes in sequence #42 (1291 bp)...done!
Finding genes in sequence #43 (1285 bp)...done!
Finding genes in sequence #44 (1267 bp)...done!
Finding genes in sequence #45 (1225 bp)...done!
Finding genes in sequence #46 (1207 bp)...done!
Finding genes in sequence #47 (1189 bp)...done!
Finding genes in sequence #48 (1173 bp)...done!
Finding genes in sequence #49 (1171 bp)...done!
Finding genes in sequence #50 (1165 bp)...done!
Finding genes in sequence #51 (1141 bp)...done!
Finding genes in sequence #52 (1129 bp)...done!
Finding genes in sequence #53 (1113 bp)...done!
Finding genes in sequence #54 (1091 bp)...done!
Finding genes in sequence #55 (1089 bp)...done!
Finding genes in sequence #56 (1087 bp)...done!
Finding genes in sequence #57 (1077 bp)...done!
Finding genes in sequence #58 (1055 bp)...done!
Finding genes in sequence #59 (1055 bp)...done!
Finding genes in sequence #60 (1047 bp)...done!
Finding genes in sequence #61 (1043 bp)...done!
Finding genes in sequence #62 (1033 bp)...done!
Finding genes in sequence #63 (989 bp)...done!
Finding genes in sequence #64 (979 bp)...done!
Finding genes in sequence #65 (961 bp)...done!
Finding genes in sequence #66 (953 bp)...done!
