-------------------------------------
PRODIGAL v2.6.3 [February, 2016]         
Univ of Tenn / Oak Ridge National Lab
Doug Hyatt, Loren Hauser, et al.     
-------------------------------------
Request:  Metagenomic, Phase:  Training
Initializing training files...done!
-------------------------------------
Request:  Metagenomic, Phase:  Gene Finding
Finding genes in sequence #1 (21581 bp)...done!
Finding genes in sequence #2 (10386 bp)...done!
Finding genes in sequence #3 (3827 bp)...done!
Finding genes in sequence #4 (3253 bp)...done!
Finding genes in sequence #5 (3193 bp)...done!
Finding genes in sequence #6 (1879 bp)...done!
Finding genes in sequence #7 (1801 bp)...done!
Finding genes in sequence #8 (1785 bp)...done!
Finding genes in sequence #9 (1527 bp)...done!
Finding genes in sequence #10 (1483 bp)...done!
Finding genes in sequence #11 (1441 bp)...done!
Finding genes in sequence #12 (1411 bp)...done!
Finding genes in sequence #13 (1405 bp)...done!
Finding genes in sequence #14 (1375 bp)...done!
Finding genes in sequence #15 (1273 bp)...done!
Finding genes in sequence #16 (1273 bp)...done!
Finding genes in sequence #17 (1237 bp)...done!
Finding genes in sequence #18 (1233 bp)...done!
Finding genes in sequence #19 (1217 bp)...done!
Finding genes in sequence #20 (1151 bp)...done!
Finding genes in sequence #21 (1145 bp)...done!
Finding genes in sequence #22 (1125 bp)...done!
Finding genes in sequence #23 (1075 bp)...done!
Finding genes in sequence #24 (1055 bp)...done!
Finding genes in sequence #25 (1051 bp)...done!
Finding genes in sequence #26 (1045 bp)...done!
Finding genes in sequence #27 (1045 bp)...done!
Finding genes in sequence #28 (1033 bp)...done!
Finding genes in sequence #29 (999 bp)...done!
Finding genes in sequence #30 (997 bp)...done!
Finding genes in sequence #31 (991 bp)...done!
Finding genes in sequence #32 (949 bp)...done!
