-------------------------------------
PRODIGAL v2.6.3 [February, 2016]         
Univ of Tenn / Oak Ridge National Lab
Doug Hyatt, Loren Hauser, et al.     
-------------------------------------
Request:  Metagenomic, Phase:  Training
Initializing training files...done!
-------------------------------------
Request:  Metagenomic, Phase:  Gene Finding
Finding genes in sequence #1 (15986 bp)...done!
Finding genes in sequence #2 (14697 bp)...done!
Finding genes in sequence #3 (14116 bp)...done!
Finding genes in sequence #4 (14001 bp)...done!
Finding genes in sequence #5 (11750 bp)...done!
Finding genes in sequence #6 (10832 bp)...done!
Finding genes in sequence #7 (4631 bp)...done!
Finding genes in sequence #8 (4455 bp)...done!
Finding genes in sequence #9 (4187 bp)...done!
Finding genes in sequence #10 (3535 bp)...done!
Finding genes in sequence #11 (3319 bp)...done!
Finding genes in sequence #12 (3091 bp)...done!
Finding genes in sequence #13 (2945 bp)...done!
Finding genes in sequence #14 (2915 bp)...done!
Finding genes in sequence #15 (2713 bp)...done!
Finding genes in sequence #16 (2659 bp)...done!
Finding genes in sequence #17 (2653 bp)...done!
Finding genes in sequence #18 (2635 bp)...done!
Finding genes in sequence #19 (2635 bp)...done!
Finding genes in sequence #20 (2581 bp)...done!
Finding genes in sequence #21 (2407 bp)...done!
Finding genes in sequence #22 (2329 bp)...done!
Finding genes in sequence #23 (2313 bp)...done!
Finding genes in sequence #24 (2175 bp)...done!
Finding genes in sequence #25 (2167 bp)...done!
Finding genes in sequence #26 (2157 bp)...done!
Finding genes in sequence #27 (2087 bp)...done!
Finding genes in sequence #28 (2039 bp)...done!
Finding genes in sequence #29 (1801 bp)...done!
Finding genes in sequence #30 (1795 bp)...done!
Finding genes in sequence #31 (1791 bp)...done!
Finding genes in sequence #32 (1789 bp)...done!
Finding genes in sequence #33 (1771 bp)...done!
Finding genes in sequence #34 (1765 bp)...done!
Finding genes in sequence #35 (1747 bp)...done!
Finding genes in sequence #36 (1741 bp)...done!
Finding genes in sequence #37 (1693 bp)...done!
Finding genes in sequence #38 (1685 bp)...done!
Finding genes in sequence #39 (1661 bp)...done!
Finding genes in sequence #40 (1633 bp)...done!
Finding genes in sequence #41 (1619 bp)...done!
Finding genes in sequence #42 (1573 bp)...done!
Finding genes in sequence #43 (1571 bp)...done!
Finding genes in sequence #44 (1549 bp)...done!
Finding genes in sequence #45 (1547 bp)...done!
Finding genes in sequence #46 (1513 bp)...done!
Finding genes in sequence #47 (1477 bp)...done!
Finding genes in sequence #48 (1381 bp)...done!
Finding genes in sequence #49 (1457 bp)...done!
Finding genes in sequence #50 (1435 bp)...done!
Finding genes in sequence #51 (1429 bp)...done!
Finding genes in sequence #52 (1415 bp)...done!
Finding genes in sequence #53 (1334 bp)...done!
Finding genes in sequence #54 (1381 bp)...done!
Finding genes in sequence #55 (1375 bp)...done!
Finding genes in sequence #56 (1361 bp)...done!
Finding genes in sequence #57 (1344 bp)...done!
Finding genes in sequence #58 (1295 bp)...done!
Finding genes in sequence #59 (1335 bp)...done!
Finding genes in sequence #60 (1327 bp)...done!
Finding genes in sequence #61 (1190 bp)...done!
Finding genes in sequence #62 (1315 bp)...done!
Finding genes in sequence #63 (1293 bp)...done!
Finding genes in sequence #64 (1293 bp)...done!
Finding genes in sequence #65 (1291 bp)...done!
Finding genes in sequence #66 (1285 bp)...done!
Finding genes in sequence #67 (1265 bp)...done!
Finding genes in sequence #68 (1255 bp)...done!
Finding genes in sequence #69 (1253 bp)...done!
Finding genes in sequence #70 (1233 bp)...done!
Finding genes in sequence #71 (1207 bp)...done!
Finding genes in sequence #72 (1207 bp)...done!
Finding genes in sequence #73 (1201 bp)...done!
Finding genes in sequence #74 (1193 bp)...done!
Finding genes in sequence #75 (1173 bp)...done!
Finding genes in sequence #76 (1171 bp)...done!
Finding genes in sequence #77 (1171 bp)...done!
Finding genes in sequence #78 (1053 bp)...done!
Finding genes in sequence #79 (1167 bp)...done!
Finding genes in sequence #80 (1165 bp)...done!
Finding genes in sequence #81 (1159 bp)...done!
Finding genes in sequence #82 (1155 bp)...done!
Finding genes in sequence #83 (1149 bp)...done!
Finding genes in sequence #84 (1149 bp)...done!
Finding genes in sequence #85 (1147 bp)...done!
Finding genes in sequence #86 (1147 bp)...done!
Finding genes in sequence #87 (1135 bp)...done!
Finding genes in sequence #88 (1123 bp)...done!
Finding genes in sequence #89 (1113 bp)...done!
Finding genes in sequence #90 (1109 bp)...done!
Finding genes in sequence #91 (1109 bp)...done!
Finding genes in sequence #92 (1097 bp)...done!
Finding genes in sequence #93 (1097 bp)...done!
Finding genes in sequence #94 (1089 bp)...done!
Finding genes in sequence #95 (1077 bp)...done!
Finding genes in sequence #96 (1069 bp)...done!
Finding genes in sequence #97 (1057 bp)...done!
Finding genes in sequence #98 (1055 bp)...done!
Finding genes in sequence #99 (1037 bp)...done!
Finding genes in sequence #100 (1043 bp)...done!
Finding genes in sequence #101 (918 bp)...done!
Finding genes in sequence #102 (1029 bp)...done!
Finding genes in sequence #103 (1027 bp)...done!
Finding genes in sequence #104 (1017 bp)...done!
Finding genes in sequence #105 (1007 bp)...done!
Finding genes in sequence #106 (1005 bp)...done!
Finding genes in sequence #107 (986 bp)...done!
Finding genes in sequence #108 (1003 bp)...done!
Finding genes in sequence #109 (979 bp)...done!
Finding genes in sequence #110 (973 bp)...done!
Finding genes in sequence #111 (973 bp)...done!
Finding genes in sequence #112 (973 bp)...done!
Finding genes in sequence #113 (967 bp)...done!
Finding genes in sequence #114 (961 bp)...done!
Finding genes in sequence #115 (961 bp)...done!
Finding genes in sequence #116 (961 bp)...done!
Finding genes in sequence #117 (959 bp)...done!
Finding genes in sequence #118 (957 bp)...done!
Finding genes in sequence #119 (953 bp)...done!
