-------------------------------------
PRODIGAL v2.6.3 [February, 2016]         
Univ of Tenn / Oak Ridge National Lab
Doug Hyatt, Loren Hauser, et al.     
-------------------------------------
Request:  Metagenomic, Phase:  Training
Initializing training files...done!
-------------------------------------
Request:  Metagenomic, Phase:  Gene Finding
Finding genes in sequence #1 (17038 bp)...done!
Finding genes in sequence #2 (16285 bp)...done!
Finding genes in sequence #3 (13464 bp)...done!
Finding genes in sequence #4 (13092 bp)...done!
Finding genes in sequence #5 (10477 bp)...done!
Finding genes in sequence #6 (6019 bp)...done!
Finding genes in sequence #7 (5695 bp)...done!
Finding genes in sequence #8 (5073 bp)...done!
Finding genes in sequence #9 (3431 bp)...done!
Finding genes in sequence #10 (2971 bp)...done!
Finding genes in sequence #11 (2695 bp)...done!
Finding genes in sequence #12 (2575 bp)...done!
Finding genes in sequence #13 (2527 bp)...done!
Finding genes in sequence #14 (2515 bp)...done!
Finding genes in sequence #15 (2103 bp)...done!
Finding genes in sequence #16 (2047 bp)...done!
Finding genes in sequence #17 (1981 bp)...done!
Finding genes in sequence #18 (1861 bp)...done!
Finding genes in sequence #19 (1849 bp)...done!
Finding genes in sequence #20 (1843 bp)...done!
Finding genes in sequence #21 (1825 bp)...done!
Finding genes in sequence #22 (1807 bp)...done!
Finding genes in sequence #23 (1747 bp)...done!
Finding genes in sequence #24 (1743 bp)...done!
Finding genes in sequence #25 (1669 bp)...done!
Finding genes in sequence #26 (1603 bp)...done!
Finding genes in sequence #27 (1535 bp)...done!
Finding genes in sequence #28 (1481 bp)...done!
Finding genes in sequence #29 (1497 bp)...done!
Finding genes in sequence #30 (1483 bp)...done!
Finding genes in sequence #31 (1459 bp)...done!
Finding genes in sequence #32 (1387 bp)...done!
Finding genes in sequence #33 (1387 bp)...done!
Finding genes in sequence #34 (1227 bp)...done!
Finding genes in sequence #35 (1339 bp)...done!
Finding genes in sequence #36 (1261 bp)...done!
Finding genes in sequence #37 (1255 bp)...done!
Finding genes in sequence #38 (1252 bp)...done!
Finding genes in sequence #39 (1219 bp)...done!
Finding genes in sequence #40 (1183 bp)...done!
Finding genes in sequence #41 (1161 bp)...done!
Finding genes in sequence #42 (1153 bp)...done!
Finding genes in sequence #43 (1131 bp)...done!
Finding genes in sequence #44 (1099 bp)...done!
Finding genes in sequence #45 (1081 bp)...done!
Finding genes in sequence #46 (1021 bp)...done!
Finding genes in sequence #47 (991 bp)...done!
Finding genes in sequence #48 (991 bp)...done!
Finding genes in sequence #49 (991 bp)...done!
Finding genes in sequence #50 (967 bp)...done!
