-------------------------------------
PRODIGAL v2.6.3 [February, 2016]         
Univ of Tenn / Oak Ridge National Lab
Doug Hyatt, Loren Hauser, et al.     
-------------------------------------
Request:  Metagenomic, Phase:  Training
Initializing training files...done!
-------------------------------------
Request:  Metagenomic, Phase:  Gene Finding
Finding genes in sequence #1 (13215 bp)...done!
Finding genes in sequence #2 (4027 bp)...done!
Finding genes in sequence #3 (3461 bp)...done!
Finding genes in sequence #4 (2627 bp)...done!
Finding genes in sequence #5 (2311 bp)...done!
Finding genes in sequence #6 (2193 bp)...done!
Finding genes in sequence #7 (2127 bp)...done!
Finding genes in sequence #8 (1817 bp)...done!
Finding genes in sequence #9 (1805 bp)...done!
Finding genes in sequence #10 (1791 bp)...done!
Finding genes in sequence #11 (1773 bp)...done!
Finding genes in sequence #12 (1741 bp)...done!
Finding genes in sequence #13 (1711 bp)...done!
Finding genes in sequence #14 (1699 bp)...done!
Finding genes in sequence #15 (1573 bp)...done!
Finding genes in sequence #16 (1569 bp)...done!
Finding genes in sequence #17 (1557 bp)...done!
Finding genes in sequence #18 (1547 bp)...done!
Finding genes in sequence #19 (1533 bp)...done!
Finding genes in sequence #20 (1357 bp)...done!
Finding genes in sequence #21 (1353 bp)...done!
Finding genes in sequence #22 (1243 bp)...done!
Finding genes in sequence #23 (1230 bp)...done!
Finding genes in sequence #24 (1183 bp)...done!
Finding genes in sequence #25 (1169 bp)...done!
Finding genes in sequence #26 (1161 bp)...done!
Finding genes in sequence #27 (1141 bp)...done!
Finding genes in sequence #28 (1097 bp)...done!
Finding genes in sequence #29 (1093 bp)...done!
Finding genes in sequence #30 (1087 bp)...done!
Finding genes in sequence #31 (1081 bp)...done!
Finding genes in sequence #32 (1075 bp)...done!
Finding genes in sequence #33 (1055 bp)...done!
Finding genes in sequence #34 (1020 bp)...done!
Finding genes in sequence #35 (1009 bp)...done!
Finding genes in sequence #36 (1009 bp)...done!
Finding genes in sequence #37 (1007 bp)...done!
Finding genes in sequence #38 (1006 bp)...done!
Finding genes in sequence #39 (1006 bp)...done!
Finding genes in sequence #40 (991 bp)...done!
Finding genes in sequence #41 (991 bp)...done!
Finding genes in sequence #42 (957 bp)...done!
Finding genes in sequence #43 (947 bp)...done!
