-------------------------------------
PRODIGAL v2.6.3 [February, 2016]         
Univ of Tenn / Oak Ridge National Lab
Doug Hyatt, Loren Hauser, et al.     
-------------------------------------
Request:  Metagenomic, Phase:  Training
Initializing training files...done!
-------------------------------------
Request:  Metagenomic, Phase:  Gene Finding
Finding genes in sequence #1 (10386 bp)...done!
Finding genes in sequence #2 (4743 bp)...done!
Finding genes in sequence #3 (3427 bp)...done!
Finding genes in sequence #4 (3385 bp)...done!
Finding genes in sequence #5 (3343 bp)...done!
Finding genes in sequence #6 (3319 bp)...done!
Finding genes in sequence #7 (3085 bp)...done!
Finding genes in sequence #8 (2857 bp)...done!
Finding genes in sequence #9 (2789 bp)...done!
Finding genes in sequence #10 (2711 bp)...done!
Finding genes in sequence #11 (2677 bp)...done!
Finding genes in sequence #12 (2589 bp)...done!
Finding genes in sequence #13 (2335 bp)...done!
Finding genes in sequence #14 (2311 bp)...done!
Finding genes in sequence #15 (2239 bp)...done!
Finding genes in sequence #16 (1997 bp)...done!
Finding genes in sequence #17 (1861 bp)...done!
Finding genes in sequence #18 (1855 bp)...done!
Finding genes in sequence #19 (1807 bp)...done!
Finding genes in sequence #20 (1801 bp)...done!
Finding genes in sequence #21 (1801 bp)...done!
Finding genes in sequence #22 (1771 bp)...done!
Finding genes in sequence #23 (1645 bp)...done!
Finding genes in sequence #24 (1559 bp)...done!
Finding genes in sequence #25 (1507 bp)...done!
Finding genes in sequence #26 (1483 bp)...done!
Finding genes in sequence #27 (1471 bp)...done!
Finding genes in sequence #28 (1471 bp)...done!
Finding genes in sequence #29 (1459 bp)...done!
Finding genes in sequence #30 (1453 bp)...done!
Finding genes in sequence #31 (1375 bp)...done!
Finding genes in sequence #32 (1369 bp)...done!
Finding genes in sequence #33 (1367 bp)...done!
Finding genes in sequence #34 (1341 bp)...done!
Finding genes in sequence #35 (1327 bp)...done!
Finding genes in sequence #36 (1319 bp)...done!
Finding genes in sequence #37 (1309 bp)...done!
Finding genes in sequence #38 (1285 bp)...done!
Finding genes in sequence #39 (1273 bp)...done!
Finding genes in sequence #40 (1273 bp)...done!
Finding genes in sequence #41 (1267 bp)...done!
Finding genes in sequence #42 (1237 bp)...done!
Finding genes in sequence #43 (1233 bp)...done!
Finding genes in sequence #44 (1231 bp)...done!
Finding genes in sequence #45 (1209 bp)...done!
Finding genes in sequence #46 (1199 bp)...done!
Finding genes in sequence #47 (1195 bp)...done!
Finding genes in sequence #48 (1169 bp)...done!
Finding genes in sequence #49 (1169 bp)...done!
Finding genes in sequence #50 (1159 bp)...done!
Finding genes in sequence #51 (1153 bp)...done!
Finding genes in sequence #52 (1147 bp)...done!
Finding genes in sequence #53 (1127 bp)...done!
Finding genes in sequence #54 (1125 bp)...done!
Finding genes in sequence #55 (1105 bp)...done!
Finding genes in sequence #56 (1093 bp)...done!
Finding genes in sequence #57 (1081 bp)...done!
Finding genes in sequence #58 (1081 bp)...done!
Finding genes in sequence #59 (1081 bp)...done!
Finding genes in sequence #60 (1075 bp)...done!
Finding genes in sequence #61 (1069 bp)...done!
Finding genes in sequence #62 (1063 bp)...done!
Finding genes in sequence #63 (1057 bp)...done!
Finding genes in sequence #64 (1051 bp)...done!
Finding genes in sequence #65 (1051 bp)...done!
Finding genes in sequence #66 (1045 bp)...done!
Finding genes in sequence #67 (1045 bp)...done!
Finding genes in sequence #68 (1045 bp)...done!
Finding genes in sequence #69 (1033 bp)...done!
Finding genes in sequence #70 (1033 bp)...done!
Finding genes in sequence #71 (1029 bp)...done!
Finding genes in sequence #72 (1027 bp)...done!
Finding genes in sequence #73 (1021 bp)...done!
Finding genes in sequence #74 (1015 bp)...done!
Finding genes in sequence #75 (1015 bp)...done!
Finding genes in sequence #76 (1009 bp)...done!
Finding genes in sequence #77 (1009 bp)...done!
Finding genes in sequence #78 (1007 bp)...done!
Finding genes in sequence #79 (997 bp)...done!
Finding genes in sequence #80 (997 bp)...done!
Finding genes in sequence #81 (993 bp)...done!
Finding genes in sequence #82 (979 bp)...done!
Finding genes in sequence #83 (973 bp)...done!
Finding genes in sequence #84 (967 bp)...done!
Finding genes in sequence #85 (967 bp)...done!
Finding genes in sequence #86 (967 bp)...done!
Finding genes in sequence #87 (967 bp)...done!
Finding genes in sequence #88 (955 bp)...done!
Finding genes in sequence #89 (955 bp)...done!
Finding genes in sequence #90 (955 bp)...done!
Finding genes in sequence #91 (949 bp)...done!
