-------------------------------------
PRODIGAL v2.6.3 [February, 2016]         
Univ of Tenn / Oak Ridge National Lab
Doug Hyatt, Loren Hauser, et al.     
-------------------------------------
Request:  Metagenomic, Phase:  Training
Initializing training files...done!
-------------------------------------
Request:  Metagenomic, Phase:  Gene Finding
Finding genes in sequence #1 (14204 bp)...done!
Finding genes in sequence #2 (3193 bp)...done!
Finding genes in sequence #3 (2401 bp)...done!
Finding genes in sequence #4 (2289 bp)...done!
Finding genes in sequence #5 (1795 bp)...done!
Finding genes in sequence #6 (1729 bp)...done!
Finding genes in sequence #7 (1591 bp)...done!
Finding genes in sequence #8 (1519 bp)...done!
Finding genes in sequence #9 (1513 bp)...done!
Finding genes in sequence #10 (1461 bp)...done!
Finding genes in sequence #11 (1459 bp)...done!
Finding genes in sequence #12 (1297 bp)...done!
Finding genes in sequence #13 (1285 bp)...done!
Finding genes in sequence #14 (1259 bp)...done!
Finding genes in sequence #15 (1215 bp)...done!
Finding genes in sequence #16 (1193 bp)...done!
Finding genes in sequence #17 (1189 bp)...done!
Finding genes in sequence #18 (1137 bp)...done!
Finding genes in sequence #19 (1111 bp)...done!
Finding genes in sequence #20 (1087 bp)...done!
Finding genes in sequence #21 (1045 bp)...done!
Finding genes in sequence #22 (1039 bp)...done!
Finding genes in sequence #23 (1027 bp)...done!
Finding genes in sequence #24 (1027 bp)...done!
Finding genes in sequence #25 (1021 bp)...done!
Finding genes in sequence #26 (1009 bp)...done!
Finding genes in sequence #27 (987 bp)...done!
Finding genes in sequence #28 (985 bp)...done!
Finding genes in sequence #29 (969 bp)...done!
