-------------------------------------
PRODIGAL v2.6.3 [February, 2016]         
Univ of Tenn / Oak Ridge National Lab
Doug Hyatt, Loren Hauser, et al.     
-------------------------------------
Request:  Metagenomic, Phase:  Training
Initializing training files...done!
-------------------------------------
Request:  Metagenomic, Phase:  Gene Finding
Finding genes in sequence #1 (36515 bp)...done!
Finding genes in sequence #2 (31425 bp)...done!
Finding genes in sequence #3 (21190 bp)...done!
Finding genes in sequence #4 (8193 bp)...done!
Finding genes in sequence #5 (6745 bp)...done!
Finding genes in sequence #6 (6091 bp)...done!
Finding genes in sequence #7 (5853 bp)...done!
Finding genes in sequence #8 (5695 bp)...done!
Finding genes in sequence #9 (4455 bp)...done!
Finding genes in sequence #10 (3195 bp)...done!
Finding genes in sequence #11 (2971 bp)...done!
Finding genes in sequence #12 (2959 bp)...done!
Finding genes in sequence #13 (2863 bp)...done!
Finding genes in sequence #14 (2731 bp)...done!
Finding genes in sequence #15 (2613 bp)...done!
Finding genes in sequence #16 (2505 bp)...done!
Finding genes in sequence #17 (2503 bp)...done!
Finding genes in sequence #18 (2047 bp)...done!
Finding genes in sequence #19 (2017 bp)...done!
Finding genes in sequence #20 (1867 bp)...done!
Finding genes in sequence #21 (1785 bp)...done!
Finding genes in sequence #22 (1729 bp)...done!
Finding genes in sequence #23 (1575 bp)...done!
Finding genes in sequence #24 (1519 bp)...done!
Finding genes in sequence #25 (1513 bp)...done!
Finding genes in sequence #26 (1513 bp)...done!
Finding genes in sequence #27 (1507 bp)...done!
Finding genes in sequence #28 (1489 bp)...done!
Finding genes in sequence #29 (1483 bp)...done!
Finding genes in sequence #30 (1471 bp)...done!
Finding genes in sequence #31 (1467 bp)...done!
Finding genes in sequence #32 (1461 bp)...done!
Finding genes in sequence #33 (1441 bp)...done!
Finding genes in sequence #34 (1405 bp)...done!
Finding genes in sequence #35 (1387 bp)...done!
Finding genes in sequence #36 (1387 bp)...done!
Finding genes in sequence #37 (1327 bp)...done!
Finding genes in sequence #38 (1219 bp)...done!
Finding genes in sequence #39 (1201 bp)...done!
Finding genes in sequence #40 (1183 bp)...done!
Finding genes in sequence #41 (1171 bp)...done!
Finding genes in sequence #42 (1051 bp)...done!
Finding genes in sequence #43 (1045 bp)...done!
Finding genes in sequence #44 (1023 bp)...done!
Finding genes in sequence #45 (1021 bp)...done!
Finding genes in sequence #46 (997 bp)...done!
Finding genes in sequence #47 (991 bp)...done!
Finding genes in sequence #48 (991 bp)...done!
Finding genes in sequence #49 (991 bp)...done!
Finding genes in sequence #50 (967 bp)...done!
Finding genes in sequence #51 (965 bp)...done!
Finding genes in sequence #52 (961 bp)...done!
Finding genes in sequence #53 (949 bp)...done!
