-------------------------------------
PRODIGAL v2.6.3 [February, 2016]         
Univ of Tenn / Oak Ridge National Lab
Doug Hyatt, Loren Hauser, et al.     
-------------------------------------
Request:  Metagenomic, Phase:  Training
Initializing training files...done!
-------------------------------------
Request:  Metagenomic, Phase:  Gene Finding
Finding genes in sequence #1 (10490 bp)...done!
Finding genes in sequence #2 (10310 bp)...done!
Finding genes in sequence #3 (9043 bp)...done!
Finding genes in sequence #4 (8597 bp)...done!
Finding genes in sequence #5 (7353 bp)...done!
Finding genes in sequence #6 (4623 bp)...done!
Finding genes in sequence #7 (4583 bp)...done!
Finding genes in sequence #8 (4380 bp)...done!
Finding genes in sequence #9 (3431 bp)...done!
Finding genes in sequence #10 (3103 bp)...done!
Finding genes in sequence #11 (2761 bp)...done!
Finding genes in sequence #12 (2703 bp)...done!
Finding genes in sequence #13 (2569 bp)...done!
Finding genes in sequence #14 (2469 bp)...done!
Finding genes in sequence #15 (2413 bp)...done!
Finding genes in sequence #16 (2351 bp)...done!
Finding genes in sequence #17 (2337 bp)...done!
Finding genes in sequence #18 (2245 bp)...done!
Finding genes in sequence #19 (2059 bp)...done!
Finding genes in sequence #20 (1965 bp)...done!
Finding genes in sequence #21 (1955 bp)...done!
Finding genes in sequence #22 (1945 bp)...done!
Finding genes in sequence #23 (1837 bp)...done!
Finding genes in sequence #24 (1753 bp)...done!
Finding genes in sequence #25 (1735 bp)...done!
Finding genes in sequence #26 (1699 bp)...done!
Finding genes in sequence #27 (1639 bp)...done!
Finding genes in sequence #28 (1563 bp)...done!
Finding genes in sequence #29 (1561 bp)...done!
Finding genes in sequence #30 (1529 bp)...done!
Finding genes in sequence #31 (1495 bp)...done!
Finding genes in sequence #32 (1495 bp)...done!
Finding genes in sequence #33 (1483 bp)...done!
Finding genes in sequence #34 (1433 bp)...done!
Finding genes in sequence #35 (1421 bp)...done!
Finding genes in sequence #36 (1417 bp)...done!
Finding genes in sequence #37 (1397 bp)...done!
Finding genes in sequence #38 (1363 bp)...done!
Finding genes in sequence #39 (1327 bp)...done!
Finding genes in sequence #40 (1309 bp)...done!
Finding genes in sequence #41 (1267 bp)...done!
Finding genes in sequence #42 (1259 bp)...done!
Finding genes in sequence #43 (1247 bp)...done!
Finding genes in sequence #44 (1219 bp)...done!
Finding genes in sequence #45 (1177 bp)...done!
Finding genes in sequence #46 (1167 bp)...done!
Finding genes in sequence #47 (1139 bp)...done!
Finding genes in sequence #48 (1135 bp)...done!
Finding genes in sequence #49 (1133 bp)...done!
Finding genes in sequence #50 (1115 bp)...done!
Finding genes in sequence #51 (1099 bp)...done!
Finding genes in sequence #52 (1093 bp)...done!
Finding genes in sequence #53 (1081 bp)...done!
Finding genes in sequence #54 (1063 bp)...done!
Finding genes in sequence #55 (1057 bp)...done!
Finding genes in sequence #56 (1045 bp)...done!
Finding genes in sequence #57 (1045 bp)...done!
Finding genes in sequence #58 (1039 bp)...done!
Finding genes in sequence #59 (1029 bp)...done!
Finding genes in sequence #60 (1027 bp)...done!
Finding genes in sequence #61 (1003 bp)...done!
Finding genes in sequence #62 (999 bp)...done!
Finding genes in sequence #63 (991 bp)...done!
Finding genes in sequence #64 (985 bp)...done!
Finding genes in sequence #65 (955 bp)...done!
Finding genes in sequence #66 (949 bp)...done!
