-------------------------------------
PRODIGAL v2.6.3 [February, 2016]         
Univ of Tenn / Oak Ridge National Lab
Doug Hyatt, Loren Hauser, et al.     
-------------------------------------
Request:  Metagenomic, Phase:  Training
Initializing training files...done!
-------------------------------------
Request:  Metagenomic, Phase:  Gene Finding
Finding genes in sequence #1 (2329 bp)...done!
Finding genes in sequence #2 (1837 bp)...done!
Finding genes in sequence #3 (1375 bp)...done!
Finding genes in sequence #4 (1357 bp)...done!
Finding genes in sequence #5 (1293 bp)...done!
Finding genes in sequence #6 (1291 bp)...done!
Finding genes in sequence #7 (1267 bp)...done!
Finding genes in sequence #8 (1211 bp)...done!
Finding genes in sequence #9 (1159 bp)...done!
Finding genes in sequence #10 (1137 bp)...done!
Finding genes in sequence #11 (949 bp)...done!
