-------------------------------------
PRODIGAL v2.6.3 [February, 2016]         
Univ of Tenn / Oak Ridge National Lab
Doug Hyatt, Loren Hauser, et al.     
-------------------------------------
Request:  Metagenomic, Phase:  Training
Initializing training files...done!
-------------------------------------
Request:  Metagenomic, Phase:  Gene Finding
Finding genes in sequence #1 (15047 bp)...done!
Finding genes in sequence #2 (13121 bp)...done!
Finding genes in sequence #3 (3319 bp)...done!
Finding genes in sequence #4 (2475 bp)...done!
Finding genes in sequence #5 (2311 bp)...done!
Finding genes in sequence #6 (1925 bp)...done!
Finding genes in sequence #7 (1903 bp)...done!
Finding genes in sequence #8 (1861 bp)...done!
Finding genes in sequence #9 (1801 bp)...done!
Finding genes in sequence #10 (1747 bp)...done!
Finding genes in sequence #11 (1705 bp)...done!
Finding genes in sequence #12 (1693 bp)...done!
Finding genes in sequence #13 (1681 bp)...done!
Finding genes in sequence #14 (1627 bp)...done!
Finding genes in sequence #15 (1531 bp)...done!
Finding genes in sequence #16 (1517 bp)...done!
Finding genes in sequence #17 (1495 bp)...done!
Finding genes in sequence #18 (1465 bp)...done!
Finding genes in sequence #19 (1315 bp)...done!
Finding genes in sequence #20 (1287 bp)...done!
Finding genes in sequence #21 (1269 bp)...done!
Finding genes in sequence #22 (1261 bp)...done!
Finding genes in sequence #23 (1249 bp)...done!
Finding genes in sequence #24 (1231 bp)...done!
Finding genes in sequence #25 (1211 bp)...done!
Finding genes in sequence #26 (1189 bp)...done!
Finding genes in sequence #27 (1154 bp)...done!
Finding genes in sequence #28 (1167 bp)...done!
Finding genes in sequence #29 (1155 bp)...done!
Finding genes in sequence #30 (1139 bp)...done!
Finding genes in sequence #31 (1135 bp)...done!
Finding genes in sequence #32 (1133 bp)...done!
Finding genes in sequence #33 (1129 bp)...done!
Finding genes in sequence #34 (1093 bp)...done!
Finding genes in sequence #35 (1045 bp)...done!
Finding genes in sequence #36 (1037 bp)...done!
Finding genes in sequence #37 (1033 bp)...done!
Finding genes in sequence #38 (1019 bp)...done!
Finding genes in sequence #39 (1015 bp)...done!
Finding genes in sequence #40 (1009 bp)...done!
Finding genes in sequence #41 (991 bp)...done!
Finding genes in sequence #42 (989 bp)...done!
Finding genes in sequence #43 (979 bp)...done!
Finding genes in sequence #44 (979 bp)...done!
Finding genes in sequence #45 (967 bp)...done!
Finding genes in sequence #46 (963 bp)...done!
Finding genes in sequence #47 (955 bp)...done!
Finding genes in sequence #48 (947 bp)...done!
Finding genes in sequence #49 (945 bp)...done!
Finding genes in sequence #50 (945 bp)...done!
