-------------------------------------
PRODIGAL v2.6.3 [February, 2016]         
Univ of Tenn / Oak Ridge National Lab
Doug Hyatt, Loren Hauser, et al.     
-------------------------------------
Request:  Metagenomic, Phase:  Training
Initializing training files...done!
-------------------------------------
Request:  Metagenomic, Phase:  Gene Finding
Finding genes in sequence #1 (161353 bp)...done!
Finding genes in sequence #2 (69914 bp)...done!
Finding genes in sequence #3 (23542 bp)...done!
Finding genes in sequence #4 (16165 bp)...done!
Finding genes in sequence #5 (15423 bp)...done!
Finding genes in sequence #6 (14204 bp)...done!
Finding genes in sequence #7 (11353 bp)...done!
Finding genes in sequence #8 (8799 bp)...done!
Finding genes in sequence #9 (7253 bp)...done!
Finding genes in sequence #10 (4369 bp)...done!
Finding genes in sequence #11 (4097 bp)...done!
Finding genes in sequence #12 (3193 bp)...done!
Finding genes in sequence #13 (1729 bp)...done!
Finding genes in sequence #14 (1069 bp)...done!
Finding genes in sequence #15 (1027 bp)...done!
Finding genes in sequence #16 (991 bp)...done!
