-------------------------------------
PRODIGAL v2.6.3 [February, 2016]         
Univ of Tenn / Oak Ridge National Lab
Doug Hyatt, Loren Hauser, et al.     
-------------------------------------
Request:  Metagenomic, Phase:  Training
Initializing training files...done!
-------------------------------------
Request:  Metagenomic, Phase:  Gene Finding
Finding genes in sequence #1 (3305 bp)...done!
Finding genes in sequence #2 (3039 bp)...done!
Finding genes in sequence #3 (2151 bp)...done!
Finding genes in sequence #4 (2031 bp)...done!
Finding genes in sequence #5 (1795 bp)...done!
Finding genes in sequence #6 (1619 bp)...done!
Finding genes in sequence #7 (1619 bp)...done!
Finding genes in sequence #8 (1595 bp)...done!
Finding genes in sequence #9 (1531 bp)...done!
Finding genes in sequence #10 (1487 bp)...done!
Finding genes in sequence #11 (1317 bp)...done!
Finding genes in sequence #12 (1154 bp)...done!
Finding genes in sequence #13 (1231 bp)...done!
Finding genes in sequence #14 (1215 bp)...done!
Finding genes in sequence #15 (1191 bp)...done!
Finding genes in sequence #16 (1189 bp)...done!
Finding genes in sequence #17 (1087 bp)...done!
Finding genes in sequence #18 (977 bp)...done!
Finding genes in sequence #19 (1029 bp)...done!
Finding genes in sequence #20 (989 bp)...done!
Finding genes in sequence #21 (979 bp)...done!
Finding genes in sequence #22 (973 bp)...done!
