-------------------------------------
PRODIGAL v2.6.3 [February, 2016]         
Univ of Tenn / Oak Ridge National Lab
Doug Hyatt, Loren Hauser, et al.     
-------------------------------------
Request:  Metagenomic, Phase:  Training
Initializing training files...done!
-------------------------------------
Request:  Metagenomic, Phase:  Gene Finding
Finding genes in sequence #1 (10386 bp)...done!
Finding genes in sequence #2 (3415 bp)...done!
Finding genes in sequence #3 (3223 bp)...done!
Finding genes in sequence #4 (2971 bp)...done!
Finding genes in sequence #5 (1865 bp)...done!
Finding genes in sequence #6 (1851 bp)...done!
Finding genes in sequence #7 (1483 bp)...done!
Finding genes in sequence #8 (1435 bp)...done!
Finding genes in sequence #9 (1387 bp)...done!
Finding genes in sequence #10 (1387 bp)...done!
Finding genes in sequence #11 (1261 bp)...done!
Finding genes in sequence #12 (999 bp)...done!
Finding genes in sequence #13 (991 bp)...done!
Finding genes in sequence #14 (979 bp)...done!
Finding genes in sequence #15 (963 bp)...done!
