-------------------------------------
PRODIGAL v2.6.3 [February, 2016]         
Univ of Tenn / Oak Ridge National Lab
Doug Hyatt, Loren Hauser, et al.     
-------------------------------------
Request:  Metagenomic, Phase:  Training
Initializing training files...done!
-------------------------------------
Request:  Metagenomic, Phase:  Gene Finding
Finding genes in sequence #1 (53129 bp)...done!
Finding genes in sequence #2 (10190 bp)...done!
Finding genes in sequence #3 (9011 bp)...done!
Finding genes in sequence #4 (6307 bp)...done!
Finding genes in sequence #5 (5675 bp)...done!
Finding genes in sequence #6 (5229 bp)...done!
Finding genes in sequence #7 (5227 bp)...done!
Finding genes in sequence #8 (5209 bp)...done!
Finding genes in sequence #9 (4305 bp)...done!
Finding genes in sequence #10 (4135 bp)...done!
Finding genes in sequence #11 (4009 bp)...done!
Finding genes in sequence #12 (3229 bp)...done!
Finding genes in sequence #13 (3159 bp)...done!
Finding genes in sequence #14 (2761 bp)...done!
Finding genes in sequence #15 (2743 bp)...done!
Finding genes in sequence #16 (2723 bp)...done!
Finding genes in sequence #17 (2587 bp)...done!
Finding genes in sequence #18 (2563 bp)...done!
Finding genes in sequence #19 (2553 bp)...done!
Finding genes in sequence #20 (2533 bp)...done!
Finding genes in sequence #21 (2443 bp)...done!
Finding genes in sequence #22 (2413 bp)...done!
Finding genes in sequence #23 (2389 bp)...done!
Finding genes in sequence #24 (2383 bp)...done!
Finding genes in sequence #25 (2351 bp)...done!
Finding genes in sequence #26 (2339 bp)...done!
Finding genes in sequence #27 (2323 bp)...done!
Finding genes in sequence #28 (2289 bp)...done!
Finding genes in sequence #29 (2119 bp)...done!
Finding genes in sequence #30 (1975 bp)...done!
Finding genes in sequence #31 (1957 bp)...done!
Finding genes in sequence #32 (1921 bp)...done!
Finding genes in sequence #33 (1907 bp)...done!
Finding genes in sequence #34 (1867 bp)...done!
Finding genes in sequence #35 (1855 bp)...done!
Finding genes in sequence #36 (1819 bp)...done!
Finding genes in sequence #37 (1795 bp)...done!
Finding genes in sequence #38 (1725 bp)...done!
Finding genes in sequence #39 (1699 bp)...done!
Finding genes in sequence #40 (1687 bp)...done!
Finding genes in sequence #41 (1687 bp)...done!
Finding genes in sequence #42 (1659 bp)...done!
Finding genes in sequence #43 (1627 bp)...done!
Finding genes in sequence #44 (1585 bp)...done!
Finding genes in sequence #45 (1543 bp)...done!
Finding genes in sequence #46 (1513 bp)...done!
Finding genes in sequence #47 (1471 bp)...done!
Finding genes in sequence #48 (1465 bp)...done!
Finding genes in sequence #49 (1411 bp)...done!
Finding genes in sequence #50 (1405 bp)...done!
Finding genes in sequence #51 (1393 bp)...done!
Finding genes in sequence #52 (1369 bp)...done!
Finding genes in sequence #53 (1357 bp)...done!
Finding genes in sequence #54 (1349 bp)...done!
Finding genes in sequence #55 (1339 bp)...done!
Finding genes in sequence #56 (1327 bp)...done!
Finding genes in sequence #57 (1315 bp)...done!
Finding genes in sequence #58 (1303 bp)...done!
Finding genes in sequence #59 (1291 bp)...done!
Finding genes in sequence #60 (1285 bp)...done!
Finding genes in sequence #61 (1273 bp)...done!
Finding genes in sequence #62 (1255 bp)...done!
Finding genes in sequence #63 (1247 bp)...done!
Finding genes in sequence #64 (1231 bp)...done!
Finding genes in sequence #65 (1231 bp)...done!
Finding genes in sequence #66 (1219 bp)...done!
Finding genes in sequence #67 (1219 bp)...done!
Finding genes in sequence #68 (1219 bp)...done!
Finding genes in sequence #69 (1207 bp)...done!
Finding genes in sequence #70 (1183 bp)...done!
Finding genes in sequence #71 (1171 bp)...done!
Finding genes in sequence #72 (1171 bp)...done!
Finding genes in sequence #73 (1159 bp)...done!
Finding genes in sequence #74 (1159 bp)...done!
Finding genes in sequence #75 (1147 bp)...done!
Finding genes in sequence #76 (1147 bp)...done!
Finding genes in sequence #77 (1142 bp)...done!
Finding genes in sequence #78 (1135 bp)...done!
Finding genes in sequence #79 (1129 bp)...done!
Finding genes in sequence #80 (1123 bp)...done!
Finding genes in sequence #81 (1117 bp)...done!
Finding genes in sequence #82 (1104 bp)...done!
Finding genes in sequence #83 (1093 bp)...done!
Finding genes in sequence #84 (1087 bp)...done!
Finding genes in sequence #85 (1075 bp)...done!
Finding genes in sequence #86 (1069 bp)...done!
Finding genes in sequence #87 (1069 bp)...done!
Finding genes in sequence #88 (1063 bp)...done!
Finding genes in sequence #89 (1045 bp)...done!
Finding genes in sequence #90 (1043 bp)...done!
Finding genes in sequence #91 (1027 bp)...done!
Finding genes in sequence #92 (997 bp)...done!
Finding genes in sequence #93 (991 bp)...done!
Finding genes in sequence #94 (973 bp)...done!
Finding genes in sequence #95 (967 bp)...done!
Finding genes in sequence #96 (961 bp)...done!
Finding genes in sequence #97 (955 bp)...done!
