-------------------------------------
PRODIGAL v2.6.3 [February, 2016]         
Univ of Tenn / Oak Ridge National Lab
Doug Hyatt, Loren Hauser, et al.     
-------------------------------------
Request:  Metagenomic, Phase:  Training
Initializing training files...done!
-------------------------------------
Request:  Metagenomic, Phase:  Gene Finding
Finding genes in sequence #1 (4453 bp)...done!
Finding genes in sequence #2 (3319 bp)...done!
Finding genes in sequence #3 (3309 bp)...done!
Finding genes in sequence #4 (2635 bp)...done!
Finding genes in sequence #5 (2427 bp)...done!
Finding genes in sequence #6 (2327 bp)...done!
Finding genes in sequence #7 (1901 bp)...done!
Finding genes in sequence #8 (1833 bp)...done!
Finding genes in sequence #9 (1823 bp)...done!
Finding genes in sequence #10 (1817 bp)...done!
Finding genes in sequence #11 (1801 bp)...done!
Finding genes in sequence #12 (1795 bp)...done!
Finding genes in sequence #13 (1785 bp)...done!
Finding genes in sequence #14 (1777 bp)...done!
Finding genes in sequence #15 (1727 bp)...done!
Finding genes in sequence #16 (1635 bp)...done!
Finding genes in sequence #17 (1619 bp)...done!
Finding genes in sequence #18 (1597 bp)...done!
Finding genes in sequence #19 (1577 bp)...done!
Finding genes in sequence #20 (1575 bp)...done!
Finding genes in sequence #21 (1515 bp)...done!
Finding genes in sequence #22 (1491 bp)...done!
Finding genes in sequence #23 (1487 bp)...done!
Finding genes in sequence #24 (1435 bp)...done!
Finding genes in sequence #25 (1387 bp)...done!
Finding genes in sequence #26 (1359 bp)...done!
Finding genes in sequence #27 (1351 bp)...done!
Finding genes in sequence #28 (1317 bp)...done!
Finding genes in sequence #29 (1257 bp)...done!
Finding genes in sequence #30 (1249 bp)...done!
Finding genes in sequence #31 (1231 bp)...done!
Finding genes in sequence #32 (1219 bp)...done!
Finding genes in sequence #33 (1219 bp)...done!
Finding genes in sequence #34 (1207 bp)...done!
Finding genes in sequence #35 (1207 bp)...done!
Finding genes in sequence #36 (1189 bp)...done!
Finding genes in sequence #37 (1189 bp)...done!
Finding genes in sequence #38 (1179 bp)...done!
Finding genes in sequence #39 (964 bp)...done!
Finding genes in sequence #40 (1091 bp)...done!
Finding genes in sequence #41 (1089 bp)...done!
Finding genes in sequence #42 (1087 bp)...done!
Finding genes in sequence #43 (1077 bp)...done!
Finding genes in sequence #44 (1037 bp)...done!
Finding genes in sequence #45 (1001 bp)...done!
Finding genes in sequence #46 (909 bp)...done!
Finding genes in sequence #47 (991 bp)...done!
Finding genes in sequence #48 (979 bp)...done!
Finding genes in sequence #49 (959 bp)...done!
Finding genes in sequence #50 (955 bp)...done!
Finding genes in sequence #51 (947 bp)...done!
