-------------------------------------
PRODIGAL v2.6.3 [February, 2016]         
Univ of Tenn / Oak Ridge National Lab
Doug Hyatt, Loren Hauser, et al.     
-------------------------------------
Request:  Metagenomic, Phase:  Training
Initializing training files...done!
-------------------------------------
Request:  Metagenomic, Phase:  Gene Finding
Finding genes in sequence #1 (6331 bp)...done!
Finding genes in sequence #2 (3739 bp)...done!
Finding genes in sequence #3 (3065 bp)...done!
Finding genes in sequence #4 (2900 bp)...done!
Finding genes in sequence #5 (2635 bp)...done!
Finding genes in sequence #6 (2533 bp)...done!
Finding genes in sequence #7 (2415 bp)...done!
Finding genes in sequence #8 (2279 bp)...done!
Finding genes in sequence #9 (2033 bp)...done!
Finding genes in sequence #10 (1879 bp)...done!
Finding genes in sequence #11 (1855 bp)...done!
Finding genes in sequence #12 (1819 bp)...done!
Finding genes in sequence #13 (1801 bp)...done!
Finding genes in sequence #14 (1795 bp)...done!
Finding genes in sequence #15 (1603 bp)...done!
Finding genes in sequence #16 (1579 bp)...done!
Finding genes in sequence #17 (1563 bp)...done!
Finding genes in sequence #18 (1497 bp)...done!
Finding genes in sequence #19 (1453 bp)...done!
Finding genes in sequence #20 (1405 bp)...done!
Finding genes in sequence #21 (1381 bp)...done!
Finding genes in sequence #22 (1349 bp)...done!
Finding genes in sequence #23 (1339 bp)...done!
Finding genes in sequence #24 (1295 bp)...done!
Finding genes in sequence #25 (1255 bp)...done!
Finding genes in sequence #26 (1249 bp)...done!
Finding genes in sequence #27 (1239 bp)...done!
Finding genes in sequence #28 (1231 bp)...done!
Finding genes in sequence #29 (1223 bp)...done!
Finding genes in sequence #30 (1219 bp)...done!
Finding genes in sequence #31 (1207 bp)...done!
Finding genes in sequence #32 (1207 bp)...done!
Finding genes in sequence #33 (1203 bp)...done!
Finding genes in sequence #34 (1201 bp)...done!
Finding genes in sequence #35 (1189 bp)...done!
Finding genes in sequence #36 (1171 bp)...done!
Finding genes in sequence #37 (1165 bp)...done!
Finding genes in sequence #38 (1159 bp)...done!
Finding genes in sequence #39 (1155 bp)...done!
Finding genes in sequence #40 (1135 bp)...done!
Finding genes in sequence #41 (1131 bp)...done!
Finding genes in sequence #42 (1113 bp)...done!
Finding genes in sequence #43 (1065 bp)...done!
Finding genes in sequence #44 (1063 bp)...done!
Finding genes in sequence #45 (1061 bp)...done!
Finding genes in sequence #46 (1059 bp)...done!
Finding genes in sequence #47 (1055 bp)...done!
Finding genes in sequence #48 (1045 bp)...done!
Finding genes in sequence #49 (1029 bp)...done!
Finding genes in sequence #50 (1027 bp)...done!
Finding genes in sequence #51 (1021 bp)...done!
Finding genes in sequence #52 (995 bp)...done!
Finding genes in sequence #53 (991 bp)...done!
Finding genes in sequence #54 (975 bp)...done!
Finding genes in sequence #55 (975 bp)...done!
Finding genes in sequence #56 (973 bp)...done!
Finding genes in sequence #57 (963 bp)...done!
Finding genes in sequence #58 (948 bp)...done!
Finding genes in sequence #59 (961 bp)...done!
Finding genes in sequence #60 (955 bp)...done!
