-------------------------------------
PRODIGAL v2.6.3 [February, 2016]         
Univ of Tenn / Oak Ridge National Lab
Doug Hyatt, Loren Hauser, et al.     
-------------------------------------
Request:  Metagenomic, Phase:  Training
Initializing training files...done!
-------------------------------------
Request:  Metagenomic, Phase:  Gene Finding
Finding genes in sequence #1 (52345 bp)...done!
Finding genes in sequence #2 (36499 bp)...done!
Finding genes in sequence #3 (34580 bp)...done!
Finding genes in sequence #4 (11892 bp)...done!
Finding genes in sequence #5 (11196 bp)...done!
Finding genes in sequence #6 (10708 bp)...done!
Finding genes in sequence #7 (6397 bp)...done!
Finding genes in sequence #8 (5295 bp)...done!
Finding genes in sequence #9 (3745 bp)...done!
Finding genes in sequence #10 (3703 bp)...done!
Finding genes in sequence #11 (3589 bp)...done!
Finding genes in sequence #12 (3513 bp)...done!
Finding genes in sequence #13 (3463 bp)...done!
Finding genes in sequence #14 (3387 bp)...done!
Finding genes in sequence #15 (3181 bp)...done!
Finding genes in sequence #16 (2965 bp)...done!
Finding genes in sequence #17 (2887 bp)...done!
Finding genes in sequence #18 (2409 bp)...done!
Finding genes in sequence #19 (2273 bp)...done!
Finding genes in sequence #20 (2223 bp)...done!
Finding genes in sequence #21 (2075 bp)...done!
Finding genes in sequence #22 (1975 bp)...done!
Finding genes in sequence #23 (1873 bp)...done!
Finding genes in sequence #24 (1855 bp)...done!
Finding genes in sequence #25 (1843 bp)...done!
Finding genes in sequence #26 (1843 bp)...done!
Finding genes in sequence #27 (1795 bp)...done!
Finding genes in sequence #28 (1687 bp)...done!
Finding genes in sequence #29 (1683 bp)...done!
Finding genes in sequence #30 (1681 bp)...done!
Finding genes in sequence #31 (1603 bp)...done!
Finding genes in sequence #32 (1549 bp)...done!
Finding genes in sequence #33 (1519 bp)...done!
Finding genes in sequence #34 (1513 bp)...done!
Finding genes in sequence #35 (1507 bp)...done!
Finding genes in sequence #36 (1483 bp)...done!
Finding genes in sequence #37 (1465 bp)...done!
Finding genes in sequence #38 (1459 bp)...done!
Finding genes in sequence #39 (1433 bp)...done!
Finding genes in sequence #40 (1375 bp)...done!
Finding genes in sequence #41 (1343 bp)...done!
Finding genes in sequence #42 (1339 bp)...done!
Finding genes in sequence #43 (1285 bp)...done!
Finding genes in sequence #44 (1285 bp)...done!
Finding genes in sequence #45 (1283 bp)...done!
Finding genes in sequence #46 (1273 bp)...done!
Finding genes in sequence #47 (1267 bp)...done!
Finding genes in sequence #48 (1219 bp)...done!
Finding genes in sequence #49 (1111 bp)...done!
Finding genes in sequence #50 (1081 bp)...done!
Finding genes in sequence #51 (1069 bp)...done!
Finding genes in sequence #52 (1027 bp)...done!
Finding genes in sequence #53 (1009 bp)...done!
Finding genes in sequence #54 (1009 bp)...done!
Finding genes in sequence #55 (985 bp)...done!
Finding genes in sequence #56 (977 bp)...done!
Finding genes in sequence #57 (967 bp)...done!
Finding genes in sequence #58 (967 bp)...done!
Finding genes in sequence #59 (949 bp)...done!
