-------------------------------------
PRODIGAL v2.6.3 [February, 2016]         
Univ of Tenn / Oak Ridge National Lab
Doug Hyatt, Loren Hauser, et al.     
-------------------------------------
Request:  Metagenomic, Phase:  Training
Initializing training files...done!
-------------------------------------
Request:  Metagenomic, Phase:  Gene Finding
Finding genes in sequence #1 (16165 bp)...done!
Finding genes in sequence #2 (18555 bp)...done!
Finding genes in sequence #3 (15423 bp)...done!
Finding genes in sequence #4 (14204 bp)...done!
Finding genes in sequence #5 (11353 bp)...done!
Finding genes in sequence #6 (7755 bp)...done!
Finding genes in sequence #7 (6129 bp)...done!
Finding genes in sequence #8 (5413 bp)...done!
Finding genes in sequence #9 (5161 bp)...done!
Finding genes in sequence #10 (4735 bp)...done!
Finding genes in sequence #11 (3431 bp)...done!
Finding genes in sequence #12 (3193 bp)...done!
Finding genes in sequence #13 (2809 bp)...done!
Finding genes in sequence #14 (2417 bp)...done!
Finding genes in sequence #15 (2261 bp)...done!
Finding genes in sequence #16 (1843 bp)...done!
Finding genes in sequence #17 (1823 bp)...done!
Finding genes in sequence #18 (1795 bp)...done!
Finding genes in sequence #19 (1759 bp)...done!
Finding genes in sequence #20 (1729 bp)...done!
Finding genes in sequence #21 (1513 bp)...done!
Finding genes in sequence #22 (1411 bp)...done!
Finding genes in sequence #23 (1357 bp)...done!
Finding genes in sequence #24 (1279 bp)...done!
Finding genes in sequence #25 (1255 bp)...done!
Finding genes in sequence #26 (1247 bp)...done!
Finding genes in sequence #27 (1171 bp)...done!
Finding genes in sequence #28 (1109 bp)...done!
Finding genes in sequence #29 (1093 bp)...done!
Finding genes in sequence #30 (1069 bp)...done!
Finding genes in sequence #31 (1003 bp)...done!
Finding genes in sequence #32 (949 bp)...done!
