-------------------------------------
PRODIGAL v2.6.3 [February, 2016]         
Univ of Tenn / Oak Ridge National Lab
Doug Hyatt, Loren Hauser, et al.     
-------------------------------------
Request:  Metagenomic, Phase:  Training
Initializing training files...done!
-------------------------------------
Request:  Metagenomic, Phase:  Gene Finding
Finding genes in sequence #1 (45581 bp)...done!
Finding genes in sequence #2 (10929 bp)...done!
Finding genes in sequence #3 (9541 bp)...done!
Finding genes in sequence #4 (4155 bp)...done!
Finding genes in sequence #5 (3745 bp)...done!
Finding genes in sequence #6 (3651 bp)...done!
Finding genes in sequence #7 (3037 bp)...done!
Finding genes in sequence #8 (2881 bp)...done!
Finding genes in sequence #9 (2761 bp)...done!
Finding genes in sequence #10 (2761 bp)...done!
Finding genes in sequence #11 (2749 bp)...done!
Finding genes in sequence #12 (2615 bp)...done!
Finding genes in sequence #13 (2453 bp)...done!
Finding genes in sequence #14 (2353 bp)...done!
Finding genes in sequence #15 (2299 bp)...done!
Finding genes in sequence #16 (2249 bp)...done!
Finding genes in sequence #17 (2167 bp)...done!
Finding genes in sequence #18 (2125 bp)...done!
Finding genes in sequence #19 (2029 bp)...done!
Finding genes in sequence #20 (1925 bp)...done!
Finding genes in sequence #21 (1921 bp)...done!
Finding genes in sequence #22 (1903 bp)...done!
Finding genes in sequence #23 (1903 bp)...done!
Finding genes in sequence #24 (1875 bp)...done!
Finding genes in sequence #25 (1873 bp)...done!
Finding genes in sequence #26 (1859 bp)...done!
Finding genes in sequence #27 (1855 bp)...done!
Finding genes in sequence #28 (1849 bp)...done!
Finding genes in sequence #29 (1825 bp)...done!
Finding genes in sequence #30 (1789 bp)...done!
Finding genes in sequence #31 (1789 bp)...done!
Finding genes in sequence #32 (1771 bp)...done!
Finding genes in sequence #33 (1765 bp)...done!
Finding genes in sequence #34 (1759 bp)...done!
Finding genes in sequence #35 (1731 bp)...done!
Finding genes in sequence #36 (1717 bp)...done!
Finding genes in sequence #37 (1693 bp)...done!
Finding genes in sequence #38 (1689 bp)...done!
Finding genes in sequence #39 (1633 bp)...done!
Finding genes in sequence #40 (1627 bp)...done!
Finding genes in sequence #41 (1583 bp)...done!
Finding genes in sequence #42 (1577 bp)...done!
Finding genes in sequence #43 (1573 bp)...done!
Finding genes in sequence #44 (1567 bp)...done!
Finding genes in sequence #45 (1561 bp)...done!
Finding genes in sequence #46 (1547 bp)...done!
Finding genes in sequence #47 (1519 bp)...done!
Finding genes in sequence #48 (1515 bp)...done!
Finding genes in sequence #49 (1495 bp)...done!
Finding genes in sequence #50 (1489 bp)...done!
Finding genes in sequence #51 (1489 bp)...done!
Finding genes in sequence #52 (1483 bp)...done!
Finding genes in sequence #53 (1453 bp)...done!
Finding genes in sequence #54 (1443 bp)...done!
Finding genes in sequence #55 (1435 bp)...done!
Finding genes in sequence #56 (1393 bp)...done!
Finding genes in sequence #57 (1375 bp)...done!
Finding genes in sequence #58 (1351 bp)...done!
Finding genes in sequence #59 (1341 bp)...done!
Finding genes in sequence #60 (1328 bp)...done!
Finding genes in sequence #61 (1315 bp)...done!
Finding genes in sequence #62 (1307 bp)...done!
Finding genes in sequence #63 (1307 bp)...done!
Finding genes in sequence #64 (1303 bp)...done!
Finding genes in sequence #65 (1299 bp)...done!
Finding genes in sequence #66 (1267 bp)...done!
Finding genes in sequence #67 (1255 bp)...done!
Finding genes in sequence #68 (1249 bp)...done!
Finding genes in sequence #69 (1245 bp)...done!
Finding genes in sequence #70 (1229 bp)...done!
Finding genes in sequence #71 (1219 bp)...done!
Finding genes in sequence #72 (1177 bp)...done!
Finding genes in sequence #73 (1175 bp)...done!
Finding genes in sequence #74 (1159 bp)...done!
Finding genes in sequence #75 (1159 bp)...done!
Finding genes in sequence #76 (1137 bp)...done!
Finding genes in sequence #77 (1135 bp)...done!
Finding genes in sequence #78 (1133 bp)...done!
Finding genes in sequence #79 (1109 bp)...done!
Finding genes in sequence #80 (1103 bp)...done!
Finding genes in sequence #81 (1096 bp)...done!
Finding genes in sequence #82 (1094 bp)...done!
Finding genes in sequence #83 (1093 bp)...done!
Finding genes in sequence #84 (1087 bp)...done!
Finding genes in sequence #85 (1087 bp)...done!
Finding genes in sequence #86 (1075 bp)...done!
Finding genes in sequence #87 (1075 bp)...done!
Finding genes in sequence #88 (1073 bp)...done!
Finding genes in sequence #89 (1057 bp)...done!
Finding genes in sequence #90 (1055 bp)...done!
Finding genes in sequence #91 (1047 bp)...done!
Finding genes in sequence #92 (1045 bp)...done!
Finding genes in sequence #93 (1043 bp)...done!
Finding genes in sequence #94 (1039 bp)...done!
Finding genes in sequence #95 (1027 bp)...done!
Finding genes in sequence #96 (1027 bp)...done!
Finding genes in sequence #97 (1017 bp)...done!
Finding genes in sequence #98 (1011 bp)...done!
Finding genes in sequence #99 (1009 bp)...done!
Finding genes in sequence #100 (1009 bp)...done!
Finding genes in sequence #101 (1003 bp)...done!
Finding genes in sequence #102 (995 bp)...done!
Finding genes in sequence #103 (991 bp)...done!
Finding genes in sequence #104 (957 bp)...done!
Finding genes in sequence #105 (973 bp)...done!
Finding genes in sequence #106 (967 bp)...done!
Finding genes in sequence #107 (955 bp)...done!
Finding genes in sequence #108 (949 bp)...done!
Finding genes in sequence #109 (949 bp)...done!
