-------------------------------------
PRODIGAL v2.6.3 [February, 2016]         
Univ of Tenn / Oak Ridge National Lab
Doug Hyatt, Loren Hauser, et al.     
-------------------------------------
Request:  Metagenomic, Phase:  Training
Initializing training files...done!
-------------------------------------
Request:  Metagenomic, Phase:  Gene Finding
Finding genes in sequence #1 (10386 bp)...done!
Finding genes in sequence #2 (3607 bp)...done!
Finding genes in sequence #3 (3091 bp)...done!
Finding genes in sequence #4 (3085 bp)...done!
Finding genes in sequence #5 (3067 bp)...done!
Finding genes in sequence #6 (2707 bp)...done!
Finding genes in sequence #7 (2335 bp)...done!
Finding genes in sequence #8 (2191 bp)...done!
Finding genes in sequence #9 (1993 bp)...done!
Finding genes in sequence #10 (1969 bp)...done!
Finding genes in sequence #11 (1879 bp)...done!
Finding genes in sequence #12 (1573 bp)...done!
Finding genes in sequence #13 (1513 bp)...done!
Finding genes in sequence #14 (1441 bp)...done!
Finding genes in sequence #15 (1435 bp)...done!
Finding genes in sequence #16 (1397 bp)...done!
Finding genes in sequence #17 (1393 bp)...done!
Finding genes in sequence #18 (1393 bp)...done!
Finding genes in sequence #19 (1345 bp)...done!
Finding genes in sequence #20 (1333 bp)...done!
Finding genes in sequence #21 (1323 bp)...done!
Finding genes in sequence #22 (1243 bp)...done!
Finding genes in sequence #23 (1231 bp)...done!
Finding genes in sequence #24 (1229 bp)...done!
Finding genes in sequence #25 (1219 bp)...done!
Finding genes in sequence #26 (1207 bp)...done!
Finding genes in sequence #27 (1201 bp)...done!
Finding genes in sequence #28 (1179 bp)...done!
Finding genes in sequence #29 (1085 bp)...done!
Finding genes in sequence #30 (1081 bp)...done!
Finding genes in sequence #31 (1057 bp)...done!
Finding genes in sequence #32 (1045 bp)...done!
Finding genes in sequence #33 (1039 bp)...done!
Finding genes in sequence #34 (1039 bp)...done!
Finding genes in sequence #35 (1021 bp)...done!
Finding genes in sequence #36 (883 bp)...done!
Finding genes in sequence #37 (985 bp)...done!
Finding genes in sequence #38 (983 bp)...done!
Finding genes in sequence #39 (967 bp)...done!
Finding genes in sequence #40 (963 bp)...done!
Finding genes in sequence #41 (955 bp)...done!
Finding genes in sequence #42 (955 bp)...done!
Finding genes in sequence #43 (951 bp)...done!
