-------------------------------------
PRODIGAL v2.6.3 [February, 2016]         
Univ of Tenn / Oak Ridge National Lab
Doug Hyatt, Loren Hauser, et al.     
-------------------------------------
Request:  Metagenomic, Phase:  Training
Initializing training files...done!
-------------------------------------
Request:  Metagenomic, Phase:  Gene Finding
Finding genes in sequence #1 (16056 bp)...done!
Finding genes in sequence #2 (13426 bp)...done!
Finding genes in sequence #3 (11943 bp)...done!
Finding genes in sequence #4 (10074 bp)...done!
Finding genes in sequence #5 (9043 bp)...done!
Finding genes in sequence #6 (8609 bp)...done!
Finding genes in sequence #7 (4623 bp)...done!
Finding genes in sequence #8 (4621 bp)...done!
Finding genes in sequence #9 (4225 bp)...done!
Finding genes in sequence #10 (3431 bp)...done!
Finding genes in sequence #11 (3103 bp)...done!
Finding genes in sequence #12 (3073 bp)...done!
Finding genes in sequence #13 (2491 bp)...done!
Finding genes in sequence #14 (2389 bp)...done!
Finding genes in sequence #15 (2347 bp)...done!
Finding genes in sequence #16 (1955 bp)...done!
Finding genes in sequence #17 (1843 bp)...done!
Finding genes in sequence #18 (1761 bp)...done!
Finding genes in sequence #19 (1735 bp)...done!
Finding genes in sequence #20 (1625 bp)...done!
Finding genes in sequence #21 (1549 bp)...done!
Finding genes in sequence #22 (1531 bp)...done!
Finding genes in sequence #23 (1483 bp)...done!
Finding genes in sequence #24 (1413 bp)...done!
Finding genes in sequence #25 (1403 bp)...done!
Finding genes in sequence #26 (1333 bp)...done!
Finding genes in sequence #27 (1309 bp)...done!
Finding genes in sequence #28 (1279 bp)...done!
Finding genes in sequence #29 (1261 bp)...done!
Finding genes in sequence #30 (1189 bp)...done!
Finding genes in sequence #31 (1177 bp)...done!
Finding genes in sequence #32 (1153 bp)...done!
Finding genes in sequence #33 (1135 bp)...done!
Finding genes in sequence #34 (1123 bp)...done!
Finding genes in sequence #35 (1115 bp)...done!
Finding genes in sequence #36 (1057 bp)...done!
Finding genes in sequence #37 (1045 bp)...done!
Finding genes in sequence #38 (1039 bp)...done!
Finding genes in sequence #39 (991 bp)...done!
Finding genes in sequence #40 (991 bp)...done!
Finding genes in sequence #41 (973 bp)...done!
