-------------------------------------
PRODIGAL v2.6.3 [February, 2016]         
Univ of Tenn / Oak Ridge National Lab
Doug Hyatt, Loren Hauser, et al.     
-------------------------------------
Request:  Metagenomic, Phase:  Training
Initializing training files...done!
-------------------------------------
Request:  Metagenomic, Phase:  Gene Finding
Finding genes in sequence #1 (11824 bp)...done!
Finding genes in sequence #2 (10730 bp)...done!
Finding genes in sequence #3 (4459 bp)...done!
Finding genes in sequence #4 (3911 bp)...done!
Finding genes in sequence #5 (3319 bp)...done!
Finding genes in sequence #6 (3103 bp)...done!
Finding genes in sequence #7 (3039 bp)...done!
Finding genes in sequence #8 (2635 bp)...done!
Finding genes in sequence #9 (2513 bp)...done!
Finding genes in sequence #10 (2497 bp)...done!
Finding genes in sequence #11 (1893 bp)...done!
Finding genes in sequence #12 (1801 bp)...done!
Finding genes in sequence #13 (1795 bp)...done!
Finding genes in sequence #14 (1795 bp)...done!
Finding genes in sequence #15 (1687 bp)...done!
Finding genes in sequence #16 (1507 bp)...done!
Finding genes in sequence #17 (1467 bp)...done!
Finding genes in sequence #18 (1457 bp)...done!
Finding genes in sequence #19 (1455 bp)...done!
Finding genes in sequence #20 (1433 bp)...done!
Finding genes in sequence #21 (1393 bp)...done!
Finding genes in sequence #22 (1381 bp)...done!
Finding genes in sequence #23 (1279 bp)...done!
Finding genes in sequence #24 (1267 bp)...done!
Finding genes in sequence #25 (1265 bp)...done!
Finding genes in sequence #26 (1263 bp)...done!
Finding genes in sequence #27 (1249 bp)...done!
Finding genes in sequence #28 (1219 bp)...done!
Finding genes in sequence #29 (1209 bp)...done!
Finding genes in sequence #30 (1195 bp)...done!
Finding genes in sequence #31 (1191 bp)...done!
Finding genes in sequence #32 (1167 bp)...done!
Finding genes in sequence #33 (1161 bp)...done!
Finding genes in sequence #34 (1157 bp)...done!
Finding genes in sequence #35 (1155 bp)...done!
Finding genes in sequence #36 (1153 bp)...done!
Finding genes in sequence #37 (1141 bp)...done!
Finding genes in sequence #38 (1141 bp)...done!
Finding genes in sequence #39 (1125 bp)...done!
Finding genes in sequence #40 (1111 bp)...done!
Finding genes in sequence #41 (1091 bp)...done!
Finding genes in sequence #42 (1091 bp)...done!
Finding genes in sequence #43 (1089 bp)...done!
Finding genes in sequence #44 (1087 bp)...done!
Finding genes in sequence #45 (1075 bp)...done!
Finding genes in sequence #46 (1075 bp)...done!
Finding genes in sequence #47 (1073 bp)...done!
Finding genes in sequence #48 (1069 bp)...done!
Finding genes in sequence #49 (1069 bp)...done!
Finding genes in sequence #50 (1033 bp)...done!
Finding genes in sequence #51 (979 bp)...done!
Finding genes in sequence #52 (973 bp)...done!
Finding genes in sequence #53 (973 bp)...done!
Finding genes in sequence #54 (949 bp)...done!
