-------------------------------------
PRODIGAL v2.6.3 [February, 2016]         
Univ of Tenn / Oak Ridge National Lab
Doug Hyatt, Loren Hauser, et al.     
-------------------------------------
Request:  Metagenomic, Phase:  Training
Initializing training files...done!
-------------------------------------
Request:  Metagenomic, Phase:  Gene Finding
Finding genes in sequence #1 (5961 bp)...done!
Finding genes in sequence #2 (4765 bp)...done!
Finding genes in sequence #3 (4429 bp)...done!
Finding genes in sequence #4 (4375 bp)...done!
Finding genes in sequence #5 (4131 bp)...done!
Finding genes in sequence #6 (3675 bp)...done!
Finding genes in sequence #7 (3653 bp)...done!
Finding genes in sequence #8 (3649 bp)...done!
Finding genes in sequence #9 (3494 bp)...done!
Finding genes in sequence #10 (3447 bp)...done!
Finding genes in sequence #11 (3273 bp)...done!
Finding genes in sequence #12 (3253 bp)...done!
Finding genes in sequence #13 (3126 bp)...done!
Finding genes in sequence #14 (3083 bp)...done!
Finding genes in sequence #15 (3021 bp)...done!
Finding genes in sequence #16 (2955 bp)...done!
Finding genes in sequence #17 (2745 bp)...done!
Finding genes in sequence #18 (2655 bp)...done!
Finding genes in sequence #19 (2583 bp)...done!
Finding genes in sequence #20 (2593 bp)...done!
Finding genes in sequence #21 (2517 bp)...done!
Finding genes in sequence #22 (2507 bp)...done!
Finding genes in sequence #23 (2435 bp)...done!
Finding genes in sequence #24 (2433 bp)...done!
Finding genes in sequence #25 (2391 bp)...done!
Finding genes in sequence #26 (2389 bp)...done!
Finding genes in sequence #27 (2337 bp)...done!
Finding genes in sequence #28 (2321 bp)...done!
Finding genes in sequence #29 (2277 bp)...done!
Finding genes in sequence #30 (2259 bp)...done!
Finding genes in sequence #31 (2245 bp)...done!
Finding genes in sequence #32 (2242 bp)...done!
Finding genes in sequence #33 (2191 bp)...done!
Finding genes in sequence #34 (2181 bp)...done!
Finding genes in sequence #35 (2151 bp)...done!
Finding genes in sequence #36 (2137 bp)...done!
Finding genes in sequence #37 (2135 bp)...done!
Finding genes in sequence #38 (2109 bp)...done!
Finding genes in sequence #39 (2139 bp)...done!
Finding genes in sequence #40 (2113 bp)...done!
Finding genes in sequence #41 (1995 bp)...done!
Finding genes in sequence #42 (2015 bp)...done!
Finding genes in sequence #43 (1953 bp)...done!
Finding genes in sequence #44 (1947 bp)...done!
Finding genes in sequence #45 (1947 bp)...done!
Finding genes in sequence #46 (1946 bp)...done!
Finding genes in sequence #47 (1935 bp)...done!
Finding genes in sequence #48 (1935 bp)...done!
Finding genes in sequence #49 (1933 bp)...done!
Finding genes in sequence #50 (1931 bp)...done!
Finding genes in sequence #51 (1931 bp)...done!
Finding genes in sequence #52 (1949 bp)...done!
Finding genes in sequence #53 (1927 bp)...done!
Finding genes in sequence #54 (1927 bp)...done!
Finding genes in sequence #55 (1927 bp)...done!
Finding genes in sequence #56 (1923 bp)...done!
Finding genes in sequence #57 (1919 bp)...done!
Finding genes in sequence #58 (1913 bp)...done!
Finding genes in sequence #59 (1967 bp)...done!
Finding genes in sequence #60 (1907 bp)...done!
Finding genes in sequence #61 (1901 bp)...done!
Finding genes in sequence #62 (1897 bp)...done!
Finding genes in sequence #63 (1893 bp)...done!
Finding genes in sequence #64 (1893 bp)...done!
Finding genes in sequence #65 (1887 bp)...done!
Finding genes in sequence #66 (1887 bp)...done!
Finding genes in sequence #67 (1885 bp)...done!
Finding genes in sequence #68 (1885 bp)...done!
Finding genes in sequence #69 (1881 bp)...done!
