-------------------------------------
PRODIGAL v2.6.3 [February, 2016]         
Univ of Tenn / Oak Ridge National Lab
Doug Hyatt, Loren Hauser, et al.     
-------------------------------------
Request:  Metagenomic, Phase:  Training
Initializing training files...done!
-------------------------------------
Request:  Metagenomic, Phase:  Gene Finding
Finding genes in sequence #1 (10386 bp)...done!
Finding genes in sequence #2 (8933 bp)...done!
Finding genes in sequence #3 (7591 bp)...done!
Finding genes in sequence #4 (5977 bp)...done!
Finding genes in sequence #5 (5509 bp)...done!
Finding genes in sequence #6 (5041 bp)...done!
Finding genes in sequence #7 (4987 bp)...done!
Finding genes in sequence #8 (4987 bp)...done!
Finding genes in sequence #9 (4453 bp)...done!
Finding genes in sequence #10 (3817 bp)...done!
Finding genes in sequence #11 (3775 bp)...done!
Finding genes in sequence #12 (3559 bp)...done!
Finding genes in sequence #13 (3433 bp)...done!
Finding genes in sequence #14 (3423 bp)...done!
Finding genes in sequence #15 (3415 bp)...done!
Finding genes in sequence #16 (3385 bp)...done!
Finding genes in sequence #17 (3355 bp)...done!
Finding genes in sequence #18 (3349 bp)...done!
Finding genes in sequence #19 (3343 bp)...done!
Finding genes in sequence #20 (3343 bp)...done!
Finding genes in sequence #21 (3331 bp)...done!
Finding genes in sequence #22 (3319 bp)...done!
Finding genes in sequence #23 (3277 bp)...done!
Finding genes in sequence #24 (3247 bp)...done!
Finding genes in sequence #25 (3217 bp)...done!
Finding genes in sequence #26 (3139 bp)...done!
Finding genes in sequence #27 (3139 bp)...done!
Finding genes in sequence #28 (3139 bp)...done!
Finding genes in sequence #29 (3103 bp)...done!
Finding genes in sequence #30 (3085 bp)...done!
Finding genes in sequence #31 (3079 bp)...done!
Finding genes in sequence #32 (3043 bp)...done!
Finding genes in sequence #33 (3001 bp)...done!
Finding genes in sequence #34 (2995 bp)...done!
Finding genes in sequence #35 (2977 bp)...done!
Finding genes in sequence #36 (2953 bp)...done!
Finding genes in sequence #37 (2935 bp)...done!
Finding genes in sequence #38 (2893 bp)...done!
Finding genes in sequence #39 (2887 bp)...done!
Finding genes in sequence #40 (2869 bp)...done!
Finding genes in sequence #41 (2803 bp)...done!
Finding genes in sequence #42 (2797 bp)...done!
Finding genes in sequence #43 (2725 bp)...done!
Finding genes in sequence #44 (2725 bp)...done!
Finding genes in sequence #45 (2719 bp)...done!
Finding genes in sequence #46 (2713 bp)...done!
Finding genes in sequence #47 (2707 bp)...done!
Finding genes in sequence #48 (2677 bp)...done!
Finding genes in sequence #49 (2677 bp)...done!
Finding genes in sequence #50 (2653 bp)...done!
Finding genes in sequence #51 (2623 bp)...done!
Finding genes in sequence #52 (2623 bp)...done!
Finding genes in sequence #53 (2617 bp)...done!
Finding genes in sequence #54 (2593 bp)...done!
Finding genes in sequence #55 (2557 bp)...done!
Finding genes in sequence #56 (2545 bp)...done!
Finding genes in sequence #57 (2545 bp)...done!
Finding genes in sequence #58 (2527 bp)...done!
Finding genes in sequence #59 (2521 bp)...done!
Finding genes in sequence #60 (2503 bp)...done!
Finding genes in sequence #61 (2497 bp)...done!
Finding genes in sequence #62 (2491 bp)...done!
Finding genes in sequence #63 (2479 bp)...done!
Finding genes in sequence #64 (2461 bp)...done!
Finding genes in sequence #65 (2455 bp)...done!
Finding genes in sequence #66 (2449 bp)...done!
Finding genes in sequence #67 (2437 bp)...done!
Finding genes in sequence #68 (2431 bp)...done!
Finding genes in sequence #69 (2413 bp)...done!
Finding genes in sequence #70 (2341 bp)...done!
Finding genes in sequence #71 (2329 bp)...done!
Finding genes in sequence #72 (2323 bp)...done!
Finding genes in sequence #73 (2317 bp)...done!
Finding genes in sequence #74 (2293 bp)...done!
Finding genes in sequence #75 (2293 bp)...done!
Finding genes in sequence #76 (2275 bp)...done!
Finding genes in sequence #77 (2263 bp)...done!
Finding genes in sequence #78 (2263 bp)...done!
Finding genes in sequence #79 (2251 bp)...done!
Finding genes in sequence #80 (2239 bp)...done!
Finding genes in sequence #81 (2215 bp)...done!
Finding genes in sequence #82 (2218 bp)...done!
Finding genes in sequence #83 (2209 bp)...done!
Finding genes in sequence #84 (2197 bp)...done!
Finding genes in sequence #85 (2155 bp)...done!
Finding genes in sequence #86 (2155 bp)...done!
Finding genes in sequence #87 (2143 bp)...done!
Finding genes in sequence #88 (2101 bp)...done!
Finding genes in sequence #89 (2095 bp)...done!
Finding genes in sequence #90 (2041 bp)...done!
Finding genes in sequence #91 (2019 bp)...done!
Finding genes in sequence #92 (2017 bp)...done!
Finding genes in sequence #93 (1999 bp)...done!
Finding genes in sequence #94 (1981 bp)...done!
Finding genes in sequence #95 (1969 bp)...done!
Finding genes in sequence #96 (1963 bp)...done!
Finding genes in sequence #97 (1957 bp)...done!
Finding genes in sequence #98 (1957 bp)...done!
Finding genes in sequence #99 (1951 bp)...done!
Finding genes in sequence #100 (1945 bp)...done!
Finding genes in sequence #101 (1941 bp)...done!
Finding genes in sequence #102 (1939 bp)...done!
Finding genes in sequence #103 (1939 bp)...done!
Finding genes in sequence #104 (1927 bp)...done!
Finding genes in sequence #105 (1909 bp)...done!
Finding genes in sequence #106 (1903 bp)...done!
Finding genes in sequence #107 (1879 bp)...done!
Finding genes in sequence #108 (1879 bp)...done!
Finding genes in sequence #109 (1867 bp)...done!
Finding genes in sequence #110 (1867 bp)...done!
Finding genes in sequence #111 (1861 bp)...done!
Finding genes in sequence #112 (1861 bp)...done!
Finding genes in sequence #113 (1861 bp)...done!
Finding genes in sequence #114 (1857 bp)...done!
Finding genes in sequence #115 (1855 bp)...done!
Finding genes in sequence #116 (1849 bp)...done!
Finding genes in sequence #117 (1843 bp)...done!
Finding genes in sequence #118 (1843 bp)...done!
Finding genes in sequence #119 (1837 bp)...done!
Finding genes in sequence #120 (1775 bp)...done!
Finding genes in sequence #121 (1831 bp)...done!
Finding genes in sequence #122 (1831 bp)...done!
Finding genes in sequence #123 (1825 bp)...done!
Finding genes in sequence #124 (1819 bp)...done!
Finding genes in sequence #125 (1813 bp)...done!
Finding genes in sequence #126 (1809 bp)...done!
Finding genes in sequence #127 (1807 bp)...done!
Finding genes in sequence #128 (1807 bp)...done!
Finding genes in sequence #129 (1791 bp)...done!
Finding genes in sequence #130 (1789 bp)...done!
Finding genes in sequence #131 (1771 bp)...done!
Finding genes in sequence #132 (1771 bp)...done!
Finding genes in sequence #133 (1765 bp)...done!
Finding genes in sequence #134 (1765 bp)...done!
Finding genes in sequence #135 (1765 bp)...done!
Finding genes in sequence #136 (1753 bp)...done!
Finding genes in sequence #137 (1735 bp)...done!
Finding genes in sequence #138 (1729 bp)...done!
Finding genes in sequence #139 (1723 bp)...done!
Finding genes in sequence #140 (1717 bp)...done!
Finding genes in sequence #141 (1711 bp)...done!
Finding genes in sequence #142 (1711 bp)...done!
Finding genes in sequence #143 (1705 bp)...done!
Finding genes in sequence #144 (1705 bp)...done!
Finding genes in sequence #145 (1699 bp)...done!
Finding genes in sequence #146 (1699 bp)...done!
Finding genes in sequence #147 (1693 bp)...done!
Finding genes in sequence #148 (1693 bp)...done!
Finding genes in sequence #149 (1693 bp)...done!
Finding genes in sequence #150 (1693 bp)...done!
Finding genes in sequence #151 (1687 bp)...done!
Finding genes in sequence #152 (1690 bp)...done!
Finding genes in sequence #153 (1690 bp)...done!
Finding genes in sequence #154 (1687 bp)...done!
Finding genes in sequence #155 (1681 bp)...done!
Finding genes in sequence #156 (1675 bp)...done!
Finding genes in sequence #157 (1675 bp)...done!
Finding genes in sequence #158 (1675 bp)...done!
Finding genes in sequence #159 (1669 bp)...done!
Finding genes in sequence #160 (1669 bp)...done!
Finding genes in sequence #161 (1669 bp)...done!
Finding genes in sequence #162 (1663 bp)...done!
Finding genes in sequence #163 (1663 bp)...done!
Finding genes in sequence #164 (1663 bp)...done!
Finding genes in sequence #165 (1657 bp)...done!
Finding genes in sequence #166 (1657 bp)...done!
Finding genes in sequence #167 (1651 bp)...done!
Finding genes in sequence #168 (1651 bp)...done!
Finding genes in sequence #169 (1651 bp)...done!
Finding genes in sequence #170 (1651 bp)...done!
Finding genes in sequence #171 (1651 bp)...done!
Finding genes in sequence #172 (1651 bp)...done!
Finding genes in sequence #173 (1645 bp)...done!
Finding genes in sequence #174 (1645 bp)...done!
Finding genes in sequence #175 (1645 bp)...done!
Finding genes in sequence #176 (1645 bp)...done!
Finding genes in sequence #177 (1645 bp)...done!
Finding genes in sequence #178 (1645 bp)...done!
Finding genes in sequence #179 (1639 bp)...done!
Finding genes in sequence #180 (1633 bp)...done!
Finding genes in sequence #181 (1627 bp)...done!
Finding genes in sequence #182 (1627 bp)...done!
Finding genes in sequence #183 (1627 bp)...done!
Finding genes in sequence #184 (1621 bp)...done!
Finding genes in sequence #185 (1621 bp)...done!
Finding genes in sequence #186 (1621 bp)...done!
Finding genes in sequence #187 (1614 bp)...done!
Finding genes in sequence #188 (1609 bp)...done!
Finding genes in sequence #189 (1603 bp)...done!
Finding genes in sequence #190 (1603 bp)...done!
Finding genes in sequence #191 (1603 bp)...done!
Finding genes in sequence #192 (1597 bp)...done!
Finding genes in sequence #193 (1597 bp)...done!
Finding genes in sequence #194 (1597 bp)...done!
Finding genes in sequence #195 (1595 bp)...done!
Finding genes in sequence #196 (1593 bp)...done!
Finding genes in sequence #197 (1591 bp)...done!
Finding genes in sequence #198 (1591 bp)...done!
Finding genes in sequence #199 (1579 bp)...done!
Finding genes in sequence #200 (1573 bp)...done!
Finding genes in sequence #201 (1567 bp)...done!
Finding genes in sequence #202 (1567 bp)...done!
Finding genes in sequence #203 (1567 bp)...done!
Finding genes in sequence #204 (1561 bp)...done!
Finding genes in sequence #205 (1561 bp)...done!
Finding genes in sequence #206 (1555 bp)...done!
Finding genes in sequence #207 (1543 bp)...done!
Finding genes in sequence #208 (1537 bp)...done!
Finding genes in sequence #209 (1531 bp)...done!
Finding genes in sequence #210 (1531 bp)...done!
Finding genes in sequence #211 (1517 bp)...done!
Finding genes in sequence #212 (1513 bp)...done!
Finding genes in sequence #213 (1513 bp)...done!
Finding genes in sequence #214 (1513 bp)...done!
Finding genes in sequence #215 (1513 bp)...done!
Finding genes in sequence #216 (1507 bp)...done!
Finding genes in sequence #217 (1507 bp)...done!
Finding genes in sequence #218 (1501 bp)...done!
Finding genes in sequence #219 (1495 bp)...done!
Finding genes in sequence #220 (1495 bp)...done!
Finding genes in sequence #221 (1495 bp)...done!
Finding genes in sequence #222 (1495 bp)...done!
Finding genes in sequence #223 (1489 bp)...done!
Finding genes in sequence #224 (1477 bp)...done!
Finding genes in sequence #225 (1477 bp)...done!
Finding genes in sequence #226 (1475 bp)...done!
Finding genes in sequence #227 (1471 bp)...done!
Finding genes in sequence #228 (1465 bp)...done!
Finding genes in sequence #229 (1465 bp)...done!
Finding genes in sequence #230 (1459 bp)...done!
Finding genes in sequence #231 (1459 bp)...done!
Finding genes in sequence #232 (1453 bp)...done!
Finding genes in sequence #233 (1447 bp)...done!
Finding genes in sequence #234 (1441 bp)...done!
Finding genes in sequence #235 (1441 bp)...done!
Finding genes in sequence #236 (1441 bp)...done!
Finding genes in sequence #237 (1441 bp)...done!
Finding genes in sequence #238 (1442 bp)...done!
Finding genes in sequence #239 (1439 bp)...done!
Finding genes in sequence #240 (1437 bp)...done!
Finding genes in sequence #241 (1435 bp)...done!
Finding genes in sequence #242 (1422 bp)...done!
Finding genes in sequence #243 (1421 bp)...done!
Finding genes in sequence #244 (1417 bp)...done!
Finding genes in sequence #245 (1411 bp)...done!
Finding genes in sequence #246 (1405 bp)...done!
Finding genes in sequence #247 (1399 bp)...done!
Finding genes in sequence #248 (1393 bp)...done!
Finding genes in sequence #249 (1387 bp)...done!
Finding genes in sequence #250 (1369 bp)...done!
Finding genes in sequence #251 (1363 bp)...done!
Finding genes in sequence #252 (1361 bp)...done!
Finding genes in sequence #253 (1357 bp)...done!
Finding genes in sequence #254 (1357 bp)...done!
Finding genes in sequence #255 (1357 bp)...done!
Finding genes in sequence #256 (1351 bp)...done!
Finding genes in sequence #257 (1351 bp)...done!
Finding genes in sequence #258 (1349 bp)...done!
Finding genes in sequence #259 (1343 bp)...done!
Finding genes in sequence #260 (1339 bp)...done!
Finding genes in sequence #261 (1339 bp)...done!
Finding genes in sequence #262 (1339 bp)...done!
Finding genes in sequence #263 (1339 bp)...done!
Finding genes in sequence #264 (1333 bp)...done!
Finding genes in sequence #265 (1327 bp)...done!
Finding genes in sequence #266 (1327 bp)...done!
Finding genes in sequence #267 (1321 bp)...done!
Finding genes in sequence #268 (1319 bp)...done!
Finding genes in sequence #269 (1319 bp)...done!
Finding genes in sequence #270 (1315 bp)...done!
Finding genes in sequence #271 (1309 bp)...done!
Finding genes in sequence #272 (1309 bp)...done!
Finding genes in sequence #273 (1309 bp)...done!
Finding genes in sequence #274 (1309 bp)...done!
Finding genes in sequence #275 (1303 bp)...done!
Finding genes in sequence #276 (1297 bp)...done!
Finding genes in sequence #277 (1295 bp)...done!
Finding genes in sequence #278 (1291 bp)...done!
Finding genes in sequence #279 (1291 bp)...done!
Finding genes in sequence #280 (1289 bp)...done!
Finding genes in sequence #281 (1285 bp)...done!
Finding genes in sequence #282 (1285 bp)...done!
Finding genes in sequence #283 (1285 bp)...done!
Finding genes in sequence #284 (1279 bp)...done!
Finding genes in sequence #285 (1279 bp)...done!
Finding genes in sequence #286 (1273 bp)...done!
Finding genes in sequence #287 (1273 bp)...done!
Finding genes in sequence #288 (1267 bp)...done!
Finding genes in sequence #289 (1267 bp)...done!
Finding genes in sequence #290 (1267 bp)...done!
Finding genes in sequence #291 (1267 bp)...done!
Finding genes in sequence #292 (1269 bp)...done!
Finding genes in sequence #293 (1261 bp)...done!
Finding genes in sequence #294 (1118 bp)...done!
Finding genes in sequence #295 (1249 bp)...done!
Finding genes in sequence #296 (1249 bp)...done!
Finding genes in sequence #297 (1249 bp)...done!
Finding genes in sequence #298 (1249 bp)...done!
Finding genes in sequence #299 (1249 bp)...done!
Finding genes in sequence #300 (1248 bp)...done!
Finding genes in sequence #301 (1243 bp)...done!
Finding genes in sequence #302 (1243 bp)...done!
Finding genes in sequence #303 (1243 bp)...done!
Finding genes in sequence #304 (1243 bp)...done!
Finding genes in sequence #305 (1243 bp)...done!
Finding genes in sequence #306 (1239 bp)...done!
Finding genes in sequence #307 (1237 bp)...done!
Finding genes in sequence #308 (1237 bp)...done!
Finding genes in sequence #309 (1237 bp)...done!
Finding genes in sequence #310 (1231 bp)...done!
Finding genes in sequence #311 (1231 bp)...done!
Finding genes in sequence #312 (1231 bp)...done!
Finding genes in sequence #313 (1231 bp)...done!
Finding genes in sequence #314 (1228 bp)...done!
Finding genes in sequence #315 (1225 bp)...done!
Finding genes in sequence #316 (1215 bp)...done!
Finding genes in sequence #317 (1213 bp)...done!
Finding genes in sequence #318 (1213 bp)...done!
Finding genes in sequence #319 (1213 bp)...done!
Finding genes in sequence #320 (1207 bp)...done!
Finding genes in sequence #321 (1207 bp)...done!
Finding genes in sequence #322 (1207 bp)...done!
Finding genes in sequence #323 (1207 bp)...done!
Finding genes in sequence #324 (1207 bp)...done!
Finding genes in sequence #325 (1201 bp)...done!
Finding genes in sequence #326 (1195 bp)...done!
Finding genes in sequence #327 (1195 bp)...done!
Finding genes in sequence #328 (1189 bp)...done!
Finding genes in sequence #329 (1183 bp)...done!
Finding genes in sequence #330 (1183 bp)...done!
Finding genes in sequence #331 (1183 bp)...done!
Finding genes in sequence #332 (1177 bp)...done!
Finding genes in sequence #333 (1177 bp)...done!
Finding genes in sequence #334 (1177 bp)...done!
Finding genes in sequence #335 (1180 bp)...done!
Finding genes in sequence #336 (1171 bp)...done!
Finding genes in sequence #337 (1171 bp)...done!
Finding genes in sequence #338 (1171 bp)...done!
Finding genes in sequence #339 (1165 bp)...done!
Finding genes in sequence #340 (1165 bp)...done!
Finding genes in sequence #341 (1165 bp)...done!
Finding genes in sequence #342 (1165 bp)...done!
Finding genes in sequence #343 (1165 bp)...done!
Finding genes in sequence #344 (1161 bp)...done!
Finding genes in sequence #345 (1159 bp)...done!
Finding genes in sequence #346 (1159 bp)...done!
Finding genes in sequence #347 (1153 bp)...done!
Finding genes in sequence #348 (1152 bp)...done!
Finding genes in sequence #349 (1155 bp)...done!
Finding genes in sequence #350 (1147 bp)...done!
Finding genes in sequence #351 (1147 bp)...done!
Finding genes in sequence #352 (1147 bp)...done!
Finding genes in sequence #353 (1147 bp)...done!
Finding genes in sequence #354 (1147 bp)...done!
Finding genes in sequence #355 (1147 bp)...done!
Finding genes in sequence #356 (1143 bp)...done!
Finding genes in sequence #357 (1143 bp)...done!
Finding genes in sequence #358 (1141 bp)...done!
Finding genes in sequence #359 (1138 bp)...done!
Finding genes in sequence #360 (1135 bp)...done!
Finding genes in sequence #361 (1135 bp)...done!
Finding genes in sequence #362 (1131 bp)...done!
Finding genes in sequence #363 (1129 bp)...done!
Finding genes in sequence #364 (1123 bp)...done!
Finding genes in sequence #365 (1123 bp)...done!
Finding genes in sequence #366 (1123 bp)...done!
Finding genes in sequence #367 (1123 bp)...done!
Finding genes in sequence #368 (1117 bp)...done!
Finding genes in sequence #369 (1117 bp)...done!
Finding genes in sequence #370 (1117 bp)...done!
Finding genes in sequence #371 (1117 bp)...done!
Finding genes in sequence #372 (1117 bp)...done!
Finding genes in sequence #373 (1113 bp)...done!
Finding genes in sequence #374 (1111 bp)...done!
Finding genes in sequence #375 (1111 bp)...done!
Finding genes in sequence #376 (1111 bp)...done!
Finding genes in sequence #377 (1111 bp)...done!
Finding genes in sequence #378 (1110 bp)...done!
Finding genes in sequence #379 (1105 bp)...done!
Finding genes in sequence #380 (1105 bp)...done!
Finding genes in sequence #381 (1105 bp)...done!
Finding genes in sequence #382 (1105 bp)...done!
Finding genes in sequence #383 (1099 bp)...done!
Finding genes in sequence #384 (1099 bp)...done!
Finding genes in sequence #385 (1099 bp)...done!
Finding genes in sequence #386 (1099 bp)...done!
Finding genes in sequence #387 (1099 bp)...done!
Finding genes in sequence #388 (1099 bp)...done!
Finding genes in sequence #389 (1099 bp)...done!
Finding genes in sequence #390 (1099 bp)...done!
Finding genes in sequence #391 (1101 bp)...done!
Finding genes in sequence #392 (1098 bp)...done!
Finding genes in sequence #393 (1093 bp)...done!
Finding genes in sequence #394 (1093 bp)...done!
Finding genes in sequence #395 (1093 bp)...done!
Finding genes in sequence #396 (1087 bp)...done!
Finding genes in sequence #397 (1087 bp)...done!
Finding genes in sequence #398 (1087 bp)...done!
Finding genes in sequence #399 (1087 bp)...done!
Finding genes in sequence #400 (1081 bp)...done!
Finding genes in sequence #401 (1081 bp)...done!
Finding genes in sequence #402 (1081 bp)...done!
Finding genes in sequence #403 (1081 bp)...done!
Finding genes in sequence #404 (1081 bp)...done!
Finding genes in sequence #405 (1081 bp)...done!
Finding genes in sequence #406 (1081 bp)...done!
Finding genes in sequence #407 (1081 bp)...done!
Finding genes in sequence #408 (1079 bp)...done!
Finding genes in sequence #409 (1075 bp)...done!
Finding genes in sequence #410 (1075 bp)...done!
Finding genes in sequence #411 (1075 bp)...done!
Finding genes in sequence #412 (1075 bp)...done!
Finding genes in sequence #413 (1075 bp)...done!
Finding genes in sequence #414 (1075 bp)...done!
Finding genes in sequence #415 (1071 bp)...done!
Finding genes in sequence #416 (1069 bp)...done!
Finding genes in sequence #417 (1069 bp)...done!
Finding genes in sequence #418 (1069 bp)...done!
Finding genes in sequence #419 (1069 bp)...done!
Finding genes in sequence #420 (1063 bp)...done!
Finding genes in sequence #421 (1063 bp)...done!
Finding genes in sequence #422 (1063 bp)...done!
Finding genes in sequence #423 (1063 bp)...done!
Finding genes in sequence #424 (1057 bp)...done!
Finding genes in sequence #425 (1057 bp)...done!
Finding genes in sequence #426 (1057 bp)...done!
Finding genes in sequence #427 (1056 bp)...done!
Finding genes in sequence #428 (1059 bp)...done!
Finding genes in sequence #429 (1051 bp)...done!
Finding genes in sequence #430 (1051 bp)...done!
Finding genes in sequence #431 (1051 bp)...done!
Finding genes in sequence #432 (1051 bp)...done!
Finding genes in sequence #433 (1051 bp)...done!
Finding genes in sequence #434 (1045 bp)...done!
Finding genes in sequence #435 (1045 bp)...done!
Finding genes in sequence #436 (1045 bp)...done!
Finding genes in sequence #437 (1045 bp)...done!
Finding genes in sequence #438 (1045 bp)...done!
Finding genes in sequence #439 (1045 bp)...done!
Finding genes in sequence #440 (1045 bp)...done!
Finding genes in sequence #441 (1039 bp)...done!
Finding genes in sequence #442 (1039 bp)...done!
Finding genes in sequence #443 (1039 bp)...done!
Finding genes in sequence #444 (1039 bp)...done!
Finding genes in sequence #445 (1039 bp)...done!
Finding genes in sequence #446 (1039 bp)...done!
Finding genes in sequence #447 (909 bp)...done!
Finding genes in sequence #448 (1033 bp)...done!
Finding genes in sequence #449 (1027 bp)...done!
Finding genes in sequence #450 (1027 bp)...done!
Finding genes in sequence #451 (1021 bp)...done!
Finding genes in sequence #452 (1021 bp)...done!
Finding genes in sequence #453 (1021 bp)...done!
Finding genes in sequence #454 (1021 bp)...done!
Finding genes in sequence #455 (1021 bp)...done!
Finding genes in sequence #456 (1015 bp)...done!
Finding genes in sequence #457 (1015 bp)...done!
Finding genes in sequence #458 (1015 bp)...done!
Finding genes in sequence #459 (1009 bp)...done!
Finding genes in sequence #460 (1009 bp)...done!
Finding genes in sequence #461 (1009 bp)...done!
Finding genes in sequence #462 (1009 bp)...done!
Finding genes in sequence #463 (1009 bp)...done!
Finding genes in sequence #464 (1009 bp)...done!
Finding genes in sequence #465 (1009 bp)...done!
Finding genes in sequence #466 (1007 bp)...done!
Finding genes in sequence #467 (1003 bp)...done!
Finding genes in sequence #468 (1003 bp)...done!
Finding genes in sequence #469 (1003 bp)...done!
Finding genes in sequence #470 (1001 bp)...done!
Finding genes in sequence #471 (997 bp)...done!
Finding genes in sequence #472 (997 bp)...done!
Finding genes in sequence #473 (997 bp)...done!
Finding genes in sequence #474 (997 bp)...done!
Finding genes in sequence #475 (997 bp)...done!
Finding genes in sequence #476 (997 bp)...done!
Finding genes in sequence #477 (991 bp)...done!
Finding genes in sequence #478 (991 bp)...done!
Finding genes in sequence #479 (991 bp)...done!
Finding genes in sequence #480 (991 bp)...done!
Finding genes in sequence #481 (991 bp)...done!
Finding genes in sequence #482 (991 bp)...done!
Finding genes in sequence #483 (985 bp)...done!
Finding genes in sequence #484 (985 bp)...done!
Finding genes in sequence #485 (985 bp)...done!
Finding genes in sequence #486 (985 bp)...done!
Finding genes in sequence #487 (985 bp)...done!
Finding genes in sequence #488 (985 bp)...done!
Finding genes in sequence #489 (985 bp)...done!
Finding genes in sequence #490 (981 bp)...done!
Finding genes in sequence #491 (979 bp)...done!
Finding genes in sequence #492 (979 bp)...done!
Finding genes in sequence #493 (979 bp)...done!
Finding genes in sequence #494 (979 bp)...done!
Finding genes in sequence #495 (973 bp)...done!
Finding genes in sequence #496 (973 bp)...done!
Finding genes in sequence #497 (973 bp)...done!
Finding genes in sequence #498 (973 bp)...done!
Finding genes in sequence #499 (967 bp)...done!
Finding genes in sequence #500 (967 bp)...done!
Finding genes in sequence #501 (967 bp)...done!
Finding genes in sequence #502 (967 bp)...done!
Finding genes in sequence #503 (967 bp)...done!
Finding genes in sequence #504 (967 bp)...done!
Finding genes in sequence #505 (967 bp)...done!
Finding genes in sequence #506 (967 bp)...done!
Finding genes in sequence #507 (925 bp)...done!
Finding genes in sequence #508 (961 bp)...done!
Finding genes in sequence #509 (961 bp)...done!
Finding genes in sequence #510 (961 bp)...done!
Finding genes in sequence #511 (961 bp)...done!
Finding genes in sequence #512 (961 bp)...done!
Finding genes in sequence #513 (961 bp)...done!
Finding genes in sequence #514 (961 bp)...done!
Finding genes in sequence #515 (961 bp)...done!
Finding genes in sequence #516 (961 bp)...done!
Finding genes in sequence #517 (955 bp)...done!
Finding genes in sequence #518 (955 bp)...done!
Finding genes in sequence #519 (955 bp)...done!
Finding genes in sequence #520 (955 bp)...done!
Finding genes in sequence #521 (955 bp)...done!
Finding genes in sequence #522 (955 bp)...done!
Finding genes in sequence #523 (955 bp)...done!
Finding genes in sequence #524 (955 bp)...done!
Finding genes in sequence #525 (955 bp)...done!
Finding genes in sequence #526 (949 bp)...done!
Finding genes in sequence #527 (949 bp)...done!
Finding genes in sequence #528 (949 bp)...done!
Finding genes in sequence #529 (949 bp)...done!
Finding genes in sequence #530 (949 bp)...done!
Finding genes in sequence #531 (945 bp)...done!
