-------------------------------------
PRODIGAL v2.6.3 [February, 2016]         
Univ of Tenn / Oak Ridge National Lab
Doug Hyatt, Loren Hauser, et al.     
-------------------------------------
Request:  Metagenomic, Phase:  Training
Initializing training files...done!
-------------------------------------
Request:  Metagenomic, Phase:  Gene Finding
Finding genes in sequence #1 (1801 bp)...done!
Finding genes in sequence #2 (1961 bp)...done!
Finding genes in sequence #3 (979 bp)...done!
Finding genes in sequence #4 (1003 bp)...done!
Finding genes in sequence #5 (1089 bp)...done!
Finding genes in sequence #6 (3017 bp)...done!
Finding genes in sequence #7 (1131 bp)...done!
Finding genes in sequence #8 (1809 bp)...done!
Finding genes in sequence #9 (1725 bp)...done!
Finding genes in sequence #10 (1194 bp)...done!
Finding genes in sequence #11 (973 bp)...done!
Finding genes in sequence #12 (1249 bp)...done!
Finding genes in sequence #13 (3059 bp)...done!
Finding genes in sequence #14 (1591 bp)...done!
Finding genes in sequence #15 (1189 bp)...done!
Finding genes in sequence #16 (1265 bp)...done!
Finding genes in sequence #17 (1249 bp)...done!
Finding genes in sequence #18 (1013 bp)...done!
Finding genes in sequence #19 (1157 bp)...done!
Finding genes in sequence #20 (1155 bp)...done!
Finding genes in sequence #21 (1063 bp)...done!
Finding genes in sequence #22 (1049 bp)...done!
Finding genes in sequence #23 (997 bp)...done!
Finding genes in sequence #24 (1161 bp)...done!
Finding genes in sequence #25 (1195 bp)...done!
Finding genes in sequence #26 (967 bp)...done!
Finding genes in sequence #27 (965 bp)...done!
