-------------------------------------
PRODIGAL v2.6.3 [February, 2016]         
Univ of Tenn / Oak Ridge National Lab
Doug Hyatt, Loren Hauser, et al.     
-------------------------------------
Request:  Metagenomic, Phase:  Training
Initializing training files...done!
-------------------------------------
Request:  Metagenomic, Phase:  Gene Finding
Finding genes in sequence #1 (14001 bp)...done!
Finding genes in sequence #2 (13120 bp)...done!
Finding genes in sequence #3 (12648 bp)...done!
Finding genes in sequence #4 (12048 bp)...done!
Finding genes in sequence #5 (11473 bp)...done!
Finding genes in sequence #6 (11241 bp)...done!
Finding genes in sequence #7 (10921 bp)...done!
Finding genes in sequence #8 (10521 bp)...done!
Finding genes in sequence #9 (9755 bp)...done!
Finding genes in sequence #10 (6437 bp)...done!
Finding genes in sequence #11 (5699 bp)...done!
Finding genes in sequence #12 (4789 bp)...done!
Finding genes in sequence #13 (4725 bp)...done!
Finding genes in sequence #14 (4463 bp)...done!
Finding genes in sequence #15 (4117 bp)...done!
Finding genes in sequence #16 (3695 bp)...done!
Finding genes in sequence #17 (3319 bp)...done!
Finding genes in sequence #18 (3103 bp)...done!
Finding genes in sequence #19 (3103 bp)...done!
Finding genes in sequence #20 (3101 bp)...done!
Finding genes in sequence #21 (2927 bp)...done!
Finding genes in sequence #22 (2635 bp)...done!
Finding genes in sequence #23 (2477 bp)...done!
Finding genes in sequence #24 (2375 bp)...done!
Finding genes in sequence #25 (2311 bp)...done!
Finding genes in sequence #26 (2041 bp)...done!
Finding genes in sequence #27 (1801 bp)...done!
Finding genes in sequence #28 (1795 bp)...done!
Finding genes in sequence #29 (1795 bp)...done!
Finding genes in sequence #30 (1763 bp)...done!
Finding genes in sequence #31 (1659 bp)...done!
Finding genes in sequence #32 (1651 bp)...done!
Finding genes in sequence #33 (1639 bp)...done!
Finding genes in sequence #34 (1591 bp)...done!
Finding genes in sequence #35 (1589 bp)...done!
Finding genes in sequence #36 (1543 bp)...done!
Finding genes in sequence #37 (1555 bp)...done!
Finding genes in sequence #38 (1549 bp)...done!
Finding genes in sequence #39 (1543 bp)...done!
Finding genes in sequence #40 (1523 bp)...done!
Finding genes in sequence #41 (1518 bp)...done!
Finding genes in sequence #42 (1515 bp)...done!
Finding genes in sequence #43 (1509 bp)...done!
Finding genes in sequence #44 (1495 bp)...done!
Finding genes in sequence #45 (1495 bp)...done!
Finding genes in sequence #46 (1457 bp)...done!
Finding genes in sequence #47 (1399 bp)...done!
Finding genes in sequence #48 (1389 bp)...done!
Finding genes in sequence #49 (1381 bp)...done!
Finding genes in sequence #50 (1357 bp)...done!
Finding genes in sequence #51 (1357 bp)...done!
Finding genes in sequence #52 (1325 bp)...done!
Finding genes in sequence #53 (1315 bp)...done!
Finding genes in sequence #54 (1303 bp)...done!
Finding genes in sequence #55 (1291 bp)...done!
Finding genes in sequence #56 (1248 bp)...done!
Finding genes in sequence #57 (1267 bp)...done!
Finding genes in sequence #58 (1261 bp)...done!
Finding genes in sequence #59 (1249 bp)...done!
Finding genes in sequence #60 (1249 bp)...done!
Finding genes in sequence #61 (1217 bp)...done!
Finding genes in sequence #62 (1209 bp)...done!
Finding genes in sequence #63 (1201 bp)...done!
Finding genes in sequence #64 (1195 bp)...done!
Finding genes in sequence #65 (1177 bp)...done!
Finding genes in sequence #66 (1171 bp)...done!
Finding genes in sequence #67 (1165 bp)...done!
Finding genes in sequence #68 (1165 bp)...done!
Finding genes in sequence #69 (1163 bp)...done!
Finding genes in sequence #70 (1161 bp)...done!
Finding genes in sequence #71 (1159 bp)...done!
Finding genes in sequence #72 (1147 bp)...done!
Finding genes in sequence #73 (1141 bp)...done!
Finding genes in sequence #74 (1137 bp)...done!
Finding genes in sequence #75 (1034 bp)...done!
Finding genes in sequence #76 (1131 bp)...done!
Finding genes in sequence #77 (1117 bp)...done!
Finding genes in sequence #78 (1111 bp)...done!
Finding genes in sequence #79 (1111 bp)...done!
Finding genes in sequence #80 (1101 bp)...done!
Finding genes in sequence #81 (1089 bp)...done!
Finding genes in sequence #82 (1087 bp)...done!
Finding genes in sequence #83 (1075 bp)...done!
Finding genes in sequence #84 (1065 bp)...done!
Finding genes in sequence #85 (1055 bp)...done!
Finding genes in sequence #86 (1045 bp)...done!
Finding genes in sequence #87 (1043 bp)...done!
Finding genes in sequence #88 (1041 bp)...done!
Finding genes in sequence #89 (1039 bp)...done!
Finding genes in sequence #90 (1033 bp)...done!
Finding genes in sequence #91 (1027 bp)...done!
Finding genes in sequence #92 (1019 bp)...done!
Finding genes in sequence #93 (1015 bp)...done!
Finding genes in sequence #94 (1011 bp)...done!
Finding genes in sequence #95 (1009 bp)...done!
Finding genes in sequence #96 (1003 bp)...done!
Finding genes in sequence #97 (989 bp)...done!
Finding genes in sequence #98 (979 bp)...done!
Finding genes in sequence #99 (977 bp)...done!
Finding genes in sequence #100 (973 bp)...done!
Finding genes in sequence #101 (973 bp)...done!
Finding genes in sequence #102 (973 bp)...done!
Finding genes in sequence #103 (963 bp)...done!
Finding genes in sequence #104 (961 bp)...done!
Finding genes in sequence #105 (957 bp)...done!
Finding genes in sequence #106 (955 bp)...done!
Finding genes in sequence #107 (949 bp)...done!
