-------------------------------------
PRODIGAL v2.6.3 [February, 2016]         
Univ of Tenn / Oak Ridge National Lab
Doug Hyatt, Loren Hauser, et al.     
-------------------------------------
Request:  Metagenomic, Phase:  Training
Initializing training files...done!
-------------------------------------
Request:  Metagenomic, Phase:  Gene Finding
Finding genes in sequence #1 (15265 bp)...done!
Finding genes in sequence #2 (12893 bp)...done!
Finding genes in sequence #3 (5495 bp)...done!
Finding genes in sequence #4 (4623 bp)...done!
Finding genes in sequence #5 (3751 bp)...done!
Finding genes in sequence #6 (3431 bp)...done!
Finding genes in sequence #7 (2599 bp)...done!
Finding genes in sequence #8 (2153 bp)...done!
Finding genes in sequence #9 (2091 bp)...done!
Finding genes in sequence #10 (2041 bp)...done!
Finding genes in sequence #11 (1975 bp)...done!
Finding genes in sequence #12 (1921 bp)...done!
Finding genes in sequence #13 (1633 bp)...done!
Finding genes in sequence #14 (1601 bp)...done!
Finding genes in sequence #15 (1573 bp)...done!
Finding genes in sequence #16 (1483 bp)...done!
Finding genes in sequence #17 (1431 bp)...done!
Finding genes in sequence #18 (1369 bp)...done!
Finding genes in sequence #19 (1339 bp)...done!
Finding genes in sequence #20 (1285 bp)...done!
Finding genes in sequence #21 (1279 bp)...done!
Finding genes in sequence #22 (1265 bp)...done!
Finding genes in sequence #23 (1195 bp)...done!
Finding genes in sequence #24 (1155 bp)...done!
Finding genes in sequence #25 (1101 bp)...done!
Finding genes in sequence #26 (1087 bp)...done!
Finding genes in sequence #27 (1087 bp)...done!
Finding genes in sequence #28 (1051 bp)...done!
Finding genes in sequence #29 (1043 bp)...done!
Finding genes in sequence #30 (1041 bp)...done!
Finding genes in sequence #31 (1021 bp)...done!
Finding genes in sequence #32 (1021 bp)...done!
Finding genes in sequence #33 (1003 bp)...done!
Finding genes in sequence #34 (1001 bp)...done!
Finding genes in sequence #35 (997 bp)...done!
Finding genes in sequence #36 (991 bp)...done!
Finding genes in sequence #37 (991 bp)...done!
Finding genes in sequence #38 (949 bp)...done!
