-------------------------------------
PRODIGAL v2.6.3 [February, 2016]         
Univ of Tenn / Oak Ridge National Lab
Doug Hyatt, Loren Hauser, et al.     
-------------------------------------
Request:  Metagenomic, Phase:  Training
Initializing training files...done!
-------------------------------------
Request:  Metagenomic, Phase:  Gene Finding
Finding genes in sequence #1 (15273 bp)...done!
Finding genes in sequence #2 (11274 bp)...done!
Finding genes in sequence #3 (5275 bp)...done!
Finding genes in sequence #4 (2875 bp)...done!
Finding genes in sequence #5 (2253 bp)...done!
Finding genes in sequence #6 (2245 bp)...done!
Finding genes in sequence #7 (2134 bp)...done!
Finding genes in sequence #8 (2011 bp)...done!
Finding genes in sequence #9 (1795 bp)...done!
Finding genes in sequence #10 (1789 bp)...done!
Finding genes in sequence #11 (1663 bp)...done!
Finding genes in sequence #12 (1639 bp)...done!
Finding genes in sequence #13 (1627 bp)...done!
Finding genes in sequence #14 (1433 bp)...done!
Finding genes in sequence #15 (1369 bp)...done!
Finding genes in sequence #16 (1279 bp)...done!
Finding genes in sequence #17 (1237 bp)...done!
Finding genes in sequence #18 (1172 bp)...done!
Finding genes in sequence #19 (1171 bp)...done!
Finding genes in sequence #20 (1071 bp)...done!
Finding genes in sequence #21 (1075 bp)...done!
Finding genes in sequence #22 (1043 bp)...done!
Finding genes in sequence #23 (1041 bp)...done!
Finding genes in sequence #24 (1027 bp)...done!
Finding genes in sequence #25 (1029 bp)...done!
Finding genes in sequence #26 (971 bp)...done!
Finding genes in sequence #27 (955 bp)...done!
Finding genes in sequence #28 (949 bp)...done!
Finding genes in sequence #29 (949 bp)...done!
