-------------------------------------
PRODIGAL v2.6.3 [February, 2016]         
Univ of Tenn / Oak Ridge National Lab
Doug Hyatt, Loren Hauser, et al.     
-------------------------------------
Request:  Metagenomic, Phase:  Training
Initializing training files...done!
-------------------------------------
Request:  Metagenomic, Phase:  Gene Finding
Finding genes in sequence #1 (12578 bp)...done!
Finding genes in sequence #2 (2193 bp)...done!
Finding genes in sequence #3 (2101 bp)...done!
Finding genes in sequence #4 (1975 bp)...done!
Finding genes in sequence #5 (1621 bp)...done!
Finding genes in sequence #6 (1573 bp)...done!
Finding genes in sequence #7 (1453 bp)...done!
Finding genes in sequence #8 (1453 bp)...done!
Finding genes in sequence #9 (1411 bp)...done!
Finding genes in sequence #10 (1027 bp)...done!
Finding genes in sequence #11 (971 bp)...done!
