-------------------------------------
PRODIGAL v2.6.3 [February, 2016]         
Univ of Tenn / Oak Ridge National Lab
Doug Hyatt, Loren Hauser, et al.     
-------------------------------------
Request:  Metagenomic, Phase:  Training
Initializing training files...done!
-------------------------------------
Request:  Metagenomic, Phase:  Gene Finding
Finding genes in sequence #1 (19656 bp)...done!
Finding genes in sequence #2 (10047 bp)...done!
Finding genes in sequence #3 (6653 bp)...done!
Finding genes in sequence #4 (6581 bp)...done!
Finding genes in sequence #5 (6459 bp)...done!
Finding genes in sequence #6 (6361 bp)...done!
Finding genes in sequence #7 (4577 bp)...done!
Finding genes in sequence #8 (3771 bp)...done!
Finding genes in sequence #9 (3675 bp)...done!
Finding genes in sequence #10 (3479 bp)...done!
Finding genes in sequence #11 (3039 bp)...done!
Finding genes in sequence #12 (2947 bp)...done!
Finding genes in sequence #13 (2689 bp)...done!
Finding genes in sequence #14 (2147 bp)...done!
Finding genes in sequence #15 (2143 bp)...done!
Finding genes in sequence #16 (2143 bp)...done!
Finding genes in sequence #17 (2055 bp)...done!
Finding genes in sequence #18 (2011 bp)...done!
Finding genes in sequence #19 (1891 bp)...done!
Finding genes in sequence #20 (1857 bp)...done!
Finding genes in sequence #21 (1801 bp)...done!
Finding genes in sequence #22 (1765 bp)...done!
Finding genes in sequence #23 (1653 bp)...done!
Finding genes in sequence #24 (1653 bp)...done!
Finding genes in sequence #25 (1611 bp)...done!
Finding genes in sequence #26 (1583 bp)...done!
Finding genes in sequence #27 (1577 bp)...done!
Finding genes in sequence #28 (1531 bp)...done!
Finding genes in sequence #29 (1417 bp)...done!
Finding genes in sequence #30 (1393 bp)...done!
Finding genes in sequence #31 (1389 bp)...done!
Finding genes in sequence #32 (1381 bp)...done!
Finding genes in sequence #33 (1371 bp)...done!
Finding genes in sequence #34 (1353 bp)...done!
Finding genes in sequence #35 (1303 bp)...done!
Finding genes in sequence #36 (1293 bp)...done!
Finding genes in sequence #37 (1287 bp)...done!
Finding genes in sequence #38 (1271 bp)...done!
Finding genes in sequence #39 (1267 bp)...done!
Finding genes in sequence #40 (1241 bp)...done!
Finding genes in sequence #41 (1235 bp)...done!
Finding genes in sequence #42 (1225 bp)...done!
Finding genes in sequence #43 (1193 bp)...done!
Finding genes in sequence #44 (1177 bp)...done!
Finding genes in sequence #45 (1169 bp)...done!
Finding genes in sequence #46 (1169 bp)...done!
Finding genes in sequence #47 (1149 bp)...done!
Finding genes in sequence #48 (1147 bp)...done!
Finding genes in sequence #49 (1137 bp)...done!
Finding genes in sequence #50 (1137 bp)...done!
Finding genes in sequence #51 (1131 bp)...done!
Finding genes in sequence #52 (1109 bp)...done!
Finding genes in sequence #53 (1107 bp)...done!
Finding genes in sequence #54 (1093 bp)...done!
Finding genes in sequence #55 (1093 bp)...done!
Finding genes in sequence #56 (1085 bp)...done!
Finding genes in sequence #57 (1071 bp)...done!
Finding genes in sequence #58 (1061 bp)...done!
Finding genes in sequence #59 (1053 bp)...done!
Finding genes in sequence #60 (1031 bp)...done!
Finding genes in sequence #61 (1031 bp)...done!
Finding genes in sequence #62 (1005 bp)...done!
Finding genes in sequence #63 (1001 bp)...done!
Finding genes in sequence #64 (991 bp)...done!
Finding genes in sequence #65 (977 bp)...done!
Finding genes in sequence #66 (973 bp)...done!
Finding genes in sequence #67 (973 bp)...done!
Finding genes in sequence #68 (949 bp)...done!
Finding genes in sequence #69 (949 bp)...done!
