-------------------------------------
PRODIGAL v2.6.3 [February, 2016]         
Univ of Tenn / Oak Ridge National Lab
Doug Hyatt, Loren Hauser, et al.     
-------------------------------------
Request:  Metagenomic, Phase:  Training
Initializing training files...done!
-------------------------------------
Request:  Metagenomic, Phase:  Gene Finding
Finding genes in sequence #1 (39372 bp)...done!
Finding genes in sequence #2 (27142 bp)...done!
Finding genes in sequence #3 (15984 bp)...done!
Finding genes in sequence #4 (13355 bp)...done!
Finding genes in sequence #5 (12053 bp)...done!
Finding genes in sequence #6 (10700 bp)...done!
Finding genes in sequence #7 (3829 bp)...done!
Finding genes in sequence #8 (3187 bp)...done!
Finding genes in sequence #9 (3103 bp)...done!
Finding genes in sequence #10 (3079 bp)...done!
Finding genes in sequence #11 (3037 bp)...done!
Finding genes in sequence #12 (2957 bp)...done!
Finding genes in sequence #13 (2821 bp)...done!
Finding genes in sequence #14 (2703 bp)...done!
Finding genes in sequence #15 (2533 bp)...done!
Finding genes in sequence #16 (2475 bp)...done!
Finding genes in sequence #17 (2443 bp)...done!
Finding genes in sequence #18 (2401 bp)...done!
Finding genes in sequence #19 (2381 bp)...done!
Finding genes in sequence #20 (2357 bp)...done!
Finding genes in sequence #21 (2307 bp)...done!
Finding genes in sequence #22 (2301 bp)...done!
Finding genes in sequence #23 (2287 bp)...done!
Finding genes in sequence #24 (2197 bp)...done!
Finding genes in sequence #25 (2119 bp)...done!
Finding genes in sequence #26 (2085 bp)...done!
Finding genes in sequence #27 (2059 bp)...done!
Finding genes in sequence #28 (1915 bp)...done!
Finding genes in sequence #29 (1873 bp)...done!
Finding genes in sequence #30 (1831 bp)...done!
Finding genes in sequence #31 (1831 bp)...done!
Finding genes in sequence #32 (1807 bp)...done!
Finding genes in sequence #33 (1795 bp)...done!
Finding genes in sequence #34 (1789 bp)...done!
Finding genes in sequence #35 (1789 bp)...done!
Finding genes in sequence #36 (1777 bp)...done!
Finding genes in sequence #37 (1695 bp)...done!
Finding genes in sequence #38 (1625 bp)...done!
Finding genes in sequence #39 (1567 bp)...done!
Finding genes in sequence #40 (1525 bp)...done!
Finding genes in sequence #41 (1495 bp)...done!
Finding genes in sequence #42 (1417 bp)...done!
Finding genes in sequence #43 (1383 bp)...done!
Finding genes in sequence #44 (1363 bp)...done!
Finding genes in sequence #45 (1339 bp)...done!
Finding genes in sequence #46 (1307 bp)...done!
Finding genes in sequence #47 (1261 bp)...done!
Finding genes in sequence #48 (1205 bp)...done!
Finding genes in sequence #49 (1183 bp)...done!
Finding genes in sequence #50 (1177 bp)...done!
Finding genes in sequence #51 (1177 bp)...done!
Finding genes in sequence #52 (1153 bp)...done!
Finding genes in sequence #53 (1105 bp)...done!
Finding genes in sequence #54 (1097 bp)...done!
Finding genes in sequence #55 (1093 bp)...done!
Finding genes in sequence #56 (1093 bp)...done!
Finding genes in sequence #57 (1087 bp)...done!
Finding genes in sequence #58 (1057 bp)...done!
Finding genes in sequence #59 (1051 bp)...done!
Finding genes in sequence #60 (1045 bp)...done!
Finding genes in sequence #61 (1045 bp)...done!
Finding genes in sequence #62 (1027 bp)...done!
Finding genes in sequence #63 (1027 bp)...done!
Finding genes in sequence #64 (1003 bp)...done!
Finding genes in sequence #65 (991 bp)...done!
Finding genes in sequence #66 (979 bp)...done!
Finding genes in sequence #67 (973 bp)...done!
Finding genes in sequence #68 (967 bp)...done!
Finding genes in sequence #69 (961 bp)...done!
Finding genes in sequence #70 (961 bp)...done!
Finding genes in sequence #71 (961 bp)...done!
