-------------------------------------
PRODIGAL v2.6.3 [February, 2016]         
Univ of Tenn / Oak Ridge National Lab
Doug Hyatt, Loren Hauser, et al.     
-------------------------------------
Request:  Metagenomic, Phase:  Training
Initializing training files...done!
-------------------------------------
Request:  Metagenomic, Phase:  Gene Finding
Finding genes in sequence #1 (14063 bp)...done!
Finding genes in sequence #2 (12804 bp)...done!
Finding genes in sequence #3 (11088 bp)...done!
Finding genes in sequence #4 (10128 bp)...done!
Finding genes in sequence #5 (8509 bp)...done!
Finding genes in sequence #6 (5437 bp)...done!
Finding genes in sequence #7 (3743 bp)...done!
Finding genes in sequence #8 (3557 bp)...done!
Finding genes in sequence #9 (3535 bp)...done!
Finding genes in sequence #10 (3469 bp)...done!
Finding genes in sequence #11 (3103 bp)...done!
Finding genes in sequence #12 (2635 bp)...done!
Finding genes in sequence #13 (2629 bp)...done!
Finding genes in sequence #14 (2311 bp)...done!
Finding genes in sequence #15 (2311 bp)...done!
Finding genes in sequence #16 (2167 bp)...done!
Finding genes in sequence #17 (2149 bp)...done!
Finding genes in sequence #18 (2041 bp)...done!
Finding genes in sequence #19 (2009 bp)...done!
Finding genes in sequence #20 (1879 bp)...done!
Finding genes in sequence #21 (1859 bp)...done!
Finding genes in sequence #22 (1801 bp)...done!
Finding genes in sequence #23 (1795 bp)...done!
Finding genes in sequence #24 (1783 bp)...done!
Finding genes in sequence #25 (1783 bp)...done!
Finding genes in sequence #26 (1773 bp)...done!
Finding genes in sequence #27 (1747 bp)...done!
Finding genes in sequence #28 (1741 bp)...done!
Finding genes in sequence #29 (1729 bp)...done!
Finding genes in sequence #30 (1727 bp)...done!
Finding genes in sequence #31 (1719 bp)...done!
Finding genes in sequence #32 (1705 bp)...done!
Finding genes in sequence #33 (1655 bp)...done!
Finding genes in sequence #34 (1639 bp)...done!
Finding genes in sequence #35 (1595 bp)...done!
Finding genes in sequence #36 (1573 bp)...done!
Finding genes in sequence #37 (1555 bp)...done!
Finding genes in sequence #38 (1517 bp)...done!
Finding genes in sequence #39 (1489 bp)...done!
Finding genes in sequence #40 (1435 bp)...done!
Finding genes in sequence #41 (1429 bp)...done!
Finding genes in sequence #42 (1427 bp)...done!
Finding genes in sequence #43 (1369 bp)...done!
Finding genes in sequence #44 (1361 bp)...done!
Finding genes in sequence #45 (1359 bp)...done!
Finding genes in sequence #46 (1323 bp)...done!
Finding genes in sequence #47 (1321 bp)...done!
Finding genes in sequence #48 (1301 bp)...done!
Finding genes in sequence #49 (1299 bp)...done!
Finding genes in sequence #50 (1297 bp)...done!
Finding genes in sequence #51 (1291 bp)...done!
Finding genes in sequence #52 (1285 bp)...done!
Finding genes in sequence #53 (1249 bp)...done!
Finding genes in sequence #54 (1243 bp)...done!
Finding genes in sequence #55 (1235 bp)...done!
Finding genes in sequence #56 (1207 bp)...done!
Finding genes in sequence #57 (1199 bp)...done!
Finding genes in sequence #58 (1189 bp)...done!
Finding genes in sequence #59 (1181 bp)...done!
Finding genes in sequence #60 (1171 bp)...done!
Finding genes in sequence #61 (1171 bp)...done!
Finding genes in sequence #62 (1169 bp)...done!
Finding genes in sequence #63 (1165 bp)...done!
Finding genes in sequence #64 (1091 bp)...done!
Finding genes in sequence #65 (1089 bp)...done!
Finding genes in sequence #66 (1041 bp)...done!
Finding genes in sequence #67 (1019 bp)...done!
Finding genes in sequence #68 (1009 bp)...done!
Finding genes in sequence #69 (979 bp)...done!
Finding genes in sequence #70 (973 bp)...done!
Finding genes in sequence #71 (973 bp)...done!
Finding genes in sequence #72 (973 bp)...done!
Finding genes in sequence #73 (973 bp)...done!
Finding genes in sequence #74 (969 bp)...done!
Finding genes in sequence #75 (963 bp)...done!
Finding genes in sequence #76 (961 bp)...done!
Finding genes in sequence #77 (955 bp)...done!
Finding genes in sequence #78 (951 bp)...done!
Finding genes in sequence #79 (949 bp)...done!
