-------------------------------------
PRODIGAL v2.6.3 [February, 2016]         
Univ of Tenn / Oak Ridge National Lab
Doug Hyatt, Loren Hauser, et al.     
-------------------------------------
Request:  Metagenomic, Phase:  Training
Initializing training files...done!
-------------------------------------
Request:  Metagenomic, Phase:  Gene Finding
Finding genes in sequence #1 (13296 bp)...done!
Finding genes in sequence #2 (7397 bp)...done!
Finding genes in sequence #3 (3517 bp)...done!
Finding genes in sequence #4 (3197 bp)...done!
Finding genes in sequence #5 (3185 bp)...done!
Finding genes in sequence #6 (2865 bp)...done!
Finding genes in sequence #7 (2655 bp)...done!
Finding genes in sequence #8 (2183 bp)...done!
Finding genes in sequence #9 (2167 bp)...done!
Finding genes in sequence #10 (2133 bp)...done!
Finding genes in sequence #11 (1873 bp)...done!
Finding genes in sequence #12 (1855 bp)...done!
Finding genes in sequence #13 (1817 bp)...done!
Finding genes in sequence #14 (1789 bp)...done!
Finding genes in sequence #15 (1575 bp)...done!
Finding genes in sequence #16 (1477 bp)...done!
Finding genes in sequence #17 (1461 bp)...done!
Finding genes in sequence #18 (1417 bp)...done!
Finding genes in sequence #19 (1381 bp)...done!
Finding genes in sequence #20 (1313 bp)...done!
Finding genes in sequence #21 (1255 bp)...done!
Finding genes in sequence #22 (1205 bp)...done!
Finding genes in sequence #23 (1179 bp)...done!
Finding genes in sequence #24 (1177 bp)...done!
Finding genes in sequence #25 (1171 bp)...done!
Finding genes in sequence #26 (1141 bp)...done!
Finding genes in sequence #27 (1093 bp)...done!
Finding genes in sequence #28 (1089 bp)...done!
Finding genes in sequence #29 (1087 bp)...done!
Finding genes in sequence #30 (1075 bp)...done!
Finding genes in sequence #31 (1069 bp)...done!
Finding genes in sequence #32 (1055 bp)...done!
Finding genes in sequence #33 (1039 bp)...done!
Finding genes in sequence #34 (1033 bp)...done!
Finding genes in sequence #35 (1027 bp)...done!
Finding genes in sequence #36 (1009 bp)...done!
Finding genes in sequence #37 (1009 bp)...done!
Finding genes in sequence #38 (1005 bp)...done!
Finding genes in sequence #39 (997 bp)...done!
Finding genes in sequence #40 (991 bp)...done!
Finding genes in sequence #41 (959 bp)...done!
Finding genes in sequence #42 (949 bp)...done!
