-------------------------------------
PRODIGAL v2.6.3 [February, 2016]         
Univ of Tenn / Oak Ridge National Lab
Doug Hyatt, Loren Hauser, et al.     
-------------------------------------
Request:  Metagenomic, Phase:  Training
Initializing training files...done!
-------------------------------------
Request:  Metagenomic, Phase:  Gene Finding
Finding genes in sequence #1 (12725 bp)...done!
Finding genes in sequence #2 (3565 bp)...done!
Finding genes in sequence #3 (3325 bp)...done!
Finding genes in sequence #4 (2671 bp)...done!
Finding genes in sequence #5 (2367 bp)...done!
Finding genes in sequence #6 (2029 bp)...done!
Finding genes in sequence #7 (1939 bp)...done!
Finding genes in sequence #8 (1637 bp)...done!
Finding genes in sequence #9 (1265 bp)...done!
Finding genes in sequence #10 (1243 bp)...done!
Finding genes in sequence #11 (1147 bp)...done!
Finding genes in sequence #12 (1045 bp)...done!
Finding genes in sequence #13 (1003 bp)...done!
Finding genes in sequence #14 (959 bp)...done!
