-------------------------------------
PRODIGAL v2.6.3 [February, 2016]         
Univ of Tenn / Oak Ridge National Lab
Doug Hyatt, Loren Hauser, et al.     
-------------------------------------
Request:  Metagenomic, Phase:  Training
Initializing training files...done!
-------------------------------------
Request:  Metagenomic, Phase:  Gene Finding
Finding genes in sequence #1 (17143 bp)...done!
Finding genes in sequence #2 (12550 bp)...done!
Finding genes in sequence #3 (12455 bp)...done!
Finding genes in sequence #4 (12048 bp)...done!
Finding genes in sequence #5 (11725 bp)...done!
Finding genes in sequence #6 (11473 bp)...done!
Finding genes in sequence #7 (11407 bp)...done!
Finding genes in sequence #8 (11438 bp)...done!
Finding genes in sequence #9 (11241 bp)...done!
Finding genes in sequence #10 (11069 bp)...done!
Finding genes in sequence #11 (11025 bp)...done!
Finding genes in sequence #12 (10796 bp)...done!
Finding genes in sequence #13 (9755 bp)...done!
Finding genes in sequence #14 (4533 bp)...done!
Finding genes in sequence #15 (4463 bp)...done!
Finding genes in sequence #16 (3903 bp)...done!
Finding genes in sequence #17 (3747 bp)...done!
Finding genes in sequence #18 (3489 bp)...done!
Finding genes in sequence #19 (3373 bp)...done!
Finding genes in sequence #20 (3049 bp)...done!
Finding genes in sequence #21 (2905 bp)...done!
Finding genes in sequence #22 (2847 bp)...done!
Finding genes in sequence #23 (2635 bp)...done!
Finding genes in sequence #24 (2621 bp)...done!
Finding genes in sequence #25 (2391 bp)...done!
Finding genes in sequence #26 (2333 bp)...done!
Finding genes in sequence #27 (2305 bp)...done!
Finding genes in sequence #28 (2159 bp)...done!
Finding genes in sequence #29 (2113 bp)...done!
Finding genes in sequence #30 (2077 bp)...done!
Finding genes in sequence #31 (2041 bp)...done!
Finding genes in sequence #32 (2005 bp)...done!
Finding genes in sequence #33 (1901 bp)...done!
Finding genes in sequence #34 (1795 bp)...done!
Finding genes in sequence #35 (1779 bp)...done!
Finding genes in sequence #36 (1759 bp)...done!
Finding genes in sequence #37 (1745 bp)...done!
Finding genes in sequence #38 (1733 bp)...done!
Finding genes in sequence #39 (1717 bp)...done!
Finding genes in sequence #40 (1677 bp)...done!
Finding genes in sequence #41 (1651 bp)...done!
Finding genes in sequence #42 (1645 bp)...done!
Finding genes in sequence #43 (1639 bp)...done!
Finding genes in sequence #44 (1633 bp)...done!
Finding genes in sequence #45 (1627 bp)...done!
Finding genes in sequence #46 (1623 bp)...done!
Finding genes in sequence #47 (1597 bp)...done!
Finding genes in sequence #48 (1595 bp)...done!
Finding genes in sequence #49 (1591 bp)...done!
Finding genes in sequence #50 (1549 bp)...done!
Finding genes in sequence #51 (1525 bp)...done!
Finding genes in sequence #52 (1521 bp)...done!
Finding genes in sequence #53 (1517 bp)...done!
Finding genes in sequence #54 (1487 bp)...done!
Finding genes in sequence #55 (1461 bp)...done!
Finding genes in sequence #56 (1455 bp)...done!
Finding genes in sequence #57 (1391 bp)...done!
Finding genes in sequence #58 (1383 bp)...done!
Finding genes in sequence #59 (1355 bp)...done!
Finding genes in sequence #60 (1297 bp)...done!
Finding genes in sequence #61 (1293 bp)...done!
Finding genes in sequence #62 (1291 bp)...done!
Finding genes in sequence #63 (1285 bp)...done!
Finding genes in sequence #64 (1267 bp)...done!
Finding genes in sequence #65 (1241 bp)...done!
Finding genes in sequence #66 (1145 bp)...done!
Finding genes in sequence #67 (1247 bp)...done!
Finding genes in sequence #68 (1237 bp)...done!
Finding genes in sequence #69 (1235 bp)...done!
Finding genes in sequence #70 (1207 bp)...done!
Finding genes in sequence #71 (1187 bp)...done!
Finding genes in sequence #72 (1179 bp)...done!
Finding genes in sequence #73 (1179 bp)...done!
Finding genes in sequence #74 (1177 bp)...done!
Finding genes in sequence #75 (1167 bp)...done!
Finding genes in sequence #76 (1165 bp)...done!
Finding genes in sequence #77 (1161 bp)...done!
Finding genes in sequence #78 (1159 bp)...done!
Finding genes in sequence #79 (1147 bp)...done!
Finding genes in sequence #80 (1141 bp)...done!
Finding genes in sequence #81 (1129 bp)...done!
Finding genes in sequence #82 (1117 bp)...done!
Finding genes in sequence #83 (1113 bp)...done!
Finding genes in sequence #84 (1111 bp)...done!
Finding genes in sequence #85 (1101 bp)...done!
Finding genes in sequence #86 (1091 bp)...done!
Finding genes in sequence #87 (1089 bp)...done!
Finding genes in sequence #88 (1075 bp)...done!
Finding genes in sequence #89 (1065 bp)...done!
Finding genes in sequence #90 (1055 bp)...done!
Finding genes in sequence #91 (1049 bp)...done!
Finding genes in sequence #92 (1045 bp)...done!
Finding genes in sequence #93 (1043 bp)...done!
Finding genes in sequence #94 (1043 bp)...done!
Finding genes in sequence #95 (1039 bp)...done!
Finding genes in sequence #96 (1033 bp)...done!
Finding genes in sequence #97 (1033 bp)...done!
Finding genes in sequence #98 (1027 bp)...done!
Finding genes in sequence #99 (1017 bp)...done!
Finding genes in sequence #100 (1013 bp)...done!
Finding genes in sequence #101 (1009 bp)...done!
Finding genes in sequence #102 (1007 bp)...done!
Finding genes in sequence #103 (1001 bp)...done!
Finding genes in sequence #104 (999 bp)...done!
Finding genes in sequence #105 (985 bp)...done!
Finding genes in sequence #106 (979 bp)...done!
Finding genes in sequence #107 (975 bp)...done!
Finding genes in sequence #108 (973 bp)...done!
Finding genes in sequence #109 (973 bp)...done!
Finding genes in sequence #110 (965 bp)...done!
Finding genes in sequence #111 (963 bp)...done!
Finding genes in sequence #112 (955 bp)...done!
Finding genes in sequence #113 (955 bp)...done!
Finding genes in sequence #114 (947 bp)...done!
