-------------------------------------
PRODIGAL v2.6.3 [February, 2016]         
Univ of Tenn / Oak Ridge National Lab
Doug Hyatt, Loren Hauser, et al.     
-------------------------------------
Request:  Metagenomic, Phase:  Training
Initializing training files...done!
-------------------------------------
Request:  Metagenomic, Phase:  Gene Finding
Finding genes in sequence #1 (15220 bp)...done!
Finding genes in sequence #2 (14702 bp)...done!
Finding genes in sequence #3 (12543 bp)...done!
Finding genes in sequence #4 (12455 bp)...done!
Finding genes in sequence #5 (12163 bp)...done!
Finding genes in sequence #6 (6383 bp)...done!
Finding genes in sequence #7 (5805 bp)...done!
Finding genes in sequence #8 (5717 bp)...done!
Finding genes in sequence #9 (5695 bp)...done!
Finding genes in sequence #10 (5355 bp)...done!
Finding genes in sequence #11 (4453 bp)...done!
Finding genes in sequence #12 (3907 bp)...done!
Finding genes in sequence #13 (3586 bp)...done!
Finding genes in sequence #14 (3373 bp)...done!
Finding genes in sequence #15 (3319 bp)...done!
Finding genes in sequence #16 (3311 bp)...done!
Finding genes in sequence #17 (3103 bp)...done!
Finding genes in sequence #18 (2975 bp)...done!
Finding genes in sequence #19 (2937 bp)...done!
Finding genes in sequence #20 (2629 bp)...done!
Finding genes in sequence #21 (2509 bp)...done!
Finding genes in sequence #22 (2481 bp)...done!
Finding genes in sequence #23 (2479 bp)...done!
Finding genes in sequence #24 (2427 bp)...done!
Finding genes in sequence #25 (2351 bp)...done!
Finding genes in sequence #26 (2329 bp)...done!
Finding genes in sequence #27 (2311 bp)...done!
Finding genes in sequence #28 (2257 bp)...done!
Finding genes in sequence #29 (2167 bp)...done!
Finding genes in sequence #30 (2018 bp)...done!
Finding genes in sequence #31 (2119 bp)...done!
Finding genes in sequence #32 (2097 bp)...done!
Finding genes in sequence #33 (2041 bp)...done!
Finding genes in sequence #34 (1809 bp)...done!
Finding genes in sequence #35 (1801 bp)...done!
Finding genes in sequence #36 (1795 bp)...done!
Finding genes in sequence #37 (1789 bp)...done!
Finding genes in sequence #38 (1787 bp)...done!
Finding genes in sequence #39 (1630 bp)...done!
Finding genes in sequence #40 (1741 bp)...done!
Finding genes in sequence #41 (1741 bp)...done!
Finding genes in sequence #42 (1669 bp)...done!
Finding genes in sequence #43 (1653 bp)...done!
Finding genes in sequence #44 (1625 bp)...done!
Finding genes in sequence #45 (1597 bp)...done!
Finding genes in sequence #46 (1589 bp)...done!
Finding genes in sequence #47 (1583 bp)...done!
Finding genes in sequence #48 (1573 bp)...done!
Finding genes in sequence #49 (1513 bp)...done!
Finding genes in sequence #50 (1507 bp)...done!
Finding genes in sequence #51 (1495 bp)...done!
Finding genes in sequence #52 (1487 bp)...done!
Finding genes in sequence #53 (1483 bp)...done!
Finding genes in sequence #54 (1483 bp)...done!
Finding genes in sequence #55 (1459 bp)...done!
Finding genes in sequence #56 (1435 bp)...done!
Finding genes in sequence #57 (1429 bp)...done!
Finding genes in sequence #58 (1415 bp)...done!
Finding genes in sequence #59 (1381 bp)...done!
Finding genes in sequence #60 (1369 bp)...done!
Finding genes in sequence #61 (1361 bp)...done!
Finding genes in sequence #62 (1319 bp)...done!
Finding genes in sequence #63 (1291 bp)...done!
Finding genes in sequence #64 (1285 bp)...done!
Finding genes in sequence #65 (1279 bp)...done!
Finding genes in sequence #66 (1269 bp)...done!
Finding genes in sequence #67 (1265 bp)...done!
Finding genes in sequence #68 (1265 bp)...done!
Finding genes in sequence #69 (1221 bp)...done!
Finding genes in sequence #70 (1207 bp)...done!
Finding genes in sequence #71 (1187 bp)...done!
Finding genes in sequence #72 (1171 bp)...done!
Finding genes in sequence #73 (1171 bp)...done!
Finding genes in sequence #74 (1171 bp)...done!
Finding genes in sequence #75 (1167 bp)...done!
Finding genes in sequence #76 (1167 bp)...done!
Finding genes in sequence #77 (1153 bp)...done!
Finding genes in sequence #78 (1147 bp)...done!
Finding genes in sequence #79 (1147 bp)...done!
Finding genes in sequence #80 (1125 bp)...done!
Finding genes in sequence #81 (1067 bp)...done!
Finding genes in sequence #82 (1044 bp)...done!
Finding genes in sequence #83 (1113 bp)...done!
Finding genes in sequence #84 (1105 bp)...done!
Finding genes in sequence #85 (1101 bp)...done!
Finding genes in sequence #86 (1099 bp)...done!
Finding genes in sequence #87 (1093 bp)...done!
Finding genes in sequence #88 (1089 bp)...done!
Finding genes in sequence #89 (1087 bp)...done!
Finding genes in sequence #90 (1087 bp)...done!
Finding genes in sequence #91 (1077 bp)...done!
Finding genes in sequence #92 (1075 bp)...done!
Finding genes in sequence #93 (1071 bp)...done!
Finding genes in sequence #94 (1069 bp)...done!
Finding genes in sequence #95 (1055 bp)...done!
Finding genes in sequence #96 (1043 bp)...done!
Finding genes in sequence #97 (1043 bp)...done!
Finding genes in sequence #98 (1033 bp)...done!
Finding genes in sequence #99 (1033 bp)...done!
Finding genes in sequence #100 (1027 bp)...done!
Finding genes in sequence #101 (1021 bp)...done!
Finding genes in sequence #102 (1023 bp)...done!
Finding genes in sequence #103 (1015 bp)...done!
Finding genes in sequence #104 (1003 bp)...done!
Finding genes in sequence #105 (997 bp)...done!
Finding genes in sequence #106 (985 bp)...done!
Finding genes in sequence #107 (979 bp)...done!
Finding genes in sequence #108 (979 bp)...done!
Finding genes in sequence #109 (973 bp)...done!
Finding genes in sequence #110 (967 bp)...done!
Finding genes in sequence #111 (963 bp)...done!
Finding genes in sequence #112 (959 bp)...done!
Finding genes in sequence #113 (957 bp)...done!
Finding genes in sequence #114 (955 bp)...done!
Finding genes in sequence #115 (953 bp)...done!
Finding genes in sequence #116 (947 bp)...done!
Finding genes in sequence #117 (945 bp)...done!
