-------------------------------------
PRODIGAL v2.6.3 [February, 2016]         
Univ of Tenn / Oak Ridge National Lab
Doug Hyatt, Loren Hauser, et al.     
-------------------------------------
Request:  Metagenomic, Phase:  Training
Initializing training files...done!
-------------------------------------
Request:  Metagenomic, Phase:  Gene Finding
Finding genes in sequence #1 (14137 bp)...done!
Finding genes in sequence #2 (14063 bp)...done!
Finding genes in sequence #3 (14022 bp)...done!
Finding genes in sequence #4 (12160 bp)...done!
Finding genes in sequence #5 (11481 bp)...done!
Finding genes in sequence #6 (11183 bp)...done!
Finding genes in sequence #7 (3737 bp)...done!
Finding genes in sequence #8 (3245 bp)...done!
Finding genes in sequence #9 (3103 bp)...done!
Finding genes in sequence #10 (2947 bp)...done!
Finding genes in sequence #11 (2635 bp)...done!
Finding genes in sequence #12 (2579 bp)...done!
Finding genes in sequence #13 (2371 bp)...done!
Finding genes in sequence #14 (2311 bp)...done!
Finding genes in sequence #15 (2207 bp)...done!
Finding genes in sequence #16 (2201 bp)...done!
Finding genes in sequence #17 (2167 bp)...done!
Finding genes in sequence #18 (2041 bp)...done!
Finding genes in sequence #19 (1999 bp)...done!
Finding genes in sequence #20 (1907 bp)...done!
Finding genes in sequence #21 (1850 bp)...done!
Finding genes in sequence #22 (1833 bp)...done!
Finding genes in sequence #23 (1801 bp)...done!
Finding genes in sequence #24 (1795 bp)...done!
Finding genes in sequence #25 (1640 bp)...done!
Finding genes in sequence #26 (1781 bp)...done!
Finding genes in sequence #27 (1773 bp)...done!
Finding genes in sequence #28 (1765 bp)...done!
Finding genes in sequence #29 (1749 bp)...done!
Finding genes in sequence #30 (1733 bp)...done!
Finding genes in sequence #31 (1677 bp)...done!
Finding genes in sequence #32 (1675 bp)...done!
Finding genes in sequence #33 (1663 bp)...done!
Finding genes in sequence #34 (1644 bp)...done!
Finding genes in sequence #35 (1659 bp)...done!
Finding genes in sequence #36 (1651 bp)...done!
Finding genes in sequence #37 (1627 bp)...done!
Finding genes in sequence #38 (1619 bp)...done!
Finding genes in sequence #39 (1498 bp)...done!
Finding genes in sequence #40 (1577 bp)...done!
Finding genes in sequence #41 (1575 bp)...done!
Finding genes in sequence #42 (1547 bp)...done!
Finding genes in sequence #43 (1515 bp)...done!
Finding genes in sequence #44 (1507 bp)...done!
Finding genes in sequence #45 (1507 bp)...done!
Finding genes in sequence #46 (1489 bp)...done!
Finding genes in sequence #47 (1487 bp)...done!
Finding genes in sequence #48 (1481 bp)...done!
Finding genes in sequence #49 (1469 bp)...done!
Finding genes in sequence #50 (1467 bp)...done!
Finding genes in sequence #51 (1429 bp)...done!
Finding genes in sequence #52 (1395 bp)...done!
Finding genes in sequence #53 (1385 bp)...done!
Finding genes in sequence #54 (1381 bp)...done!
Finding genes in sequence #55 (1357 bp)...done!
Finding genes in sequence #56 (1329 bp)...done!
Finding genes in sequence #57 (1325 bp)...done!
Finding genes in sequence #58 (1321 bp)...done!
Finding genes in sequence #59 (1315 bp)...done!
Finding genes in sequence #60 (1313 bp)...done!
Finding genes in sequence #61 (1297 bp)...done!
Finding genes in sequence #62 (1273 bp)...done!
Finding genes in sequence #63 (1251 bp)...done!
Finding genes in sequence #64 (1237 bp)...done!
Finding genes in sequence #65 (1235 bp)...done!
Finding genes in sequence #66 (1209 bp)...done!
Finding genes in sequence #67 (1207 bp)...done!
Finding genes in sequence #68 (1205 bp)...done!
Finding genes in sequence #69 (1201 bp)...done!
Finding genes in sequence #70 (1175 bp)...done!
Finding genes in sequence #71 (1165 bp)...done!
Finding genes in sequence #72 (1161 bp)...done!
Finding genes in sequence #73 (1161 bp)...done!
Finding genes in sequence #74 (1153 bp)...done!
Finding genes in sequence #75 (1151 bp)...done!
Finding genes in sequence #76 (1145 bp)...done!
Finding genes in sequence #77 (1129 bp)...done!
Finding genes in sequence #78 (1097 bp)...done!
Finding genes in sequence #79 (1095 bp)...done!
Finding genes in sequence #80 (1089 bp)...done!
Finding genes in sequence #81 (1067 bp)...done!
Finding genes in sequence #82 (1057 bp)...done!
Finding genes in sequence #83 (1055 bp)...done!
Finding genes in sequence #84 (1029 bp)...done!
Finding genes in sequence #85 (1035 bp)...done!
Finding genes in sequence #86 (1027 bp)...done!
Finding genes in sequence #87 (1021 bp)...done!
Finding genes in sequence #88 (1011 bp)...done!
Finding genes in sequence #89 (1007 bp)...done!
Finding genes in sequence #90 (1005 bp)...done!
Finding genes in sequence #91 (997 bp)...done!
Finding genes in sequence #92 (991 bp)...done!
Finding genes in sequence #93 (989 bp)...done!
Finding genes in sequence #94 (977 bp)...done!
Finding genes in sequence #95 (967 bp)...done!
Finding genes in sequence #96 (961 bp)...done!
Finding genes in sequence #97 (961 bp)...done!
Finding genes in sequence #98 (959 bp)...done!
Finding genes in sequence #99 (959 bp)...done!
Finding genes in sequence #100 (949 bp)...done!
