-------------------------------------
PRODIGAL v2.6.3 [February, 2016]         
Univ of Tenn / Oak Ridge National Lab
Doug Hyatt, Loren Hauser, et al.     
-------------------------------------
Request:  Metagenomic, Phase:  Training
Initializing training files...done!
-------------------------------------
Request:  Metagenomic, Phase:  Gene Finding
Finding genes in sequence #1 (14204 bp)...done!
Finding genes in sequence #2 (4447 bp)...done!
Finding genes in sequence #3 (3745 bp)...done!
Finding genes in sequence #4 (3097 bp)...done!
Finding genes in sequence #5 (3037 bp)...done!
Finding genes in sequence #6 (2903 bp)...done!
Finding genes in sequence #7 (2380 bp)...done!
Finding genes in sequence #8 (1729 bp)...done!
Finding genes in sequence #9 (1235 bp)...done!
Finding genes in sequence #10 (1195 bp)...done!
Finding genes in sequence #11 (1185 bp)...done!
Finding genes in sequence #12 (1047 bp)...done!
Finding genes in sequence #13 (991 bp)...done!
