-------------------------------------
PRODIGAL v2.6.3 [February, 2016]         
Univ of Tenn / Oak Ridge National Lab
Doug Hyatt, Loren Hauser, et al.     
-------------------------------------
Request:  Metagenomic, Phase:  Training
Initializing training files...done!
-------------------------------------
Request:  Metagenomic, Phase:  Gene Finding
Finding genes in sequence #1 (14060 bp)...done!
Finding genes in sequence #2 (11069 bp)...done!
Finding genes in sequence #3 (11025 bp)...done!
Finding genes in sequence #4 (10788 bp)...done!
Finding genes in sequence #5 (10730 bp)...done!
Finding genes in sequence #6 (5697 bp)...done!
Finding genes in sequence #7 (4463 bp)...done!
Finding genes in sequence #8 (4247 bp)...done!
Finding genes in sequence #9 (3767 bp)...done!
Finding genes in sequence #10 (3319 bp)...done!
Finding genes in sequence #11 (3029 bp)...done!
Finding genes in sequence #12 (2713 bp)...done!
Finding genes in sequence #13 (2401 bp)...done!
Finding genes in sequence #14 (2371 bp)...done!
Finding genes in sequence #15 (2311 bp)...done!
Finding genes in sequence #16 (2167 bp)...done!
Finding genes in sequence #17 (1885 bp)...done!
Finding genes in sequence #18 (1813 bp)...done!
Finding genes in sequence #19 (1801 bp)...done!
Finding genes in sequence #20 (1795 bp)...done!
Finding genes in sequence #21 (1771 bp)...done!
Finding genes in sequence #22 (1741 bp)...done!
Finding genes in sequence #23 (1619 bp)...done!
Finding genes in sequence #24 (1589 bp)...done!
Finding genes in sequence #25 (1573 bp)...done!
Finding genes in sequence #26 (1539 bp)...done!
Finding genes in sequence #27 (1515 bp)...done!
Finding genes in sequence #28 (1513 bp)...done!
Finding genes in sequence #29 (1507 bp)...done!
Finding genes in sequence #30 (1487 bp)...done!
Finding genes in sequence #31 (1435 bp)...done!
Finding genes in sequence #32 (1429 bp)...done!
Finding genes in sequence #33 (1425 bp)...done!
Finding genes in sequence #34 (1409 bp)...done!
Finding genes in sequence #35 (1351 bp)...done!
Finding genes in sequence #36 (1325 bp)...done!
Finding genes in sequence #37 (1315 bp)...done!
Finding genes in sequence #38 (1293 bp)...done!
Finding genes in sequence #39 (1285 bp)...done!
Finding genes in sequence #40 (1279 bp)...done!
Finding genes in sequence #41 (1279 bp)...done!
Finding genes in sequence #42 (1255 bp)...done!
Finding genes in sequence #43 (1253 bp)...done!
Finding genes in sequence #44 (1245 bp)...done!
Finding genes in sequence #45 (1197 bp)...done!
Finding genes in sequence #46 (1195 bp)...done!
Finding genes in sequence #47 (1189 bp)...done!
Finding genes in sequence #48 (1183 bp)...done!
Finding genes in sequence #49 (1165 bp)...done!
Finding genes in sequence #50 (1163 bp)...done!
Finding genes in sequence #51 (1157 bp)...done!
Finding genes in sequence #52 (1143 bp)...done!
Finding genes in sequence #53 (1141 bp)...done!
Finding genes in sequence #54 (1123 bp)...done!
Finding genes in sequence #55 (1109 bp)...done!
Finding genes in sequence #56 (1109 bp)...done!
Finding genes in sequence #57 (1103 bp)...done!
Finding genes in sequence #58 (1087 bp)...done!
Finding genes in sequence #59 (1087 bp)...done!
Finding genes in sequence #60 (1075 bp)...done!
Finding genes in sequence #61 (1055 bp)...done!
Finding genes in sequence #62 (1051 bp)...done!
Finding genes in sequence #63 (1047 bp)...done!
Finding genes in sequence #64 (1043 bp)...done!
Finding genes in sequence #65 (1027 bp)...done!
Finding genes in sequence #66 (999 bp)...done!
Finding genes in sequence #67 (993 bp)...done!
Finding genes in sequence #68 (979 bp)...done!
Finding genes in sequence #69 (965 bp)...done!
Finding genes in sequence #70 (965 bp)...done!
Finding genes in sequence #71 (959 bp)...done!
Finding genes in sequence #72 (955 bp)...done!
Finding genes in sequence #73 (947 bp)...done!
