-------------------------------------
PRODIGAL v2.6.3 [February, 2016]         
Univ of Tenn / Oak Ridge National Lab
Doug Hyatt, Loren Hauser, et al.     
-------------------------------------
Request:  Metagenomic, Phase:  Training
Initializing training files...done!
-------------------------------------
Request:  Metagenomic, Phase:  Gene Finding
Finding genes in sequence #1 (13190 bp)...done!
Finding genes in sequence #2 (12456 bp)...done!
Finding genes in sequence #3 (12391 bp)...done!
Finding genes in sequence #4 (7663 bp)...done!
Finding genes in sequence #5 (6661 bp)...done!
Finding genes in sequence #6 (5227 bp)...done!
Finding genes in sequence #7 (5209 bp)...done!
Finding genes in sequence #8 (4736 bp)...done!
Finding genes in sequence #9 (4741 bp)...done!
Finding genes in sequence #10 (4135 bp)...done!
Finding genes in sequence #11 (4009 bp)...done!
Finding genes in sequence #12 (3883 bp)...done!
Finding genes in sequence #13 (3453 bp)...done!
Finding genes in sequence #14 (3317 bp)...done!
Finding genes in sequence #15 (3229 bp)...done!
Finding genes in sequence #16 (2761 bp)...done!
Finding genes in sequence #17 (2677 bp)...done!
Finding genes in sequence #18 (2587 bp)...done!
Finding genes in sequence #19 (2569 bp)...done!
Finding genes in sequence #20 (2473 bp)...done!
Finding genes in sequence #21 (2443 bp)...done!
Finding genes in sequence #22 (2427 bp)...done!
Finding genes in sequence #23 (2413 bp)...done!
Finding genes in sequence #24 (2323 bp)...done!
Finding genes in sequence #25 (2317 bp)...done!
Finding genes in sequence #26 (2054 bp)...done!
Finding genes in sequence #27 (2041 bp)...done!
Finding genes in sequence #28 (2017 bp)...done!
Finding genes in sequence #29 (1999 bp)...done!
Finding genes in sequence #30 (1931 bp)...done!
Finding genes in sequence #31 (1915 bp)...done!
Finding genes in sequence #32 (1873 bp)...done!
Finding genes in sequence #33 (1849 bp)...done!
Finding genes in sequence #34 (1819 bp)...done!
Finding genes in sequence #35 (1747 bp)...done!
Finding genes in sequence #36 (1687 bp)...done!
Finding genes in sequence #37 (1681 bp)...done!
Finding genes in sequence #38 (1551 bp)...done!
Finding genes in sequence #39 (1507 bp)...done!
Finding genes in sequence #40 (1493 bp)...done!
Finding genes in sequence #41 (1429 bp)...done!
Finding genes in sequence #42 (1425 bp)...done!
Finding genes in sequence #43 (1393 bp)...done!
Finding genes in sequence #44 (1357 bp)...done!
Finding genes in sequence #45 (1357 bp)...done!
Finding genes in sequence #46 (1339 bp)...done!
Finding genes in sequence #47 (1297 bp)...done!
Finding genes in sequence #48 (1285 bp)...done!
Finding genes in sequence #49 (1273 bp)...done!
Finding genes in sequence #50 (1249 bp)...done!
Finding genes in sequence #51 (1231 bp)...done!
Finding genes in sequence #52 (1231 bp)...done!
Finding genes in sequence #53 (1231 bp)...done!
Finding genes in sequence #54 (1219 bp)...done!
Finding genes in sequence #55 (1195 bp)...done!
Finding genes in sequence #56 (1183 bp)...done!
Finding genes in sequence #57 (1159 bp)...done!
Finding genes in sequence #58 (1135 bp)...done!
Finding genes in sequence #59 (1129 bp)...done!
Finding genes in sequence #60 (1123 bp)...done!
Finding genes in sequence #61 (1105 bp)...done!
Finding genes in sequence #62 (1081 bp)...done!
Finding genes in sequence #63 (1063 bp)...done!
Finding genes in sequence #64 (1063 bp)...done!
Finding genes in sequence #65 (1063 bp)...done!
Finding genes in sequence #66 (1045 bp)...done!
Finding genes in sequence #67 (1043 bp)...done!
Finding genes in sequence #68 (1033 bp)...done!
Finding genes in sequence #69 (1027 bp)...done!
Finding genes in sequence #70 (1013 bp)...done!
Finding genes in sequence #71 (1009 bp)...done!
Finding genes in sequence #72 (1003 bp)...done!
Finding genes in sequence #73 (991 bp)...done!
Finding genes in sequence #74 (973 bp)...done!
Finding genes in sequence #75 (973 bp)...done!
Finding genes in sequence #76 (959 bp)...done!
