-------------------------------------
PRODIGAL v2.6.3 [February, 2016]         
Univ of Tenn / Oak Ridge National Lab
Doug Hyatt, Loren Hauser, et al.     
-------------------------------------
Request:  Metagenomic, Phase:  Training
Initializing training files...done!
-------------------------------------
Request:  Metagenomic, Phase:  Gene Finding
Finding genes in sequence #1 (21484 bp)...done!
Finding genes in sequence #2 (17836 bp)...done!
Finding genes in sequence #3 (14125 bp)...done!
Finding genes in sequence #4 (13589 bp)...done!
Finding genes in sequence #5 (11178 bp)...done!
Finding genes in sequence #6 (6331 bp)...done!
Finding genes in sequence #7 (6103 bp)...done!
Finding genes in sequence #8 (5443 bp)...done!
Finding genes in sequence #9 (5086 bp)...done!
Finding genes in sequence #10 (3561 bp)...done!
Finding genes in sequence #11 (3319 bp)...done!
Finding genes in sequence #12 (3127 bp)...done!
Finding genes in sequence #13 (3079 bp)...done!
Finding genes in sequence #14 (2869 bp)...done!
Finding genes in sequence #15 (2821 bp)...done!
Finding genes in sequence #16 (1953 bp)...done!
Finding genes in sequence #17 (1933 bp)...done!
Finding genes in sequence #18 (1801 bp)...done!
Finding genes in sequence #19 (1791 bp)...done!
Finding genes in sequence #20 (1769 bp)...done!
Finding genes in sequence #21 (1741 bp)...done!
Finding genes in sequence #22 (1657 bp)...done!
Finding genes in sequence #23 (1655 bp)...done!
Finding genes in sequence #24 (1651 bp)...done!
Finding genes in sequence #25 (1645 bp)...done!
Finding genes in sequence #26 (1619 bp)...done!
Finding genes in sequence #27 (1597 bp)...done!
Finding genes in sequence #28 (1593 bp)...done!
Finding genes in sequence #29 (1569 bp)...done!
Finding genes in sequence #30 (1529 bp)...done!
Finding genes in sequence #31 (1527 bp)...done!
Finding genes in sequence #32 (1519 bp)...done!
Finding genes in sequence #33 (1515 bp)...done!
Finding genes in sequence #34 (1515 bp)...done!
Finding genes in sequence #35 (1487 bp)...done!
Finding genes in sequence #36 (1459 bp)...done!
Finding genes in sequence #37 (706 bp)...done!
Finding genes in sequence #38 (1353 bp)...done!
Finding genes in sequence #39 (1347 bp)...done!
Finding genes in sequence #40 (1309 bp)...done!
Finding genes in sequence #41 (1285 bp)...done!
Finding genes in sequence #42 (1279 bp)...done!
Finding genes in sequence #43 (1275 bp)...done!
Finding genes in sequence #44 (1251 bp)...done!
Finding genes in sequence #45 (1249 bp)...done!
Finding genes in sequence #46 (1245 bp)...done!
Finding genes in sequence #47 (1229 bp)...done!
Finding genes in sequence #48 (1219 bp)...done!
Finding genes in sequence #49 (1197 bp)...done!
Finding genes in sequence #50 (1195 bp)...done!
Finding genes in sequence #51 (1189 bp)...done!
Finding genes in sequence #52 (1167 bp)...done!
Finding genes in sequence #53 (1167 bp)...done!
Finding genes in sequence #54 (1153 bp)...done!
Finding genes in sequence #55 (1147 bp)...done!
Finding genes in sequence #56 (1145 bp)...done!
Finding genes in sequence #57 (1137 bp)...done!
Finding genes in sequence #58 (1133 bp)...done!
Finding genes in sequence #59 (1123 bp)...done!
Finding genes in sequence #60 (1093 bp)...done!
Finding genes in sequence #61 (1091 bp)...done!
Finding genes in sequence #62 (1089 bp)...done!
Finding genes in sequence #63 (1087 bp)...done!
Finding genes in sequence #64 (1087 bp)...done!
Finding genes in sequence #65 (1075 bp)...done!
Finding genes in sequence #66 (1073 bp)...done!
Finding genes in sequence #67 (1073 bp)...done!
Finding genes in sequence #68 (1063 bp)...done!
Finding genes in sequence #69 (1055 bp)...done!
Finding genes in sequence #70 (1049 bp)...done!
Finding genes in sequence #71 (1047 bp)...done!
Finding genes in sequence #72 (1045 bp)...done!
Finding genes in sequence #73 (1043 bp)...done!
Finding genes in sequence #74 (1043 bp)...done!
Finding genes in sequence #75 (1043 bp)...done!
Finding genes in sequence #76 (1043 bp)...done!
Finding genes in sequence #77 (1033 bp)...done!
Finding genes in sequence #78 (1029 bp)...done!
Finding genes in sequence #79 (1025 bp)...done!
Finding genes in sequence #80 (1017 bp)...done!
Finding genes in sequence #81 (1013 bp)...done!
Finding genes in sequence #82 (1013 bp)...done!
Finding genes in sequence #83 (884 bp)...done!
Finding genes in sequence #84 (999 bp)...done!
Finding genes in sequence #85 (995 bp)...done!
Finding genes in sequence #86 (993 bp)...done!
Finding genes in sequence #87 (987 bp)...done!
Finding genes in sequence #88 (979 bp)...done!
Finding genes in sequence #89 (954 bp)...done!
Finding genes in sequence #90 (967 bp)...done!
Finding genes in sequence #91 (967 bp)...done!
Finding genes in sequence #92 (959 bp)...done!
