-------------------------------------
PRODIGAL v2.6.3 [February, 2016]         
Univ of Tenn / Oak Ridge National Lab
Doug Hyatt, Loren Hauser, et al.     
-------------------------------------
Request:  Metagenomic, Phase:  Training
Initializing training files...done!
-------------------------------------
Request:  Metagenomic, Phase:  Gene Finding
Finding genes in sequence #1 (40989 bp)...done!
Finding genes in sequence #2 (4363 bp)...done!
Finding genes in sequence #3 (4129 bp)...done!
Finding genes in sequence #4 (4001 bp)...done!
Finding genes in sequence #5 (3229 bp)...done!
Finding genes in sequence #6 (3037 bp)...done!
Finding genes in sequence #7 (2911 bp)...done!
Finding genes in sequence #8 (2761 bp)...done!
Finding genes in sequence #9 (2665 bp)...done!
Finding genes in sequence #10 (2533 bp)...done!
Finding genes in sequence #11 (2475 bp)...done!
Finding genes in sequence #12 (2305 bp)...done!
Finding genes in sequence #13 (2281 bp)...done!
Finding genes in sequence #14 (2119 bp)...done!
Finding genes in sequence #15 (2095 bp)...done!
Finding genes in sequence #16 (2085 bp)...done!
Finding genes in sequence #17 (1915 bp)...done!
Finding genes in sequence #18 (1813 bp)...done!
Finding genes in sequence #19 (1795 bp)...done!
Finding genes in sequence #20 (1789 bp)...done!
Finding genes in sequence #21 (1759 bp)...done!
Finding genes in sequence #22 (1687 bp)...done!
Finding genes in sequence #23 (1657 bp)...done!
Finding genes in sequence #24 (1627 bp)...done!
Finding genes in sequence #25 (1548 bp)...done!
Finding genes in sequence #26 (1567 bp)...done!
Finding genes in sequence #27 (1525 bp)...done!
Finding genes in sequence #28 (1497 bp)...done!
Finding genes in sequence #29 (1495 bp)...done!
Finding genes in sequence #30 (1483 bp)...done!
Finding genes in sequence #31 (1397 bp)...done!
Finding genes in sequence #32 (1369 bp)...done!
Finding genes in sequence #33 (1371 bp)...done!
Finding genes in sequence #34 (1153 bp)...done!
Finding genes in sequence #35 (1147 bp)...done!
Finding genes in sequence #36 (1135 bp)...done!
Finding genes in sequence #37 (1117 bp)...done!
Finding genes in sequence #38 (1111 bp)...done!
Finding genes in sequence #39 (1105 bp)...done!
Finding genes in sequence #40 (1093 bp)...done!
Finding genes in sequence #41 (1055 bp)...done!
Finding genes in sequence #42 (1005 bp)...done!
Finding genes in sequence #43 (997 bp)...done!
Finding genes in sequence #44 (991 bp)...done!
Finding genes in sequence #45 (979 bp)...done!
Finding genes in sequence #46 (973 bp)...done!
Finding genes in sequence #47 (967 bp)...done!
Finding genes in sequence #48 (961 bp)...done!
Finding genes in sequence #49 (949 bp)...done!
