-------------------------------------
PRODIGAL v2.6.3 [February, 2016]         
Univ of Tenn / Oak Ridge National Lab
Doug Hyatt, Loren Hauser, et al.     
-------------------------------------
Request:  Metagenomic, Phase:  Training
Initializing training files...done!
-------------------------------------
Request:  Metagenomic, Phase:  Gene Finding
Finding genes in sequence #1 (3675 bp)...done!
Finding genes in sequence #2 (3457 bp)...done!
Finding genes in sequence #3 (2233 bp)...done!
Finding genes in sequence #4 (1513 bp)...done!
Finding genes in sequence #5 (1309 bp)...done!
Finding genes in sequence #6 (1301 bp)...done!
Finding genes in sequence #7 (1291 bp)...done!
Finding genes in sequence #8 (1255 bp)...done!
Finding genes in sequence #9 (1241 bp)...done!
Finding genes in sequence #10 (1167 bp)...done!
Finding genes in sequence #11 (1129 bp)...done!
Finding genes in sequence #12 (975 bp)...done!
Finding genes in sequence #13 (963 bp)...done!
Finding genes in sequence #14 (957 bp)...done!
Finding genes in sequence #15 (971 bp)...done!
Finding genes in sequence #16 (935 bp)...done!
Finding genes in sequence #17 (933 bp)...done!
Finding genes in sequence #18 (897 bp)...done!
Finding genes in sequence #19 (895 bp)...done!
Finding genes in sequence #20 (881 bp)...done!
Finding genes in sequence #21 (879 bp)...done!
