-------------------------------------
PRODIGAL v2.6.3 [February, 2016]         
Univ of Tenn / Oak Ridge National Lab
Doug Hyatt, Loren Hauser, et al.     
-------------------------------------
Request:  Metagenomic, Phase:  Training
Initializing training files...done!
-------------------------------------
Request:  Metagenomic, Phase:  Gene Finding
Finding genes in sequence #1 (3811 bp)...done!
Finding genes in sequence #2 (3745 bp)...done!
Finding genes in sequence #3 (3693 bp)...done!
Finding genes in sequence #4 (3529 bp)...done!
Finding genes in sequence #5 (3523 bp)...done!
Finding genes in sequence #6 (3517 bp)...done!
Finding genes in sequence #7 (3477 bp)...done!
Finding genes in sequence #8 (3079 bp)...done!
Finding genes in sequence #9 (2965 bp)...done!
Finding genes in sequence #10 (2765 bp)...done!
Finding genes in sequence #11 (2613 bp)...done!
Finding genes in sequence #12 (2335 bp)...done!
Finding genes in sequence #13 (2167 bp)...done!
Finding genes in sequence #14 (2143 bp)...done!
Finding genes in sequence #15 (2107 bp)...done!
Finding genes in sequence #16 (2027 bp)...done!
Finding genes in sequence #17 (1989 bp)...done!
Finding genes in sequence #18 (1909 bp)...done!
Finding genes in sequence #19 (1875 bp)...done!
Finding genes in sequence #20 (1873 bp)...done!
Finding genes in sequence #21 (1855 bp)...done!
Finding genes in sequence #22 (1833 bp)...done!
Finding genes in sequence #23 (1819 bp)...done!
Finding genes in sequence #24 (1795 bp)...done!
Finding genes in sequence #25 (1795 bp)...done!
Finding genes in sequence #26 (1771 bp)...done!
Finding genes in sequence #27 (1711 bp)...done!
Finding genes in sequence #28 (1675 bp)...done!
Finding genes in sequence #29 (1621 bp)...done!
Finding genes in sequence #30 (1609 bp)...done!
Finding genes in sequence #31 (1567 bp)...done!
Finding genes in sequence #32 (1555 bp)...done!
Finding genes in sequence #33 (1489 bp)...done!
Finding genes in sequence #34 (1473 bp)...done!
Finding genes in sequence #35 (1471 bp)...done!
Finding genes in sequence #36 (1429 bp)...done!
Finding genes in sequence #37 (1389 bp)...done!
Finding genes in sequence #38 (1381 bp)...done!
Finding genes in sequence #39 (1363 bp)...done!
Finding genes in sequence #40 (1351 bp)...done!
Finding genes in sequence #41 (1341 bp)...done!
Finding genes in sequence #42 (1315 bp)...done!
Finding genes in sequence #43 (1305 bp)...done!
Finding genes in sequence #44 (1275 bp)...done!
Finding genes in sequence #45 (1243 bp)...done!
Finding genes in sequence #46 (1219 bp)...done!
Finding genes in sequence #47 (1189 bp)...done!
Finding genes in sequence #48 (1161 bp)...done!
Finding genes in sequence #49 (1159 bp)...done!
Finding genes in sequence #50 (1137 bp)...done!
Finding genes in sequence #51 (1109 bp)...done!
Finding genes in sequence #52 (1093 bp)...done!
Finding genes in sequence #53 (1087 bp)...done!
Finding genes in sequence #54 (1069 bp)...done!
Finding genes in sequence #55 (1059 bp)...done!
Finding genes in sequence #56 (1055 bp)...done!
Finding genes in sequence #57 (1051 bp)...done!
Finding genes in sequence #58 (1047 bp)...done!
Finding genes in sequence #59 (1045 bp)...done!
Finding genes in sequence #60 (1043 bp)...done!
Finding genes in sequence #61 (1035 bp)...done!
Finding genes in sequence #62 (1033 bp)...done!
Finding genes in sequence #63 (1027 bp)...done!
Finding genes in sequence #64 (1021 bp)...done!
Finding genes in sequence #65 (1011 bp)...done!
Finding genes in sequence #66 (1009 bp)...done!
Finding genes in sequence #67 (973 bp)...done!
Finding genes in sequence #68 (961 bp)...done!
Finding genes in sequence #69 (949 bp)...done!
