-------------------------------------
PRODIGAL v2.6.3 [February, 2016]         
Univ of Tenn / Oak Ridge National Lab
Doug Hyatt, Loren Hauser, et al.     
-------------------------------------
Request:  Metagenomic, Phase:  Training
Initializing training files...done!
-------------------------------------
Request:  Metagenomic, Phase:  Gene Finding
Finding genes in sequence #1 (1121 bp)...done!
Finding genes in sequence #2 (1159 bp)...done!
Finding genes in sequence #3 (2555 bp)...done!
Finding genes in sequence #4 (2605 bp)...done!
Finding genes in sequence #5 (2671 bp)...done!
Finding genes in sequence #6 (1045 bp)...done!
Finding genes in sequence #7 (2585 bp)...done!
Finding genes in sequence #8 (1755 bp)...done!
Finding genes in sequence #9 (1029 bp)...done!
Finding genes in sequence #10 (3643 bp)...done!
Finding genes in sequence #11 (1379 bp)...done!
Finding genes in sequence #12 (10386 bp)...done!
Finding genes in sequence #13 (3663 bp)...done!
