-------------------------------------
PRODIGAL v2.6.3 [February, 2016]         
Univ of Tenn / Oak Ridge National Lab
Doug Hyatt, Loren Hauser, et al.     
-------------------------------------
Request:  Metagenomic, Phase:  Training
Initializing training files...done!
-------------------------------------
Request:  Metagenomic, Phase:  Gene Finding
Finding genes in sequence #1 (13172 bp)...done!
Finding genes in sequence #2 (10386 bp)...done!
Finding genes in sequence #3 (2233 bp)...done!
Finding genes in sequence #4 (1711 bp)...done!
Finding genes in sequence #5 (1301 bp)...done!
Finding genes in sequence #6 (1209 bp)...done!
Finding genes in sequence #7 (1039 bp)...done!
Finding genes in sequence #8 (1027 bp)...done!
Finding genes in sequence #9 (999 bp)...done!
Finding genes in sequence #10 (985 bp)...done!
Finding genes in sequence #11 (969 bp)...done!
Finding genes in sequence #12 (949 bp)...done!
