-------------------------------------
PRODIGAL v2.6.3 [February, 2016]         
Univ of Tenn / Oak Ridge National Lab
Doug Hyatt, Loren Hauser, et al.     
-------------------------------------
Request:  Metagenomic, Phase:  Training
Initializing training files...done!
-------------------------------------
Request:  Metagenomic, Phase:  Gene Finding
Finding genes in sequence #1 (17130 bp)...done!
Finding genes in sequence #2 (15986 bp)...done!
Finding genes in sequence #3 (14697 bp)...done!
Finding genes in sequence #4 (14066 bp)...done!
Finding genes in sequence #5 (14001 bp)...done!
Finding genes in sequence #6 (13598 bp)...done!
Finding genes in sequence #7 (12963 bp)...done!
Finding genes in sequence #8 (12325 bp)...done!
Finding genes in sequence #9 (12302 bp)...done!
Finding genes in sequence #10 (11882 bp)...done!
Finding genes in sequence #11 (11667 bp)...done!
Finding genes in sequence #12 (11372 bp)...done!
Finding genes in sequence #13 (11256 bp)...done!
Finding genes in sequence #14 (11227 bp)...done!
Finding genes in sequence #15 (11181 bp)...done!
Finding genes in sequence #16 (11069 bp)...done!
Finding genes in sequence #17 (11025 bp)...done!
Finding genes in sequence #18 (10730 bp)...done!
Finding genes in sequence #19 (10534 bp)...done!
Finding genes in sequence #20 (10508 bp)...done!
Finding genes in sequence #21 (9755 bp)...done!
Finding genes in sequence #22 (7337 bp)...done!
Finding genes in sequence #23 (6887 bp)...done!
Finding genes in sequence #24 (5863 bp)...done!
Finding genes in sequence #25 (4549 bp)...done!
Finding genes in sequence #26 (3931 bp)...done!
Finding genes in sequence #27 (3587 bp)...done!
Finding genes in sequence #28 (3545 bp)...done!
Finding genes in sequence #29 (3535 bp)...done!
Finding genes in sequence #30 (3319 bp)...done!
Finding genes in sequence #31 (3319 bp)...done!
Finding genes in sequence #32 (3305 bp)...done!
Finding genes in sequence #33 (3195 bp)...done!
Finding genes in sequence #34 (3147 bp)...done!
Finding genes in sequence #35 (3091 bp)...done!
Finding genes in sequence #36 (3081 bp)...done!
Finding genes in sequence #37 (2785 bp)...done!
Finding genes in sequence #38 (2711 bp)...done!
Finding genes in sequence #39 (2665 bp)...done!
Finding genes in sequence #40 (2635 bp)...done!
Finding genes in sequence #41 (2611 bp)...done!
Finding genes in sequence #42 (2583 bp)...done!
Finding genes in sequence #43 (2525 bp)...done!
Finding genes in sequence #44 (2481 bp)...done!
Finding genes in sequence #45 (2479 bp)...done!
Finding genes in sequence #46 (2445 bp)...done!
Finding genes in sequence #47 (2427 bp)...done!
Finding genes in sequence #48 (2309 bp)...done!
Finding genes in sequence #49 (2255 bp)...done!
Finding genes in sequence #50 (2119 bp)...done!
Finding genes in sequence #51 (2107 bp)...done!
Finding genes in sequence #52 (2041 bp)...done!
Finding genes in sequence #53 (1885 bp)...done!
Finding genes in sequence #54 (1875 bp)...done!
Finding genes in sequence #55 (1859 bp)...done!
Finding genes in sequence #56 (1815 bp)...done!
Finding genes in sequence #57 (1807 bp)...done!
Finding genes in sequence #58 (1807 bp)...done!
Finding genes in sequence #59 (1801 bp)...done!
Finding genes in sequence #60 (1795 bp)...done!
Finding genes in sequence #61 (1795 bp)...done!
Finding genes in sequence #62 (1789 bp)...done!
Finding genes in sequence #63 (1787 bp)...done!
Finding genes in sequence #64 (1775 bp)...done!
Finding genes in sequence #65 (1771 bp)...done!
Finding genes in sequence #66 (1765 bp)...done!
Finding genes in sequence #67 (1741 bp)...done!
Finding genes in sequence #68 (1741 bp)...done!
Finding genes in sequence #69 (1654 bp)...done!
Finding genes in sequence #70 (1665 bp)...done!
Finding genes in sequence #71 (1639 bp)...done!
Finding genes in sequence #72 (1617 bp)...done!
Finding genes in sequence #73 (1597 bp)...done!
Finding genes in sequence #74 (1589 bp)...done!
Finding genes in sequence #75 (1575 bp)...done!
Finding genes in sequence #76 (1547 bp)...done!
Finding genes in sequence #77 (1531 bp)...done!
Finding genes in sequence #78 (1519 bp)...done!
Finding genes in sequence #79 (1515 bp)...done!
Finding genes in sequence #80 (1513 bp)...done!
Finding genes in sequence #81 (1505 bp)...done!
Finding genes in sequence #82 (1477 bp)...done!
Finding genes in sequence #83 (1435 bp)...done!
Finding genes in sequence #84 (1429 bp)...done!
Finding genes in sequence #85 (1415 bp)...done!
Finding genes in sequence #86 (1389 bp)...done!
Finding genes in sequence #87 (1381 bp)...done!
Finding genes in sequence #88 (1361 bp)...done!
Finding genes in sequence #89 (1357 bp)...done!
Finding genes in sequence #90 (1353 bp)...done!
Finding genes in sequence #91 (1285 bp)...done!
Finding genes in sequence #92 (1267 bp)...done!
Finding genes in sequence #93 (1154 bp)...done!
Finding genes in sequence #94 (1243 bp)...done!
Finding genes in sequence #95 (1241 bp)...done!
Finding genes in sequence #96 (1241 bp)...done!
Finding genes in sequence #97 (1197 bp)...done!
Finding genes in sequence #98 (1189 bp)...done!
Finding genes in sequence #99 (1171 bp)...done!
Finding genes in sequence #100 (1171 bp)...done!
Finding genes in sequence #101 (1171 bp)...done!
Finding genes in sequence #102 (1165 bp)...done!
Finding genes in sequence #103 (1163 bp)...done!
Finding genes in sequence #104 (1157 bp)...done!
Finding genes in sequence #105 (1155 bp)...done!
Finding genes in sequence #106 (1141 bp)...done!
Finding genes in sequence #107 (1135 bp)...done!
Finding genes in sequence #108 (1133 bp)...done!
Finding genes in sequence #109 (1125 bp)...done!
Finding genes in sequence #110 (1125 bp)...done!
Finding genes in sequence #111 (1115 bp)...done!
Finding genes in sequence #112 (1113 bp)...done!
Finding genes in sequence #113 (1109 bp)...done!
Finding genes in sequence #114 (1097 bp)...done!
Finding genes in sequence #115 (1095 bp)...done!
Finding genes in sequence #116 (1089 bp)...done!
Finding genes in sequence #117 (1089 bp)...done!
Finding genes in sequence #118 (1069 bp)...done!
Finding genes in sequence #119 (1055 bp)...done!
Finding genes in sequence #120 (1039 bp)...done!
Finding genes in sequence #121 (1021 bp)...done!
Finding genes in sequence #122 (1019 bp)...done!
Finding genes in sequence #123 (995 bp)...done!
Finding genes in sequence #124 (993 bp)...done!
Finding genes in sequence #125 (985 bp)...done!
Finding genes in sequence #126 (979 bp)...done!
Finding genes in sequence #127 (979 bp)...done!
Finding genes in sequence #128 (973 bp)...done!
Finding genes in sequence #129 (973 bp)...done!
Finding genes in sequence #130 (973 bp)...done!
Finding genes in sequence #131 (961 bp)...done!
Finding genes in sequence #132 (959 bp)...done!
Finding genes in sequence #133 (957 bp)...done!
Finding genes in sequence #134 (955 bp)...done!
Finding genes in sequence #135 (955 bp)...done!
Finding genes in sequence #136 (947 bp)...done!
Finding genes in sequence #137 (945 bp)...done!
