-------------------------------------
PRODIGAL v2.6.3 [February, 2016]         
Univ of Tenn / Oak Ridge National Lab
Doug Hyatt, Loren Hauser, et al.     
-------------------------------------
Request:  Metagenomic, Phase:  Training
Initializing training files...done!
-------------------------------------
Request:  Metagenomic, Phase:  Gene Finding
Finding genes in sequence #1 (10386 bp)...done!
Finding genes in sequence #2 (5089 bp)...done!
Finding genes in sequence #3 (5083 bp)...done!
Finding genes in sequence #4 (5077 bp)...done!
Finding genes in sequence #5 (4987 bp)...done!
Finding genes in sequence #6 (4979 bp)...done!
Finding genes in sequence #7 (4765 bp)...done!
Finding genes in sequence #8 (4755 bp)...done!
Finding genes in sequence #9 (4615 bp)...done!
Finding genes in sequence #10 (4533 bp)...done!
Finding genes in sequence #11 (4459 bp)...done!
Finding genes in sequence #12 (4411 bp)...done!
Finding genes in sequence #13 (3859 bp)...done!
Finding genes in sequence #14 (3817 bp)...done!
Finding genes in sequence #15 (3811 bp)...done!
Finding genes in sequence #16 (3727 bp)...done!
Finding genes in sequence #17 (3643 bp)...done!
Finding genes in sequence #18 (3583 bp)...done!
Finding genes in sequence #19 (3553 bp)...done!
Finding genes in sequence #20 (3511 bp)...done!
Finding genes in sequence #21 (3445 bp)...done!
Finding genes in sequence #22 (3415 bp)...done!
Finding genes in sequence #23 (3391 bp)...done!
Finding genes in sequence #24 (3385 bp)...done!
Finding genes in sequence #25 (3355 bp)...done!
Finding genes in sequence #26 (3355 bp)...done!
Finding genes in sequence #27 (3349 bp)...done!
Finding genes in sequence #28 (3343 bp)...done!
Finding genes in sequence #29 (3331 bp)...done!
Finding genes in sequence #30 (3301 bp)...done!
Finding genes in sequence #31 (3277 bp)...done!
Finding genes in sequence #32 (3247 bp)...done!
Finding genes in sequence #33 (3217 bp)...done!
Finding genes in sequence #34 (3139 bp)...done!
Finding genes in sequence #35 (3139 bp)...done!
Finding genes in sequence #36 (3123 bp)...done!
Finding genes in sequence #37 (3121 bp)...done!
Finding genes in sequence #38 (3097 bp)...done!
Finding genes in sequence #39 (3085 bp)...done!
Finding genes in sequence #40 (3085 bp)...done!
Finding genes in sequence #41 (3043 bp)...done!
Finding genes in sequence #42 (3005 bp)...done!
Finding genes in sequence #43 (3001 bp)...done!
Finding genes in sequence #44 (2953 bp)...done!
Finding genes in sequence #45 (2758 bp)...done!
Finding genes in sequence #46 (2893 bp)...done!
Finding genes in sequence #47 (2887 bp)...done!
Finding genes in sequence #48 (2869 bp)...done!
Finding genes in sequence #49 (2857 bp)...done!
Finding genes in sequence #50 (2833 bp)...done!
Finding genes in sequence #51 (2779 bp)...done!
Finding genes in sequence #52 (2755 bp)...done!
Finding genes in sequence #53 (2755 bp)...done!
Finding genes in sequence #54 (2725 bp)...done!
Finding genes in sequence #55 (2719 bp)...done!
Finding genes in sequence #56 (2719 bp)...done!
Finding genes in sequence #57 (2677 bp)...done!
Finding genes in sequence #58 (2677 bp)...done!
Finding genes in sequence #59 (2629 bp)...done!
Finding genes in sequence #60 (2557 bp)...done!
Finding genes in sequence #61 (2545 bp)...done!
Finding genes in sequence #62 (2545 bp)...done!
Finding genes in sequence #63 (2539 bp)...done!
Finding genes in sequence #64 (2527 bp)...done!
Finding genes in sequence #65 (2521 bp)...done!
Finding genes in sequence #66 (2521 bp)...done!
Finding genes in sequence #67 (2515 bp)...done!
Finding genes in sequence #68 (2503 bp)...done!
Finding genes in sequence #69 (2503 bp)...done!
Finding genes in sequence #70 (2497 bp)...done!
Finding genes in sequence #71 (2491 bp)...done!
Finding genes in sequence #72 (2491 bp)...done!
Finding genes in sequence #73 (2473 bp)...done!
Finding genes in sequence #74 (2473 bp)...done!
Finding genes in sequence #75 (2461 bp)...done!
Finding genes in sequence #76 (2455 bp)...done!
Finding genes in sequence #77 (2437 bp)...done!
Finding genes in sequence #78 (2437 bp)...done!
Finding genes in sequence #79 (2431 bp)...done!
Finding genes in sequence #80 (2413 bp)...done!
Finding genes in sequence #81 (2407 bp)...done!
Finding genes in sequence #82 (2341 bp)...done!
Finding genes in sequence #83 (2329 bp)...done!
Finding genes in sequence #84 (2323 bp)...done!
Finding genes in sequence #85 (2311 bp)...done!
Finding genes in sequence #86 (2299 bp)...done!
Finding genes in sequence #87 (2293 bp)...done!
Finding genes in sequence #88 (2293 bp)...done!
Finding genes in sequence #89 (2281 bp)...done!
Finding genes in sequence #90 (2275 bp)...done!
Finding genes in sequence #91 (2258 bp)...done!
Finding genes in sequence #92 (2251 bp)...done!
Finding genes in sequence #93 (2251 bp)...done!
Finding genes in sequence #94 (2239 bp)...done!
Finding genes in sequence #95 (2237 bp)...done!
Finding genes in sequence #96 (2227 bp)...done!
Finding genes in sequence #97 (2221 bp)...done!
Finding genes in sequence #98 (2215 bp)...done!
Finding genes in sequence #99 (2209 bp)...done!
Finding genes in sequence #100 (2209 bp)...done!
Finding genes in sequence #101 (2125 bp)...done!
Finding genes in sequence #102 (2101 bp)...done!
Finding genes in sequence #103 (1964 bp)...done!
Finding genes in sequence #104 (2059 bp)...done!
Finding genes in sequence #105 (2055 bp)...done!
Finding genes in sequence #106 (2023 bp)...done!
Finding genes in sequence #107 (2021 bp)...done!
Finding genes in sequence #108 (2017 bp)...done!
Finding genes in sequence #109 (2011 bp)...done!
Finding genes in sequence #110 (1999 bp)...done!
Finding genes in sequence #111 (1999 bp)...done!
Finding genes in sequence #112 (1993 bp)...done!
Finding genes in sequence #113 (1991 bp)...done!
Finding genes in sequence #114 (1981 bp)...done!
Finding genes in sequence #115 (1969 bp)...done!
Finding genes in sequence #116 (1969 bp)...done!
Finding genes in sequence #117 (1963 bp)...done!
Finding genes in sequence #118 (1945 bp)...done!
Finding genes in sequence #119 (1945 bp)...done!
Finding genes in sequence #120 (1939 bp)...done!
Finding genes in sequence #121 (1927 bp)...done!
Finding genes in sequence #122 (1927 bp)...done!
Finding genes in sequence #123 (1927 bp)...done!
Finding genes in sequence #124 (1915 bp)...done!
Finding genes in sequence #125 (1909 bp)...done!
Finding genes in sequence #126 (1909 bp)...done!
Finding genes in sequence #127 (1909 bp)...done!
Finding genes in sequence #128 (1909 bp)...done!
Finding genes in sequence #129 (1909 bp)...done!
Finding genes in sequence #130 (1903 bp)...done!
Finding genes in sequence #131 (1901 bp)...done!
Finding genes in sequence #132 (1897 bp)...done!
Finding genes in sequence #133 (1879 bp)...done!
Finding genes in sequence #134 (1873 bp)...done!
Finding genes in sequence #135 (1861 bp)...done!
Finding genes in sequence #136 (1861 bp)...done!
Finding genes in sequence #137 (1855 bp)...done!
Finding genes in sequence #138 (1849 bp)...done!
Finding genes in sequence #139 (1843 bp)...done!
Finding genes in sequence #140 (1837 bp)...done!
Finding genes in sequence #141 (1831 bp)...done!
Finding genes in sequence #142 (1825 bp)...done!
Finding genes in sequence #143 (1813 bp)...done!
Finding genes in sequence #144 (1813 bp)...done!
Finding genes in sequence #145 (1807 bp)...done!
Finding genes in sequence #146 (1801 bp)...done!
Finding genes in sequence #147 (1801 bp)...done!
Finding genes in sequence #148 (1793 bp)...done!
Finding genes in sequence #149 (1791 bp)...done!
Finding genes in sequence #150 (1789 bp)...done!
Finding genes in sequence #151 (1783 bp)...done!
Finding genes in sequence #152 (1783 bp)...done!
Finding genes in sequence #153 (1783 bp)...done!
Finding genes in sequence #154 (1777 bp)...done!
Finding genes in sequence #155 (1771 bp)...done!
Finding genes in sequence #156 (1765 bp)...done!
Finding genes in sequence #157 (1765 bp)...done!
Finding genes in sequence #158 (1753 bp)...done!
Finding genes in sequence #159 (1735 bp)...done!
Finding genes in sequence #160 (1729 bp)...done!
Finding genes in sequence #161 (1729 bp)...done!
Finding genes in sequence #162 (1717 bp)...done!
Finding genes in sequence #163 (1715 bp)...done!
Finding genes in sequence #164 (1711 bp)...done!
Finding genes in sequence #165 (1711 bp)...done!
Finding genes in sequence #166 (1711 bp)...done!
Finding genes in sequence #167 (1705 bp)...done!
Finding genes in sequence #168 (1699 bp)...done!
Finding genes in sequence #169 (1693 bp)...done!
Finding genes in sequence #170 (1693 bp)...done!
Finding genes in sequence #171 (1693 bp)...done!
Finding genes in sequence #172 (1693 bp)...done!
Finding genes in sequence #173 (1693 bp)...done!
Finding genes in sequence #174 (1693 bp)...done!
Finding genes in sequence #175 (1693 bp)...done!
Finding genes in sequence #176 (1693 bp)...done!
Finding genes in sequence #177 (1693 bp)...done!
Finding genes in sequence #178 (1687 bp)...done!
Finding genes in sequence #179 (1687 bp)...done!
Finding genes in sequence #180 (1687 bp)...done!
Finding genes in sequence #181 (1675 bp)...done!
Finding genes in sequence #182 (1675 bp)...done!
Finding genes in sequence #183 (1669 bp)...done!
Finding genes in sequence #184 (1663 bp)...done!
Finding genes in sequence #185 (1663 bp)...done!
Finding genes in sequence #186 (1657 bp)...done!
Finding genes in sequence #187 (1651 bp)...done!
Finding genes in sequence #188 (1651 bp)...done!
Finding genes in sequence #189 (1651 bp)...done!
Finding genes in sequence #190 (1651 bp)...done!
Finding genes in sequence #191 (1651 bp)...done!
Finding genes in sequence #192 (1651 bp)...done!
Finding genes in sequence #193 (1645 bp)...done!
Finding genes in sequence #194 (1645 bp)...done!
Finding genes in sequence #195 (1645 bp)...done!
Finding genes in sequence #196 (1645 bp)...done!
Finding genes in sequence #197 (1645 bp)...done!
Finding genes in sequence #198 (1639 bp)...done!
Finding genes in sequence #199 (1633 bp)...done!
Finding genes in sequence #200 (1633 bp)...done!
Finding genes in sequence #201 (1635 bp)...done!
Finding genes in sequence #202 (1627 bp)...done!
Finding genes in sequence #203 (1621 bp)...done!
Finding genes in sequence #204 (1621 bp)...done!
Finding genes in sequence #205 (1621 bp)...done!
Finding genes in sequence #206 (1621 bp)...done!
Finding genes in sequence #207 (1621 bp)...done!
Finding genes in sequence #208 (1609 bp)...done!
Finding genes in sequence #209 (1597 bp)...done!
Finding genes in sequence #210 (1597 bp)...done!
Finding genes in sequence #211 (1597 bp)...done!
Finding genes in sequence #212 (1595 bp)...done!
Finding genes in sequence #213 (1591 bp)...done!
Finding genes in sequence #214 (1591 bp)...done!
Finding genes in sequence #215 (1579 bp)...done!
Finding genes in sequence #216 (1573 bp)...done!
Finding genes in sequence #217 (1569 bp)...done!
Finding genes in sequence #218 (1567 bp)...done!
Finding genes in sequence #219 (1567 bp)...done!
Finding genes in sequence #220 (1561 bp)...done!
Finding genes in sequence #221 (1549 bp)...done!
Finding genes in sequence #222 (1545 bp)...done!
Finding genes in sequence #223 (1531 bp)...done!
Finding genes in sequence #224 (1525 bp)...done!
Finding genes in sequence #225 (1525 bp)...done!
Finding genes in sequence #226 (1513 bp)...done!
Finding genes in sequence #227 (1513 bp)...done!
Finding genes in sequence #228 (1513 bp)...done!
Finding genes in sequence #229 (1513 bp)...done!
Finding genes in sequence #230 (1501 bp)...done!
Finding genes in sequence #231 (1495 bp)...done!
Finding genes in sequence #232 (1495 bp)...done!
Finding genes in sequence #233 (1489 bp)...done!
Finding genes in sequence #234 (1489 bp)...done!
Finding genes in sequence #235 (1471 bp)...done!
Finding genes in sequence #236 (1465 bp)...done!
Finding genes in sequence #237 (1465 bp)...done!
Finding genes in sequence #238 (1465 bp)...done!
Finding genes in sequence #239 (1461 bp)...done!
Finding genes in sequence #240 (1459 bp)...done!
Finding genes in sequence #241 (1459 bp)...done!
Finding genes in sequence #242 (1453 bp)...done!
Finding genes in sequence #243 (1454 bp)...done!
Finding genes in sequence #244 (1447 bp)...done!
Finding genes in sequence #245 (1441 bp)...done!
Finding genes in sequence #246 (1441 bp)...done!
Finding genes in sequence #247 (1441 bp)...done!
Finding genes in sequence #248 (1441 bp)...done!
Finding genes in sequence #249 (1435 bp)...done!
Finding genes in sequence #250 (1433 bp)...done!
Finding genes in sequence #251 (1429 bp)...done!
Finding genes in sequence #252 (1429 bp)...done!
Finding genes in sequence #253 (1427 bp)...done!
Finding genes in sequence #254 (1423 bp)...done!
Finding genes in sequence #255 (1423 bp)...done!
Finding genes in sequence #256 (1423 bp)...done!
Finding genes in sequence #257 (1423 bp)...done!
Finding genes in sequence #258 (1411 bp)...done!
Finding genes in sequence #259 (1403 bp)...done!
Finding genes in sequence #260 (1399 bp)...done!
Finding genes in sequence #261 (1387 bp)...done!
Finding genes in sequence #262 (1387 bp)...done!
Finding genes in sequence #263 (1375 bp)...done!
Finding genes in sequence #264 (1371 bp)...done!
Finding genes in sequence #265 (1369 bp)...done!
Finding genes in sequence #266 (1369 bp)...done!
Finding genes in sequence #267 (1363 bp)...done!
Finding genes in sequence #268 (1363 bp)...done!
Finding genes in sequence #269 (1363 bp)...done!
Finding genes in sequence #270 (1357 bp)...done!
Finding genes in sequence #271 (1357 bp)...done!
Finding genes in sequence #272 (1357 bp)...done!
Finding genes in sequence #273 (1357 bp)...done!
Finding genes in sequence #274 (1351 bp)...done!
Finding genes in sequence #275 (1351 bp)...done!
Finding genes in sequence #276 (1351 bp)...done!
Finding genes in sequence #277 (1345 bp)...done!
Finding genes in sequence #278 (1345 bp)...done!
Finding genes in sequence #279 (1339 bp)...done!
Finding genes in sequence #280 (1333 bp)...done!
Finding genes in sequence #281 (1333 bp)...done!
Finding genes in sequence #282 (1325 bp)...done!
Finding genes in sequence #283 (1321 bp)...done!
Finding genes in sequence #284 (1321 bp)...done!
Finding genes in sequence #285 (1321 bp)...done!
Finding genes in sequence #286 (1315 bp)...done!
Finding genes in sequence #287 (1309 bp)...done!
Finding genes in sequence #288 (1309 bp)...done!
Finding genes in sequence #289 (1309 bp)...done!
Finding genes in sequence #290 (1309 bp)...done!
Finding genes in sequence #291 (1309 bp)...done!
Finding genes in sequence #292 (1303 bp)...done!
Finding genes in sequence #293 (1302 bp)...done!
Finding genes in sequence #294 (1297 bp)...done!
Finding genes in sequence #295 (1291 bp)...done!
Finding genes in sequence #296 (1291 bp)...done!
Finding genes in sequence #297 (1291 bp)...done!
Finding genes in sequence #298 (1285 bp)...done!
Finding genes in sequence #299 (1285 bp)...done!
Finding genes in sequence #300 (1285 bp)...done!
Finding genes in sequence #301 (1285 bp)...done!
Finding genes in sequence #302 (1279 bp)...done!
Finding genes in sequence #303 (1279 bp)...done!
Finding genes in sequence #304 (1278 bp)...done!
Finding genes in sequence #305 (1273 bp)...done!
Finding genes in sequence #306 (1273 bp)...done!
Finding genes in sequence #307 (1273 bp)...done!
Finding genes in sequence #308 (1273 bp)...done!
Finding genes in sequence #309 (1267 bp)...done!
Finding genes in sequence #310 (1267 bp)...done!
Finding genes in sequence #311 (1267 bp)...done!
Finding genes in sequence #312 (1261 bp)...done!
Finding genes in sequence #313 (1261 bp)...done!
Finding genes in sequence #314 (1261 bp)...done!
Finding genes in sequence #315 (1261 bp)...done!
Finding genes in sequence #316 (1261 bp)...done!
Finding genes in sequence #317 (1257 bp)...done!
Finding genes in sequence #318 (1255 bp)...done!
Finding genes in sequence #319 (1251 bp)...done!
Finding genes in sequence #320 (1249 bp)...done!
Finding genes in sequence #321 (1249 bp)...done!
Finding genes in sequence #322 (1249 bp)...done!
Finding genes in sequence #323 (1249 bp)...done!
Finding genes in sequence #324 (1248 bp)...done!
Finding genes in sequence #325 (1245 bp)...done!
Finding genes in sequence #326 (1243 bp)...done!
Finding genes in sequence #327 (1243 bp)...done!
Finding genes in sequence #328 (1243 bp)...done!
Finding genes in sequence #329 (1243 bp)...done!
Finding genes in sequence #330 (1237 bp)...done!
Finding genes in sequence #331 (1237 bp)...done!
Finding genes in sequence #332 (1237 bp)...done!
Finding genes in sequence #333 (1237 bp)...done!
Finding genes in sequence #334 (1231 bp)...done!
Finding genes in sequence #335 (1231 bp)...done!
Finding genes in sequence #336 (1231 bp)...done!
Finding genes in sequence #337 (1231 bp)...done!
Finding genes in sequence #338 (1228 bp)...done!
Finding genes in sequence #339 (1219 bp)...done!
Finding genes in sequence #340 (1213 bp)...done!
Finding genes in sequence #341 (1213 bp)...done!
Finding genes in sequence #342 (1213 bp)...done!
Finding genes in sequence #343 (1213 bp)...done!
Finding genes in sequence #344 (1207 bp)...done!
Finding genes in sequence #345 (1207 bp)...done!
Finding genes in sequence #346 (1207 bp)...done!
Finding genes in sequence #347 (1207 bp)...done!
Finding genes in sequence #348 (1207 bp)...done!
Finding genes in sequence #349 (1207 bp)...done!
Finding genes in sequence #350 (1195 bp)...done!
Finding genes in sequence #351 (1183 bp)...done!
Finding genes in sequence #352 (1183 bp)...done!
Finding genes in sequence #353 (1183 bp)...done!
Finding genes in sequence #354 (1183 bp)...done!
Finding genes in sequence #355 (1183 bp)...done!
Finding genes in sequence #356 (1163 bp)...done!
Finding genes in sequence #357 (1177 bp)...done!
Finding genes in sequence #358 (1177 bp)...done!
Finding genes in sequence #359 (1177 bp)...done!
Finding genes in sequence #360 (1171 bp)...done!
Finding genes in sequence #361 (1169 bp)...done!
Finding genes in sequence #362 (1165 bp)...done!
Finding genes in sequence #363 (1165 bp)...done!
Finding genes in sequence #364 (1165 bp)...done!
Finding genes in sequence #365 (1165 bp)...done!
Finding genes in sequence #366 (1165 bp)...done!
Finding genes in sequence #367 (1159 bp)...done!
Finding genes in sequence #368 (1159 bp)...done!
Finding genes in sequence #369 (1159 bp)...done!
Finding genes in sequence #370 (1157 bp)...done!
Finding genes in sequence #371 (1155 bp)...done!
Finding genes in sequence #372 (1153 bp)...done!
Finding genes in sequence #373 (1153 bp)...done!
Finding genes in sequence #374 (1153 bp)...done!
Finding genes in sequence #375 (1152 bp)...done!
Finding genes in sequence #376 (1155 bp)...done!
Finding genes in sequence #377 (1147 bp)...done!
Finding genes in sequence #378 (1147 bp)...done!
Finding genes in sequence #379 (1147 bp)...done!
Finding genes in sequence #380 (1147 bp)...done!
Finding genes in sequence #381 (1147 bp)...done!
Finding genes in sequence #382 (1147 bp)...done!
Finding genes in sequence #383 (1147 bp)...done!
Finding genes in sequence #384 (1147 bp)...done!
Finding genes in sequence #385 (1147 bp)...done!
Finding genes in sequence #386 (1143 bp)...done!
Finding genes in sequence #387 (1141 bp)...done!
Finding genes in sequence #388 (1141 bp)...done!
Finding genes in sequence #389 (1141 bp)...done!
Finding genes in sequence #390 (1135 bp)...done!
Finding genes in sequence #391 (1135 bp)...done!
Finding genes in sequence #392 (1129 bp)...done!
Finding genes in sequence #393 (1129 bp)...done!
Finding genes in sequence #394 (1129 bp)...done!
Finding genes in sequence #395 (1129 bp)...done!
Finding genes in sequence #396 (1123 bp)...done!
Finding genes in sequence #397 (1123 bp)...done!
Finding genes in sequence #398 (1123 bp)...done!
Finding genes in sequence #399 (1122 bp)...done!
Finding genes in sequence #400 (1117 bp)...done!
Finding genes in sequence #401 (1117 bp)...done!
Finding genes in sequence #402 (1115 bp)...done!
Finding genes in sequence #403 (1115 bp)...done!
Finding genes in sequence #404 (1113 bp)...done!
Finding genes in sequence #405 (1111 bp)...done!
Finding genes in sequence #406 (1111 bp)...done!
Finding genes in sequence #407 (1111 bp)...done!
Finding genes in sequence #408 (1111 bp)...done!
Finding genes in sequence #409 (1111 bp)...done!
Finding genes in sequence #410 (1105 bp)...done!
Finding genes in sequence #411 (1105 bp)...done!
Finding genes in sequence #412 (1105 bp)...done!
Finding genes in sequence #413 (1105 bp)...done!
Finding genes in sequence #414 (1099 bp)...done!
Finding genes in sequence #415 (1099 bp)...done!
Finding genes in sequence #416 (1099 bp)...done!
Finding genes in sequence #417 (1099 bp)...done!
Finding genes in sequence #418 (1099 bp)...done!
Finding genes in sequence #419 (1099 bp)...done!
Finding genes in sequence #420 (1099 bp)...done!
Finding genes in sequence #421 (1101 bp)...done!
Finding genes in sequence #422 (1093 bp)...done!
Finding genes in sequence #423 (1093 bp)...done!
Finding genes in sequence #424 (1093 bp)...done!
Finding genes in sequence #425 (1093 bp)...done!
Finding genes in sequence #426 (1093 bp)...done!
Finding genes in sequence #427 (1093 bp)...done!
Finding genes in sequence #428 (1093 bp)...done!
Finding genes in sequence #429 (1089 bp)...done!
Finding genes in sequence #430 (1087 bp)...done!
Finding genes in sequence #431 (1081 bp)...done!
Finding genes in sequence #432 (1081 bp)...done!
Finding genes in sequence #433 (1081 bp)...done!
Finding genes in sequence #434 (1081 bp)...done!
Finding genes in sequence #435 (1081 bp)...done!
Finding genes in sequence #436 (1081 bp)...done!
Finding genes in sequence #437 (1081 bp)...done!
Finding genes in sequence #438 (1081 bp)...done!
Finding genes in sequence #439 (1081 bp)...done!
Finding genes in sequence #440 (1081 bp)...done!
Finding genes in sequence #441 (1081 bp)...done!
Finding genes in sequence #442 (1081 bp)...done!
Finding genes in sequence #443 (1075 bp)...done!
Finding genes in sequence #444 (1075 bp)...done!
Finding genes in sequence #445 (1075 bp)...done!
Finding genes in sequence #446 (1075 bp)...done!
Finding genes in sequence #447 (1069 bp)...done!
Finding genes in sequence #448 (1069 bp)...done!
Finding genes in sequence #449 (1069 bp)...done!
Finding genes in sequence #450 (1063 bp)...done!
Finding genes in sequence #451 (1063 bp)...done!
Finding genes in sequence #452 (1059 bp)...done!
Finding genes in sequence #453 (1057 bp)...done!
Finding genes in sequence #454 (1057 bp)...done!
Finding genes in sequence #455 (1057 bp)...done!
Finding genes in sequence #456 (1057 bp)...done!
Finding genes in sequence #457 (1051 bp)...done!
Finding genes in sequence #458 (1051 bp)...done!
Finding genes in sequence #459 (1051 bp)...done!
Finding genes in sequence #460 (1051 bp)...done!
Finding genes in sequence #461 (955 bp)...done!
Finding genes in sequence #462 (1045 bp)...done!
Finding genes in sequence #463 (1045 bp)...done!
Finding genes in sequence #464 (1045 bp)...done!
Finding genes in sequence #465 (1045 bp)...done!
Finding genes in sequence #466 (1045 bp)...done!
Finding genes in sequence #467 (1039 bp)...done!
Finding genes in sequence #468 (1039 bp)...done!
Finding genes in sequence #469 (1039 bp)...done!
Finding genes in sequence #470 (1039 bp)...done!
Finding genes in sequence #471 (1039 bp)...done!
Finding genes in sequence #472 (1039 bp)...done!
Finding genes in sequence #473 (1033 bp)...done!
Finding genes in sequence #474 (1027 bp)...done!
Finding genes in sequence #475 (1027 bp)...done!
Finding genes in sequence #476 (1021 bp)...done!
Finding genes in sequence #477 (1021 bp)...done!
Finding genes in sequence #478 (1015 bp)...done!
Finding genes in sequence #479 (1015 bp)...done!
Finding genes in sequence #480 (1015 bp)...done!
Finding genes in sequence #481 (1015 bp)...done!
Finding genes in sequence #482 (1015 bp)...done!
Finding genes in sequence #483 (1009 bp)...done!
Finding genes in sequence #484 (1009 bp)...done!
Finding genes in sequence #485 (1009 bp)...done!
Finding genes in sequence #486 (1009 bp)...done!
Finding genes in sequence #487 (1009 bp)...done!
Finding genes in sequence #488 (1009 bp)...done!
Finding genes in sequence #489 (1003 bp)...done!
Finding genes in sequence #490 (1003 bp)...done!
Finding genes in sequence #491 (1003 bp)...done!
Finding genes in sequence #492 (1003 bp)...done!
Finding genes in sequence #493 (997 bp)...done!
Finding genes in sequence #494 (997 bp)...done!
Finding genes in sequence #495 (997 bp)...done!
Finding genes in sequence #496 (997 bp)...done!
Finding genes in sequence #497 (997 bp)...done!
Finding genes in sequence #498 (997 bp)...done!
Finding genes in sequence #499 (997 bp)...done!
Finding genes in sequence #500 (991 bp)...done!
Finding genes in sequence #501 (991 bp)...done!
Finding genes in sequence #502 (991 bp)...done!
Finding genes in sequence #503 (991 bp)...done!
Finding genes in sequence #504 (991 bp)...done!
Finding genes in sequence #505 (991 bp)...done!
Finding genes in sequence #506 (985 bp)...done!
Finding genes in sequence #507 (985 bp)...done!
Finding genes in sequence #508 (985 bp)...done!
Finding genes in sequence #509 (981 bp)...done!
Finding genes in sequence #510 (979 bp)...done!
Finding genes in sequence #511 (979 bp)...done!
Finding genes in sequence #512 (979 bp)...done!
Finding genes in sequence #513 (973 bp)...done!
Finding genes in sequence #514 (973 bp)...done!
Finding genes in sequence #515 (973 bp)...done!
Finding genes in sequence #516 (973 bp)...done!
Finding genes in sequence #517 (967 bp)...done!
Finding genes in sequence #518 (967 bp)...done!
Finding genes in sequence #519 (967 bp)...done!
Finding genes in sequence #520 (967 bp)...done!
Finding genes in sequence #521 (967 bp)...done!
Finding genes in sequence #522 (967 bp)...done!
Finding genes in sequence #523 (967 bp)...done!
Finding genes in sequence #524 (967 bp)...done!
Finding genes in sequence #525 (961 bp)...done!
Finding genes in sequence #526 (961 bp)...done!
Finding genes in sequence #527 (961 bp)...done!
Finding genes in sequence #528 (961 bp)...done!
Finding genes in sequence #529 (961 bp)...done!
Finding genes in sequence #530 (961 bp)...done!
Finding genes in sequence #531 (961 bp)...done!
Finding genes in sequence #532 (961 bp)...done!
Finding genes in sequence #533 (955 bp)...done!
Finding genes in sequence #534 (955 bp)...done!
Finding genes in sequence #535 (955 bp)...done!
Finding genes in sequence #536 (955 bp)...done!
Finding genes in sequence #537 (955 bp)...done!
Finding genes in sequence #538 (955 bp)...done!
Finding genes in sequence #539 (955 bp)...done!
Finding genes in sequence #540 (949 bp)...done!
Finding genes in sequence #541 (949 bp)...done!
Finding genes in sequence #542 (949 bp)...done!
Finding genes in sequence #543 (949 bp)...done!
Finding genes in sequence #544 (949 bp)...done!
Finding genes in sequence #545 (949 bp)...done!
Finding genes in sequence #546 (949 bp)...done!
Finding genes in sequence #547 (947 bp)...done!
