-------------------------------------
PRODIGAL v2.6.3 [February, 2016]         
Univ of Tenn / Oak Ridge National Lab
Doug Hyatt, Loren Hauser, et al.     
-------------------------------------
Request:  Metagenomic, Phase:  Training
Initializing training files...done!
-------------------------------------
Request:  Metagenomic, Phase:  Gene Finding
Finding genes in sequence #1 (15709 bp)...done!
Finding genes in sequence #2 (15423 bp)...done!
Finding genes in sequence #3 (14204 bp)...done!
Finding genes in sequence #4 (11353 bp)...done!
Finding genes in sequence #5 (5295 bp)...done!
Finding genes in sequence #6 (3745 bp)...done!
Finding genes in sequence #7 (3319 bp)...done!
Finding genes in sequence #8 (3193 bp)...done!
Finding genes in sequence #9 (1951 bp)...done!
Finding genes in sequence #10 (1913 bp)...done!
Finding genes in sequence #11 (1891 bp)...done!
Finding genes in sequence #12 (1729 bp)...done!
Finding genes in sequence #13 (1483 bp)...done!
Finding genes in sequence #14 (1465 bp)...done!
Finding genes in sequence #15 (1117 bp)...done!
Finding genes in sequence #16 (955 bp)...done!
