-------------------------------------
PRODIGAL v2.6.3 [February, 2016]         
Univ of Tenn / Oak Ridge National Lab
Doug Hyatt, Loren Hauser, et al.     
-------------------------------------
Request:  Metagenomic, Phase:  Training
Initializing training files...done!
-------------------------------------
Request:  Metagenomic, Phase:  Gene Finding
Finding genes in sequence #1 (2219 bp)...done!
Finding genes in sequence #2 (4325 bp)...done!
Finding genes in sequence #3 (4115 bp)...done!
Finding genes in sequence #4 (6301 bp)...done!
Finding genes in sequence #5 (3860 bp)...done!
Finding genes in sequence #6 (8555 bp)...done!
Finding genes in sequence #7 (3353 bp)...done!
Finding genes in sequence #8 (2105 bp)...done!
Finding genes in sequence #9 (3176 bp)...done!
Finding genes in sequence #10 (3157 bp)...done!
Finding genes in sequence #11 (2511 bp)...done!
Finding genes in sequence #12 (2068 bp)...done!
Finding genes in sequence #13 (11612 bp)...done!
Finding genes in sequence #14 (11355 bp)...done!
Finding genes in sequence #15 (11008 bp)...done!
Finding genes in sequence #16 (10975 bp)...done!
Finding genes in sequence #17 (10858 bp)...done!
Finding genes in sequence #18 (10858 bp)...done!
Finding genes in sequence #19 (2495 bp)...done!
Finding genes in sequence #20 (3615 bp)...done!
Finding genes in sequence #21 (2711 bp)...done!
Finding genes in sequence #22 (75453 bp)...done!
Finding genes in sequence #23 (17159 bp)...done!
Finding genes in sequence #24 (13540 bp)...done!
Finding genes in sequence #25 (13078 bp)...done!
Finding genes in sequence #26 (12625 bp)...done!
Finding genes in sequence #27 (2657 bp)...done!
Finding genes in sequence #28 (2177 bp)...done!
Finding genes in sequence #29 (2287 bp)...done!
Finding genes in sequence #30 (3477 bp)...done!
Finding genes in sequence #31 (5435 bp)...done!
Finding genes in sequence #32 (5325 bp)...done!
Finding genes in sequence #33 (4893 bp)...done!
Finding genes in sequence #34 (1984 bp)...done!
Finding genes in sequence #35 (1961 bp)...done!
Finding genes in sequence #36 (2951 bp)...done!
Finding genes in sequence #37 (2915 bp)...done!
