-------------------------------------
PRODIGAL v2.6.3 [February, 2016]         
Univ of Tenn / Oak Ridge National Lab
Doug Hyatt, Loren Hauser, et al.     
-------------------------------------
Request:  Metagenomic, Phase:  Training
Initializing training files...done!
-------------------------------------
Request:  Metagenomic, Phase:  Gene Finding
Finding genes in sequence #1 (11870 bp)...done!
Finding genes in sequence #2 (10386 bp)...done!
Finding genes in sequence #3 (4603 bp)...done!
Finding genes in sequence #4 (4591 bp)...done!
Finding genes in sequence #5 (3921 bp)...done!
Finding genes in sequence #6 (3871 bp)...done!
Finding genes in sequence #7 (3853 bp)...done!
Finding genes in sequence #8 (3571 bp)...done!
Finding genes in sequence #9 (3527 bp)...done!
Finding genes in sequence #10 (3427 bp)...done!
Finding genes in sequence #11 (3343 bp)...done!
Finding genes in sequence #12 (3319 bp)...done!
Finding genes in sequence #13 (3235 bp)...done!
Finding genes in sequence #14 (3169 bp)...done!
Finding genes in sequence #15 (3103 bp)...done!
Finding genes in sequence #16 (3091 bp)...done!
Finding genes in sequence #17 (3085 bp)...done!
Finding genes in sequence #18 (3001 bp)...done!
Finding genes in sequence #19 (2809 bp)...done!
Finding genes in sequence #20 (2761 bp)...done!
Finding genes in sequence #21 (2711 bp)...done!
Finding genes in sequence #22 (2691 bp)...done!
Finding genes in sequence #23 (2641 bp)...done!
Finding genes in sequence #24 (2599 bp)...done!
Finding genes in sequence #25 (2557 bp)...done!
Finding genes in sequence #26 (2551 bp)...done!
Finding genes in sequence #27 (2508 bp)...done!
Finding genes in sequence #28 (2503 bp)...done!
Finding genes in sequence #29 (2503 bp)...done!
Finding genes in sequence #30 (2467 bp)...done!
Finding genes in sequence #31 (2449 bp)...done!
Finding genes in sequence #32 (2437 bp)...done!
Finding genes in sequence #33 (2407 bp)...done!
Finding genes in sequence #34 (2359 bp)...done!
Finding genes in sequence #35 (2305 bp)...done!
Finding genes in sequence #36 (2305 bp)...done!
Finding genes in sequence #37 (2245 bp)...done!
Finding genes in sequence #38 (2245 bp)...done!
Finding genes in sequence #39 (2239 bp)...done!
Finding genes in sequence #40 (2195 bp)...done!
Finding genes in sequence #41 (2191 bp)...done!
Finding genes in sequence #42 (2149 bp)...done!
Finding genes in sequence #43 (2131 bp)...done!
Finding genes in sequence #44 (2113 bp)...done!
Finding genes in sequence #45 (2089 bp)...done!
Finding genes in sequence #46 (1997 bp)...done!
Finding genes in sequence #47 (1993 bp)...done!
Finding genes in sequence #48 (1975 bp)...done!
Finding genes in sequence #49 (1975 bp)...done!
Finding genes in sequence #50 (1927 bp)...done!
Finding genes in sequence #51 (1909 bp)...done!
Finding genes in sequence #52 (1879 bp)...done!
Finding genes in sequence #53 (1855 bp)...done!
Finding genes in sequence #54 (1831 bp)...done!
Finding genes in sequence #55 (1825 bp)...done!
Finding genes in sequence #56 (1819 bp)...done!
Finding genes in sequence #57 (1813 bp)...done!
Finding genes in sequence #58 (1801 bp)...done!
Finding genes in sequence #59 (1795 bp)...done!
Finding genes in sequence #60 (1791 bp)...done!
Finding genes in sequence #61 (1783 bp)...done!
Finding genes in sequence #62 (1771 bp)...done!
Finding genes in sequence #63 (1771 bp)...done!
Finding genes in sequence #64 (1765 bp)...done!
Finding genes in sequence #65 (1753 bp)...done!
Finding genes in sequence #66 (1693 bp)...done!
Finding genes in sequence #67 (1669 bp)...done!
Finding genes in sequence #68 (1663 bp)...done!
Finding genes in sequence #69 (1657 bp)...done!
Finding genes in sequence #70 (1645 bp)...done!
Finding genes in sequence #71 (1639 bp)...done!
Finding genes in sequence #72 (1639 bp)...done!
Finding genes in sequence #73 (1627 bp)...done!
Finding genes in sequence #74 (1627 bp)...done!
Finding genes in sequence #75 (1627 bp)...done!
Finding genes in sequence #76 (1603 bp)...done!
Finding genes in sequence #77 (1597 bp)...done!
Finding genes in sequence #78 (1595 bp)...done!
Finding genes in sequence #79 (1561 bp)...done!
Finding genes in sequence #80 (1561 bp)...done!
Finding genes in sequence #81 (1537 bp)...done!
Finding genes in sequence #82 (1537 bp)...done!
Finding genes in sequence #83 (1513 bp)...done!
Finding genes in sequence #84 (1507 bp)...done!
Finding genes in sequence #85 (1501 bp)...done!
Finding genes in sequence #86 (1501 bp)...done!
Finding genes in sequence #87 (1497 bp)...done!
Finding genes in sequence #88 (1495 bp)...done!
Finding genes in sequence #89 (1489 bp)...done!
Finding genes in sequence #90 (1483 bp)...done!
Finding genes in sequence #91 (1477 bp)...done!
Finding genes in sequence #92 (1453 bp)...done!
Finding genes in sequence #93 (1453 bp)...done!
Finding genes in sequence #94 (1448 bp)...done!
Finding genes in sequence #95 (1427 bp)...done!
Finding genes in sequence #96 (1422 bp)...done!
Finding genes in sequence #97 (1417 bp)...done!
Finding genes in sequence #98 (1407 bp)...done!
Finding genes in sequence #99 (1381 bp)...done!
Finding genes in sequence #100 (1375 bp)...done!
Finding genes in sequence #101 (1375 bp)...done!
Finding genes in sequence #102 (1369 bp)...done!
Finding genes in sequence #103 (1369 bp)...done!
Finding genes in sequence #104 (1363 bp)...done!
Finding genes in sequence #105 (1333 bp)...done!
Finding genes in sequence #106 (1329 bp)...done!
Finding genes in sequence #107 (1321 bp)...done!
Finding genes in sequence #108 (1315 bp)...done!
Finding genes in sequence #109 (1315 bp)...done!
Finding genes in sequence #110 (1309 bp)...done!
Finding genes in sequence #111 (1309 bp)...done!
Finding genes in sequence #112 (1303 bp)...done!
Finding genes in sequence #113 (1295 bp)...done!
Finding genes in sequence #114 (1291 bp)...done!
Finding genes in sequence #115 (1285 bp)...done!
Finding genes in sequence #116 (1279 bp)...done!
Finding genes in sequence #117 (1273 bp)...done!
Finding genes in sequence #118 (1273 bp)...done!
Finding genes in sequence #119 (1267 bp)...done!
Finding genes in sequence #120 (1267 bp)...done!
Finding genes in sequence #121 (1265 bp)...done!
Finding genes in sequence #122 (1261 bp)...done!
Finding genes in sequence #123 (1261 bp)...done!
Finding genes in sequence #124 (1261 bp)...done!
Finding genes in sequence #125 (1257 bp)...done!
Finding genes in sequence #126 (1255 bp)...done!
Finding genes in sequence #127 (1255 bp)...done!
Finding genes in sequence #128 (1231 bp)...done!
Finding genes in sequence #129 (1225 bp)...done!
Finding genes in sequence #130 (1227 bp)...done!
Finding genes in sequence #131 (1219 bp)...done!
Finding genes in sequence #132 (1213 bp)...done!
Finding genes in sequence #133 (1207 bp)...done!
Finding genes in sequence #134 (1207 bp)...done!
Finding genes in sequence #135 (1207 bp)...done!
Finding genes in sequence #136 (1207 bp)...done!
Finding genes in sequence #137 (1207 bp)...done!
Finding genes in sequence #138 (1207 bp)...done!
Finding genes in sequence #139 (1201 bp)...done!
Finding genes in sequence #140 (1199 bp)...done!
Finding genes in sequence #141 (1189 bp)...done!
Finding genes in sequence #142 (1177 bp)...done!
Finding genes in sequence #143 (1177 bp)...done!
Finding genes in sequence #144 (1177 bp)...done!
Finding genes in sequence #145 (1171 bp)...done!
Finding genes in sequence #146 (1159 bp)...done!
Finding genes in sequence #147 (1159 bp)...done!
Finding genes in sequence #148 (1159 bp)...done!
Finding genes in sequence #149 (1159 bp)...done!
Finding genes in sequence #150 (1153 bp)...done!
Finding genes in sequence #151 (1147 bp)...done!
Finding genes in sequence #152 (1147 bp)...done!
Finding genes in sequence #153 (1135 bp)...done!
Finding genes in sequence #154 (1133 bp)...done!
Finding genes in sequence #155 (1129 bp)...done!
Finding genes in sequence #156 (1129 bp)...done!
Finding genes in sequence #157 (1129 bp)...done!
Finding genes in sequence #158 (1123 bp)...done!
Finding genes in sequence #159 (1123 bp)...done!
Finding genes in sequence #160 (1117 bp)...done!
Finding genes in sequence #161 (1117 bp)...done!
Finding genes in sequence #162 (1117 bp)...done!
Finding genes in sequence #163 (1117 bp)...done!
Finding genes in sequence #164 (1111 bp)...done!
Finding genes in sequence #165 (1099 bp)...done!
Finding genes in sequence #166 (1099 bp)...done!
Finding genes in sequence #167 (1093 bp)...done!
Finding genes in sequence #168 (1093 bp)...done!
Finding genes in sequence #169 (1087 bp)...done!
Finding genes in sequence #170 (1087 bp)...done!
Finding genes in sequence #171 (1085 bp)...done!
Finding genes in sequence #172 (1081 bp)...done!
Finding genes in sequence #173 (1081 bp)...done!
Finding genes in sequence #174 (1081 bp)...done!
Finding genes in sequence #175 (1081 bp)...done!
Finding genes in sequence #176 (1075 bp)...done!
Finding genes in sequence #177 (1075 bp)...done!
Finding genes in sequence #178 (1069 bp)...done!
Finding genes in sequence #179 (1063 bp)...done!
Finding genes in sequence #180 (1063 bp)...done!
Finding genes in sequence #181 (1063 bp)...done!
Finding genes in sequence #182 (1057 bp)...done!
Finding genes in sequence #183 (1051 bp)...done!
Finding genes in sequence #184 (1051 bp)...done!
Finding genes in sequence #185 (1045 bp)...done!
Finding genes in sequence #186 (1045 bp)...done!
Finding genes in sequence #187 (1045 bp)...done!
Finding genes in sequence #188 (1045 bp)...done!
Finding genes in sequence #189 (1039 bp)...done!
Finding genes in sequence #190 (1039 bp)...done!
Finding genes in sequence #191 (1039 bp)...done!
Finding genes in sequence #192 (1033 bp)...done!
Finding genes in sequence #193 (1033 bp)...done!
Finding genes in sequence #194 (1033 bp)...done!
Finding genes in sequence #195 (1033 bp)...done!
Finding genes in sequence #196 (1033 bp)...done!
Finding genes in sequence #197 (1027 bp)...done!
Finding genes in sequence #198 (1027 bp)...done!
Finding genes in sequence #199 (1019 bp)...done!
Finding genes in sequence #200 (1015 bp)...done!
Finding genes in sequence #201 (1015 bp)...done!
Finding genes in sequence #202 (997 bp)...done!
Finding genes in sequence #203 (997 bp)...done!
Finding genes in sequence #204 (997 bp)...done!
Finding genes in sequence #205 (991 bp)...done!
Finding genes in sequence #206 (985 bp)...done!
Finding genes in sequence #207 (979 bp)...done!
Finding genes in sequence #208 (979 bp)...done!
Finding genes in sequence #209 (979 bp)...done!
Finding genes in sequence #210 (979 bp)...done!
Finding genes in sequence #211 (973 bp)...done!
Finding genes in sequence #212 (973 bp)...done!
Finding genes in sequence #213 (973 bp)...done!
Finding genes in sequence #214 (967 bp)...done!
Finding genes in sequence #215 (967 bp)...done!
Finding genes in sequence #216 (967 bp)...done!
Finding genes in sequence #217 (967 bp)...done!
Finding genes in sequence #218 (967 bp)...done!
Finding genes in sequence #219 (965 bp)...done!
Finding genes in sequence #220 (961 bp)...done!
Finding genes in sequence #221 (961 bp)...done!
Finding genes in sequence #222 (955 bp)...done!
Finding genes in sequence #223 (955 bp)...done!
Finding genes in sequence #224 (955 bp)...done!
Finding genes in sequence #225 (955 bp)...done!
Finding genes in sequence #226 (955 bp)...done!
Finding genes in sequence #227 (949 bp)...done!
Finding genes in sequence #228 (949 bp)...done!
Finding genes in sequence #229 (949 bp)...done!
Finding genes in sequence #230 (945 bp)...done!
