-------------------------------------
PRODIGAL v2.6.3 [February, 2016]         
Univ of Tenn / Oak Ridge National Lab
Doug Hyatt, Loren Hauser, et al.     
-------------------------------------
Request:  Metagenomic, Phase:  Training
Initializing training files...done!
-------------------------------------
Request:  Metagenomic, Phase:  Gene Finding
Finding genes in sequence #1 (11465 bp)...done!
Finding genes in sequence #2 (4701 bp)...done!
Finding genes in sequence #3 (2941 bp)...done!
Finding genes in sequence #4 (2041 bp)...done!
Finding genes in sequence #5 (1829 bp)...done!
Finding genes in sequence #6 (1767 bp)...done!
Finding genes in sequence #7 (1759 bp)...done!
Finding genes in sequence #8 (1629 bp)...done!
Finding genes in sequence #9 (1531 bp)...done!
Finding genes in sequence #10 (1385 bp)...done!
Finding genes in sequence #11 (1357 bp)...done!
Finding genes in sequence #12 (1285 bp)...done!
Finding genes in sequence #13 (1279 bp)...done!
Finding genes in sequence #14 (1243 bp)...done!
Finding genes in sequence #15 (1189 bp)...done!
Finding genes in sequence #16 (1175 bp)...done!
Finding genes in sequence #17 (1165 bp)...done!
Finding genes in sequence #18 (1137 bp)...done!
Finding genes in sequence #19 (1117 bp)...done!
Finding genes in sequence #20 (1087 bp)...done!
Finding genes in sequence #21 (1083 bp)...done!
Finding genes in sequence #22 (1015 bp)...done!
Finding genes in sequence #23 (997 bp)...done!
Finding genes in sequence #24 (995 bp)...done!
Finding genes in sequence #25 (967 bp)...done!
