-------------------------------------
PRODIGAL v2.6.3 [February, 2016]         
Univ of Tenn / Oak Ridge National Lab
Doug Hyatt, Loren Hauser, et al.     
-------------------------------------
Request:  Metagenomic, Phase:  Training
Initializing training files...done!
-------------------------------------
Request:  Metagenomic, Phase:  Gene Finding
Finding genes in sequence #1 (14903 bp)...done!
Finding genes in sequence #2 (13885 bp)...done!
Finding genes in sequence #3 (13296 bp)...done!
Finding genes in sequence #4 (12705 bp)...done!
Finding genes in sequence #5 (12432 bp)...done!
Finding genes in sequence #6 (11897 bp)...done!
Finding genes in sequence #7 (9869 bp)...done!
Finding genes in sequence #8 (6227 bp)...done!
Finding genes in sequence #9 (6217 bp)...done!
Finding genes in sequence #10 (4989 bp)...done!
Finding genes in sequence #11 (4811 bp)...done!
Finding genes in sequence #12 (3956 bp)...done!
Finding genes in sequence #13 (3477 bp)...done!
Finding genes in sequence #14 (3319 bp)...done!
Finding genes in sequence #15 (3097 bp)...done!
Finding genes in sequence #16 (2631 bp)...done!
Finding genes in sequence #17 (2629 bp)...done!
Finding genes in sequence #18 (2381 bp)...done!
Finding genes in sequence #19 (2357 bp)...done!
Finding genes in sequence #20 (2201 bp)...done!
Finding genes in sequence #21 (2133 bp)...done!
Finding genes in sequence #22 (1825 bp)...done!
Finding genes in sequence #23 (1799 bp)...done!
Finding genes in sequence #24 (1791 bp)...done!
Finding genes in sequence #25 (1789 bp)...done!
Finding genes in sequence #26 (1757 bp)...done!
Finding genes in sequence #27 (1729 bp)...done!
Finding genes in sequence #28 (1589 bp)...done!
Finding genes in sequence #29 (1511 bp)...done!
Finding genes in sequence #30 (1435 bp)...done!
Finding genes in sequence #31 (1154 bp)...done!
Finding genes in sequence #32 (1189 bp)...done!
Finding genes in sequence #33 (1157 bp)...done!
Finding genes in sequence #34 (1107 bp)...done!
Finding genes in sequence #35 (1089 bp)...done!
Finding genes in sequence #36 (1087 bp)...done!
Finding genes in sequence #37 (1075 bp)...done!
Finding genes in sequence #38 (1069 bp)...done!
Finding genes in sequence #39 (1029 bp)...done!
Finding genes in sequence #40 (1015 bp)...done!
Finding genes in sequence #41 (1009 bp)...done!
Finding genes in sequence #42 (1007 bp)...done!
Finding genes in sequence #43 (973 bp)...done!
