-------------------------------------
PRODIGAL v2.6.3 [February, 2016]         
Univ of Tenn / Oak Ridge National Lab
Doug Hyatt, Loren Hauser, et al.     
-------------------------------------
Request:  Metagenomic, Phase:  Training
Initializing training files...done!
-------------------------------------
Request:  Metagenomic, Phase:  Gene Finding
Finding genes in sequence #1 (13172 bp)...done!
Finding genes in sequence #2 (10386 bp)...done!
Finding genes in sequence #3 (3975 bp)...done!
Finding genes in sequence #4 (3709 bp)...done!
Finding genes in sequence #5 (2233 bp)...done!
Finding genes in sequence #6 (1537 bp)...done!
Finding genes in sequence #7 (1397 bp)...done!
Finding genes in sequence #8 (1145 bp)...done!
Finding genes in sequence #9 (1031 bp)...done!
Finding genes in sequence #10 (1019 bp)...done!
Finding genes in sequence #11 (991 bp)...done!
Finding genes in sequence #12 (947 bp)...done!
