-------------------------------------
PRODIGAL v2.6.3 [February, 2016]         
Univ of Tenn / Oak Ridge National Lab
Doug Hyatt, Loren Hauser, et al.     
-------------------------------------
Request:  Metagenomic, Phase:  Training
Initializing training files...done!
-------------------------------------
Request:  Metagenomic, Phase:  Gene Finding
Finding genes in sequence #1 (14066 bp)...done!
Finding genes in sequence #2 (14001 bp)...done!
Finding genes in sequence #3 (13121 bp)...done!
Finding genes in sequence #4 (12399 bp)...done!
Finding genes in sequence #5 (12050 bp)...done!
Finding genes in sequence #6 (11473 bp)...done!
Finding genes in sequence #7 (11447 bp)...done!
Finding genes in sequence #8 (11348 bp)...done!
Finding genes in sequence #9 (11181 bp)...done!
Finding genes in sequence #10 (11025 bp)...done!
Finding genes in sequence #11 (10998 bp)...done!
Finding genes in sequence #12 (10810 bp)...done!
Finding genes in sequence #13 (10788 bp)...done!
Finding genes in sequence #14 (10731 bp)...done!
Finding genes in sequence #15 (10273 bp)...done!
Finding genes in sequence #16 (9755 bp)...done!
Finding genes in sequence #17 (7605 bp)...done!
Finding genes in sequence #18 (6077 bp)...done!
Finding genes in sequence #19 (4973 bp)...done!
Finding genes in sequence #20 (4457 bp)...done!
Finding genes in sequence #21 (4163 bp)...done!
Finding genes in sequence #22 (3535 bp)...done!
Finding genes in sequence #23 (3515 bp)...done!
Finding genes in sequence #24 (3373 bp)...done!
Finding genes in sequence #25 (3319 bp)...done!
Finding genes in sequence #26 (3091 bp)...done!
Finding genes in sequence #27 (3065 bp)...done!
Finding genes in sequence #28 (3063 bp)...done!
Finding genes in sequence #29 (2779 bp)...done!
Finding genes in sequence #30 (2629 bp)...done!
Finding genes in sequence #31 (2613 bp)...done!
Finding genes in sequence #32 (2235 bp)...done!
Finding genes in sequence #33 (2187 bp)...done!
Finding genes in sequence #34 (2167 bp)...done!
Finding genes in sequence #35 (2055 bp)...done!
Finding genes in sequence #36 (2041 bp)...done!
Finding genes in sequence #37 (1913 bp)...done!
Finding genes in sequence #38 (1855 bp)...done!
Finding genes in sequence #39 (1819 bp)...done!
Finding genes in sequence #40 (1801 bp)...done!
Finding genes in sequence #41 (1789 bp)...done!
Finding genes in sequence #42 (1789 bp)...done!
Finding genes in sequence #43 (918 bp)...done!
Finding genes in sequence #44 (1771 bp)...done!
Finding genes in sequence #45 (1769 bp)...done!
Finding genes in sequence #46 (1673 bp)...done!
Finding genes in sequence #47 (1639 bp)...done!
Finding genes in sequence #48 (1627 bp)...done!
Finding genes in sequence #49 (1595 bp)...done!
Finding genes in sequence #50 (1561 bp)...done!
Finding genes in sequence #51 (1553 bp)...done!
Finding genes in sequence #52 (1521 bp)...done!
Finding genes in sequence #53 (1515 bp)...done!
Finding genes in sequence #54 (1513 bp)...done!
Finding genes in sequence #55 (1509 bp)...done!
Finding genes in sequence #56 (1507 bp)...done!
Finding genes in sequence #57 (1491 bp)...done!
Finding genes in sequence #58 (1487 bp)...done!
Finding genes in sequence #59 (1441 bp)...done!
Finding genes in sequence #60 (1429 bp)...done!
Finding genes in sequence #61 (1405 bp)...done!
Finding genes in sequence #62 (1381 bp)...done!
Finding genes in sequence #63 (1369 bp)...done!
Finding genes in sequence #64 (1357 bp)...done!
Finding genes in sequence #65 (1323 bp)...done!
Finding genes in sequence #66 (1307 bp)...done!
Finding genes in sequence #67 (1291 bp)...done!
Finding genes in sequence #68 (1277 bp)...done!
Finding genes in sequence #69 (1235 bp)...done!
Finding genes in sequence #70 (1233 bp)...done!
Finding genes in sequence #71 (1233 bp)...done!
Finding genes in sequence #72 (1227 bp)...done!
Finding genes in sequence #73 (1219 bp)...done!
Finding genes in sequence #74 (635 bp)...done!
Finding genes in sequence #75 (1209 bp)...done!
Finding genes in sequence #76 (1201 bp)...done!
Finding genes in sequence #77 (1197 bp)...done!
Finding genes in sequence #78 (1189 bp)...done!
Finding genes in sequence #79 (1187 bp)...done!
Finding genes in sequence #80 (1173 bp)...done!
Finding genes in sequence #81 (1173 bp)...done!
Finding genes in sequence #82 (1165 bp)...done!
Finding genes in sequence #83 (1163 bp)...done!
Finding genes in sequence #84 (1157 bp)...done!
Finding genes in sequence #85 (1155 bp)...done!
Finding genes in sequence #86 (1141 bp)...done!
Finding genes in sequence #87 (1141 bp)...done!
Finding genes in sequence #88 (1131 bp)...done!
Finding genes in sequence #89 (1131 bp)...done!
Finding genes in sequence #90 (1123 bp)...done!
Finding genes in sequence #91 (1119 bp)...done!
Finding genes in sequence #92 (1109 bp)...done!
Finding genes in sequence #93 (1103 bp)...done!
Finding genes in sequence #94 (1087 bp)...done!
Finding genes in sequence #95 (1087 bp)...done!
Finding genes in sequence #96 (1075 bp)...done!
Finding genes in sequence #97 (1055 bp)...done!
Finding genes in sequence #98 (1051 bp)...done!
Finding genes in sequence #99 (1049 bp)...done!
Finding genes in sequence #100 (1047 bp)...done!
Finding genes in sequence #101 (1047 bp)...done!
Finding genes in sequence #102 (1039 bp)...done!
Finding genes in sequence #103 (1033 bp)...done!
Finding genes in sequence #104 (1033 bp)...done!
Finding genes in sequence #105 (1011 bp)...done!
Finding genes in sequence #106 (1005 bp)...done!
Finding genes in sequence #107 (987 bp)...done!
Finding genes in sequence #108 (985 bp)...done!
Finding genes in sequence #109 (983 bp)...done!
Finding genes in sequence #110 (979 bp)...done!
Finding genes in sequence #111 (973 bp)...done!
Finding genes in sequence #112 (965 bp)...done!
Finding genes in sequence #113 (963 bp)...done!
Finding genes in sequence #114 (947 bp)...done!
