-------------------------------------
PRODIGAL v2.6.3 [February, 2016]         
Univ of Tenn / Oak Ridge National Lab
Doug Hyatt, Loren Hauser, et al.     
-------------------------------------
Request:  Metagenomic, Phase:  Training
Initializing training files...done!
-------------------------------------
Request:  Metagenomic, Phase:  Gene Finding
Finding genes in sequence #1 (21066 bp)...done!
Finding genes in sequence #2 (16317 bp)...done!
Finding genes in sequence #3 (15289 bp)...done!
Finding genes in sequence #4 (10926 bp)...done!
Finding genes in sequence #5 (10862 bp)...done!
Finding genes in sequence #6 (10284 bp)...done!
Finding genes in sequence #7 (10175 bp)...done!
Finding genes in sequence #8 (4465 bp)...done!
Finding genes in sequence #9 (3203 bp)...done!
Finding genes in sequence #10 (1727 bp)...done!
Finding genes in sequence #11 (1465 bp)...done!
Finding genes in sequence #12 (1423 bp)...done!
Finding genes in sequence #13 (1389 bp)...done!
Finding genes in sequence #14 (1387 bp)...done!
Finding genes in sequence #15 (1211 bp)...done!
Finding genes in sequence #16 (1189 bp)...done!
Finding genes in sequence #17 (1047 bp)...done!
Finding genes in sequence #18 (1045 bp)...done!
Finding genes in sequence #19 (1015 bp)...done!
Finding genes in sequence #20 (924 bp)...done!
Finding genes in sequence #21 (945 bp)...done!
