-------------------------------------
PRODIGAL v2.6.3 [February, 2016]         
Univ of Tenn / Oak Ridge National Lab
Doug Hyatt, Loren Hauser, et al.     
-------------------------------------
Request:  Metagenomic, Phase:  Training
Initializing training files...done!
-------------------------------------
Request:  Metagenomic, Phase:  Gene Finding
Finding genes in sequence #1 (14063 bp)...done!
Finding genes in sequence #2 (12455 bp)...done!
Finding genes in sequence #3 (12428 bp)...done!
Finding genes in sequence #4 (11809 bp)...done!
Finding genes in sequence #5 (11227 bp)...done!
Finding genes in sequence #6 (11182 bp)...done!
Finding genes in sequence #7 (11069 bp)...done!
Finding genes in sequence #8 (10730 bp)...done!
Finding genes in sequence #9 (10521 bp)...done!
Finding genes in sequence #10 (6109 bp)...done!
Finding genes in sequence #11 (5659 bp)...done!
Finding genes in sequence #12 (5627 bp)...done!
Finding genes in sequence #13 (3319 bp)...done!
Finding genes in sequence #14 (3091 bp)...done!
Finding genes in sequence #15 (2635 bp)...done!
Finding genes in sequence #16 (2629 bp)...done!
Finding genes in sequence #17 (2311 bp)...done!
Finding genes in sequence #18 (2041 bp)...done!
Finding genes in sequence #19 (1859 bp)...done!
Finding genes in sequence #20 (1801 bp)...done!
Finding genes in sequence #21 (1795 bp)...done!
Finding genes in sequence #22 (1795 bp)...done!
Finding genes in sequence #23 (1771 bp)...done!
Finding genes in sequence #24 (1639 bp)...done!
Finding genes in sequence #25 (1619 bp)...done!
Finding genes in sequence #26 (1589 bp)...done!
Finding genes in sequence #27 (1549 bp)...done!
Finding genes in sequence #28 (1487 bp)...done!
Finding genes in sequence #29 (1483 bp)...done!
Finding genes in sequence #30 (1463 bp)...done!
Finding genes in sequence #31 (1433 bp)...done!
Finding genes in sequence #32 (1389 bp)...done!
Finding genes in sequence #33 (1381 bp)...done!
Finding genes in sequence #34 (1380 bp)...done!
Finding genes in sequence #35 (1357 bp)...done!
Finding genes in sequence #36 (1327 bp)...done!
Finding genes in sequence #37 (1301 bp)...done!
Finding genes in sequence #38 (1285 bp)...done!
Finding genes in sequence #39 (1281 bp)...done!
Finding genes in sequence #40 (1273 bp)...done!
Finding genes in sequence #41 (1267 bp)...done!
Finding genes in sequence #42 (1243 bp)...done!
Finding genes in sequence #43 (1241 bp)...done!
Finding genes in sequence #44 (1235 bp)...done!
Finding genes in sequence #45 (1195 bp)...done!
Finding genes in sequence #46 (1191 bp)...done!
Finding genes in sequence #47 (1185 bp)...done!
Finding genes in sequence #48 (1169 bp)...done!
Finding genes in sequence #49 (1163 bp)...done!
Finding genes in sequence #50 (1155 bp)...done!
Finding genes in sequence #51 (1135 bp)...done!
Finding genes in sequence #52 (1135 bp)...done!
Finding genes in sequence #53 (1125 bp)...done!
Finding genes in sequence #54 (1123 bp)...done!
Finding genes in sequence #55 (1117 bp)...done!
Finding genes in sequence #56 (1117 bp)...done!
Finding genes in sequence #57 (1113 bp)...done!
Finding genes in sequence #58 (1107 bp)...done!
Finding genes in sequence #59 (1107 bp)...done!
Finding genes in sequence #60 (1095 bp)...done!
Finding genes in sequence #61 (1089 bp)...done!
Finding genes in sequence #62 (1087 bp)...done!
Finding genes in sequence #63 (1075 bp)...done!
Finding genes in sequence #64 (1075 bp)...done!
Finding genes in sequence #65 (1047 bp)...done!
Finding genes in sequence #66 (1027 bp)...done!
Finding genes in sequence #67 (1027 bp)...done!
Finding genes in sequence #68 (1021 bp)...done!
Finding genes in sequence #69 (1015 bp)...done!
Finding genes in sequence #70 (993 bp)...done!
Finding genes in sequence #71 (979 bp)...done!
Finding genes in sequence #72 (973 bp)...done!
Finding genes in sequence #73 (971 bp)...done!
Finding genes in sequence #74 (959 bp)...done!
Finding genes in sequence #75 (947 bp)...done!
Finding genes in sequence #76 (947 bp)...done!
