-------------------------------------
PRODIGAL v2.6.3 [February, 2016]         
Univ of Tenn / Oak Ridge National Lab
Doug Hyatt, Loren Hauser, et al.     
-------------------------------------
Request:  Metagenomic, Phase:  Training
Initializing training files...done!
-------------------------------------
Request:  Metagenomic, Phase:  Gene Finding
Finding genes in sequence #1 (32630 bp)...done!
Finding genes in sequence #2 (15265 bp)...done!
Finding genes in sequence #3 (5417 bp)...done!
Finding genes in sequence #4 (8913 bp)...done!
Finding genes in sequence #5 (6661 bp)...done!
Finding genes in sequence #6 (6191 bp)...done!
Finding genes in sequence #7 (4959 bp)...done!
Finding genes in sequence #8 (4623 bp)...done!
Finding genes in sequence #9 (4309 bp)...done!
Finding genes in sequence #10 (3823 bp)...done!
Finding genes in sequence #11 (3653 bp)...done!
Finding genes in sequence #12 (3431 bp)...done!
Finding genes in sequence #13 (2891 bp)...done!
Finding genes in sequence #14 (2761 bp)...done!
Finding genes in sequence #15 (2533 bp)...done!
Finding genes in sequence #16 (2369 bp)...done!
Finding genes in sequence #17 (2089 bp)...done!
Finding genes in sequence #18 (1985 bp)...done!
Finding genes in sequence #19 (1909 bp)...done!
Finding genes in sequence #20 (1849 bp)...done!
Finding genes in sequence #21 (1747 bp)...done!
Finding genes in sequence #22 (1699 bp)...done!
Finding genes in sequence #23 (1699 bp)...done!
Finding genes in sequence #24 (1639 bp)...done!
Finding genes in sequence #25 (1549 bp)...done!
Finding genes in sequence #26 (1525 bp)...done!
Finding genes in sequence #27 (1498 bp)...done!
Finding genes in sequence #28 (1447 bp)...done!
Finding genes in sequence #29 (1423 bp)...done!
Finding genes in sequence #30 (1399 bp)...done!
Finding genes in sequence #31 (1375 bp)...done!
Finding genes in sequence #32 (1363 bp)...done!
Finding genes in sequence #33 (1297 bp)...done!
Finding genes in sequence #34 (1291 bp)...done!
Finding genes in sequence #35 (1201 bp)...done!
Finding genes in sequence #36 (1195 bp)...done!
Finding genes in sequence #37 (1177 bp)...done!
Finding genes in sequence #38 (1165 bp)...done!
Finding genes in sequence #39 (1135 bp)...done!
Finding genes in sequence #40 (1093 bp)...done!
Finding genes in sequence #41 (1081 bp)...done!
Finding genes in sequence #42 (1075 bp)...done!
Finding genes in sequence #43 (1063 bp)...done!
Finding genes in sequence #44 (1039 bp)...done!
Finding genes in sequence #45 (961 bp)...done!
Finding genes in sequence #46 (959 bp)...done!
