-------------------------------------
PRODIGAL v2.6.3 [February, 2016]         
Univ of Tenn / Oak Ridge National Lab
Doug Hyatt, Loren Hauser, et al.     
-------------------------------------
Request:  Metagenomic, Phase:  Training
Initializing training files...done!
-------------------------------------
Request:  Metagenomic, Phase:  Gene Finding
Finding genes in sequence #1 (22099 bp)...done!
Finding genes in sequence #2 (11892 bp)...done!
Finding genes in sequence #3 (11196 bp)...done!
Finding genes in sequence #4 (10862 bp)...done!
Finding genes in sequence #5 (9441 bp)...done!
Finding genes in sequence #6 (6397 bp)...done!
Finding genes in sequence #7 (6153 bp)...done!
Finding genes in sequence #8 (6129 bp)...done!
Finding genes in sequence #9 (5863 bp)...done!
Finding genes in sequence #10 (5295 bp)...done!
Finding genes in sequence #11 (5237 bp)...done!
Finding genes in sequence #12 (4447 bp)...done!
Finding genes in sequence #13 (4309 bp)...done!
Finding genes in sequence #14 (3745 bp)...done!
Finding genes in sequence #15 (3363 bp)...done!
Finding genes in sequence #16 (3193 bp)...done!
Finding genes in sequence #17 (2455 bp)...done!
Finding genes in sequence #18 (2441 bp)...done!
Finding genes in sequence #19 (2437 bp)...done!
Finding genes in sequence #20 (2335 bp)...done!
Finding genes in sequence #21 (2315 bp)...done!
Finding genes in sequence #22 (2062 bp)...done!
Finding genes in sequence #23 (1993 bp)...done!
Finding genes in sequence #24 (1975 bp)...done!
Finding genes in sequence #25 (1837 bp)...done!
Finding genes in sequence #26 (1675 bp)...done!
Finding genes in sequence #27 (1603 bp)...done!
Finding genes in sequence #28 (1591 bp)...done!
Finding genes in sequence #29 (1483 bp)...done!
Finding genes in sequence #30 (1479 bp)...done!
Finding genes in sequence #31 (1475 bp)...done!
Finding genes in sequence #32 (1459 bp)...done!
Finding genes in sequence #33 (1461 bp)...done!
Finding genes in sequence #34 (1393 bp)...done!
Finding genes in sequence #35 (1363 bp)...done!
Finding genes in sequence #36 (1327 bp)...done!
Finding genes in sequence #37 (1283 bp)...done!
Finding genes in sequence #38 (1279 bp)...done!
Finding genes in sequence #39 (1219 bp)...done!
Finding genes in sequence #40 (1189 bp)...done!
Finding genes in sequence #41 (1185 bp)...done!
Finding genes in sequence #42 (1125 bp)...done!
Finding genes in sequence #43 (1081 bp)...done!
Finding genes in sequence #44 (1075 bp)...done!
Finding genes in sequence #45 (1045 bp)...done!
Finding genes in sequence #46 (1033 bp)...done!
Finding genes in sequence #47 (1027 bp)...done!
Finding genes in sequence #48 (1009 bp)...done!
Finding genes in sequence #49 (1009 bp)...done!
