-------------------------------------
PRODIGAL v2.6.3 [February, 2016]         
Univ of Tenn / Oak Ridge National Lab
Doug Hyatt, Loren Hauser, et al.     
-------------------------------------
Request:  Metagenomic, Phase:  Training
Initializing training files...done!
-------------------------------------
Request:  Metagenomic, Phase:  Gene Finding
Finding genes in sequence #1 (5713 bp)...done!
Finding genes in sequence #2 (3887 bp)...done!
Finding genes in sequence #3 (2947 bp)...done!
Finding genes in sequence #4 (2033 bp)...done!
Finding genes in sequence #5 (2011 bp)...done!
Finding genes in sequence #6 (1855 bp)...done!
Finding genes in sequence #7 (1393 bp)...done!
Finding genes in sequence #8 (1353 bp)...done!
Finding genes in sequence #9 (1345 bp)...done!
Finding genes in sequence #10 (1293 bp)...done!
Finding genes in sequence #11 (1289 bp)...done!
Finding genes in sequence #12 (1281 bp)...done!
Finding genes in sequence #13 (1269 bp)...done!
Finding genes in sequence #14 (1225 bp)...done!
Finding genes in sequence #15 (1195 bp)...done!
Finding genes in sequence #16 (1193 bp)...done!
Finding genes in sequence #17 (1149 bp)...done!
Finding genes in sequence #18 (1139 bp)...done!
Finding genes in sequence #19 (1135 bp)...done!
Finding genes in sequence #20 (1113 bp)...done!
Finding genes in sequence #21 (1099 bp)...done!
Finding genes in sequence #22 (1087 bp)...done!
Finding genes in sequence #23 (1063 bp)...done!
Finding genes in sequence #24 (1053 bp)...done!
Finding genes in sequence #25 (1005 bp)...done!
Finding genes in sequence #26 (983 bp)...done!
Finding genes in sequence #27 (979 bp)...done!
Finding genes in sequence #28 (951 bp)...done!
Finding genes in sequence #29 (949 bp)...done!
