-------------------------------------
PRODIGAL v2.6.3 [February, 2016]         
Univ of Tenn / Oak Ridge National Lab
Doug Hyatt, Loren Hauser, et al.     
-------------------------------------
Request:  Metagenomic, Phase:  Training
Initializing training files...done!
-------------------------------------
Request:  Metagenomic, Phase:  Gene Finding
Finding genes in sequence #1 (17120 bp)...done!
Finding genes in sequence #2 (16460 bp)...done!
Finding genes in sequence #3 (14066 bp)...done!
Finding genes in sequence #4 (14023 bp)...done!
Finding genes in sequence #5 (14001 bp)...done!
Finding genes in sequence #6 (12966 bp)...done!
Finding genes in sequence #7 (11182 bp)...done!
Finding genes in sequence #8 (11075 bp)...done!
Finding genes in sequence #9 (10521 bp)...done!
Finding genes in sequence #10 (6121 bp)...done!
Finding genes in sequence #11 (5695 bp)...done!
Finding genes in sequence #12 (4081 bp)...done!
Finding genes in sequence #13 (3769 bp)...done!
Finding genes in sequence #14 (3393 bp)...done!
Finding genes in sequence #15 (3373 bp)...done!
Finding genes in sequence #16 (3319 bp)...done!
Finding genes in sequence #17 (3091 bp)...done!
Finding genes in sequence #18 (3037 bp)...done!
Finding genes in sequence #19 (3025 bp)...done!
Finding genes in sequence #20 (2635 bp)...done!
Finding genes in sequence #21 (2367 bp)...done!
Finding genes in sequence #22 (2323 bp)...done!
Finding genes in sequence #23 (2311 bp)...done!
Finding genes in sequence #24 (2167 bp)...done!
Finding genes in sequence #25 (2069 bp)...done!
Finding genes in sequence #26 (2041 bp)...done!
Finding genes in sequence #27 (1951 bp)...done!
Finding genes in sequence #28 (1835 bp)...done!
Finding genes in sequence #29 (1807 bp)...done!
Finding genes in sequence #30 (1801 bp)...done!
Finding genes in sequence #31 (1795 bp)...done!
Finding genes in sequence #32 (1795 bp)...done!
Finding genes in sequence #33 (1789 bp)...done!
Finding genes in sequence #34 (1787 bp)...done!
Finding genes in sequence #35 (1724 bp)...done!
Finding genes in sequence #36 (1747 bp)...done!
Finding genes in sequence #37 (1747 bp)...done!
Finding genes in sequence #38 (1735 bp)...done!
Finding genes in sequence #39 (1687 bp)...done!
Finding genes in sequence #40 (1651 bp)...done!
Finding genes in sequence #41 (1591 bp)...done!
Finding genes in sequence #42 (1591 bp)...done!
Finding genes in sequence #43 (1589 bp)...done!
Finding genes in sequence #44 (1587 bp)...done!
Finding genes in sequence #45 (1573 bp)...done!
Finding genes in sequence #46 (1549 bp)...done!
Finding genes in sequence #47 (1547 bp)...done!
Finding genes in sequence #48 (1535 bp)...done!
Finding genes in sequence #49 (1529 bp)...done!
Finding genes in sequence #50 (1493 bp)...done!
Finding genes in sequence #51 (1487 bp)...done!
Finding genes in sequence #52 (1435 bp)...done!
Finding genes in sequence #53 (1431 bp)...done!
Finding genes in sequence #54 (1429 bp)...done!
Finding genes in sequence #55 (1383 bp)...done!
Finding genes in sequence #56 (1381 bp)...done!
Finding genes in sequence #57 (1357 bp)...done!
Finding genes in sequence #58 (1345 bp)...done!
Finding genes in sequence #59 (1333 bp)...done!
Finding genes in sequence #60 (1331 bp)...done!
Finding genes in sequence #61 (1315 bp)...done!
Finding genes in sequence #62 (1291 bp)...done!
Finding genes in sequence #63 (1291 bp)...done!
Finding genes in sequence #64 (1285 bp)...done!
Finding genes in sequence #65 (1257 bp)...done!
Finding genes in sequence #66 (1251 bp)...done!
Finding genes in sequence #67 (1219 bp)...done!
Finding genes in sequence #68 (1193 bp)...done!
Finding genes in sequence #69 (1189 bp)...done!
Finding genes in sequence #70 (1183 bp)...done!
Finding genes in sequence #71 (1179 bp)...done!
Finding genes in sequence #72 (1171 bp)...done!
Finding genes in sequence #73 (1171 bp)...done!
Finding genes in sequence #74 (1169 bp)...done!
Finding genes in sequence #75 (1161 bp)...done!
Finding genes in sequence #76 (1161 bp)...done!
Finding genes in sequence #77 (1157 bp)...done!
Finding genes in sequence #78 (1157 bp)...done!
Finding genes in sequence #79 (1156 bp)...done!
Finding genes in sequence #80 (1155 bp)...done!
Finding genes in sequence #81 (1141 bp)...done!
Finding genes in sequence #82 (1117 bp)...done!
Finding genes in sequence #83 (1113 bp)...done!
Finding genes in sequence #84 (1111 bp)...done!
Finding genes in sequence #85 (1109 bp)...done!
Finding genes in sequence #86 (1097 bp)...done!
Finding genes in sequence #87 (1091 bp)...done!
Finding genes in sequence #88 (1089 bp)...done!
Finding genes in sequence #89 (1083 bp)...done!
Finding genes in sequence #90 (1075 bp)...done!
Finding genes in sequence #91 (1055 bp)...done!
Finding genes in sequence #92 (1055 bp)...done!
Finding genes in sequence #93 (1049 bp)...done!
Finding genes in sequence #94 (1045 bp)...done!
Finding genes in sequence #95 (1039 bp)...done!
Finding genes in sequence #96 (1037 bp)...done!
Finding genes in sequence #97 (1033 bp)...done!
Finding genes in sequence #98 (1029 bp)...done!
Finding genes in sequence #99 (1019 bp)...done!
Finding genes in sequence #100 (1017 bp)...done!
Finding genes in sequence #101 (997 bp)...done!
Finding genes in sequence #102 (997 bp)...done!
Finding genes in sequence #103 (985 bp)...done!
Finding genes in sequence #104 (979 bp)...done!
Finding genes in sequence #105 (973 bp)...done!
Finding genes in sequence #106 (973 bp)...done!
Finding genes in sequence #107 (963 bp)...done!
Finding genes in sequence #108 (963 bp)...done!
Finding genes in sequence #109 (957 bp)...done!
Finding genes in sequence #110 (955 bp)...done!
Finding genes in sequence #111 (949 bp)...done!
