-------------------------------------
PRODIGAL v2.6.3 [February, 2016]         
Univ of Tenn / Oak Ridge National Lab
Doug Hyatt, Loren Hauser, et al.     
-------------------------------------
Request:  Metagenomic, Phase:  Training
Initializing training files...done!
-------------------------------------
Request:  Metagenomic, Phase:  Gene Finding
Finding genes in sequence #1 (6153 bp)...done!
Finding genes in sequence #2 (4447 bp)...done!
Finding genes in sequence #3 (3745 bp)...done!
Finding genes in sequence #4 (3193 bp)...done!
Finding genes in sequence #5 (3111 bp)...done!
Finding genes in sequence #6 (3037 bp)...done!
Finding genes in sequence #7 (2313 bp)...done!
Finding genes in sequence #8 (2177 bp)...done!
Finding genes in sequence #9 (2167 bp)...done!
Finding genes in sequence #10 (2091 bp)...done!
Finding genes in sequence #11 (2029 bp)...done!
Finding genes in sequence #12 (1969 bp)...done!
Finding genes in sequence #13 (1597 bp)...done!
Finding genes in sequence #14 (1491 bp)...done!
Finding genes in sequence #15 (1357 bp)...done!
Finding genes in sequence #16 (1315 bp)...done!
Finding genes in sequence #17 (1191 bp)...done!
Finding genes in sequence #18 (1109 bp)...done!
Finding genes in sequence #19 (1103 bp)...done!
Finding genes in sequence #20 (1047 bp)...done!
Finding genes in sequence #21 (1027 bp)...done!
Finding genes in sequence #22 (1009 bp)...done!
Finding genes in sequence #23 (989 bp)...done!
Finding genes in sequence #24 (987 bp)...done!
