-------------------------------------
PRODIGAL v2.6.3 [February, 2016]         
Univ of Tenn / Oak Ridge National Lab
Doug Hyatt, Loren Hauser, et al.     
-------------------------------------
Request:  Metagenomic, Phase:  Training
Initializing training files...done!
-------------------------------------
Request:  Metagenomic, Phase:  Gene Finding
Finding genes in sequence #1 (22925 bp)...done!
Finding genes in sequence #2 (21066 bp)...done!
Finding genes in sequence #3 (15347 bp)...done!
Finding genes in sequence #4 (10650 bp)...done!
Finding genes in sequence #5 (5863 bp)...done!
Finding genes in sequence #6 (5741 bp)...done!
Finding genes in sequence #7 (4901 bp)...done!
Finding genes in sequence #8 (3479 bp)...done!
Finding genes in sequence #9 (3203 bp)...done!
Finding genes in sequence #10 (3141 bp)...done!
Finding genes in sequence #11 (3013 bp)...done!
Finding genes in sequence #12 (2749 bp)...done!
Finding genes in sequence #13 (1921 bp)...done!
Finding genes in sequence #14 (1729 bp)...done!
Finding genes in sequence #15 (1621 bp)...done!
Finding genes in sequence #16 (1585 bp)...done!
Finding genes in sequence #17 (1477 bp)...done!
Finding genes in sequence #18 (1459 bp)...done!
Finding genes in sequence #19 (1297 bp)...done!
Finding genes in sequence #20 (1275 bp)...done!
Finding genes in sequence #21 (1231 bp)...done!
Finding genes in sequence #22 (1221 bp)...done!
Finding genes in sequence #23 (1195 bp)...done!
Finding genes in sequence #24 (1153 bp)...done!
Finding genes in sequence #25 (1039 bp)...done!
Finding genes in sequence #26 (991 bp)...done!
Finding genes in sequence #27 (987 bp)...done!
Finding genes in sequence #28 (955 bp)...done!
