-------------------------------------
PRODIGAL v2.6.3 [February, 2016]         
Univ of Tenn / Oak Ridge National Lab
Doug Hyatt, Loren Hauser, et al.     
-------------------------------------
Request:  Metagenomic, Phase:  Training
Initializing training files...done!
-------------------------------------
Request:  Metagenomic, Phase:  Gene Finding
Finding genes in sequence #1 (10386 bp)...done!
Finding genes in sequence #2 (10046 bp)...done!
Finding genes in sequence #3 (6469 bp)...done!
Finding genes in sequence #4 (5197 bp)...done!
Finding genes in sequence #5 (4293 bp)...done!
Finding genes in sequence #6 (4009 bp)...done!
Finding genes in sequence #7 (3223 bp)...done!
Finding genes in sequence #8 (3055 bp)...done!
Finding genes in sequence #9 (3025 bp)...done!
Finding genes in sequence #10 (2677 bp)...done!
Finding genes in sequence #11 (2473 bp)...done!
Finding genes in sequence #12 (2293 bp)...done!
Finding genes in sequence #13 (2287 bp)...done!
Finding genes in sequence #14 (2209 bp)...done!
Finding genes in sequence #15 (1981 bp)...done!
Finding genes in sequence #16 (1921 bp)...done!
Finding genes in sequence #17 (1915 bp)...done!
Finding genes in sequence #18 (1819 bp)...done!
Finding genes in sequence #19 (1639 bp)...done!
Finding genes in sequence #20 (1639 bp)...done!
Finding genes in sequence #21 (1627 bp)...done!
Finding genes in sequence #22 (1423 bp)...done!
Finding genes in sequence #23 (1415 bp)...done!
Finding genes in sequence #24 (1404 bp)...done!
Finding genes in sequence #25 (1381 bp)...done!
Finding genes in sequence #26 (1303 bp)...done!
Finding genes in sequence #27 (1291 bp)...done!
Finding genes in sequence #28 (1285 bp)...done!
Finding genes in sequence #29 (1285 bp)...done!
Finding genes in sequence #30 (1279 bp)...done!
Finding genes in sequence #31 (1273 bp)...done!
Finding genes in sequence #32 (1273 bp)...done!
Finding genes in sequence #33 (1165 bp)...done!
Finding genes in sequence #34 (1135 bp)...done!
Finding genes in sequence #35 (1123 bp)...done!
Finding genes in sequence #36 (1025 bp)...done!
Finding genes in sequence #37 (1021 bp)...done!
Finding genes in sequence #38 (1009 bp)...done!
Finding genes in sequence #39 (1005 bp)...done!
Finding genes in sequence #40 (1003 bp)...done!
Finding genes in sequence #41 (991 bp)...done!
Finding genes in sequence #42 (973 bp)...done!
Finding genes in sequence #43 (961 bp)...done!
