-------------------------------------
PRODIGAL v2.6.3 [February, 2016]         
Univ of Tenn / Oak Ridge National Lab
Doug Hyatt, Loren Hauser, et al.     
-------------------------------------
Request:  Metagenomic, Phase:  Training
Initializing training files...done!
-------------------------------------
Request:  Metagenomic, Phase:  Gene Finding
Finding genes in sequence #1 (18061 bp)...done!
Finding genes in sequence #2 (10788 bp)...done!
Finding genes in sequence #3 (7313 bp)...done!
Finding genes in sequence #4 (5417 bp)...done!
Finding genes in sequence #5 (4569 bp)...done!
Finding genes in sequence #6 (3103 bp)...done!
Finding genes in sequence #7 (2635 bp)...done!
Finding genes in sequence #8 (2380 bp)...done!
Finding genes in sequence #9 (1859 bp)...done!
Finding genes in sequence #10 (1795 bp)...done!
Finding genes in sequence #11 (1741 bp)...done!
Finding genes in sequence #12 (1657 bp)...done!
Finding genes in sequence #13 (1599 bp)...done!
Finding genes in sequence #14 (1543 bp)...done!
Finding genes in sequence #15 (1523 bp)...done!
Finding genes in sequence #16 (1457 bp)...done!
Finding genes in sequence #17 (1435 bp)...done!
Finding genes in sequence #18 (1423 bp)...done!
Finding genes in sequence #19 (1387 bp)...done!
Finding genes in sequence #20 (1377 bp)...done!
Finding genes in sequence #21 (1351 bp)...done!
Finding genes in sequence #22 (1319 bp)...done!
Finding genes in sequence #23 (1307 bp)...done!
Finding genes in sequence #24 (1291 bp)...done!
Finding genes in sequence #25 (1285 bp)...done!
Finding genes in sequence #26 (1279 bp)...done!
Finding genes in sequence #27 (1257 bp)...done!
Finding genes in sequence #28 (1249 bp)...done!
Finding genes in sequence #29 (1231 bp)...done!
Finding genes in sequence #30 (1215 bp)...done!
Finding genes in sequence #31 (1209 bp)...done!
Finding genes in sequence #32 (1201 bp)...done!
Finding genes in sequence #33 (1195 bp)...done!
Finding genes in sequence #34 (1191 bp)...done!
Finding genes in sequence #35 (1169 bp)...done!
Finding genes in sequence #36 (1141 bp)...done!
Finding genes in sequence #37 (1135 bp)...done!
Finding genes in sequence #38 (1101 bp)...done!
Finding genes in sequence #39 (1099 bp)...done!
Finding genes in sequence #40 (1087 bp)...done!
Finding genes in sequence #41 (1087 bp)...done!
Finding genes in sequence #42 (1075 bp)...done!
Finding genes in sequence #43 (1033 bp)...done!
Finding genes in sequence #44 (1015 bp)...done!
Finding genes in sequence #45 (1009 bp)...done!
Finding genes in sequence #46 (991 bp)...done!
Finding genes in sequence #47 (979 bp)...done!
Finding genes in sequence #48 (961 bp)...done!
Finding genes in sequence #49 (951 bp)...done!
