-------------------------------------
PRODIGAL v2.6.3 [February, 2016]         
Univ of Tenn / Oak Ridge National Lab
Doug Hyatt, Loren Hauser, et al.     
-------------------------------------
Request:  Metagenomic, Phase:  Training
Initializing training files...done!
-------------------------------------
Request:  Metagenomic, Phase:  Gene Finding
Finding genes in sequence #1 (5227 bp)...done!
Finding genes in sequence #2 (4085 bp)...done!
Finding genes in sequence #3 (3675 bp)...done!
Finding genes in sequence #4 (3319 bp)...done!
Finding genes in sequence #5 (3037 bp)...done!
Finding genes in sequence #6 (2947 bp)...done!
Finding genes in sequence #7 (2459 bp)...done!
Finding genes in sequence #8 (2143 bp)...done!
Finding genes in sequence #9 (2137 bp)...done!
Finding genes in sequence #10 (2119 bp)...done!
Finding genes in sequence #11 (2033 bp)...done!
Finding genes in sequence #12 (1933 bp)...done!
Finding genes in sequence #13 (1857 bp)...done!
Finding genes in sequence #14 (1855 bp)...done!
Finding genes in sequence #15 (1831 bp)...done!
Finding genes in sequence #16 (1801 bp)...done!
Finding genes in sequence #17 (1791 bp)...done!
Finding genes in sequence #18 (1723 bp)...done!
Finding genes in sequence #19 (1705 bp)...done!
Finding genes in sequence #20 (1587 bp)...done!
Finding genes in sequence #21 (1577 bp)...done!
Finding genes in sequence #22 (1567 bp)...done!
Finding genes in sequence #23 (1535 bp)...done!
Finding genes in sequence #24 (1535 bp)...done!
Finding genes in sequence #25 (1521 bp)...done!
Finding genes in sequence #26 (1451 bp)...done!
Finding genes in sequence #27 (1411 bp)...done!
Finding genes in sequence #28 (1393 bp)...done!
Finding genes in sequence #29 (1381 bp)...done!
Finding genes in sequence #30 (1381 bp)...done!
Finding genes in sequence #31 (1375 bp)...done!
Finding genes in sequence #32 (1353 bp)...done!
Finding genes in sequence #33 (1287 bp)...done!
Finding genes in sequence #34 (1297 bp)...done!
Finding genes in sequence #35 (1291 bp)...done!
Finding genes in sequence #36 (1281 bp)...done!
Finding genes in sequence #37 (1269 bp)...done!
Finding genes in sequence #38 (1253 bp)...done!
Finding genes in sequence #39 (1241 bp)...done!
Finding genes in sequence #40 (1237 bp)...done!
Finding genes in sequence #41 (1225 bp)...done!
Finding genes in sequence #42 (1223 bp)...done!
Finding genes in sequence #43 (1207 bp)...done!
Finding genes in sequence #44 (1177 bp)...done!
Finding genes in sequence #45 (1045 bp)...done!
Finding genes in sequence #46 (1161 bp)...done!
Finding genes in sequence #47 (1159 bp)...done!
Finding genes in sequence #48 (1159 bp)...done!
Finding genes in sequence #49 (1147 bp)...done!
Finding genes in sequence #50 (1143 bp)...done!
Finding genes in sequence #51 (1141 bp)...done!
Finding genes in sequence #52 (1139 bp)...done!
Finding genes in sequence #53 (1137 bp)...done!
Finding genes in sequence #54 (1135 bp)...done!
Finding genes in sequence #55 (1133 bp)...done!
Finding genes in sequence #56 (1129 bp)...done!
Finding genes in sequence #57 (1129 bp)...done!
Finding genes in sequence #58 (1121 bp)...done!
Finding genes in sequence #59 (1117 bp)...done!
Finding genes in sequence #60 (993 bp)...done!
Finding genes in sequence #61 (1097 bp)...done!
Finding genes in sequence #62 (1097 bp)...done!
Finding genes in sequence #63 (1093 bp)...done!
Finding genes in sequence #64 (1093 bp)...done!
Finding genes in sequence #65 (1085 bp)...done!
Finding genes in sequence #66 (1075 bp)...done!
Finding genes in sequence #67 (1067 bp)...done!
Finding genes in sequence #68 (1061 bp)...done!
Finding genes in sequence #69 (1061 bp)...done!
Finding genes in sequence #70 (1055 bp)...done!
Finding genes in sequence #71 (1051 bp)...done!
Finding genes in sequence #72 (1035 bp)...done!
Finding genes in sequence #73 (1029 bp)...done!
Finding genes in sequence #74 (1027 bp)...done!
Finding genes in sequence #75 (922 bp)...done!
Finding genes in sequence #76 (1021 bp)...done!
Finding genes in sequence #77 (1013 bp)...done!
Finding genes in sequence #78 (1005 bp)...done!
Finding genes in sequence #79 (983 bp)...done!
Finding genes in sequence #80 (977 bp)...done!
Finding genes in sequence #81 (975 bp)...done!
Finding genes in sequence #82 (975 bp)...done!
Finding genes in sequence #83 (881 bp)...done!
Finding genes in sequence #84 (513 bp)...done!
Finding genes in sequence #85 (959 bp)...done!
Finding genes in sequence #86 (959 bp)...done!
Finding genes in sequence #87 (949 bp)...done!
