-------------------------------------
PRODIGAL v2.6.3 [February, 2016]         
Univ of Tenn / Oak Ridge National Lab
Doug Hyatt, Loren Hauser, et al.     
-------------------------------------
Request:  Metagenomic, Phase:  Training
Initializing training files...done!
-------------------------------------
Request:  Metagenomic, Phase:  Gene Finding
Finding genes in sequence #1 (11200 bp)...done!
Finding genes in sequence #2 (7353 bp)...done!
Finding genes in sequence #3 (5973 bp)...done!
Finding genes in sequence #4 (5633 bp)...done!
Finding genes in sequence #5 (4253 bp)...done!
Finding genes in sequence #6 (3271 bp)...done!
Finding genes in sequence #7 (2951 bp)...done!
Finding genes in sequence #8 (2375 bp)...done!
Finding genes in sequence #9 (2125 bp)...done!
Finding genes in sequence #10 (1921 bp)...done!
Finding genes in sequence #11 (1741 bp)...done!
Finding genes in sequence #12 (1511 bp)...done!
Finding genes in sequence #13 (1195 bp)...done!
Finding genes in sequence #14 (1153 bp)...done!
