-------------------------------------
PRODIGAL v2.6.3 [February, 2016]         
Univ of Tenn / Oak Ridge National Lab
Doug Hyatt, Loren Hauser, et al.     
-------------------------------------
Request:  Metagenomic, Phase:  Training
Initializing training files...done!
-------------------------------------
Request:  Metagenomic, Phase:  Gene Finding
Finding genes in sequence #1 (13172 bp)...done!
Finding genes in sequence #2 (10386 bp)...done!
Finding genes in sequence #3 (5041 bp)...done!
Finding genes in sequence #4 (3685 bp)...done!
Finding genes in sequence #5 (2665 bp)...done!
Finding genes in sequence #6 (2617 bp)...done!
Finding genes in sequence #7 (1993 bp)...done!
Finding genes in sequence #8 (1959 bp)...done!
Finding genes in sequence #9 (1891 bp)...done!
Finding genes in sequence #10 (1845 bp)...done!
Finding genes in sequence #11 (1585 bp)...done!
Finding genes in sequence #12 (1495 bp)...done!
Finding genes in sequence #13 (1441 bp)...done!
Finding genes in sequence #14 (1429 bp)...done!
Finding genes in sequence #15 (1429 bp)...done!
Finding genes in sequence #16 (1419 bp)...done!
Finding genes in sequence #17 (1411 bp)...done!
Finding genes in sequence #18 (1315 bp)...done!
Finding genes in sequence #19 (1207 bp)...done!
Finding genes in sequence #20 (1145 bp)...done!
Finding genes in sequence #21 (1129 bp)...done!
Finding genes in sequence #22 (1051 bp)...done!
Finding genes in sequence #23 (1047 bp)...done!
Finding genes in sequence #24 (1045 bp)...done!
Finding genes in sequence #25 (1033 bp)...done!
Finding genes in sequence #26 (1033 bp)...done!
Finding genes in sequence #27 (1027 bp)...done!
Finding genes in sequence #28 (965 bp)...done!
Finding genes in sequence #29 (961 bp)...done!
Finding genes in sequence #30 (949 bp)...done!
