-------------------------------------
PRODIGAL v2.6.3 [February, 2016]         
Univ of Tenn / Oak Ridge National Lab
Doug Hyatt, Loren Hauser, et al.     
-------------------------------------
Request:  Metagenomic, Phase:  Training
Initializing training files...done!
-------------------------------------
Request:  Metagenomic, Phase:  Gene Finding
Finding genes in sequence #1 (10386 bp)...done!
Finding genes in sequence #2 (1921 bp)...done!
Finding genes in sequence #3 (1729 bp)...done!
Finding genes in sequence #4 (1171 bp)...done!
Finding genes in sequence #5 (1161 bp)...done!
Finding genes in sequence #6 (1099 bp)...done!
Finding genes in sequence #7 (878 bp)...done!
Finding genes in sequence #8 (991 bp)...done!
Finding genes in sequence #9 (965 bp)...done!
Finding genes in sequence #10 (965 bp)...done!
Finding genes in sequence #11 (953 bp)...done!
