-------------------------------------
PRODIGAL v2.6.3 [February, 2016]         
Univ of Tenn / Oak Ridge National Lab
Doug Hyatt, Loren Hauser, et al.     
-------------------------------------
Request:  Metagenomic, Phase:  Training
Initializing training files...done!
-------------------------------------
Request:  Metagenomic, Phase:  Gene Finding
Finding genes in sequence #1 (13238 bp)...done!
Finding genes in sequence #2 (5863 bp)...done!
Finding genes in sequence #3 (3855 bp)...done!
Finding genes in sequence #4 (3559 bp)...done!
Finding genes in sequence #5 (3193 bp)...done!
Finding genes in sequence #6 (3037 bp)...done!
Finding genes in sequence #7 (2335 bp)...done!
Finding genes in sequence #8 (2311 bp)...done!
Finding genes in sequence #9 (1795 bp)...done!
Finding genes in sequence #10 (1789 bp)...done!
Finding genes in sequence #11 (1751 bp)...done!
Finding genes in sequence #12 (1729 bp)...done!
Finding genes in sequence #13 (1429 bp)...done!
Finding genes in sequence #14 (1331 bp)...done!
Finding genes in sequence #15 (1291 bp)...done!
Finding genes in sequence #16 (1285 bp)...done!
Finding genes in sequence #17 (1267 bp)...done!
Finding genes in sequence #18 (1201 bp)...done!
Finding genes in sequence #19 (1189 bp)...done!
Finding genes in sequence #20 (1183 bp)...done!
Finding genes in sequence #21 (1149 bp)...done!
Finding genes in sequence #22 (1131 bp)...done!
Finding genes in sequence #23 (1131 bp)...done!
Finding genes in sequence #24 (1121 bp)...done!
Finding genes in sequence #25 (1111 bp)...done!
Finding genes in sequence #26 (1087 bp)...done!
Finding genes in sequence #27 (1075 bp)...done!
Finding genes in sequence #28 (1065 bp)...done!
Finding genes in sequence #29 (1063 bp)...done!
Finding genes in sequence #30 (1047 bp)...done!
Finding genes in sequence #31 (1045 bp)...done!
Finding genes in sequence #32 (1027 bp)...done!
Finding genes in sequence #33 (979 bp)...done!
