-------------------------------------
PRODIGAL v2.6.3 [February, 2016]         
Univ of Tenn / Oak Ridge National Lab
Doug Hyatt, Loren Hauser, et al.     
-------------------------------------
Request:  Metagenomic, Phase:  Training
Initializing training files...done!
-------------------------------------
Request:  Metagenomic, Phase:  Gene Finding
Finding genes in sequence #1 (21590 bp)...done!
Finding genes in sequence #2 (6217 bp)...done!
Finding genes in sequence #3 (10386 bp)...done!
Finding genes in sequence #4 (4821 bp)...done!
Finding genes in sequence #5 (3513 bp)...done!
Finding genes in sequence #6 (3319 bp)...done!
Finding genes in sequence #7 (3091 bp)...done!
Finding genes in sequence #8 (2593 bp)...done!
Finding genes in sequence #9 (2515 bp)...done!
Finding genes in sequence #10 (2503 bp)...done!
Finding genes in sequence #11 (2491 bp)...done!
Finding genes in sequence #12 (2289 bp)...done!
Finding genes in sequence #13 (2239 bp)...done!
Finding genes in sequence #14 (1999 bp)...done!
Finding genes in sequence #15 (1817 bp)...done!
Finding genes in sequence #16 (1803 bp)...done!
Finding genes in sequence #17 (1801 bp)...done!
Finding genes in sequence #18 (1743 bp)...done!
Finding genes in sequence #19 (1735 bp)...done!
Finding genes in sequence #20 (1729 bp)...done!
Finding genes in sequence #21 (1727 bp)...done!
Finding genes in sequence #22 (1699 bp)...done!
Finding genes in sequence #23 (1511 bp)...done!
Finding genes in sequence #24 (1539 bp)...done!
Finding genes in sequence #25 (1495 bp)...done!
Finding genes in sequence #26 (1441 bp)...done!
Finding genes in sequence #27 (1429 bp)...done!
Finding genes in sequence #28 (1387 bp)...done!
Finding genes in sequence #29 (1359 bp)...done!
Finding genes in sequence #30 (1327 bp)...done!
Finding genes in sequence #31 (1261 bp)...done!
Finding genes in sequence #32 (1241 bp)...done!
Finding genes in sequence #33 (1231 bp)...done!
Finding genes in sequence #34 (1225 bp)...done!
Finding genes in sequence #35 (1205 bp)...done!
Finding genes in sequence #36 (1182 bp)...done!
Finding genes in sequence #37 (1185 bp)...done!
Finding genes in sequence #38 (1185 bp)...done!
Finding genes in sequence #39 (1039 bp)...done!
Finding genes in sequence #40 (1125 bp)...done!
Finding genes in sequence #41 (1123 bp)...done!
Finding genes in sequence #42 (1117 bp)...done!
Finding genes in sequence #43 (1111 bp)...done!
Finding genes in sequence #44 (1109 bp)...done!
Finding genes in sequence #45 (1101 bp)...done!
Finding genes in sequence #46 (1095 bp)...done!
Finding genes in sequence #47 (1093 bp)...done!
Finding genes in sequence #48 (1087 bp)...done!
Finding genes in sequence #49 (1071 bp)...done!
Finding genes in sequence #50 (1053 bp)...done!
Finding genes in sequence #51 (1051 bp)...done!
Finding genes in sequence #52 (1047 bp)...done!
Finding genes in sequence #53 (1045 bp)...done!
Finding genes in sequence #54 (1043 bp)...done!
Finding genes in sequence #55 (1003 bp)...done!
Finding genes in sequence #56 (991 bp)...done!
Finding genes in sequence #57 (991 bp)...done!
Finding genes in sequence #58 (985 bp)...done!
Finding genes in sequence #59 (969 bp)...done!
Finding genes in sequence #60 (838 bp)...done!
Finding genes in sequence #61 (967 bp)...done!
Finding genes in sequence #62 (959 bp)...done!
Finding genes in sequence #63 (959 bp)...done!
Finding genes in sequence #64 (949 bp)...done!
Finding genes in sequence #65 (947 bp)...done!
