-------------------------------------
PRODIGAL v2.6.3 [February, 2016]         
Univ of Tenn / Oak Ridge National Lab
Doug Hyatt, Loren Hauser, et al.     
-------------------------------------
Request:  Metagenomic, Phase:  Training
Initializing training files...done!
-------------------------------------
Request:  Metagenomic, Phase:  Gene Finding
Finding genes in sequence #1 (15221 bp)...done!
Finding genes in sequence #2 (12063 bp)...done!
Finding genes in sequence #3 (11833 bp)...done!
Finding genes in sequence #4 (11147 bp)...done!
Finding genes in sequence #5 (10710 bp)...done!
Finding genes in sequence #6 (10653 bp)...done!
Finding genes in sequence #7 (4048 bp)...done!
Finding genes in sequence #8 (3795 bp)...done!
Finding genes in sequence #9 (3723 bp)...done!
Finding genes in sequence #10 (3697 bp)...done!
Finding genes in sequence #11 (3675 bp)...done!
Finding genes in sequence #12 (3539 bp)...done!
Finding genes in sequence #13 (3457 bp)...done!
Finding genes in sequence #14 (3405 bp)...done!
Finding genes in sequence #15 (3393 bp)...done!
Finding genes in sequence #16 (3391 bp)...done!
Finding genes in sequence #17 (2665 bp)...done!
Finding genes in sequence #18 (2611 bp)...done!
Finding genes in sequence #19 (2533 bp)...done!
Finding genes in sequence #20 (2353 bp)...done!
Finding genes in sequence #21 (2319 bp)...done!
Finding genes in sequence #22 (2235 bp)...done!
Finding genes in sequence #23 (2083 bp)...done!
Finding genes in sequence #24 (1987 bp)...done!
Finding genes in sequence #25 (1873 bp)...done!
Finding genes in sequence #26 (1867 bp)...done!
Finding genes in sequence #27 (1837 bp)...done!
Finding genes in sequence #28 (1837 bp)...done!
Finding genes in sequence #29 (1837 bp)...done!
Finding genes in sequence #30 (1831 bp)...done!
Finding genes in sequence #31 (1831 bp)...done!
Finding genes in sequence #32 (1825 bp)...done!
Finding genes in sequence #33 (1823 bp)...done!
Finding genes in sequence #34 (1799 bp)...done!
Finding genes in sequence #35 (1759 bp)...done!
Finding genes in sequence #36 (1705 bp)...done!
Finding genes in sequence #37 (1705 bp)...done!
Finding genes in sequence #38 (1681 bp)...done!
Finding genes in sequence #39 (1673 bp)...done!
Finding genes in sequence #40 (1647 bp)...done!
Finding genes in sequence #41 (1579 bp)...done!
Finding genes in sequence #42 (1567 bp)...done!
Finding genes in sequence #43 (1549 bp)...done!
Finding genes in sequence #44 (1567 bp)...done!
Finding genes in sequence #45 (1509 bp)...done!
Finding genes in sequence #46 (1483 bp)...done!
Finding genes in sequence #47 (1465 bp)...done!
Finding genes in sequence #48 (1463 bp)...done!
Finding genes in sequence #49 (1461 bp)...done!
Finding genes in sequence #50 (1415 bp)...done!
Finding genes in sequence #51 (1381 bp)...done!
Finding genes in sequence #52 (1357 bp)...done!
Finding genes in sequence #53 (1351 bp)...done!
Finding genes in sequence #54 (1335 bp)...done!
Finding genes in sequence #55 (1279 bp)...done!
Finding genes in sequence #56 (1273 bp)...done!
Finding genes in sequence #57 (1261 bp)...done!
Finding genes in sequence #58 (1249 bp)...done!
Finding genes in sequence #59 (1247 bp)...done!
Finding genes in sequence #60 (1239 bp)...done!
Finding genes in sequence #61 (1235 bp)...done!
Finding genes in sequence #62 (1159 bp)...done!
Finding genes in sequence #63 (1119 bp)...done!
Finding genes in sequence #64 (1153 bp)...done!
Finding genes in sequence #65 (1099 bp)...done!
Finding genes in sequence #66 (1085 bp)...done!
Finding genes in sequence #67 (1081 bp)...done!
Finding genes in sequence #68 (1095 bp)...done!
Finding genes in sequence #69 (1063 bp)...done!
Finding genes in sequence #70 (1057 bp)...done!
Finding genes in sequence #71 (1045 bp)...done!
Finding genes in sequence #72 (1023 bp)...done!
Finding genes in sequence #73 (1015 bp)...done!
Finding genes in sequence #74 (1009 bp)...done!
Finding genes in sequence #75 (1009 bp)...done!
Finding genes in sequence #76 (997 bp)...done!
Finding genes in sequence #77 (991 bp)...done!
Finding genes in sequence #78 (979 bp)...done!
Finding genes in sequence #79 (967 bp)...done!
Finding genes in sequence #80 (959 bp)...done!
Finding genes in sequence #81 (955 bp)...done!
Finding genes in sequence #82 (953 bp)...done!
Finding genes in sequence #83 (953 bp)...done!
Finding genes in sequence #84 (949 bp)...done!
Finding genes in sequence #85 (949 bp)...done!
Finding genes in sequence #86 (949 bp)...done!
Finding genes in sequence #87 (945 bp)...done!
Finding genes in sequence #88 (948 bp)...done!
Finding genes in sequence #89 (935 bp)...done!
Finding genes in sequence #90 (931 bp)...done!
Finding genes in sequence #91 (929 bp)...done!
Finding genes in sequence #92 (929 bp)...done!
Finding genes in sequence #93 (927 bp)...done!
Finding genes in sequence #94 (925 bp)...done!
Finding genes in sequence #95 (925 bp)...done!
Finding genes in sequence #96 (923 bp)...done!
Finding genes in sequence #97 (923 bp)...done!
Finding genes in sequence #98 (921 bp)...done!
Finding genes in sequence #99 (921 bp)...done!
Finding genes in sequence #100 (919 bp)...done!
Finding genes in sequence #101 (913 bp)...done!
Finding genes in sequence #102 (913 bp)...done!
Finding genes in sequence #103 (909 bp)...done!
Finding genes in sequence #104 (909 bp)...done!
Finding genes in sequence #105 (907 bp)...done!
Finding genes in sequence #106 (906 bp)...done!
Finding genes in sequence #107 (963 bp)...done!
Finding genes in sequence #108 (901 bp)...done!
Finding genes in sequence #109 (887 bp)...done!
Finding genes in sequence #110 (885 bp)...done!
Finding genes in sequence #111 (883 bp)...done!
Finding genes in sequence #112 (883 bp)...done!
Finding genes in sequence #113 (879 bp)...done!
Finding genes in sequence #114 (877 bp)...done!
Finding genes in sequence #115 (877 bp)...done!
Finding genes in sequence #116 (905 bp)...done!
