-------------------------------------
PRODIGAL v2.6.3 [February, 2016]         
Univ of Tenn / Oak Ridge National Lab
Doug Hyatt, Loren Hauser, et al.     
-------------------------------------
Request:  Metagenomic, Phase:  Training
Initializing training files...done!
-------------------------------------
Request:  Metagenomic, Phase:  Gene Finding
Finding genes in sequence #1 (15219 bp)...done!
Finding genes in sequence #2 (13594 bp)...done!
Finding genes in sequence #3 (12163 bp)...done!
Finding genes in sequence #4 (12080 bp)...done!
Finding genes in sequence #5 (11692 bp)...done!
Finding genes in sequence #6 (10730 bp)...done!
Finding genes in sequence #7 (5741 bp)...done!
Finding genes in sequence #8 (4551 bp)...done!
Finding genes in sequence #9 (3903 bp)...done!
Finding genes in sequence #10 (3727 bp)...done!
Finding genes in sequence #11 (3725 bp)...done!
Finding genes in sequence #12 (3533 bp)...done!
Finding genes in sequence #13 (3319 bp)...done!
Finding genes in sequence #14 (3305 bp)...done!
Finding genes in sequence #15 (3103 bp)...done!
Finding genes in sequence #16 (3091 bp)...done!
Finding genes in sequence #17 (2947 bp)...done!
Finding genes in sequence #18 (2665 bp)...done!
Finding genes in sequence #19 (2635 bp)...done!
Finding genes in sequence #20 (2481 bp)...done!
Finding genes in sequence #21 (2427 bp)...done!
Finding genes in sequence #22 (2255 bp)...done!
Finding genes in sequence #23 (2175 bp)...done!
Finding genes in sequence #24 (2167 bp)...done!
Finding genes in sequence #25 (2117 bp)...done!
Finding genes in sequence #26 (2101 bp)...done!
Finding genes in sequence #27 (1975 bp)...done!
Finding genes in sequence #28 (1803 bp)...done!
Finding genes in sequence #29 (1801 bp)...done!
Finding genes in sequence #30 (1795 bp)...done!
Finding genes in sequence #31 (1795 bp)...done!
Finding genes in sequence #32 (1789 bp)...done!
Finding genes in sequence #33 (1789 bp)...done!
Finding genes in sequence #34 (1789 bp)...done!
Finding genes in sequence #35 (1783 bp)...done!
Finding genes in sequence #36 (1771 bp)...done!
Finding genes in sequence #37 (1771 bp)...done!
Finding genes in sequence #38 (1765 bp)...done!
Finding genes in sequence #39 (1739 bp)...done!
Finding genes in sequence #40 (1729 bp)...done!
Finding genes in sequence #41 (1719 bp)...done!
Finding genes in sequence #42 (1675 bp)...done!
Finding genes in sequence #43 (1661 bp)...done!
Finding genes in sequence #44 (1653 bp)...done!
Finding genes in sequence #45 (1623 bp)...done!
Finding genes in sequence #46 (1597 bp)...done!
Finding genes in sequence #47 (1591 bp)...done!
Finding genes in sequence #48 (1589 bp)...done!
Finding genes in sequence #49 (1515 bp)...done!
Finding genes in sequence #50 (1429 bp)...done!
Finding genes in sequence #51 (1415 bp)...done!
Finding genes in sequence #52 (1381 bp)...done!
Finding genes in sequence #53 (1361 bp)...done!
Finding genes in sequence #54 (1309 bp)...done!
Finding genes in sequence #55 (1297 bp)...done!
Finding genes in sequence #56 (1291 bp)...done!
Finding genes in sequence #57 (1271 bp)...done!
Finding genes in sequence #58 (1267 bp)...done!
Finding genes in sequence #59 (1263 bp)...done!
Finding genes in sequence #60 (1255 bp)...done!
Finding genes in sequence #61 (1249 bp)...done!
Finding genes in sequence #62 (1211 bp)...done!
Finding genes in sequence #63 (1209 bp)...done!
Finding genes in sequence #64 (1207 bp)...done!
Finding genes in sequence #65 (1189 bp)...done!
Finding genes in sequence #66 (1183 bp)...done!
Finding genes in sequence #67 (1177 bp)...done!
Finding genes in sequence #68 (1175 bp)...done!
Finding genes in sequence #69 (1171 bp)...done!
Finding genes in sequence #70 (1171 bp)...done!
Finding genes in sequence #71 (1169 bp)...done!
Finding genes in sequence #72 (1157 bp)...done!
Finding genes in sequence #73 (1155 bp)...done!
Finding genes in sequence #74 (1147 bp)...done!
Finding genes in sequence #75 (1141 bp)...done!
Finding genes in sequence #76 (1135 bp)...done!
Finding genes in sequence #77 (1107 bp)...done!
Finding genes in sequence #78 (1097 bp)...done!
Finding genes in sequence #79 (1089 bp)...done!
Finding genes in sequence #80 (1075 bp)...done!
Finding genes in sequence #81 (1069 bp)...done!
Finding genes in sequence #82 (1057 bp)...done!
Finding genes in sequence #83 (1057 bp)...done!
Finding genes in sequence #84 (1055 bp)...done!
Finding genes in sequence #85 (1049 bp)...done!
Finding genes in sequence #86 (1017 bp)...done!
Finding genes in sequence #87 (997 bp)...done!
Finding genes in sequence #88 (979 bp)...done!
Finding genes in sequence #89 (973 bp)...done!
Finding genes in sequence #90 (963 bp)...done!
Finding genes in sequence #91 (959 bp)...done!
Finding genes in sequence #92 (957 bp)...done!
Finding genes in sequence #93 (957 bp)...done!
Finding genes in sequence #94 (955 bp)...done!
