-------------------------------------
PRODIGAL v2.6.3 [February, 2016]         
Univ of Tenn / Oak Ridge National Lab
Doug Hyatt, Loren Hauser, et al.     
-------------------------------------
Request:  Metagenomic, Phase:  Training
Initializing training files...done!
-------------------------------------
Request:  Metagenomic, Phase:  Gene Finding
Finding genes in sequence #1 (1057 bp)...done!
Finding genes in sequence #2 (1915 bp)...done!
Finding genes in sequence #3 (2209 bp)...done!
Finding genes in sequence #4 (4975 bp)...done!
Finding genes in sequence #5 (3055 bp)...done!
Finding genes in sequence #6 (4045 bp)...done!
Finding genes in sequence #7 (1735 bp)...done!
Finding genes in sequence #8 (3295 bp)...done!
Finding genes in sequence #9 (1255 bp)...done!
Finding genes in sequence #10 (10386 bp)...done!
Finding genes in sequence #11 (1975 bp)...done!
Finding genes in sequence #12 (1639 bp)...done!
Finding genes in sequence #13 (1303 bp)...done!
Finding genes in sequence #14 (1285 bp)...done!
Finding genes in sequence #15 (1285 bp)...done!
Finding genes in sequence #16 (1273 bp)...done!
Finding genes in sequence #17 (1249 bp)...done!
Finding genes in sequence #18 (1105 bp)...done!
Finding genes in sequence #19 (1077 bp)...done!
