-------------------------------------
PRODIGAL v2.6.3 [February, 2016]         
Univ of Tenn / Oak Ridge National Lab
Doug Hyatt, Loren Hauser, et al.     
-------------------------------------
Request:  Metagenomic, Phase:  Training
Initializing training files...done!
-------------------------------------
Request:  Metagenomic, Phase:  Gene Finding
Finding genes in sequence #1 (10386 bp)...done!
Finding genes in sequence #2 (9157 bp)...done!
Finding genes in sequence #3 (9085 bp)...done!
Finding genes in sequence #4 (7789 bp)...done!
Finding genes in sequence #5 (5509 bp)...done!
Finding genes in sequence #6 (4315 bp)...done!
Finding genes in sequence #7 (4303 bp)...done!
Finding genes in sequence #8 (4252 bp)...done!
Finding genes in sequence #9 (4129 bp)...done!
Finding genes in sequence #10 (3711 bp)...done!
Finding genes in sequence #11 (3433 bp)...done!
Finding genes in sequence #12 (3415 bp)...done!
Finding genes in sequence #13 (3385 bp)...done!
Finding genes in sequence #14 (3331 bp)...done!
Finding genes in sequence #15 (3319 bp)...done!
Finding genes in sequence #16 (3307 bp)...done!
Finding genes in sequence #17 (3265 bp)...done!
Finding genes in sequence #18 (3229 bp)...done!
Finding genes in sequence #19 (3217 bp)...done!
Finding genes in sequence #20 (3103 bp)...done!
Finding genes in sequence #21 (3085 bp)...done!
Finding genes in sequence #22 (3001 bp)...done!
Finding genes in sequence #23 (2965 bp)...done!
Finding genes in sequence #24 (2953 bp)...done!
Finding genes in sequence #25 (2935 bp)...done!
Finding genes in sequence #26 (2862 bp)...done!
Finding genes in sequence #27 (2688 bp)...done!
Finding genes in sequence #28 (2677 bp)...done!
Finding genes in sequence #29 (2640 bp)...done!
Finding genes in sequence #30 (2563 bp)...done!
Finding genes in sequence #31 (2521 bp)...done!
Finding genes in sequence #32 (2511 bp)...done!
Finding genes in sequence #33 (2503 bp)...done!
Finding genes in sequence #34 (2497 bp)...done!
Finding genes in sequence #35 (2491 bp)...done!
Finding genes in sequence #36 (2479 bp)...done!
Finding genes in sequence #37 (2437 bp)...done!
Finding genes in sequence #38 (2437 bp)...done!
Finding genes in sequence #39 (2311 bp)...done!
Finding genes in sequence #40 (2305 bp)...done!
Finding genes in sequence #41 (2239 bp)...done!
Finding genes in sequence #42 (2225 bp)...done!
Finding genes in sequence #43 (2221 bp)...done!
Finding genes in sequence #44 (2215 bp)...done!
Finding genes in sequence #45 (2215 bp)...done!
Finding genes in sequence #46 (2203 bp)...done!
Finding genes in sequence #47 (2197 bp)...done!
Finding genes in sequence #48 (2137 bp)...done!
Finding genes in sequence #49 (2105 bp)...done!
Finding genes in sequence #50 (2099 bp)...done!
Finding genes in sequence #51 (2053 bp)...done!
Finding genes in sequence #52 (1999 bp)...done!
Finding genes in sequence #53 (1999 bp)...done!
Finding genes in sequence #54 (1969 bp)...done!
Finding genes in sequence #55 (1957 bp)...done!
Finding genes in sequence #56 (1951 bp)...done!
Finding genes in sequence #57 (1945 bp)...done!
Finding genes in sequence #58 (1939 bp)...done!
Finding genes in sequence #59 (1909 bp)...done!
Finding genes in sequence #60 (1885 bp)...done!
Finding genes in sequence #61 (1879 bp)...done!
Finding genes in sequence #62 (1873 bp)...done!
Finding genes in sequence #63 (1867 bp)...done!
Finding genes in sequence #64 (1861 bp)...done!
Finding genes in sequence #65 (1849 bp)...done!
Finding genes in sequence #66 (1831 bp)...done!
Finding genes in sequence #67 (1825 bp)...done!
Finding genes in sequence #68 (1819 bp)...done!
Finding genes in sequence #69 (1813 bp)...done!
Finding genes in sequence #70 (1807 bp)...done!
Finding genes in sequence #71 (1801 bp)...done!
Finding genes in sequence #72 (1801 bp)...done!
Finding genes in sequence #73 (1783 bp)...done!
Finding genes in sequence #74 (1765 bp)...done!
Finding genes in sequence #75 (1753 bp)...done!
Finding genes in sequence #76 (1747 bp)...done!
Finding genes in sequence #77 (1729 bp)...done!
Finding genes in sequence #78 (1723 bp)...done!
Finding genes in sequence #79 (1711 bp)...done!
Finding genes in sequence #80 (1709 bp)...done!
Finding genes in sequence #81 (1705 bp)...done!
Finding genes in sequence #82 (1693 bp)...done!
Finding genes in sequence #83 (1693 bp)...done!
Finding genes in sequence #84 (1693 bp)...done!
Finding genes in sequence #85 (1693 bp)...done!
Finding genes in sequence #86 (1693 bp)...done!
Finding genes in sequence #87 (1663 bp)...done!
Finding genes in sequence #88 (1657 bp)...done!
Finding genes in sequence #89 (1651 bp)...done!
Finding genes in sequence #90 (1651 bp)...done!
Finding genes in sequence #91 (1651 bp)...done!
Finding genes in sequence #92 (1645 bp)...done!
Finding genes in sequence #93 (1645 bp)...done!
Finding genes in sequence #94 (1639 bp)...done!
Finding genes in sequence #95 (1639 bp)...done!
Finding genes in sequence #96 (1621 bp)...done!
Finding genes in sequence #97 (1591 bp)...done!
Finding genes in sequence #98 (1567 bp)...done!
Finding genes in sequence #99 (1561 bp)...done!
Finding genes in sequence #100 (1561 bp)...done!
Finding genes in sequence #101 (1539 bp)...done!
Finding genes in sequence #102 (1525 bp)...done!
Finding genes in sequence #103 (1519 bp)...done!
Finding genes in sequence #104 (1513 bp)...done!
Finding genes in sequence #105 (1503 bp)...done!
Finding genes in sequence #106 (1495 bp)...done!
Finding genes in sequence #107 (1489 bp)...done!
Finding genes in sequence #108 (1471 bp)...done!
Finding genes in sequence #109 (1465 bp)...done!
Finding genes in sequence #110 (1453 bp)...done!
Finding genes in sequence #111 (1445 bp)...done!
Finding genes in sequence #112 (1441 bp)...done!
Finding genes in sequence #113 (1441 bp)...done!
Finding genes in sequence #114 (1441 bp)...done!
Finding genes in sequence #115 (1435 bp)...done!
Finding genes in sequence #116 (1429 bp)...done!
Finding genes in sequence #117 (1417 bp)...done!
Finding genes in sequence #118 (1411 bp)...done!
Finding genes in sequence #119 (1405 bp)...done!
Finding genes in sequence #120 (1405 bp)...done!
Finding genes in sequence #121 (1381 bp)...done!
Finding genes in sequence #122 (1359 bp)...done!
Finding genes in sequence #123 (1357 bp)...done!
Finding genes in sequence #124 (1345 bp)...done!
Finding genes in sequence #125 (1321 bp)...done!
Finding genes in sequence #126 (1315 bp)...done!
Finding genes in sequence #127 (1309 bp)...done!
Finding genes in sequence #128 (1309 bp)...done!
Finding genes in sequence #129 (1309 bp)...done!
Finding genes in sequence #130 (1297 bp)...done!
Finding genes in sequence #131 (1297 bp)...done!
Finding genes in sequence #132 (1291 bp)...done!
Finding genes in sequence #133 (1291 bp)...done!
Finding genes in sequence #134 (1285 bp)...done!
Finding genes in sequence #135 (1285 bp)...done!
Finding genes in sequence #136 (1279 bp)...done!
Finding genes in sequence #137 (1273 bp)...done!
Finding genes in sequence #138 (1267 bp)...done!
Finding genes in sequence #139 (1267 bp)...done!
Finding genes in sequence #140 (1267 bp)...done!
Finding genes in sequence #141 (1269 bp)...done!
Finding genes in sequence #142 (1261 bp)...done!
Finding genes in sequence #143 (1261 bp)...done!
Finding genes in sequence #144 (1249 bp)...done!
Finding genes in sequence #145 (1243 bp)...done!
Finding genes in sequence #146 (1243 bp)...done!
Finding genes in sequence #147 (1237 bp)...done!
Finding genes in sequence #148 (1237 bp)...done!
Finding genes in sequence #149 (1237 bp)...done!
Finding genes in sequence #150 (1231 bp)...done!
Finding genes in sequence #151 (1231 bp)...done!
Finding genes in sequence #152 (1225 bp)...done!
Finding genes in sequence #153 (1223 bp)...done!
Finding genes in sequence #154 (1207 bp)...done!
Finding genes in sequence #155 (1201 bp)...done!
Finding genes in sequence #156 (1195 bp)...done!
Finding genes in sequence #157 (1183 bp)...done!
Finding genes in sequence #158 (1177 bp)...done!
Finding genes in sequence #159 (1175 bp)...done!
Finding genes in sequence #160 (1171 bp)...done!
Finding genes in sequence #161 (1165 bp)...done!
Finding genes in sequence #162 (1165 bp)...done!
Finding genes in sequence #163 (1159 bp)...done!
Finding genes in sequence #164 (1159 bp)...done!
Finding genes in sequence #165 (1159 bp)...done!
Finding genes in sequence #166 (1157 bp)...done!
Finding genes in sequence #167 (1153 bp)...done!
Finding genes in sequence #168 (1153 bp)...done!
Finding genes in sequence #169 (1153 bp)...done!
Finding genes in sequence #170 (1153 bp)...done!
Finding genes in sequence #171 (1039 bp)...done!
Finding genes in sequence #172 (1147 bp)...done!
Finding genes in sequence #173 (1147 bp)...done!
Finding genes in sequence #174 (1147 bp)...done!
Finding genes in sequence #175 (1129 bp)...done!
Finding genes in sequence #176 (1123 bp)...done!
Finding genes in sequence #177 (1123 bp)...done!
Finding genes in sequence #178 (1123 bp)...done!
Finding genes in sequence #179 (1123 bp)...done!
Finding genes in sequence #180 (1123 bp)...done!
Finding genes in sequence #181 (1117 bp)...done!
Finding genes in sequence #182 (1117 bp)...done!
Finding genes in sequence #183 (1111 bp)...done!
Finding genes in sequence #184 (1111 bp)...done!
Finding genes in sequence #185 (1105 bp)...done!
Finding genes in sequence #186 (1099 bp)...done!
Finding genes in sequence #187 (1099 bp)...done!
Finding genes in sequence #188 (1099 bp)...done!
Finding genes in sequence #189 (1099 bp)...done!
Finding genes in sequence #190 (1093 bp)...done!
Finding genes in sequence #191 (1093 bp)...done!
Finding genes in sequence #192 (1093 bp)...done!
Finding genes in sequence #193 (1093 bp)...done!
Finding genes in sequence #194 (1087 bp)...done!
Finding genes in sequence #195 (1081 bp)...done!
Finding genes in sequence #196 (1081 bp)...done!
Finding genes in sequence #197 (1081 bp)...done!
Finding genes in sequence #198 (1081 bp)...done!
Finding genes in sequence #199 (1075 bp)...done!
Finding genes in sequence #200 (1069 bp)...done!
Finding genes in sequence #201 (1069 bp)...done!
Finding genes in sequence #202 (1069 bp)...done!
Finding genes in sequence #203 (1069 bp)...done!
Finding genes in sequence #204 (1057 bp)...done!
Finding genes in sequence #205 (1057 bp)...done!
Finding genes in sequence #206 (1059 bp)...done!
Finding genes in sequence #207 (1051 bp)...done!
Finding genes in sequence #208 (1051 bp)...done!
Finding genes in sequence #209 (1051 bp)...done!
Finding genes in sequence #210 (1051 bp)...done!
Finding genes in sequence #211 (1051 bp)...done!
Finding genes in sequence #212 (1045 bp)...done!
Finding genes in sequence #213 (1045 bp)...done!
Finding genes in sequence #214 (1045 bp)...done!
Finding genes in sequence #215 (1039 bp)...done!
Finding genes in sequence #216 (1039 bp)...done!
Finding genes in sequence #217 (1039 bp)...done!
Finding genes in sequence #218 (1039 bp)...done!
Finding genes in sequence #219 (1033 bp)...done!
Finding genes in sequence #220 (1033 bp)...done!
Finding genes in sequence #221 (1033 bp)...done!
Finding genes in sequence #222 (1029 bp)...done!
Finding genes in sequence #223 (1027 bp)...done!
Finding genes in sequence #224 (1025 bp)...done!
Finding genes in sequence #225 (1023 bp)...done!
Finding genes in sequence #226 (1021 bp)...done!
Finding genes in sequence #227 (1021 bp)...done!
Finding genes in sequence #228 (1019 bp)...done!
Finding genes in sequence #229 (1015 bp)...done!
Finding genes in sequence #230 (1015 bp)...done!
Finding genes in sequence #231 (1015 bp)...done!
Finding genes in sequence #232 (1009 bp)...done!
Finding genes in sequence #233 (1009 bp)...done!
Finding genes in sequence #234 (1009 bp)...done!
Finding genes in sequence #235 (1009 bp)...done!
Finding genes in sequence #236 (1003 bp)...done!
Finding genes in sequence #237 (997 bp)...done!
Finding genes in sequence #238 (997 bp)...done!
Finding genes in sequence #239 (995 bp)...done!
Finding genes in sequence #240 (991 bp)...done!
Finding genes in sequence #241 (991 bp)...done!
Finding genes in sequence #242 (985 bp)...done!
Finding genes in sequence #243 (981 bp)...done!
Finding genes in sequence #244 (979 bp)...done!
Finding genes in sequence #245 (973 bp)...done!
Finding genes in sequence #246 (973 bp)...done!
Finding genes in sequence #247 (971 bp)...done!
Finding genes in sequence #248 (967 bp)...done!
Finding genes in sequence #249 (967 bp)...done!
Finding genes in sequence #250 (967 bp)...done!
Finding genes in sequence #251 (967 bp)...done!
Finding genes in sequence #252 (967 bp)...done!
Finding genes in sequence #253 (967 bp)...done!
Finding genes in sequence #254 (967 bp)...done!
Finding genes in sequence #255 (967 bp)...done!
Finding genes in sequence #256 (961 bp)...done!
Finding genes in sequence #257 (961 bp)...done!
Finding genes in sequence #258 (955 bp)...done!
Finding genes in sequence #259 (955 bp)...done!
Finding genes in sequence #260 (955 bp)...done!
Finding genes in sequence #261 (955 bp)...done!
Finding genes in sequence #262 (955 bp)...done!
Finding genes in sequence #263 (955 bp)...done!
Finding genes in sequence #264 (955 bp)...done!
Finding genes in sequence #265 (955 bp)...done!
Finding genes in sequence #266 (949 bp)...done!
Finding genes in sequence #267 (949 bp)...done!
Finding genes in sequence #268 (949 bp)...done!
Finding genes in sequence #269 (949 bp)...done!
