-------------------------------------
PRODIGAL v2.6.3 [February, 2016]         
Univ of Tenn / Oak Ridge National Lab
Doug Hyatt, Loren Hauser, et al.     
-------------------------------------
Request:  Metagenomic, Phase:  Training
Initializing training files...done!
-------------------------------------
Request:  Metagenomic, Phase:  Gene Finding
Finding genes in sequence #1 (14699 bp)...done!
Finding genes in sequence #2 (14124 bp)...done!
Finding genes in sequence #3 (14063 bp)...done!
Finding genes in sequence #4 (13803 bp)...done!
Finding genes in sequence #5 (11865 bp)...done!
Finding genes in sequence #6 (11692 bp)...done!
Finding genes in sequence #7 (11372 bp)...done!
Finding genes in sequence #8 (10390 bp)...done!
Finding genes in sequence #9 (4633 bp)...done!
Finding genes in sequence #10 (4549 bp)...done!
Finding genes in sequence #11 (3727 bp)...done!
Finding genes in sequence #12 (3535 bp)...done!
Finding genes in sequence #13 (3319 bp)...done!
Finding genes in sequence #14 (3319 bp)...done!
Finding genes in sequence #15 (3139 bp)...done!
Finding genes in sequence #16 (3091 bp)...done!
Finding genes in sequence #17 (2711 bp)...done!
Finding genes in sequence #18 (2635 bp)...done!
Finding genes in sequence #19 (2479 bp)...done!
Finding genes in sequence #20 (2427 bp)...done!
Finding genes in sequence #21 (2359 bp)...done!
Finding genes in sequence #22 (2329 bp)...done!
Finding genes in sequence #23 (2307 bp)...done!
Finding genes in sequence #24 (2255 bp)...done!
Finding genes in sequence #25 (2167 bp)...done!
Finding genes in sequence #26 (2041 bp)...done!
Finding genes in sequence #27 (2031 bp)...done!
Finding genes in sequence #28 (1795 bp)...done!
Finding genes in sequence #29 (1789 bp)...done!
Finding genes in sequence #30 (1789 bp)...done!
Finding genes in sequence #31 (1771 bp)...done!
Finding genes in sequence #32 (1641 bp)...done!
Finding genes in sequence #33 (1675 bp)...done!
Finding genes in sequence #34 (1669 bp)...done!
Finding genes in sequence #35 (1665 bp)...done!
Finding genes in sequence #36 (1659 bp)...done!
Finding genes in sequence #37 (1651 bp)...done!
Finding genes in sequence #38 (1619 bp)...done!
Finding genes in sequence #39 (1601 bp)...done!
Finding genes in sequence #40 (1595 bp)...done!
Finding genes in sequence #41 (1591 bp)...done!
Finding genes in sequence #42 (1579 bp)...done!
Finding genes in sequence #43 (1555 bp)...done!
Finding genes in sequence #44 (1515 bp)...done!
Finding genes in sequence #45 (1513 bp)...done!
Finding genes in sequence #46 (1507 bp)...done!
Finding genes in sequence #47 (1459 bp)...done!
Finding genes in sequence #48 (1415 bp)...done!
Finding genes in sequence #49 (1334 bp)...done!
Finding genes in sequence #50 (1369 bp)...done!
Finding genes in sequence #51 (1315 bp)...done!
Finding genes in sequence #52 (1295 bp)...done!
Finding genes in sequence #53 (1291 bp)...done!
Finding genes in sequence #54 (1285 bp)...done!
Finding genes in sequence #55 (1285 bp)...done!
Finding genes in sequence #56 (1269 bp)...done!
Finding genes in sequence #57 (1231 bp)...done!
Finding genes in sequence #58 (1225 bp)...done!
Finding genes in sequence #59 (1209 bp)...done!
Finding genes in sequence #60 (1207 bp)...done!
Finding genes in sequence #61 (1193 bp)...done!
Finding genes in sequence #62 (1191 bp)...done!
Finding genes in sequence #63 (1187 bp)...done!
Finding genes in sequence #64 (1171 bp)...done!
Finding genes in sequence #65 (1171 bp)...done!
Finding genes in sequence #66 (1163 bp)...done!
Finding genes in sequence #67 (1157 bp)...done!
Finding genes in sequence #68 (1141 bp)...done!
Finding genes in sequence #69 (1141 bp)...done!
Finding genes in sequence #70 (1135 bp)...done!
Finding genes in sequence #71 (1119 bp)...done!
Finding genes in sequence #72 (1115 bp)...done!
Finding genes in sequence #73 (1111 bp)...done!
Finding genes in sequence #74 (1111 bp)...done!
Finding genes in sequence #75 (1099 bp)...done!
Finding genes in sequence #76 (1097 bp)...done!
Finding genes in sequence #77 (1093 bp)...done!
Finding genes in sequence #78 (1089 bp)...done!
Finding genes in sequence #79 (1083 bp)...done!
Finding genes in sequence #80 (1069 bp)...done!
Finding genes in sequence #81 (1069 bp)...done!
Finding genes in sequence #82 (1039 bp)...done!
Finding genes in sequence #83 (1033 bp)...done!
Finding genes in sequence #84 (1029 bp)...done!
Finding genes in sequence #85 (1027 bp)...done!
Finding genes in sequence #86 (1021 bp)...done!
Finding genes in sequence #87 (1015 bp)...done!
Finding genes in sequence #88 (1015 bp)...done!
Finding genes in sequence #89 (1011 bp)...done!
Finding genes in sequence #90 (999 bp)...done!
Finding genes in sequence #91 (997 bp)...done!
Finding genes in sequence #92 (979 bp)...done!
Finding genes in sequence #93 (973 bp)...done!
Finding genes in sequence #94 (973 bp)...done!
Finding genes in sequence #95 (965 bp)...done!
Finding genes in sequence #96 (959 bp)...done!
Finding genes in sequence #97 (942 bp)...done!
Finding genes in sequence #98 (945 bp)...done!
