-------------------------------------
PRODIGAL v2.6.3 [February, 2016]         
Univ of Tenn / Oak Ridge National Lab
Doug Hyatt, Loren Hauser, et al.     
-------------------------------------
Request:  Metagenomic, Phase:  Training
Initializing training files...done!
-------------------------------------
Request:  Metagenomic, Phase:  Gene Finding
Finding genes in sequence #1 (53237 bp)...done!
Finding genes in sequence #2 (47310 bp)...done!
Finding genes in sequence #3 (45581 bp)...done!
Finding genes in sequence #4 (3591 bp)...done!
Finding genes in sequence #5 (3161 bp)...done!
Finding genes in sequence #6 (3079 bp)...done!
Finding genes in sequence #7 (2761 bp)...done!
Finding genes in sequence #8 (2761 bp)...done!
Finding genes in sequence #9 (2713 bp)...done!
Finding genes in sequence #10 (2629 bp)...done!
Finding genes in sequence #11 (2417 bp)...done!
Finding genes in sequence #12 (2289 bp)...done!
Finding genes in sequence #13 (2203 bp)...done!
Finding genes in sequence #14 (2167 bp)...done!
Finding genes in sequence #15 (2137 bp)...done!
Finding genes in sequence #16 (2095 bp)...done!
Finding genes in sequence #17 (2029 bp)...done!
Finding genes in sequence #18 (1979 bp)...done!
Finding genes in sequence #19 (1915 bp)...done!
Finding genes in sequence #20 (1909 bp)...done!
Finding genes in sequence #21 (1891 bp)...done!
Finding genes in sequence #22 (1875 bp)...done!
Finding genes in sequence #23 (1873 bp)...done!
Finding genes in sequence #24 (1825 bp)...done!
Finding genes in sequence #25 (1825 bp)...done!
Finding genes in sequence #26 (1817 bp)...done!
Finding genes in sequence #27 (1787 bp)...done!
Finding genes in sequence #28 (1771 bp)...done!
Finding genes in sequence #29 (1771 bp)...done!
Finding genes in sequence #30 (1765 bp)...done!
Finding genes in sequence #31 (1751 bp)...done!
Finding genes in sequence #32 (1711 bp)...done!
Finding genes in sequence #33 (1693 bp)...done!
Finding genes in sequence #34 (1689 bp)...done!
Finding genes in sequence #35 (1675 bp)...done!
Finding genes in sequence #36 (1607 bp)...done!
Finding genes in sequence #37 (1573 bp)...done!
Finding genes in sequence #38 (1567 bp)...done!
Finding genes in sequence #39 (1567 bp)...done!
Finding genes in sequence #40 (1561 bp)...done!
Finding genes in sequence #41 (1539 bp)...done!
Finding genes in sequence #42 (1441 bp)...done!
Finding genes in sequence #43 (1435 bp)...done!
Finding genes in sequence #44 (1429 bp)...done!
Finding genes in sequence #45 (1411 bp)...done!
Finding genes in sequence #46 (1405 bp)...done!
Finding genes in sequence #47 (1357 bp)...done!
Finding genes in sequence #48 (1345 bp)...done!
Finding genes in sequence #49 (1319 bp)...done!
Finding genes in sequence #50 (1315 bp)...done!
Finding genes in sequence #51 (1305 bp)...done!
Finding genes in sequence #52 (1267 bp)...done!
Finding genes in sequence #53 (1267 bp)...done!
Finding genes in sequence #54 (1255 bp)...done!
Finding genes in sequence #55 (1249 bp)...done!
Finding genes in sequence #56 (1219 bp)...done!
Finding genes in sequence #57 (1213 bp)...done!
Finding genes in sequence #58 (1207 bp)...done!
Finding genes in sequence #59 (1191 bp)...done!
Finding genes in sequence #60 (1173 bp)...done!
Finding genes in sequence #61 (1159 bp)...done!
Finding genes in sequence #62 (1147 bp)...done!
Finding genes in sequence #63 (1147 bp)...done!
Finding genes in sequence #64 (1137 bp)...done!
Finding genes in sequence #65 (1133 bp)...done!
Finding genes in sequence #66 (1129 bp)...done!
Finding genes in sequence #67 (1121 bp)...done!
Finding genes in sequence #68 (1103 bp)...done!
Finding genes in sequence #69 (1087 bp)...done!
Finding genes in sequence #70 (1081 bp)...done!
Finding genes in sequence #71 (1075 bp)...done!
Finding genes in sequence #72 (1075 bp)...done!
Finding genes in sequence #73 (1051 bp)...done!
Finding genes in sequence #74 (1039 bp)...done!
Finding genes in sequence #75 (1039 bp)...done!
Finding genes in sequence #76 (1027 bp)...done!
Finding genes in sequence #77 (1027 bp)...done!
Finding genes in sequence #78 (1009 bp)...done!
Finding genes in sequence #79 (1009 bp)...done!
Finding genes in sequence #80 (1003 bp)...done!
Finding genes in sequence #81 (993 bp)...done!
Finding genes in sequence #82 (973 bp)...done!
Finding genes in sequence #83 (973 bp)...done!
Finding genes in sequence #84 (967 bp)...done!
Finding genes in sequence #85 (967 bp)...done!
Finding genes in sequence #86 (961 bp)...done!
Finding genes in sequence #87 (951 bp)...done!
Finding genes in sequence #88 (947 bp)...done!
