-------------------------------------
PRODIGAL v2.6.3 [February, 2016]         
Univ of Tenn / Oak Ridge National Lab
Doug Hyatt, Loren Hauser, et al.     
-------------------------------------
Request:  Metagenomic, Phase:  Training
Initializing training files...done!
-------------------------------------
Request:  Metagenomic, Phase:  Gene Finding
Finding genes in sequence #1 (4255 bp)...done!
Finding genes in sequence #2 (3181 bp)...done!
Finding genes in sequence #3 (3095 bp)...done!
Finding genes in sequence #4 (3001 bp)...done!
Finding genes in sequence #5 (2761 bp)...done!
Finding genes in sequence #6 (2509 bp)...done!
Finding genes in sequence #7 (2491 bp)...done!
Finding genes in sequence #8 (2175 bp)...done!
Finding genes in sequence #9 (2143 bp)...done!
Finding genes in sequence #10 (2041 bp)...done!
Finding genes in sequence #11 (1903 bp)...done!
Finding genes in sequence #12 (1891 bp)...done!
Finding genes in sequence #13 (1875 bp)...done!
Finding genes in sequence #14 (1873 bp)...done!
Finding genes in sequence #15 (1817 bp)...done!
Finding genes in sequence #16 (1813 bp)...done!
Finding genes in sequence #17 (1789 bp)...done!
Finding genes in sequence #18 (1777 bp)...done!
Finding genes in sequence #19 (1771 bp)...done!
Finding genes in sequence #20 (1765 bp)...done!
Finding genes in sequence #21 (1755 bp)...done!
Finding genes in sequence #22 (1753 bp)...done!
Finding genes in sequence #23 (1735 bp)...done!
Finding genes in sequence #24 (1723 bp)...done!
Finding genes in sequence #25 (1711 bp)...done!
Finding genes in sequence #26 (1623 bp)...done!
Finding genes in sequence #27 (1579 bp)...done!
Finding genes in sequence #28 (1573 bp)...done!
Finding genes in sequence #29 (1573 bp)...done!
Finding genes in sequence #30 (1567 bp)...done!
Finding genes in sequence #31 (1523 bp)...done!
Finding genes in sequence #32 (1447 bp)...done!
Finding genes in sequence #33 (1447 bp)...done!
Finding genes in sequence #34 (1441 bp)...done!
Finding genes in sequence #35 (1429 bp)...done!
Finding genes in sequence #36 (1423 bp)...done!
Finding genes in sequence #37 (1381 bp)...done!
Finding genes in sequence #38 (1375 bp)...done!
Finding genes in sequence #39 (1357 bp)...done!
Finding genes in sequence #40 (1317 bp)...done!
Finding genes in sequence #41 (1315 bp)...done!
Finding genes in sequence #42 (1297 bp)...done!
Finding genes in sequence #43 (1261 bp)...done!
Finding genes in sequence #44 (1261 bp)...done!
Finding genes in sequence #45 (1241 bp)...done!
Finding genes in sequence #46 (1227 bp)...done!
Finding genes in sequence #47 (1219 bp)...done!
Finding genes in sequence #48 (1189 bp)...done!
Finding genes in sequence #49 (1159 bp)...done!
Finding genes in sequence #50 (1153 bp)...done!
Finding genes in sequence #51 (1149 bp)...done!
Finding genes in sequence #52 (1123 bp)...done!
Finding genes in sequence #53 (1103 bp)...done!
Finding genes in sequence #54 (1087 bp)...done!
Finding genes in sequence #55 (1075 bp)...done!
Finding genes in sequence #56 (1075 bp)...done!
Finding genes in sequence #57 (1051 bp)...done!
Finding genes in sequence #58 (1043 bp)...done!
Finding genes in sequence #59 (1039 bp)...done!
Finding genes in sequence #60 (1027 bp)...done!
Finding genes in sequence #61 (1009 bp)...done!
Finding genes in sequence #62 (1003 bp)...done!
Finding genes in sequence #63 (1001 bp)...done!
Finding genes in sequence #64 (981 bp)...done!
Finding genes in sequence #65 (977 bp)...done!
Finding genes in sequence #66 (973 bp)...done!
Finding genes in sequence #67 (973 bp)...done!
Finding genes in sequence #68 (963 bp)...done!
Finding genes in sequence #69 (961 bp)...done!
Finding genes in sequence #70 (961 bp)...done!
Finding genes in sequence #71 (961 bp)...done!
