-------------------------------------
PRODIGAL v2.6.3 [February, 2016]         
Univ of Tenn / Oak Ridge National Lab
Doug Hyatt, Loren Hauser, et al.     
-------------------------------------
Request:  Metagenomic, Phase:  Training
Initializing training files...done!
-------------------------------------
Request:  Metagenomic, Phase:  Gene Finding
Finding genes in sequence #1 (13561 bp)...done!
Finding genes in sequence #2 (11941 bp)...done!
Finding genes in sequence #3 (11898 bp)...done!
Finding genes in sequence #4 (11878 bp)...done!
Finding genes in sequence #5 (9873 bp)...done!
Finding genes in sequence #6 (9871 bp)...done!
Finding genes in sequence #7 (4793 bp)...done!
Finding genes in sequence #8 (4433 bp)...done!
Finding genes in sequence #9 (4027 bp)...done!
Finding genes in sequence #10 (3863 bp)...done!
Finding genes in sequence #11 (3453 bp)...done!
Finding genes in sequence #12 (2671 bp)...done!
Finding genes in sequence #13 (2653 bp)...done!
Finding genes in sequence #14 (2643 bp)...done!
Finding genes in sequence #15 (2629 bp)...done!
Finding genes in sequence #16 (2581 bp)...done!
Finding genes in sequence #17 (2515 bp)...done!
Finding genes in sequence #18 (2471 bp)...done!
Finding genes in sequence #19 (2417 bp)...done!
Finding genes in sequence #20 (2393 bp)...done!
Finding genes in sequence #21 (2357 bp)...done!
Finding genes in sequence #22 (2311 bp)...done!
Finding genes in sequence #23 (2191 bp)...done!
Finding genes in sequence #24 (2153 bp)...done!
Finding genes in sequence #25 (2095 bp)...done!
Finding genes in sequence #26 (2025 bp)...done!
Finding genes in sequence #27 (1947 bp)...done!
Finding genes in sequence #28 (1883 bp)...done!
Finding genes in sequence #29 (1875 bp)...done!
Finding genes in sequence #30 (1867 bp)...done!
Finding genes in sequence #31 (1833 bp)...done!
Finding genes in sequence #32 (1817 bp)...done!
Finding genes in sequence #33 (1815 bp)...done!
Finding genes in sequence #34 (1795 bp)...done!
Finding genes in sequence #35 (1789 bp)...done!
Finding genes in sequence #36 (1787 bp)...done!
Finding genes in sequence #37 (1781 bp)...done!
Finding genes in sequence #38 (1771 bp)...done!
Finding genes in sequence #39 (1759 bp)...done!
Finding genes in sequence #40 (1759 bp)...done!
Finding genes in sequence #41 (1755 bp)...done!
Finding genes in sequence #42 (1741 bp)...done!
Finding genes in sequence #43 (1731 bp)...done!
Finding genes in sequence #44 (1721 bp)...done!
Finding genes in sequence #45 (1699 bp)...done!
Finding genes in sequence #46 (1685 bp)...done!
Finding genes in sequence #47 (1665 bp)...done!
Finding genes in sequence #48 (1659 bp)...done!
Finding genes in sequence #49 (1645 bp)...done!
Finding genes in sequence #50 (1635 bp)...done!
Finding genes in sequence #51 (1591 bp)...done!
Finding genes in sequence #52 (1569 bp)...done!
Finding genes in sequence #53 (1549 bp)...done!
Finding genes in sequence #54 (1489 bp)...done!
Finding genes in sequence #55 (1441 bp)...done!
Finding genes in sequence #56 (1417 bp)...done!
Finding genes in sequence #57 (1405 bp)...done!
Finding genes in sequence #58 (1361 bp)...done!
Finding genes in sequence #59 (1305 bp)...done!
Finding genes in sequence #60 (1283 bp)...done!
Finding genes in sequence #61 (1265 bp)...done!
Finding genes in sequence #62 (1259 bp)...done!
Finding genes in sequence #63 (1259 bp)...done!
Finding genes in sequence #64 (1253 bp)...done!
Finding genes in sequence #65 (1245 bp)...done!
Finding genes in sequence #66 (1243 bp)...done!
Finding genes in sequence #67 (1231 bp)...done!
Finding genes in sequence #68 (1219 bp)...done!
Finding genes in sequence #69 (1207 bp)...done!
Finding genes in sequence #70 (1189 bp)...done!
Finding genes in sequence #71 (1181 bp)...done!
Finding genes in sequence #72 (1173 bp)...done!
Finding genes in sequence #73 (1171 bp)...done!
Finding genes in sequence #74 (1165 bp)...done!
Finding genes in sequence #75 (1153 bp)...done!
Finding genes in sequence #76 (1135 bp)...done!
Finding genes in sequence #77 (1135 bp)...done!
Finding genes in sequence #78 (1129 bp)...done!
Finding genes in sequence #79 (1107 bp)...done!
Finding genes in sequence #80 (1095 bp)...done!
Finding genes in sequence #81 (1091 bp)...done!
Finding genes in sequence #82 (1091 bp)...done!
Finding genes in sequence #83 (1089 bp)...done!
Finding genes in sequence #84 (1087 bp)...done!
Finding genes in sequence #85 (1081 bp)...done!
Finding genes in sequence #86 (1075 bp)...done!
Finding genes in sequence #87 (1073 bp)...done!
Finding genes in sequence #88 (1069 bp)...done!
Finding genes in sequence #89 (1063 bp)...done!
Finding genes in sequence #90 (1055 bp)...done!
Finding genes in sequence #91 (1031 bp)...done!
Finding genes in sequence #92 (1029 bp)...done!
Finding genes in sequence #93 (1027 bp)...done!
Finding genes in sequence #94 (1009 bp)...done!
Finding genes in sequence #95 (1009 bp)...done!
Finding genes in sequence #96 (1007 bp)...done!
Finding genes in sequence #97 (991 bp)...done!
Finding genes in sequence #98 (991 bp)...done!
Finding genes in sequence #99 (991 bp)...done!
Finding genes in sequence #100 (973 bp)...done!
Finding genes in sequence #101 (969 bp)...done!
Finding genes in sequence #102 (961 bp)...done!
Finding genes in sequence #103 (961 bp)...done!
Finding genes in sequence #104 (959 bp)...done!
Finding genes in sequence #105 (959 bp)...done!
Finding genes in sequence #106 (955 bp)...done!
Finding genes in sequence #107 (947 bp)...done!
