-------------------------------------
PRODIGAL v2.6.3 [February, 2016]         
Univ of Tenn / Oak Ridge National Lab
Doug Hyatt, Loren Hauser, et al.     
-------------------------------------
Request:  Metagenomic, Phase:  Training
Initializing training files...done!
-------------------------------------
Request:  Metagenomic, Phase:  Gene Finding
Finding genes in sequence #1 (3193 bp)...done!
Finding genes in sequence #2 (2629 bp)...done!
Finding genes in sequence #3 (2315 bp)...done!
Finding genes in sequence #4 (1996 bp)...done!
Finding genes in sequence #5 (1971 bp)...done!
Finding genes in sequence #6 (1729 bp)...done!
Finding genes in sequence #7 (1513 bp)...done!
Finding genes in sequence #8 (1483 bp)...done!
Finding genes in sequence #9 (1459 bp)...done!
Finding genes in sequence #10 (1285 bp)...done!
Finding genes in sequence #11 (1100 bp)...done!
Finding genes in sequence #12 (1189 bp)...done!
Finding genes in sequence #13 (1169 bp)...done!
Finding genes in sequence #14 (1169 bp)...done!
Finding genes in sequence #15 (1137 bp)...done!
Finding genes in sequence #16 (1087 bp)...done!
Finding genes in sequence #17 (1065 bp)...done!
Finding genes in sequence #18 (1045 bp)...done!
Finding genes in sequence #19 (1045 bp)...done!
Finding genes in sequence #20 (1045 bp)...done!
Finding genes in sequence #21 (1027 bp)...done!
Finding genes in sequence #22 (991 bp)...done!
Finding genes in sequence #23 (987 bp)...done!
Finding genes in sequence #24 (985 bp)...done!
Finding genes in sequence #25 (979 bp)...done!
Finding genes in sequence #26 (955 bp)...done!
