-------------------------------------
PRODIGAL v2.6.3 [February, 2016]         
Univ of Tenn / Oak Ridge National Lab
Doug Hyatt, Loren Hauser, et al.     
-------------------------------------
Request:  Metagenomic, Phase:  Training
Initializing training files...done!
-------------------------------------
Request:  Metagenomic, Phase:  Gene Finding
Finding genes in sequence #1 (13131 bp)...done!
Finding genes in sequence #2 (10386 bp)...done!
Finding genes in sequence #3 (3319 bp)...done!
Finding genes in sequence #4 (3235 bp)...done!
Finding genes in sequence #5 (3091 bp)...done!
Finding genes in sequence #6 (2605 bp)...done!
Finding genes in sequence #7 (2587 bp)...done!
Finding genes in sequence #8 (2327 bp)...done!
Finding genes in sequence #9 (1771 bp)...done!
Finding genes in sequence #10 (1771 bp)...done!
Finding genes in sequence #11 (1591 bp)...done!
Finding genes in sequence #12 (1573 bp)...done!
Finding genes in sequence #13 (1519 bp)...done!
Finding genes in sequence #14 (1477 bp)...done!
Finding genes in sequence #15 (1447 bp)...done!
Finding genes in sequence #16 (1419 bp)...done!
Finding genes in sequence #17 (1393 bp)...done!
Finding genes in sequence #18 (1343 bp)...done!
Finding genes in sequence #19 (1309 bp)...done!
Finding genes in sequence #20 (1249 bp)...done!
Finding genes in sequence #21 (1249 bp)...done!
Finding genes in sequence #22 (1243 bp)...done!
Finding genes in sequence #23 (1231 bp)...done!
Finding genes in sequence #24 (1209 bp)...done!
Finding genes in sequence #25 (1207 bp)...done!
Finding genes in sequence #26 (1105 bp)...done!
Finding genes in sequence #27 (1099 bp)...done!
Finding genes in sequence #28 (1093 bp)...done!
Finding genes in sequence #29 (1081 bp)...done!
Finding genes in sequence #30 (1045 bp)...done!
Finding genes in sequence #31 (1045 bp)...done!
Finding genes in sequence #32 (997 bp)...done!
Finding genes in sequence #33 (967 bp)...done!
Finding genes in sequence #34 (963 bp)...done!
