-------------------------------------
PRODIGAL v2.6.3 [February, 2016]         
Univ of Tenn / Oak Ridge National Lab
Doug Hyatt, Loren Hauser, et al.     
-------------------------------------
Request:  Metagenomic, Phase:  Training
Initializing training files...done!
-------------------------------------
Request:  Metagenomic, Phase:  Gene Finding
Finding genes in sequence #1 (10386 bp)...done!
Finding genes in sequence #2 (6185 bp)...done!
Finding genes in sequence #3 (5041 bp)...done!
Finding genes in sequence #4 (4447 bp)...done!
Finding genes in sequence #5 (2623 bp)...done!
Finding genes in sequence #6 (1495 bp)...done!
Finding genes in sequence #7 (1493 bp)...done!
Finding genes in sequence #8 (1403 bp)...done!
Finding genes in sequence #9 (1305 bp)...done!
Finding genes in sequence #10 (1279 bp)...done!
Finding genes in sequence #11 (1211 bp)...done!
Finding genes in sequence #12 (1093 bp)...done!
Finding genes in sequence #13 (1119 bp)...done!
Finding genes in sequence #14 (1113 bp)...done!
Finding genes in sequence #15 (1081 bp)...done!
Finding genes in sequence #16 (1071 bp)...done!
Finding genes in sequence #17 (1055 bp)...done!
Finding genes in sequence #18 (1017 bp)...done!
Finding genes in sequence #19 (1013 bp)...done!
Finding genes in sequence #20 (1005 bp)...done!
Finding genes in sequence #21 (995 bp)...done!
Finding genes in sequence #22 (949 bp)...done!
