-------------------------------------
PRODIGAL v2.6.3 [February, 2016]         
Univ of Tenn / Oak Ridge National Lab
Doug Hyatt, Loren Hauser, et al.     
-------------------------------------
Request:  Metagenomic, Phase:  Training
Initializing training files...done!
-------------------------------------
Request:  Metagenomic, Phase:  Gene Finding
Finding genes in sequence #1 (11892 bp)...done!
Finding genes in sequence #2 (10386 bp)...done!
Finding genes in sequence #3 (5295 bp)...done!
Finding genes in sequence #4 (3193 bp)...done!
Finding genes in sequence #5 (2937 bp)...done!
Finding genes in sequence #6 (2173 bp)...done!
Finding genes in sequence #7 (1867 bp)...done!
Finding genes in sequence #8 (1737 bp)...done!
Finding genes in sequence #9 (1651 bp)...done!
Finding genes in sequence #10 (1551 bp)...done!
Finding genes in sequence #11 (1471 bp)...done!
Finding genes in sequence #12 (1461 bp)...done!
Finding genes in sequence #13 (1441 bp)...done!
Finding genes in sequence #14 (1423 bp)...done!
Finding genes in sequence #15 (1411 bp)...done!
Finding genes in sequence #16 (1297 bp)...done!
Finding genes in sequence #17 (1251 bp)...done!
Finding genes in sequence #18 (1169 bp)...done!
Finding genes in sequence #19 (1145 bp)...done!
Finding genes in sequence #20 (1075 bp)...done!
Finding genes in sequence #21 (1075 bp)...done!
Finding genes in sequence #22 (1057 bp)...done!
Finding genes in sequence #23 (1045 bp)...done!
Finding genes in sequence #24 (1033 bp)...done!
Finding genes in sequence #25 (1033 bp)...done!
