-------------------------------------
PRODIGAL v2.6.3 [February, 2016]         
Univ of Tenn / Oak Ridge National Lab
Doug Hyatt, Loren Hauser, et al.     
-------------------------------------
Request:  Metagenomic, Phase:  Training
Initializing training files...done!
-------------------------------------
Request:  Metagenomic, Phase:  Gene Finding
Finding genes in sequence #1 (10858 bp)...done!
Finding genes in sequence #2 (10386 bp)...done!
Finding genes in sequence #3 (9157 bp)...done!
Finding genes in sequence #4 (6403 bp)...done!
Finding genes in sequence #5 (5496 bp)...done!
Finding genes in sequence #6 (4847 bp)...done!
Finding genes in sequence #7 (4771 bp)...done!
Finding genes in sequence #8 (4529 bp)...done!
Finding genes in sequence #9 (4411 bp)...done!
Finding genes in sequence #10 (4291 bp)...done!
Finding genes in sequence #11 (4249 bp)...done!
Finding genes in sequence #12 (4117 bp)...done!
Finding genes in sequence #13 (3949 bp)...done!
Finding genes in sequence #14 (3817 bp)...done!
Finding genes in sequence #15 (3817 bp)...done!
Finding genes in sequence #16 (3697 bp)...done!
Finding genes in sequence #17 (3673 bp)...done!
Finding genes in sequence #18 (3553 bp)...done!
Finding genes in sequence #19 (3433 bp)...done!
Finding genes in sequence #20 (3391 bp)...done!
Finding genes in sequence #21 (3385 bp)...done!
Finding genes in sequence #22 (3361 bp)...done!
Finding genes in sequence #23 (3355 bp)...done!
Finding genes in sequence #24 (3349 bp)...done!
Finding genes in sequence #25 (3343 bp)...done!
Finding genes in sequence #26 (3337 bp)...done!
Finding genes in sequence #27 (3331 bp)...done!
Finding genes in sequence #28 (3319 bp)...done!
Finding genes in sequence #29 (3301 bp)...done!
Finding genes in sequence #30 (3295 bp)...done!
Finding genes in sequence #31 (3265 bp)...done!
Finding genes in sequence #32 (3247 bp)...done!
Finding genes in sequence #33 (3247 bp)...done!
Finding genes in sequence #34 (3241 bp)...done!
Finding genes in sequence #35 (3217 bp)...done!
Finding genes in sequence #36 (3097 bp)...done!
Finding genes in sequence #37 (3085 bp)...done!
Finding genes in sequence #38 (2953 bp)...done!
Finding genes in sequence #39 (2935 bp)...done!
Finding genes in sequence #40 (2887 bp)...done!
Finding genes in sequence #41 (2869 bp)...done!
Finding genes in sequence #42 (2857 bp)...done!
Finding genes in sequence #43 (2839 bp)...done!
Finding genes in sequence #44 (2779 bp)...done!
Finding genes in sequence #45 (2725 bp)...done!
Finding genes in sequence #46 (2719 bp)...done!
Finding genes in sequence #47 (2677 bp)...done!
Finding genes in sequence #48 (2653 bp)...done!
Finding genes in sequence #49 (2647 bp)...done!
Finding genes in sequence #50 (2645 bp)...done!
Finding genes in sequence #51 (2623 bp)...done!
Finding genes in sequence #52 (2623 bp)...done!
Finding genes in sequence #53 (2605 bp)...done!
Finding genes in sequence #54 (2587 bp)...done!
Finding genes in sequence #55 (2557 bp)...done!
Finding genes in sequence #56 (2545 bp)...done!
Finding genes in sequence #57 (2525 bp)...done!
Finding genes in sequence #58 (2521 bp)...done!
Finding genes in sequence #59 (2507 bp)...done!
Finding genes in sequence #60 (2503 bp)...done!
Finding genes in sequence #61 (2473 bp)...done!
Finding genes in sequence #62 (2461 bp)...done!
Finding genes in sequence #63 (2455 bp)...done!
Finding genes in sequence #64 (2449 bp)...done!
Finding genes in sequence #65 (2443 bp)...done!
Finding genes in sequence #66 (2437 bp)...done!
Finding genes in sequence #67 (2395 bp)...done!
Finding genes in sequence #68 (2377 bp)...done!
Finding genes in sequence #69 (2359 bp)...done!
Finding genes in sequence #70 (2335 bp)...done!
Finding genes in sequence #71 (2329 bp)...done!
Finding genes in sequence #72 (2323 bp)...done!
Finding genes in sequence #73 (2311 bp)...done!
Finding genes in sequence #74 (2299 bp)...done!
Finding genes in sequence #75 (2293 bp)...done!
Finding genes in sequence #76 (2287 bp)...done!
Finding genes in sequence #77 (2287 bp)...done!
Finding genes in sequence #78 (2281 bp)...done!
Finding genes in sequence #79 (2239 bp)...done!
Finding genes in sequence #80 (2235 bp)...done!
Finding genes in sequence #81 (2227 bp)...done!
Finding genes in sequence #82 (2215 bp)...done!
Finding genes in sequence #83 (2197 bp)...done!
Finding genes in sequence #84 (2155 bp)...done!
Finding genes in sequence #85 (2143 bp)...done!
Finding genes in sequence #86 (2125 bp)...done!
Finding genes in sequence #87 (2101 bp)...done!
Finding genes in sequence #88 (2101 bp)...done!
Finding genes in sequence #89 (2069 bp)...done!
Finding genes in sequence #90 (2059 bp)...done!
Finding genes in sequence #91 (2041 bp)...done!
Finding genes in sequence #92 (2017 bp)...done!
Finding genes in sequence #93 (2011 bp)...done!
Finding genes in sequence #94 (1999 bp)...done!
Finding genes in sequence #95 (1999 bp)...done!
Finding genes in sequence #96 (1993 bp)...done!
Finding genes in sequence #97 (1981 bp)...done!
Finding genes in sequence #98 (1963 bp)...done!
Finding genes in sequence #99 (1957 bp)...done!
Finding genes in sequence #100 (1951 bp)...done!
Finding genes in sequence #101 (1945 bp)...done!
Finding genes in sequence #102 (1909 bp)...done!
Finding genes in sequence #103 (1907 bp)...done!
Finding genes in sequence #104 (1903 bp)...done!
Finding genes in sequence #105 (1891 bp)...done!
Finding genes in sequence #106 (1885 bp)...done!
Finding genes in sequence #107 (1885 bp)...done!
Finding genes in sequence #108 (1879 bp)...done!
Finding genes in sequence #109 (1879 bp)...done!
Finding genes in sequence #110 (1867 bp)...done!
Finding genes in sequence #111 (1867 bp)...done!
Finding genes in sequence #112 (1867 bp)...done!
Finding genes in sequence #113 (1861 bp)...done!
Finding genes in sequence #114 (1861 bp)...done!
Finding genes in sequence #115 (1861 bp)...done!
Finding genes in sequence #116 (1861 bp)...done!
Finding genes in sequence #117 (1861 bp)...done!
Finding genes in sequence #118 (1855 bp)...done!
Finding genes in sequence #119 (1855 bp)...done!
Finding genes in sequence #120 (1843 bp)...done!
Finding genes in sequence #121 (1831 bp)...done!
Finding genes in sequence #122 (1825 bp)...done!
Finding genes in sequence #123 (1823 bp)...done!
Finding genes in sequence #124 (1801 bp)...done!
Finding genes in sequence #125 (1777 bp)...done!
Finding genes in sequence #126 (1771 bp)...done!
Finding genes in sequence #127 (1771 bp)...done!
Finding genes in sequence #128 (1765 bp)...done!
Finding genes in sequence #129 (1759 bp)...done!
Finding genes in sequence #130 (1753 bp)...done!
Finding genes in sequence #131 (1739 bp)...done!
Finding genes in sequence #132 (1735 bp)...done!
Finding genes in sequence #133 (1723 bp)...done!
Finding genes in sequence #134 (1711 bp)...done!
Finding genes in sequence #135 (1711 bp)...done!
Finding genes in sequence #136 (1705 bp)...done!
Finding genes in sequence #137 (1705 bp)...done!
Finding genes in sequence #138 (1693 bp)...done!
Finding genes in sequence #139 (1693 bp)...done!
Finding genes in sequence #140 (1693 bp)...done!
Finding genes in sequence #141 (1687 bp)...done!
Finding genes in sequence #142 (1675 bp)...done!
Finding genes in sequence #143 (1675 bp)...done!
Finding genes in sequence #144 (1663 bp)...done!
Finding genes in sequence #145 (1657 bp)...done!
Finding genes in sequence #146 (1651 bp)...done!
Finding genes in sequence #147 (1651 bp)...done!
Finding genes in sequence #148 (1651 bp)...done!
Finding genes in sequence #149 (1651 bp)...done!
Finding genes in sequence #150 (1647 bp)...done!
Finding genes in sequence #151 (1645 bp)...done!
Finding genes in sequence #152 (1645 bp)...done!
Finding genes in sequence #153 (1645 bp)...done!
Finding genes in sequence #154 (1639 bp)...done!
Finding genes in sequence #155 (1639 bp)...done!
Finding genes in sequence #156 (1633 bp)...done!
Finding genes in sequence #157 (1621 bp)...done!
Finding genes in sequence #158 (1621 bp)...done!
Finding genes in sequence #159 (1621 bp)...done!
Finding genes in sequence #160 (1615 bp)...done!
Finding genes in sequence #161 (1597 bp)...done!
Finding genes in sequence #162 (1591 bp)...done!
Finding genes in sequence #163 (1585 bp)...done!
Finding genes in sequence #164 (1579 bp)...done!
Finding genes in sequence #165 (1579 bp)...done!
Finding genes in sequence #166 (1567 bp)...done!
Finding genes in sequence #167 (1567 bp)...done!
Finding genes in sequence #168 (1561 bp)...done!
Finding genes in sequence #169 (1549 bp)...done!
Finding genes in sequence #170 (1539 bp)...done!
Finding genes in sequence #171 (1537 bp)...done!
Finding genes in sequence #172 (1523 bp)...done!
Finding genes in sequence #173 (1513 bp)...done!
Finding genes in sequence #174 (1513 bp)...done!
Finding genes in sequence #175 (1507 bp)...done!
Finding genes in sequence #176 (1501 bp)...done!
Finding genes in sequence #177 (1501 bp)...done!
Finding genes in sequence #178 (1495 bp)...done!
Finding genes in sequence #179 (1483 bp)...done!
Finding genes in sequence #180 (1489 bp)...done!
Finding genes in sequence #181 (1477 bp)...done!
Finding genes in sequence #182 (1477 bp)...done!
Finding genes in sequence #183 (1475 bp)...done!
Finding genes in sequence #184 (1471 bp)...done!
Finding genes in sequence #185 (1465 bp)...done!
Finding genes in sequence #186 (1465 bp)...done!
Finding genes in sequence #187 (1459 bp)...done!
Finding genes in sequence #188 (1453 bp)...done!
Finding genes in sequence #189 (1453 bp)...done!
Finding genes in sequence #190 (1441 bp)...done!
Finding genes in sequence #191 (1441 bp)...done!
Finding genes in sequence #192 (1442 bp)...done!
Finding genes in sequence #193 (1429 bp)...done!
Finding genes in sequence #194 (1429 bp)...done!
Finding genes in sequence #195 (1429 bp)...done!
Finding genes in sequence #196 (1427 bp)...done!
Finding genes in sequence #197 (1425 bp)...done!
Finding genes in sequence #198 (1417 bp)...done!
Finding genes in sequence #199 (1411 bp)...done!
Finding genes in sequence #200 (1393 bp)...done!
Finding genes in sequence #201 (1387 bp)...done!
Finding genes in sequence #202 (1375 bp)...done!
Finding genes in sequence #203 (1363 bp)...done!
Finding genes in sequence #204 (1363 bp)...done!
Finding genes in sequence #205 (1361 bp)...done!
Finding genes in sequence #206 (1345 bp)...done!
Finding genes in sequence #207 (1345 bp)...done!
Finding genes in sequence #208 (1333 bp)...done!
Finding genes in sequence #209 (1327 bp)...done!
Finding genes in sequence #210 (1327 bp)...done!
Finding genes in sequence #211 (1327 bp)...done!
Finding genes in sequence #212 (1327 bp)...done!
Finding genes in sequence #213 (1321 bp)...done!
Finding genes in sequence #214 (1319 bp)...done!
Finding genes in sequence #215 (1315 bp)...done!
Finding genes in sequence #216 (1315 bp)...done!
Finding genes in sequence #217 (1315 bp)...done!
Finding genes in sequence #218 (1315 bp)...done!
Finding genes in sequence #219 (1309 bp)...done!
Finding genes in sequence #220 (1309 bp)...done!
Finding genes in sequence #221 (1303 bp)...done!
Finding genes in sequence #222 (1291 bp)...done!
Finding genes in sequence #223 (1291 bp)...done!
Finding genes in sequence #224 (1285 bp)...done!
Finding genes in sequence #225 (1285 bp)...done!
Finding genes in sequence #226 (1279 bp)...done!
Finding genes in sequence #227 (1279 bp)...done!
Finding genes in sequence #228 (1279 bp)...done!
Finding genes in sequence #229 (1279 bp)...done!
Finding genes in sequence #230 (1273 bp)...done!
Finding genes in sequence #231 (1267 bp)...done!
Finding genes in sequence #232 (1267 bp)...done!
Finding genes in sequence #233 (1267 bp)...done!
Finding genes in sequence #234 (1267 bp)...done!
Finding genes in sequence #235 (1263 bp)...done!
Finding genes in sequence #236 (1261 bp)...done!
Finding genes in sequence #237 (1255 bp)...done!
Finding genes in sequence #238 (1255 bp)...done!
Finding genes in sequence #239 (1255 bp)...done!
Finding genes in sequence #240 (1249 bp)...done!
Finding genes in sequence #241 (1249 bp)...done!
Finding genes in sequence #242 (1249 bp)...done!
Finding genes in sequence #243 (1249 bp)...done!
Finding genes in sequence #244 (1249 bp)...done!
Finding genes in sequence #245 (1247 bp)...done!
Finding genes in sequence #246 (1243 bp)...done!
Finding genes in sequence #247 (1237 bp)...done!
Finding genes in sequence #248 (1237 bp)...done!
Finding genes in sequence #249 (1231 bp)...done!
Finding genes in sequence #250 (1231 bp)...done!
Finding genes in sequence #251 (1231 bp)...done!
Finding genes in sequence #252 (1219 bp)...done!
Finding genes in sequence #253 (1219 bp)...done!
Finding genes in sequence #254 (1213 bp)...done!
Finding genes in sequence #255 (1213 bp)...done!
Finding genes in sequence #256 (1213 bp)...done!
Finding genes in sequence #257 (1213 bp)...done!
Finding genes in sequence #258 (1213 bp)...done!
Finding genes in sequence #259 (1207 bp)...done!
Finding genes in sequence #260 (1207 bp)...done!
Finding genes in sequence #261 (1207 bp)...done!
Finding genes in sequence #262 (1205 bp)...done!
Finding genes in sequence #263 (1195 bp)...done!
Finding genes in sequence #264 (1195 bp)...done!
Finding genes in sequence #265 (1195 bp)...done!
Finding genes in sequence #266 (1195 bp)...done!
Finding genes in sequence #267 (1195 bp)...done!
Finding genes in sequence #268 (1195 bp)...done!
Finding genes in sequence #269 (1189 bp)...done!
Finding genes in sequence #270 (1183 bp)...done!
Finding genes in sequence #271 (1183 bp)...done!
Finding genes in sequence #272 (1183 bp)...done!
Finding genes in sequence #273 (1183 bp)...done!
Finding genes in sequence #274 (1163 bp)...done!
Finding genes in sequence #275 (1177 bp)...done!
Finding genes in sequence #276 (1177 bp)...done!
Finding genes in sequence #277 (1163 bp)...done!
Finding genes in sequence #278 (1171 bp)...done!
Finding genes in sequence #279 (1165 bp)...done!
Finding genes in sequence #280 (1165 bp)...done!
Finding genes in sequence #281 (1165 bp)...done!
Finding genes in sequence #282 (1165 bp)...done!
Finding genes in sequence #283 (1165 bp)...done!
Finding genes in sequence #284 (1159 bp)...done!
Finding genes in sequence #285 (1159 bp)...done!
Finding genes in sequence #286 (1159 bp)...done!
Finding genes in sequence #287 (1153 bp)...done!
Finding genes in sequence #288 (1153 bp)...done!
Finding genes in sequence #289 (1153 bp)...done!
Finding genes in sequence #290 (1147 bp)...done!
Finding genes in sequence #291 (1147 bp)...done!
Finding genes in sequence #292 (1147 bp)...done!
Finding genes in sequence #293 (1147 bp)...done!
Finding genes in sequence #294 (1147 bp)...done!
Finding genes in sequence #295 (1144 bp)...done!
Finding genes in sequence #296 (1141 bp)...done!
Finding genes in sequence #297 (1139 bp)...done!
Finding genes in sequence #298 (1135 bp)...done!
Finding genes in sequence #299 (1135 bp)...done!
Finding genes in sequence #300 (1135 bp)...done!
Finding genes in sequence #301 (1135 bp)...done!
Finding genes in sequence #302 (1129 bp)...done!
Finding genes in sequence #303 (1129 bp)...done!
Finding genes in sequence #304 (1129 bp)...done!
Finding genes in sequence #305 (1123 bp)...done!
Finding genes in sequence #306 (1123 bp)...done!
Finding genes in sequence #307 (1119 bp)...done!
Finding genes in sequence #308 (1117 bp)...done!
Finding genes in sequence #309 (1117 bp)...done!
Finding genes in sequence #310 (1113 bp)...done!
Finding genes in sequence #311 (1113 bp)...done!
Finding genes in sequence #312 (1111 bp)...done!
Finding genes in sequence #313 (1111 bp)...done!
Finding genes in sequence #314 (1111 bp)...done!
Finding genes in sequence #315 (1111 bp)...done!
Finding genes in sequence #316 (1111 bp)...done!
Finding genes in sequence #317 (1103 bp)...done!
Finding genes in sequence #318 (1105 bp)...done!
Finding genes in sequence #319 (1105 bp)...done!
Finding genes in sequence #320 (1099 bp)...done!
Finding genes in sequence #321 (1099 bp)...done!
Finding genes in sequence #322 (1099 bp)...done!
Finding genes in sequence #323 (1099 bp)...done!
Finding genes in sequence #324 (1099 bp)...done!
Finding genes in sequence #325 (1099 bp)...done!
Finding genes in sequence #326 (1099 bp)...done!
Finding genes in sequence #327 (1032 bp)...done!
Finding genes in sequence #328 (1093 bp)...done!
Finding genes in sequence #329 (1093 bp)...done!
Finding genes in sequence #330 (1093 bp)...done!
Finding genes in sequence #331 (1093 bp)...done!
Finding genes in sequence #332 (1087 bp)...done!
Finding genes in sequence #333 (1087 bp)...done!
Finding genes in sequence #334 (1087 bp)...done!
Finding genes in sequence #335 (1085 bp)...done!
Finding genes in sequence #336 (1081 bp)...done!
Finding genes in sequence #337 (1081 bp)...done!
Finding genes in sequence #338 (1081 bp)...done!
Finding genes in sequence #339 (1081 bp)...done!
Finding genes in sequence #340 (1075 bp)...done!
Finding genes in sequence #341 (1075 bp)...done!
Finding genes in sequence #342 (1069 bp)...done!
Finding genes in sequence #343 (1069 bp)...done!
Finding genes in sequence #344 (1069 bp)...done!
Finding genes in sequence #345 (1069 bp)...done!
Finding genes in sequence #346 (1069 bp)...done!
Finding genes in sequence #347 (1069 bp)...done!
Finding genes in sequence #348 (1065 bp)...done!
Finding genes in sequence #349 (1063 bp)...done!
Finding genes in sequence #350 (1063 bp)...done!
Finding genes in sequence #351 (1059 bp)...done!
Finding genes in sequence #352 (1057 bp)...done!
Finding genes in sequence #353 (1057 bp)...done!
Finding genes in sequence #354 (1057 bp)...done!
Finding genes in sequence #355 (1057 bp)...done!
Finding genes in sequence #356 (1057 bp)...done!
Finding genes in sequence #357 (1051 bp)...done!
Finding genes in sequence #358 (1051 bp)...done!
Finding genes in sequence #359 (1051 bp)...done!
Finding genes in sequence #360 (1051 bp)...done!
Finding genes in sequence #361 (1051 bp)...done!
Finding genes in sequence #362 (1051 bp)...done!
Finding genes in sequence #363 (1051 bp)...done!
Finding genes in sequence #364 (1047 bp)...done!
Finding genes in sequence #365 (1045 bp)...done!
Finding genes in sequence #366 (1045 bp)...done!
Finding genes in sequence #367 (1045 bp)...done!
Finding genes in sequence #368 (1045 bp)...done!
Finding genes in sequence #369 (1045 bp)...done!
Finding genes in sequence #370 (1039 bp)...done!
Finding genes in sequence #371 (1039 bp)...done!
Finding genes in sequence #372 (1039 bp)...done!
Finding genes in sequence #373 (1033 bp)...done!
Finding genes in sequence #374 (1033 bp)...done!
Finding genes in sequence #375 (1033 bp)...done!
Finding genes in sequence #376 (1033 bp)...done!
Finding genes in sequence #377 (1033 bp)...done!
Finding genes in sequence #378 (1033 bp)...done!
Finding genes in sequence #379 (1033 bp)...done!
Finding genes in sequence #380 (1027 bp)...done!
Finding genes in sequence #381 (1027 bp)...done!
Finding genes in sequence #382 (1027 bp)...done!
Finding genes in sequence #383 (1021 bp)...done!
Finding genes in sequence #384 (1021 bp)...done!
Finding genes in sequence #385 (1015 bp)...done!
Finding genes in sequence #386 (1015 bp)...done!
Finding genes in sequence #387 (1009 bp)...done!
Finding genes in sequence #388 (1009 bp)...done!
Finding genes in sequence #389 (1009 bp)...done!
Finding genes in sequence #390 (1009 bp)...done!
Finding genes in sequence #391 (1009 bp)...done!
Finding genes in sequence #392 (1009 bp)...done!
Finding genes in sequence #393 (1009 bp)...done!
Finding genes in sequence #394 (1009 bp)...done!
Finding genes in sequence #395 (1009 bp)...done!
Finding genes in sequence #396 (1009 bp)...done!
Finding genes in sequence #397 (1005 bp)...done!
Finding genes in sequence #398 (1003 bp)...done!
Finding genes in sequence #399 (1003 bp)...done!
Finding genes in sequence #400 (1003 bp)...done!
Finding genes in sequence #401 (997 bp)...done!
Finding genes in sequence #402 (997 bp)...done!
Finding genes in sequence #403 (997 bp)...done!
Finding genes in sequence #404 (997 bp)...done!
Finding genes in sequence #405 (995 bp)...done!
Finding genes in sequence #406 (991 bp)...done!
Finding genes in sequence #407 (991 bp)...done!
Finding genes in sequence #408 (991 bp)...done!
Finding genes in sequence #409 (991 bp)...done!
Finding genes in sequence #410 (991 bp)...done!
Finding genes in sequence #411 (985 bp)...done!
Finding genes in sequence #412 (981 bp)...done!
Finding genes in sequence #413 (981 bp)...done!
Finding genes in sequence #414 (979 bp)...done!
Finding genes in sequence #415 (979 bp)...done!
Finding genes in sequence #416 (979 bp)...done!
Finding genes in sequence #417 (975 bp)...done!
Finding genes in sequence #418 (973 bp)...done!
Finding genes in sequence #419 (973 bp)...done!
Finding genes in sequence #420 (973 bp)...done!
Finding genes in sequence #421 (973 bp)...done!
Finding genes in sequence #422 (973 bp)...done!
Finding genes in sequence #423 (969 bp)...done!
Finding genes in sequence #424 (967 bp)...done!
Finding genes in sequence #425 (967 bp)...done!
Finding genes in sequence #426 (967 bp)...done!
Finding genes in sequence #427 (967 bp)...done!
Finding genes in sequence #428 (967 bp)...done!
Finding genes in sequence #429 (967 bp)...done!
Finding genes in sequence #430 (967 bp)...done!
Finding genes in sequence #431 (970 bp)...done!
Finding genes in sequence #432 (961 bp)...done!
Finding genes in sequence #433 (961 bp)...done!
Finding genes in sequence #434 (961 bp)...done!
Finding genes in sequence #435 (955 bp)...done!
Finding genes in sequence #436 (955 bp)...done!
Finding genes in sequence #437 (955 bp)...done!
Finding genes in sequence #438 (955 bp)...done!
Finding genes in sequence #439 (955 bp)...done!
Finding genes in sequence #440 (955 bp)...done!
Finding genes in sequence #441 (934 bp)...done!
Finding genes in sequence #442 (949 bp)...done!
Finding genes in sequence #443 (945 bp)...done!
