-------------------------------------
PRODIGAL v2.6.3 [February, 2016]         
Univ of Tenn / Oak Ridge National Lab
Doug Hyatt, Loren Hauser, et al.     
-------------------------------------
Request:  Metagenomic, Phase:  Training
Initializing training files...done!
-------------------------------------
Request:  Metagenomic, Phase:  Gene Finding
Finding genes in sequence #1 (67215 bp)...done!
Finding genes in sequence #2 (59884 bp)...done!
Finding genes in sequence #3 (14204 bp)...done!
Finding genes in sequence #4 (6129 bp)...done!
Finding genes in sequence #5 (5889 bp)...done!
Finding genes in sequence #6 (5295 bp)...done!
Finding genes in sequence #7 (4447 bp)...done!
Finding genes in sequence #8 (3903 bp)...done!
Finding genes in sequence #9 (3745 bp)...done!
Finding genes in sequence #10 (3631 bp)...done!
Finding genes in sequence #11 (3091 bp)...done!
Finding genes in sequence #12 (2959 bp)...done!
Finding genes in sequence #13 (2781 bp)...done!
Finding genes in sequence #14 (2399 bp)...done!
Finding genes in sequence #15 (1927 bp)...done!
Finding genes in sequence #16 (1921 bp)...done!
Finding genes in sequence #17 (1867 bp)...done!
Finding genes in sequence #18 (1841 bp)...done!
Finding genes in sequence #19 (1729 bp)...done!
Finding genes in sequence #20 (1549 bp)...done!
Finding genes in sequence #21 (1495 bp)...done!
Finding genes in sequence #22 (1483 bp)...done!
Finding genes in sequence #23 (1465 bp)...done!
Finding genes in sequence #24 (1435 bp)...done!
Finding genes in sequence #25 (1433 bp)...done!
Finding genes in sequence #26 (1375 bp)...done!
Finding genes in sequence #27 (1363 bp)...done!
Finding genes in sequence #28 (1279 bp)...done!
Finding genes in sequence #29 (1261 bp)...done!
Finding genes in sequence #30 (1243 bp)...done!
Finding genes in sequence #31 (1231 bp)...done!
Finding genes in sequence #32 (1135 bp)...done!
Finding genes in sequence #33 (1081 bp)...done!
Finding genes in sequence #34 (1075 bp)...done!
Finding genes in sequence #35 (1069 bp)...done!
Finding genes in sequence #36 (1033 bp)...done!
Finding genes in sequence #37 (1009 bp)...done!
Finding genes in sequence #38 (1009 bp)...done!
Finding genes in sequence #39 (530 bp)...done!
Finding genes in sequence #40 (989 bp)...done!
Finding genes in sequence #41 (967 bp)...done!
