-------------------------------------
PRODIGAL v2.6.3 [February, 2016]         
Univ of Tenn / Oak Ridge National Lab
Doug Hyatt, Loren Hauser, et al.     
-------------------------------------
Request:  Metagenomic, Phase:  Training
Initializing training files...done!
-------------------------------------
Request:  Metagenomic, Phase:  Gene Finding
Finding genes in sequence #1 (3319 bp)...done!
Finding genes in sequence #2 (3103 bp)...done!
Finding genes in sequence #3 (2545 bp)...done!
Finding genes in sequence #4 (2311 bp)...done!
Finding genes in sequence #5 (1855 bp)...done!
Finding genes in sequence #6 (1805 bp)...done!
Finding genes in sequence #7 (1801 bp)...done!
Finding genes in sequence #8 (1741 bp)...done!
Finding genes in sequence #9 (1638 bp)...done!
Finding genes in sequence #10 (1589 bp)...done!
Finding genes in sequence #11 (1555 bp)...done!
Finding genes in sequence #12 (1513 bp)...done!
Finding genes in sequence #13 (1459 bp)...done!
Finding genes in sequence #14 (1417 bp)...done!
Finding genes in sequence #15 (1293 bp)...done!
Finding genes in sequence #16 (1275 bp)...done!
Finding genes in sequence #17 (1261 bp)...done!
Finding genes in sequence #18 (1255 bp)...done!
Finding genes in sequence #19 (1245 bp)...done!
Finding genes in sequence #20 (1245 bp)...done!
Finding genes in sequence #21 (1193 bp)...done!
Finding genes in sequence #22 (1189 bp)...done!
Finding genes in sequence #23 (1185 bp)...done!
Finding genes in sequence #24 (1169 bp)...done!
Finding genes in sequence #25 (1149 bp)...done!
Finding genes in sequence #26 (1147 bp)...done!
Finding genes in sequence #27 (1137 bp)...done!
Finding genes in sequence #28 (1139 bp)...done!
Finding genes in sequence #29 (1135 bp)...done!
Finding genes in sequence #30 (1132 bp)...done!
Finding genes in sequence #31 (1131 bp)...done!
Finding genes in sequence #32 (1117 bp)...done!
Finding genes in sequence #33 (1002 bp)...done!
Finding genes in sequence #34 (1109 bp)...done!
Finding genes in sequence #35 (1097 bp)...done!
Finding genes in sequence #36 (1089 bp)...done!
Finding genes in sequence #37 (1087 bp)...done!
Finding genes in sequence #38 (1087 bp)...done!
Finding genes in sequence #39 (1083 bp)...done!
Finding genes in sequence #40 (1081 bp)...done!
Finding genes in sequence #41 (1069 bp)...done!
Finding genes in sequence #42 (1055 bp)...done!
Finding genes in sequence #43 (1049 bp)...done!
Finding genes in sequence #44 (1045 bp)...done!
Finding genes in sequence #45 (1019 bp)...done!
Finding genes in sequence #46 (1017 bp)...done!
Finding genes in sequence #47 (1009 bp)...done!
Finding genes in sequence #48 (1005 bp)...done!
Finding genes in sequence #49 (1001 bp)...done!
Finding genes in sequence #50 (985 bp)...done!
Finding genes in sequence #51 (983 bp)...done!
Finding genes in sequence #52 (955 bp)...done!
Finding genes in sequence #53 (951 bp)...done!
