-------------------------------------
PRODIGAL v2.6.3 [February, 2016]         
Univ of Tenn / Oak Ridge National Lab
Doug Hyatt, Loren Hauser, et al.     
-------------------------------------
Request:  Metagenomic, Phase:  Training
Initializing training files...done!
-------------------------------------
Request:  Metagenomic, Phase:  Gene Finding
Finding genes in sequence #1 (14204 bp)...done!
Finding genes in sequence #2 (6153 bp)...done!
Finding genes in sequence #3 (4447 bp)...done!
Finding genes in sequence #4 (3745 bp)...done!
Finding genes in sequence #5 (3723 bp)...done!
Finding genes in sequence #6 (3193 bp)...done!
Finding genes in sequence #7 (3037 bp)...done!
Finding genes in sequence #8 (2945 bp)...done!
Finding genes in sequence #9 (1933 bp)...done!
Finding genes in sequence #10 (1729 bp)...done!
Finding genes in sequence #11 (1657 bp)...done!
Finding genes in sequence #12 (1591 bp)...done!
Finding genes in sequence #13 (1495 bp)...done!
Finding genes in sequence #14 (1357 bp)...done!
Finding genes in sequence #15 (1331 bp)...done!
Finding genes in sequence #16 (1279 bp)...done!
Finding genes in sequence #17 (1261 bp)...done!
Finding genes in sequence #18 (1173 bp)...done!
Finding genes in sequence #19 (1047 bp)...done!
