-------------------------------------
PRODIGAL v2.6.3 [February, 2016]         
Univ of Tenn / Oak Ridge National Lab
Doug Hyatt, Loren Hauser, et al.     
-------------------------------------
Request:  Metagenomic, Phase:  Training
Initializing training files...done!
-------------------------------------
Request:  Metagenomic, Phase:  Gene Finding
Finding genes in sequence #1 (7253 bp)...done!
Finding genes in sequence #2 (5413 bp)...done!
Finding genes in sequence #3 (5101 bp)...done!
Finding genes in sequence #4 (4447 bp)...done!
Finding genes in sequence #5 (3745 bp)...done!
Finding genes in sequence #6 (3193 bp)...done!
Finding genes in sequence #7 (2057 bp)...done!
Finding genes in sequence #8 (1591 bp)...done!
Finding genes in sequence #9 (1357 bp)...done!
Finding genes in sequence #10 (1047 bp)...done!
Finding genes in sequence #11 (1027 bp)...done!
Finding genes in sequence #12 (1009 bp)...done!
Finding genes in sequence #13 (985 bp)...done!
