-------------------------------------
PRODIGAL v2.6.3 [February, 2016]         
Univ of Tenn / Oak Ridge National Lab
Doug Hyatt, Loren Hauser, et al.     
-------------------------------------
Request:  Metagenomic, Phase:  Training
Initializing training files...done!
-------------------------------------
Request:  Metagenomic, Phase:  Gene Finding
Finding genes in sequence #1 (11296 bp)...done!
Finding genes in sequence #2 (3675 bp)...done!
Finding genes in sequence #3 (3539 bp)...done!
Finding genes in sequence #4 (3457 bp)...done!
Finding genes in sequence #5 (3393 bp)...done!
Finding genes in sequence #6 (2707 bp)...done!
Finding genes in sequence #7 (2501 bp)...done!
Finding genes in sequence #8 (2189 bp)...done!
Finding genes in sequence #9 (2105 bp)...done!
Finding genes in sequence #10 (1927 bp)...done!
Finding genes in sequence #11 (1873 bp)...done!
Finding genes in sequence #12 (1793 bp)...done!
Finding genes in sequence #13 (1705 bp)...done!
Finding genes in sequence #14 (1703 bp)...done!
Finding genes in sequence #15 (1699 bp)...done!
Finding genes in sequence #16 (1669 bp)...done!
Finding genes in sequence #17 (1647 bp)...done!
Finding genes in sequence #18 (1523 bp)...done!
Finding genes in sequence #19 (1489 bp)...done!
Finding genes in sequence #20 (1483 bp)...done!
Finding genes in sequence #21 (1371 bp)...done!
Finding genes in sequence #22 (1351 bp)...done!
Finding genes in sequence #23 (1327 bp)...done!
Finding genes in sequence #24 (1317 bp)...done!
Finding genes in sequence #25 (1275 bp)...done!
Finding genes in sequence #26 (1267 bp)...done!
Finding genes in sequence #27 (1241 bp)...done!
Finding genes in sequence #28 (1207 bp)...done!
Finding genes in sequence #29 (1260 bp)...done!
Finding genes in sequence #30 (1159 bp)...done!
Finding genes in sequence #31 (1155 bp)...done!
Finding genes in sequence #32 (1143 bp)...done!
Finding genes in sequence #33 (1119 bp)...done!
Finding genes in sequence #34 (1113 bp)...done!
Finding genes in sequence #35 (1105 bp)...done!
Finding genes in sequence #36 (1099 bp)...done!
Finding genes in sequence #37 (1081 bp)...done!
Finding genes in sequence #38 (1075 bp)...done!
Finding genes in sequence #39 (1073 bp)...done!
Finding genes in sequence #40 (1063 bp)...done!
Finding genes in sequence #41 (1063 bp)...done!
Finding genes in sequence #42 (1080 bp)...done!
Finding genes in sequence #43 (1059 bp)...done!
Finding genes in sequence #44 (1057 bp)...done!
Finding genes in sequence #45 (1029 bp)...done!
Finding genes in sequence #46 (1039 bp)...done!
Finding genes in sequence #47 (1015 bp)...done!
Finding genes in sequence #48 (1009 bp)...done!
Finding genes in sequence #49 (1009 bp)...done!
Finding genes in sequence #50 (1003 bp)...done!
Finding genes in sequence #51 (993 bp)...done!
Finding genes in sequence #52 (985 bp)...done!
Finding genes in sequence #53 (985 bp)...done!
Finding genes in sequence #54 (979 bp)...done!
Finding genes in sequence #55 (979 bp)...done!
Finding genes in sequence #56 (973 bp)...done!
Finding genes in sequence #57 (967 bp)...done!
Finding genes in sequence #58 (963 bp)...done!
Finding genes in sequence #59 (961 bp)...done!
Finding genes in sequence #60 (957 bp)...done!
Finding genes in sequence #61 (955 bp)...done!
Finding genes in sequence #62 (981 bp)...done!
Finding genes in sequence #63 (949 bp)...done!
Finding genes in sequence #64 (933 bp)...done!
Finding genes in sequence #65 (933 bp)...done!
Finding genes in sequence #66 (931 bp)...done!
Finding genes in sequence #67 (931 bp)...done!
Finding genes in sequence #68 (929 bp)...done!
Finding genes in sequence #69 (923 bp)...done!
Finding genes in sequence #70 (923 bp)...done!
Finding genes in sequence #71 (921 bp)...done!
Finding genes in sequence #72 (919 bp)...done!
Finding genes in sequence #73 (907 bp)...done!
Finding genes in sequence #74 (907 bp)...done!
Finding genes in sequence #75 (907 bp)...done!
Finding genes in sequence #76 (907 bp)...done!
Finding genes in sequence #77 (905 bp)...done!
Finding genes in sequence #78 (901 bp)...done!
Finding genes in sequence #79 (901 bp)...done!
Finding genes in sequence #80 (901 bp)...done!
Finding genes in sequence #81 (893 bp)...done!
Finding genes in sequence #82 (879 bp)...done!
Finding genes in sequence #83 (875 bp)...done!
