-------------------------------------
PRODIGAL v2.6.3 [February, 2016]         
Univ of Tenn / Oak Ridge National Lab
Doug Hyatt, Loren Hauser, et al.     
-------------------------------------
Request:  Metagenomic, Phase:  Training
Initializing training files...done!
-------------------------------------
Request:  Metagenomic, Phase:  Gene Finding
Finding genes in sequence #1 (94238 bp)...done!
Finding genes in sequence #2 (90921 bp)...done!
Finding genes in sequence #3 (75362 bp)...done!
Finding genes in sequence #4 (49140 bp)...done!
Finding genes in sequence #5 (43492 bp)...done!
Finding genes in sequence #6 (33863 bp)...done!
Finding genes in sequence #7 (11063 bp)...done!
Finding genes in sequence #8 (9593 bp)...done!
Finding genes in sequence #9 (6097 bp)...done!
Finding genes in sequence #10 (4219 bp)...done!
Finding genes in sequence #11 (4135 bp)...done!
Finding genes in sequence #12 (3835 bp)...done!
Finding genes in sequence #13 (3703 bp)...done!
Finding genes in sequence #14 (2857 bp)...done!
Finding genes in sequence #15 (2851 bp)...done!
Finding genes in sequence #16 (2823 bp)...done!
Finding genes in sequence #17 (2653 bp)...done!
Finding genes in sequence #18 (2289 bp)...done!
Finding genes in sequence #19 (2245 bp)...done!
Finding genes in sequence #20 (2143 bp)...done!
Finding genes in sequence #21 (2101 bp)...done!
Finding genes in sequence #22 (2095 bp)...done!
Finding genes in sequence #23 (2095 bp)...done!
Finding genes in sequence #24 (2081 bp)...done!
Finding genes in sequence #25 (2077 bp)...done!
Finding genes in sequence #26 (2065 bp)...done!
Finding genes in sequence #27 (2023 bp)...done!
Finding genes in sequence #28 (1999 bp)...done!
Finding genes in sequence #29 (1903 bp)...done!
Finding genes in sequence #30 (1873 bp)...done!
Finding genes in sequence #31 (1861 bp)...done!
Finding genes in sequence #32 (1849 bp)...done!
Finding genes in sequence #33 (1795 bp)...done!
Finding genes in sequence #34 (1777 bp)...done!
Finding genes in sequence #35 (1755 bp)...done!
Finding genes in sequence #36 (1743 bp)...done!
Finding genes in sequence #37 (1709 bp)...done!
Finding genes in sequence #38 (1681 bp)...done!
Finding genes in sequence #39 (1663 bp)...done!
Finding genes in sequence #40 (1591 bp)...done!
Finding genes in sequence #41 (1573 bp)...done!
Finding genes in sequence #42 (1559 bp)...done!
Finding genes in sequence #43 (1557 bp)...done!
Finding genes in sequence #44 (1555 bp)...done!
Finding genes in sequence #45 (1537 bp)...done!
Finding genes in sequence #46 (1535 bp)...done!
Finding genes in sequence #47 (1513 bp)...done!
Finding genes in sequence #48 (1483 bp)...done!
Finding genes in sequence #49 (1471 bp)...done!
Finding genes in sequence #50 (1449 bp)...done!
Finding genes in sequence #51 (1425 bp)...done!
Finding genes in sequence #52 (1393 bp)...done!
Finding genes in sequence #53 (1363 bp)...done!
Finding genes in sequence #54 (1361 bp)...done!
Finding genes in sequence #55 (1313 bp)...done!
Finding genes in sequence #56 (1297 bp)...done!
Finding genes in sequence #57 (1245 bp)...done!
Finding genes in sequence #58 (1243 bp)...done!
Finding genes in sequence #59 (1225 bp)...done!
Finding genes in sequence #60 (1215 bp)...done!
Finding genes in sequence #61 (1207 bp)...done!
Finding genes in sequence #62 (1195 bp)...done!
Finding genes in sequence #63 (1189 bp)...done!
Finding genes in sequence #64 (1165 bp)...done!
Finding genes in sequence #65 (1161 bp)...done!
Finding genes in sequence #66 (1147 bp)...done!
Finding genes in sequence #67 (1141 bp)...done!
Finding genes in sequence #68 (1135 bp)...done!
Finding genes in sequence #69 (1123 bp)...done!
Finding genes in sequence #70 (1099 bp)...done!
Finding genes in sequence #71 (1099 bp)...done!
Finding genes in sequence #72 (1087 bp)...done!
Finding genes in sequence #73 (1087 bp)...done!
Finding genes in sequence #74 (1071 bp)...done!
Finding genes in sequence #75 (1063 bp)...done!
Finding genes in sequence #76 (1051 bp)...done!
Finding genes in sequence #77 (1051 bp)...done!
Finding genes in sequence #78 (1039 bp)...done!
Finding genes in sequence #79 (1033 bp)...done!
Finding genes in sequence #80 (1027 bp)...done!
Finding genes in sequence #81 (1027 bp)...done!
Finding genes in sequence #82 (1023 bp)...done!
Finding genes in sequence #83 (1021 bp)...done!
Finding genes in sequence #84 (1021 bp)...done!
Finding genes in sequence #85 (1021 bp)...done!
Finding genes in sequence #86 (1021 bp)...done!
Finding genes in sequence #87 (1003 bp)...done!
Finding genes in sequence #88 (979 bp)...done!
Finding genes in sequence #89 (979 bp)...done!
Finding genes in sequence #90 (973 bp)...done!
Finding genes in sequence #91 (973 bp)...done!
Finding genes in sequence #92 (967 bp)...done!
Finding genes in sequence #93 (967 bp)...done!
Finding genes in sequence #94 (967 bp)...done!
Finding genes in sequence #95 (961 bp)...done!
Finding genes in sequence #96 (955 bp)...done!
Finding genes in sequence #97 (955 bp)...done!
Finding genes in sequence #98 (949 bp)...done!
Finding genes in sequence #99 (949 bp)...done!
