-------------------------------------
PRODIGAL v2.6.3 [February, 2016]         
Univ of Tenn / Oak Ridge National Lab
Doug Hyatt, Loren Hauser, et al.     
-------------------------------------
Request:  Metagenomic, Phase:  Training
Initializing training files...done!
-------------------------------------
Request:  Metagenomic, Phase:  Gene Finding
Finding genes in sequence #1 (81139 bp)...done!
Finding genes in sequence #2 (43219 bp)...done!
Finding genes in sequence #3 (41117 bp)...done!
Finding genes in sequence #4 (14393 bp)...done!
Finding genes in sequence #5 (11257 bp)...done!
Finding genes in sequence #6 (9491 bp)...done!
Finding genes in sequence #7 (9369 bp)...done!
Finding genes in sequence #8 (7139 bp)...done!
Finding genes in sequence #9 (5191 bp)...done!
Finding genes in sequence #10 (4267 bp)...done!
Finding genes in sequence #11 (4041 bp)...done!
Finding genes in sequence #12 (3835 bp)...done!
Finding genes in sequence #13 (3329 bp)...done!
Finding genes in sequence #14 (3253 bp)...done!
Finding genes in sequence #15 (2767 bp)...done!
Finding genes in sequence #16 (2731 bp)...done!
Finding genes in sequence #17 (2617 bp)...done!
Finding genes in sequence #18 (2551 bp)...done!
Finding genes in sequence #19 (2533 bp)...done!
Finding genes in sequence #20 (2473 bp)...done!
Finding genes in sequence #21 (2353 bp)...done!
Finding genes in sequence #22 (2321 bp)...done!
Finding genes in sequence #23 (2309 bp)...done!
Finding genes in sequence #24 (2021 bp)...done!
Finding genes in sequence #25 (1915 bp)...done!
Finding genes in sequence #26 (1879 bp)...done!
Finding genes in sequence #27 (1873 bp)...done!
Finding genes in sequence #28 (1855 bp)...done!
Finding genes in sequence #29 (1837 bp)...done!
Finding genes in sequence #30 (1831 bp)...done!
Finding genes in sequence #31 (1795 bp)...done!
Finding genes in sequence #32 (1795 bp)...done!
Finding genes in sequence #33 (1795 bp)...done!
Finding genes in sequence #34 (1795 bp)...done!
Finding genes in sequence #35 (1771 bp)...done!
Finding genes in sequence #36 (1681 bp)...done!
Finding genes in sequence #37 (1651 bp)...done!
Finding genes in sequence #38 (1621 bp)...done!
Finding genes in sequence #39 (1621 bp)...done!
Finding genes in sequence #40 (1585 bp)...done!
Finding genes in sequence #41 (1583 bp)...done!
Finding genes in sequence #42 (1529 bp)...done!
Finding genes in sequence #43 (1517 bp)...done!
Finding genes in sequence #44 (1515 bp)...done!
Finding genes in sequence #45 (1501 bp)...done!
Finding genes in sequence #46 (1423 bp)...done!
Finding genes in sequence #47 (1405 bp)...done!
Finding genes in sequence #48 (1363 bp)...done!
Finding genes in sequence #49 (1321 bp)...done!
Finding genes in sequence #50 (1303 bp)...done!
Finding genes in sequence #51 (1285 bp)...done!
Finding genes in sequence #52 (1273 bp)...done!
Finding genes in sequence #53 (1267 bp)...done!
Finding genes in sequence #54 (1251 bp)...done!
Finding genes in sequence #55 (1195 bp)...done!
Finding genes in sequence #56 (1189 bp)...done!
Finding genes in sequence #57 (1153 bp)...done!
Finding genes in sequence #58 (1147 bp)...done!
Finding genes in sequence #59 (1139 bp)...done!
Finding genes in sequence #60 (1135 bp)...done!
Finding genes in sequence #61 (1117 bp)...done!
Finding genes in sequence #62 (1117 bp)...done!
Finding genes in sequence #63 (1101 bp)...done!
Finding genes in sequence #64 (1087 bp)...done!
Finding genes in sequence #65 (1069 bp)...done!
Finding genes in sequence #66 (1063 bp)...done!
Finding genes in sequence #67 (1051 bp)...done!
Finding genes in sequence #68 (1045 bp)...done!
Finding genes in sequence #69 (1027 bp)...done!
Finding genes in sequence #70 (993 bp)...done!
Finding genes in sequence #71 (991 bp)...done!
Finding genes in sequence #72 (973 bp)...done!
Finding genes in sequence #73 (971 bp)...done!
Finding genes in sequence #74 (967 bp)...done!
