-------------------------------------
PRODIGAL v2.6.3 [February, 2016]         
Univ of Tenn / Oak Ridge National Lab
Doug Hyatt, Loren Hauser, et al.     
-------------------------------------
Request:  Metagenomic, Phase:  Training
Initializing training files...done!
-------------------------------------
Request:  Metagenomic, Phase:  Gene Finding
Finding genes in sequence #1 (6951 bp)...done!
Finding genes in sequence #2 (6153 bp)...done!
Finding genes in sequence #3 (5295 bp)...done!
Finding genes in sequence #4 (2570 bp)...done!
Finding genes in sequence #5 (4283 bp)...done!
Finding genes in sequence #6 (3745 bp)...done!
Finding genes in sequence #7 (3523 bp)...done!
Finding genes in sequence #8 (3009 bp)...done!
Finding genes in sequence #9 (2879 bp)...done!
Finding genes in sequence #10 (2549 bp)...done!
Finding genes in sequence #11 (2545 bp)...done!
Finding genes in sequence #12 (2461 bp)...done!
Finding genes in sequence #13 (2332 bp)...done!
Finding genes in sequence #14 (2023 bp)...done!
Finding genes in sequence #15 (1953 bp)...done!
Finding genes in sequence #16 (1861 bp)...done!
Finding genes in sequence #17 (1837 bp)...done!
Finding genes in sequence #18 (1831 bp)...done!
Finding genes in sequence #19 (1795 bp)...done!
Finding genes in sequence #20 (1591 bp)...done!
Finding genes in sequence #21 (1591 bp)...done!
Finding genes in sequence #22 (1283 bp)...done!
Finding genes in sequence #23 (1279 bp)...done!
Finding genes in sequence #24 (1219 bp)...done!
Finding genes in sequence #25 (1219 bp)...done!
Finding genes in sequence #26 (1145 bp)...done!
Finding genes in sequence #27 (1135 bp)...done!
Finding genes in sequence #28 (1093 bp)...done!
Finding genes in sequence #29 (1075 bp)...done!
Finding genes in sequence #30 (1075 bp)...done!
Finding genes in sequence #31 (1069 bp)...done!
Finding genes in sequence #32 (1043 bp)...done!
Finding genes in sequence #33 (1027 bp)...done!
Finding genes in sequence #34 (1009 bp)...done!
Finding genes in sequence #35 (967 bp)...done!
Finding genes in sequence #36 (967 bp)...done!
Finding genes in sequence #37 (949 bp)...done!
