-------------------------------------
PRODIGAL v2.6.3 [February, 2016]         
Univ of Tenn / Oak Ridge National Lab
Doug Hyatt, Loren Hauser, et al.     
-------------------------------------
Request:  Metagenomic, Phase:  Training
Initializing training files...done!
-------------------------------------
Request:  Metagenomic, Phase:  Gene Finding
Finding genes in sequence #1 (57667 bp)...done!
Finding genes in sequence #2 (22925 bp)...done!
Finding genes in sequence #3 (14221 bp)...done!
Finding genes in sequence #4 (7103 bp)...done!
Finding genes in sequence #5 (11224 bp)...done!
Finding genes in sequence #6 (10650 bp)...done!
Finding genes in sequence #7 (7333 bp)...done!
Finding genes in sequence #8 (4021 bp)...done!
Finding genes in sequence #9 (3753 bp)...done!
Finding genes in sequence #10 (2693 bp)...done!
Finding genes in sequence #11 (2407 bp)...done!
Finding genes in sequence #12 (2007 bp)...done!
Finding genes in sequence #13 (1795 bp)...done!
Finding genes in sequence #14 (1729 bp)...done!
Finding genes in sequence #15 (1537 bp)...done!
Finding genes in sequence #16 (1517 bp)...done!
Finding genes in sequence #17 (1473 bp)...done!
Finding genes in sequence #18 (1429 bp)...done!
Finding genes in sequence #19 (1423 bp)...done!
Finding genes in sequence #20 (1363 bp)...done!
Finding genes in sequence #21 (1277 bp)...done!
Finding genes in sequence #22 (1195 bp)...done!
Finding genes in sequence #23 (1165 bp)...done!
Finding genes in sequence #24 (1159 bp)...done!
Finding genes in sequence #25 (991 bp)...done!
