-------------------------------------
PRODIGAL v2.6.3 [February, 2016]         
Univ of Tenn / Oak Ridge National Lab
Doug Hyatt, Loren Hauser, et al.     
-------------------------------------
Request:  Metagenomic, Phase:  Training
Initializing training files...done!
-------------------------------------
Request:  Metagenomic, Phase:  Gene Finding
Finding genes in sequence #1 (3887 bp)...done!
Finding genes in sequence #2 (2919 bp)...done!
Finding genes in sequence #3 (2377 bp)...done!
Finding genes in sequence #4 (1699 bp)...done!
Finding genes in sequence #5 (1573 bp)...done!
Finding genes in sequence #6 (1393 bp)...done!
Finding genes in sequence #7 (1293 bp)...done!
Finding genes in sequence #8 (1273 bp)...done!
Finding genes in sequence #9 (1269 bp)...done!
Finding genes in sequence #10 (1249 bp)...done!
Finding genes in sequence #11 (1243 bp)...done!
Finding genes in sequence #12 (1213 bp)...done!
Finding genes in sequence #13 (1137 bp)...done!
Finding genes in sequence #14 (1075 bp)...done!
Finding genes in sequence #15 (1057 bp)...done!
Finding genes in sequence #16 (1053 bp)...done!
Finding genes in sequence #17 (1005 bp)...done!
Finding genes in sequence #18 (517 bp)...done!
Finding genes in sequence #19 (967 bp)...done!
Finding genes in sequence #20 (958 bp)...done!
Finding genes in sequence #21 (949 bp)...done!
