-------------------------------------
PRODIGAL v2.6.3 [February, 2016]         
Univ of Tenn / Oak Ridge National Lab
Doug Hyatt, Loren Hauser, et al.     
-------------------------------------
Request:  Metagenomic, Phase:  Training
Initializing training files...done!
-------------------------------------
Request:  Metagenomic, Phase:  Gene Finding
Finding genes in sequence #1 (11021 bp)...done!
Finding genes in sequence #2 (10386 bp)...done!
Finding genes in sequence #3 (5103 bp)...done!
Finding genes in sequence #4 (3319 bp)...done!
Finding genes in sequence #5 (3091 bp)...done!
Finding genes in sequence #6 (2647 bp)...done!
Finding genes in sequence #7 (2503 bp)...done!
Finding genes in sequence #8 (1933 bp)...done!
Finding genes in sequence #9 (1801 bp)...done!
Finding genes in sequence #10 (1609 bp)...done!
Finding genes in sequence #11 (1565 bp)...done!
Finding genes in sequence #12 (1483 bp)...done!
Finding genes in sequence #13 (1441 bp)...done!
Finding genes in sequence #14 (1167 bp)...done!
Finding genes in sequence #15 (1011 bp)...done!
Finding genes in sequence #16 (1135 bp)...done!
Finding genes in sequence #17 (1111 bp)...done!
Finding genes in sequence #18 (1093 bp)...done!
Finding genes in sequence #19 (1093 bp)...done!
Finding genes in sequence #20 (1087 bp)...done!
Finding genes in sequence #21 (1051 bp)...done!
Finding genes in sequence #22 (1045 bp)...done!
Finding genes in sequence #23 (1019 bp)...done!
Finding genes in sequence #24 (1017 bp)...done!
Finding genes in sequence #25 (1015 bp)...done!
Finding genes in sequence #26 (1015 bp)...done!
Finding genes in sequence #27 (1003 bp)...done!
Finding genes in sequence #28 (985 bp)...done!
Finding genes in sequence #29 (981 bp)...done!
Finding genes in sequence #30 (975 bp)...done!
Finding genes in sequence #31 (967 bp)...done!
Finding genes in sequence #32 (949 bp)...done!
Finding genes in sequence #33 (945 bp)...done!
