-------------------------------------
PRODIGAL v2.6.3 [February, 2016]         
Univ of Tenn / Oak Ridge National Lab
Doug Hyatt, Loren Hauser, et al.     
-------------------------------------
Request:  Metagenomic, Phase:  Training
Initializing training files...done!
-------------------------------------
Request:  Metagenomic, Phase:  Gene Finding
Finding genes in sequence #1 (10750 bp)...done!
Finding genes in sequence #2 (10004 bp)...done!
Finding genes in sequence #3 (3675 bp)...done!
Finding genes in sequence #4 (3319 bp)...done!
Finding genes in sequence #5 (3037 bp)...done!
Finding genes in sequence #6 (2157 bp)...done!
Finding genes in sequence #7 (2141 bp)...done!
Finding genes in sequence #8 (2137 bp)...done!
Finding genes in sequence #9 (2011 bp)...done!
Finding genes in sequence #10 (1855 bp)...done!
Finding genes in sequence #11 (1843 bp)...done!
Finding genes in sequence #12 (1801 bp)...done!
Finding genes in sequence #13 (1755 bp)...done!
Finding genes in sequence #14 (1721 bp)...done!
Finding genes in sequence #15 (1637 bp)...done!
Finding genes in sequence #16 (1549 bp)...done!
Finding genes in sequence #17 (1531 bp)...done!
Finding genes in sequence #18 (1347 bp)...done!
Finding genes in sequence #19 (1260 bp)...done!
Finding genes in sequence #20 (1307 bp)...done!
Finding genes in sequence #21 (1291 bp)...done!
Finding genes in sequence #22 (1281 bp)...done!
Finding genes in sequence #23 (1269 bp)...done!
Finding genes in sequence #24 (1267 bp)...done!
Finding genes in sequence #25 (1253 bp)...done!
Finding genes in sequence #26 (1138 bp)...done!
Finding genes in sequence #27 (1241 bp)...done!
Finding genes in sequence #28 (1227 bp)...done!
Finding genes in sequence #29 (1223 bp)...done!
Finding genes in sequence #30 (1193 bp)...done!
Finding genes in sequence #31 (1161 bp)...done!
Finding genes in sequence #32 (1149 bp)...done!
Finding genes in sequence #33 (1149 bp)...done!
Finding genes in sequence #34 (1132 bp)...done!
Finding genes in sequence #35 (1139 bp)...done!
Finding genes in sequence #36 (1137 bp)...done!
Finding genes in sequence #37 (1135 bp)...done!
Finding genes in sequence #38 (1131 bp)...done!
Finding genes in sequence #39 (1093 bp)...done!
Finding genes in sequence #40 (1093 bp)...done!
Finding genes in sequence #41 (1065 bp)...done!
Finding genes in sequence #42 (1055 bp)...done!
Finding genes in sequence #43 (1053 bp)...done!
Finding genes in sequence #44 (1051 bp)...done!
Finding genes in sequence #45 (1031 bp)...done!
Finding genes in sequence #46 (1027 bp)...done!
Finding genes in sequence #47 (1019 bp)...done!
Finding genes in sequence #48 (1005 bp)...done!
Finding genes in sequence #49 (995 bp)...done!
Finding genes in sequence #50 (985 bp)...done!
Finding genes in sequence #51 (983 bp)...done!
Finding genes in sequence #52 (979 bp)...done!
Finding genes in sequence #53 (979 bp)...done!
Finding genes in sequence #54 (973 bp)...done!
Finding genes in sequence #55 (975 bp)...done!
Finding genes in sequence #56 (959 bp)...done!
Finding genes in sequence #57 (955 bp)...done!
Finding genes in sequence #58 (955 bp)...done!
Finding genes in sequence #59 (951 bp)...done!
Finding genes in sequence #60 (951 bp)...done!
Finding genes in sequence #61 (885 bp)...done!
