-------------------------------------
PRODIGAL v2.6.3 [February, 2016]         
Univ of Tenn / Oak Ridge National Lab
Doug Hyatt, Loren Hauser, et al.     
-------------------------------------
Request:  Metagenomic, Phase:  Training
Initializing training files...done!
-------------------------------------
Request:  Metagenomic, Phase:  Gene Finding
Finding genes in sequence #1 (12435 bp)...done!
Finding genes in sequence #2 (11944 bp)...done!
Finding genes in sequence #3 (11778 bp)...done!
Finding genes in sequence #4 (9869 bp)...done!
Finding genes in sequence #5 (4551 bp)...done!
Finding genes in sequence #6 (4222 bp)...done!
Finding genes in sequence #7 (3947 bp)...done!
Finding genes in sequence #8 (3979 bp)...done!
Finding genes in sequence #9 (3891 bp)...done!
Finding genes in sequence #10 (3469 bp)...done!
Finding genes in sequence #11 (3339 bp)...done!
Finding genes in sequence #12 (3099 bp)...done!
Finding genes in sequence #13 (2839 bp)...done!
Finding genes in sequence #14 (2803 bp)...done!
Finding genes in sequence #15 (2629 bp)...done!
Finding genes in sequence #16 (2629 bp)...done!
Finding genes in sequence #17 (2607 bp)...done!
Finding genes in sequence #18 (2499 bp)...done!
Finding genes in sequence #19 (2471 bp)...done!
Finding genes in sequence #20 (2393 bp)...done!
Finding genes in sequence #21 (2357 bp)...done!
Finding genes in sequence #22 (2209 bp)...done!
Finding genes in sequence #23 (2167 bp)...done!
Finding genes in sequence #24 (2055 bp)...done!
Finding genes in sequence #25 (1873 bp)...done!
Finding genes in sequence #26 (1791 bp)...done!
Finding genes in sequence #27 (1759 bp)...done!
Finding genes in sequence #28 (1741 bp)...done!
Finding genes in sequence #29 (1725 bp)...done!
Finding genes in sequence #30 (1567 bp)...done!
Finding genes in sequence #31 (1495 bp)...done!
Finding genes in sequence #32 (1435 bp)...done!
Finding genes in sequence #33 (1409 bp)...done!
Finding genes in sequence #34 (1369 bp)...done!
Finding genes in sequence #35 (1333 bp)...done!
Finding genes in sequence #36 (1331 bp)...done!
Finding genes in sequence #37 (1211 bp)...done!
Finding genes in sequence #38 (1197 bp)...done!
Finding genes in sequence #39 (1187 bp)...done!
Finding genes in sequence #40 (1185 bp)...done!
Finding genes in sequence #41 (1181 bp)...done!
Finding genes in sequence #42 (1171 bp)...done!
Finding genes in sequence #43 (1157 bp)...done!
Finding genes in sequence #44 (1141 bp)...done!
Finding genes in sequence #45 (1133 bp)...done!
Finding genes in sequence #46 (1121 bp)...done!
Finding genes in sequence #47 (1119 bp)...done!
Finding genes in sequence #48 (1107 bp)...done!
Finding genes in sequence #49 (1089 bp)...done!
Finding genes in sequence #50 (1075 bp)...done!
Finding genes in sequence #51 (1029 bp)...done!
Finding genes in sequence #52 (1015 bp)...done!
Finding genes in sequence #53 (1009 bp)...done!
Finding genes in sequence #54 (1007 bp)...done!
Finding genes in sequence #55 (1001 bp)...done!
Finding genes in sequence #56 (987 bp)...done!
Finding genes in sequence #57 (979 bp)...done!
Finding genes in sequence #58 (973 bp)...done!
Finding genes in sequence #59 (953 bp)...done!
