-------------------------------------
PRODIGAL v2.6.3 [February, 2016]         
Univ of Tenn / Oak Ridge National Lab
Doug Hyatt, Loren Hauser, et al.     
-------------------------------------
Request:  Metagenomic, Phase:  Training
Initializing training files...done!
-------------------------------------
Request:  Metagenomic, Phase:  Gene Finding
Finding genes in sequence #1 (5683 bp)...done!
Finding genes in sequence #2 (5421 bp)...done!
Finding genes in sequence #3 (4263 bp)...done!
Finding genes in sequence #4 (3597 bp)...done!
Finding genes in sequence #5 (3537 bp)...done!
Finding genes in sequence #6 (3103 bp)...done!
Finding genes in sequence #7 (3083 bp)...done!
Finding genes in sequence #8 (2875 bp)...done!
Finding genes in sequence #9 (2839 bp)...done!
Finding genes in sequence #10 (2615 bp)...done!
Finding genes in sequence #11 (2313 bp)...done!
Finding genes in sequence #12 (1897 bp)...done!
Finding genes in sequence #13 (1819 bp)...done!
Finding genes in sequence #14 (1813 bp)...done!
Finding genes in sequence #15 (1807 bp)...done!
Finding genes in sequence #16 (1807 bp)...done!
Finding genes in sequence #17 (1795 bp)...done!
Finding genes in sequence #18 (1615 bp)...done!
Finding genes in sequence #19 (1489 bp)...done!
Finding genes in sequence #20 (1489 bp)...done!
Finding genes in sequence #21 (1487 bp)...done!
Finding genes in sequence #22 (1465 bp)...done!
Finding genes in sequence #23 (1340 bp)...done!
Finding genes in sequence #24 (1357 bp)...done!
Finding genes in sequence #25 (1339 bp)...done!
Finding genes in sequence #26 (1261 bp)...done!
Finding genes in sequence #27 (1235 bp)...done!
Finding genes in sequence #28 (1219 bp)...done!
Finding genes in sequence #29 (1183 bp)...done!
Finding genes in sequence #30 (1177 bp)...done!
Finding genes in sequence #31 (1171 bp)...done!
Finding genes in sequence #32 (1165 bp)...done!
Finding genes in sequence #33 (1042 bp)...done!
Finding genes in sequence #34 (1153 bp)...done!
Finding genes in sequence #35 (1135 bp)...done!
Finding genes in sequence #36 (1132 bp)...done!
Finding genes in sequence #37 (1089 bp)...done!
Finding genes in sequence #38 (1063 bp)...done!
Finding genes in sequence #39 (1051 bp)...done!
Finding genes in sequence #40 (1045 bp)...done!
Finding genes in sequence #41 (1045 bp)...done!
Finding genes in sequence #42 (1039 bp)...done!
Finding genes in sequence #43 (1039 bp)...done!
Finding genes in sequence #44 (1039 bp)...done!
Finding genes in sequence #45 (1027 bp)...done!
Finding genes in sequence #46 (1027 bp)...done!
Finding genes in sequence #47 (1009 bp)...done!
