-------------------------------------
PRODIGAL v2.6.3 [February, 2016]         
Univ of Tenn / Oak Ridge National Lab
Doug Hyatt, Loren Hauser, et al.     
-------------------------------------
Request:  Metagenomic, Phase:  Training
Initializing training files...done!
-------------------------------------
Request:  Metagenomic, Phase:  Gene Finding
Finding genes in sequence #1 (4463 bp)...done!
Finding genes in sequence #2 (3411 bp)...done!
Finding genes in sequence #3 (3319 bp)...done!
Finding genes in sequence #4 (2431 bp)...done!
Finding genes in sequence #5 (2317 bp)...done!
Finding genes in sequence #6 (1801 bp)...done!
Finding genes in sequence #7 (1639 bp)...done!
Finding genes in sequence #8 (1639 bp)...done!
Finding genes in sequence #9 (1531 bp)...done!
Finding genes in sequence #10 (1515 bp)...done!
Finding genes in sequence #11 (1515 bp)...done!
Finding genes in sequence #12 (1285 bp)...done!
Finding genes in sequence #13 (1265 bp)...done!
Finding genes in sequence #14 (1245 bp)...done!
Finding genes in sequence #15 (1225 bp)...done!
Finding genes in sequence #16 (1195 bp)...done!
Finding genes in sequence #17 (1185 bp)...done!
Finding genes in sequence #18 (1149 bp)...done!
Finding genes in sequence #19 (1147 bp)...done!
Finding genes in sequence #20 (1145 bp)...done!
Finding genes in sequence #21 (1137 bp)...done!
Finding genes in sequence #22 (1109 bp)...done!
Finding genes in sequence #23 (1099 bp)...done!
Finding genes in sequence #24 (1059 bp)...done!
Finding genes in sequence #25 (1053 bp)...done!
Finding genes in sequence #26 (1047 bp)...done!
Finding genes in sequence #27 (1041 bp)...done!
Finding genes in sequence #28 (1029 bp)...done!
Finding genes in sequence #29 (979 bp)...done!
Finding genes in sequence #30 (979 bp)...done!
Finding genes in sequence #31 (975 bp)...done!
Finding genes in sequence #32 (949 bp)...done!
