-------------------------------------
PRODIGAL v2.6.3 [February, 2016]         
Univ of Tenn / Oak Ridge National Lab
Doug Hyatt, Loren Hauser, et al.     
-------------------------------------
Request:  Metagenomic, Phase:  Training
Initializing training files...done!
-------------------------------------
Request:  Metagenomic, Phase:  Gene Finding
Finding genes in sequence #1 (41829 bp)...done!
Finding genes in sequence #2 (26890 bp)...done!
Finding genes in sequence #3 (21816 bp)...done!
Finding genes in sequence #4 (21294 bp)...done!
Finding genes in sequence #5 (6505 bp)...done!
Finding genes in sequence #6 (5807 bp)...done!
Finding genes in sequence #7 (4981 bp)...done!
Finding genes in sequence #8 (3035 bp)...done!
Finding genes in sequence #9 (2391 bp)...done!
Finding genes in sequence #10 (2379 bp)...done!
Finding genes in sequence #11 (2181 bp)...done!
Finding genes in sequence #12 (2157 bp)...done!
Finding genes in sequence #13 (2129 bp)...done!
Finding genes in sequence #14 (2107 bp)...done!
Finding genes in sequence #15 (1987 bp)...done!
Finding genes in sequence #16 (1929 bp)...done!
Finding genes in sequence #17 (1819 bp)...done!
Finding genes in sequence #18 (1801 bp)...done!
Finding genes in sequence #19 (1737 bp)...done!
Finding genes in sequence #20 (1685 bp)...done!
Finding genes in sequence #21 (1641 bp)...done!
Finding genes in sequence #22 (1481 bp)...done!
Finding genes in sequence #23 (1481 bp)...done!
Finding genes in sequence #24 (1463 bp)...done!
Finding genes in sequence #25 (1307 bp)...done!
Finding genes in sequence #26 (1279 bp)...done!
Finding genes in sequence #27 (1241 bp)...done!
Finding genes in sequence #28 (1189 bp)...done!
Finding genes in sequence #29 (1189 bp)...done!
Finding genes in sequence #30 (1167 bp)...done!
Finding genes in sequence #31 (1149 bp)...done!
Finding genes in sequence #32 (1111 bp)...done!
Finding genes in sequence #33 (1087 bp)...done!
Finding genes in sequence #34 (1081 bp)...done!
Finding genes in sequence #35 (1047 bp)...done!
Finding genes in sequence #36 (1029 bp)...done!
Finding genes in sequence #37 (995 bp)...done!
Finding genes in sequence #38 (975 bp)...done!
Finding genes in sequence #39 (961 bp)...done!
Finding genes in sequence #40 (961 bp)...done!
