-------------------------------------
PRODIGAL v2.6.3 [February, 2016]         
Univ of Tenn / Oak Ridge National Lab
Doug Hyatt, Loren Hauser, et al.     
-------------------------------------
Request:  Metagenomic, Phase:  Training
Initializing training files...done!
-------------------------------------
Request:  Metagenomic, Phase:  Gene Finding
Finding genes in sequence #1 (4461 bp)...done!
Finding genes in sequence #2 (3319 bp)...done!
Finding genes in sequence #3 (2773 bp)...done!
Finding genes in sequence #4 (2689 bp)...done!
Finding genes in sequence #5 (2563 bp)...done!
Finding genes in sequence #6 (2425 bp)...done!
Finding genes in sequence #7 (2311 bp)...done!
Finding genes in sequence #8 (2269 bp)...done!
Finding genes in sequence #9 (2173 bp)...done!
Finding genes in sequence #10 (2143 bp)...done!
Finding genes in sequence #11 (2119 bp)...done!
Finding genes in sequence #12 (2055 bp)...done!
Finding genes in sequence #13 (2029 bp)...done!
Finding genes in sequence #14 (2017 bp)...done!
Finding genes in sequence #15 (1903 bp)...done!
Finding genes in sequence #16 (1801 bp)...done!
Finding genes in sequence #17 (1775 bp)...done!
Finding genes in sequence #18 (1515 bp)...done!
Finding genes in sequence #19 (1509 bp)...done!
Finding genes in sequence #20 (1501 bp)...done!
Finding genes in sequence #21 (1465 bp)...done!
Finding genes in sequence #22 (1459 bp)...done!
Finding genes in sequence #23 (1441 bp)...done!
Finding genes in sequence #24 (1355 bp)...done!
Finding genes in sequence #25 (1315 bp)...done!
Finding genes in sequence #26 (1305 bp)...done!
Finding genes in sequence #27 (1285 bp)...done!
Finding genes in sequence #28 (1285 bp)...done!
Finding genes in sequence #29 (1279 bp)...done!
Finding genes in sequence #30 (1277 bp)...done!
Finding genes in sequence #31 (1261 bp)...done!
Finding genes in sequence #32 (1255 bp)...done!
Finding genes in sequence #33 (1249 bp)...done!
Finding genes in sequence #34 (1237 bp)...done!
Finding genes in sequence #35 (1203 bp)...done!
Finding genes in sequence #36 (1189 bp)...done!
Finding genes in sequence #37 (1189 bp)...done!
Finding genes in sequence #38 (1169 bp)...done!
Finding genes in sequence #39 (1135 bp)...done!
Finding genes in sequence #40 (1115 bp)...done!
Finding genes in sequence #41 (1109 bp)...done!
Finding genes in sequence #42 (1107 bp)...done!
Finding genes in sequence #43 (1087 bp)...done!
Finding genes in sequence #44 (1075 bp)...done!
Finding genes in sequence #45 (1051 bp)...done!
Finding genes in sequence #46 (1041 bp)...done!
Finding genes in sequence #47 (1021 bp)...done!
Finding genes in sequence #48 (1015 bp)...done!
Finding genes in sequence #49 (1001 bp)...done!
Finding genes in sequence #50 (991 bp)...done!
Finding genes in sequence #51 (989 bp)...done!
Finding genes in sequence #52 (985 bp)...done!
Finding genes in sequence #53 (983 bp)...done!
Finding genes in sequence #54 (979 bp)...done!
Finding genes in sequence #55 (973 bp)...done!
Finding genes in sequence #56 (961 bp)...done!
