-------------------------------------
PRODIGAL v2.6.3 [February, 2016]         
Univ of Tenn / Oak Ridge National Lab
Doug Hyatt, Loren Hauser, et al.     
-------------------------------------
Request:  Metagenomic, Phase:  Training
Initializing training files...done!
-------------------------------------
Request:  Metagenomic, Phase:  Gene Finding
Finding genes in sequence #1 (11200 bp)...done!
Finding genes in sequence #2 (5129 bp)...done!
Finding genes in sequence #3 (2311 bp)...done!
Finding genes in sequence #4 (2059 bp)...done!
Finding genes in sequence #5 (1927 bp)...done!
Finding genes in sequence #6 (1729 bp)...done!
Finding genes in sequence #7 (1309 bp)...done!
Finding genes in sequence #8 (1245 bp)...done!
Finding genes in sequence #9 (1227 bp)...done!
Finding genes in sequence #10 (1137 bp)...done!
Finding genes in sequence #11 (1015 bp)...done!
Finding genes in sequence #12 (967 bp)...done!
