-------------------------------------
PRODIGAL v2.6.3 [February, 2016]         
Univ of Tenn / Oak Ridge National Lab
Doug Hyatt, Loren Hauser, et al.     
-------------------------------------
Request:  Metagenomic, Phase:  Training
Initializing training files...done!
-------------------------------------
Request:  Metagenomic, Phase:  Gene Finding
Finding genes in sequence #1 (81151 bp)...done!
Finding genes in sequence #2 (47826 bp)...done!
Finding genes in sequence #3 (47678 bp)...done!
Finding genes in sequence #4 (16398 bp)...done!
Finding genes in sequence #5 (13455 bp)...done!
Finding genes in sequence #6 (12334 bp)...done!
Finding genes in sequence #7 (11323 bp)...done!
Finding genes in sequence #8 (9369 bp)...done!
Finding genes in sequence #9 (6463 bp)...done!
Finding genes in sequence #10 (5287 bp)...done!
Finding genes in sequence #11 (5157 bp)...done!
Finding genes in sequence #12 (5155 bp)...done!
Finding genes in sequence #13 (4071 bp)...done!
Finding genes in sequence #14 (3953 bp)...done!
Finding genes in sequence #15 (3919 bp)...done!
Finding genes in sequence #16 (3835 bp)...done!
Finding genes in sequence #17 (2833 bp)...done!
Finding genes in sequence #18 (2827 bp)...done!
Finding genes in sequence #19 (2785 bp)...done!
Finding genes in sequence #20 (2719 bp)...done!
Finding genes in sequence #21 (2617 bp)...done!
Finding genes in sequence #22 (2369 bp)...done!
Finding genes in sequence #23 (2181 bp)...done!
Finding genes in sequence #24 (2097 bp)...done!
Finding genes in sequence #25 (1979 bp)...done!
Finding genes in sequence #26 (1915 bp)...done!
Finding genes in sequence #27 (1897 bp)...done!
Finding genes in sequence #28 (1891 bp)...done!
Finding genes in sequence #29 (1835 bp)...done!
Finding genes in sequence #30 (1831 bp)...done!
Finding genes in sequence #31 (1795 bp)...done!
Finding genes in sequence #32 (1795 bp)...done!
Finding genes in sequence #33 (1729 bp)...done!
Finding genes in sequence #34 (1705 bp)...done!
Finding genes in sequence #35 (1687 bp)...done!
Finding genes in sequence #36 (1663 bp)...done!
Finding genes in sequence #37 (1657 bp)...done!
Finding genes in sequence #38 (1651 bp)...done!
Finding genes in sequence #39 (1637 bp)...done!
Finding genes in sequence #40 (1621 bp)...done!
Finding genes in sequence #41 (1585 bp)...done!
Finding genes in sequence #42 (1549 bp)...done!
Finding genes in sequence #43 (1483 bp)...done!
Finding genes in sequence #44 (1471 bp)...done!
Finding genes in sequence #45 (1441 bp)...done!
Finding genes in sequence #46 (1403 bp)...done!
Finding genes in sequence #47 (1393 bp)...done!
Finding genes in sequence #48 (1363 bp)...done!
Finding genes in sequence #49 (1363 bp)...done!
Finding genes in sequence #50 (1361 bp)...done!
Finding genes in sequence #51 (1357 bp)...done!
Finding genes in sequence #52 (1351 bp)...done!
Finding genes in sequence #53 (1345 bp)...done!
Finding genes in sequence #54 (1321 bp)...done!
Finding genes in sequence #55 (1279 bp)...done!
Finding genes in sequence #56 (1267 bp)...done!
Finding genes in sequence #57 (1231 bp)...done!
Finding genes in sequence #58 (1217 bp)...done!
Finding genes in sequence #59 (1213 bp)...done!
Finding genes in sequence #60 (1195 bp)...done!
Finding genes in sequence #61 (1189 bp)...done!
Finding genes in sequence #62 (1165 bp)...done!
Finding genes in sequence #63 (1165 bp)...done!
Finding genes in sequence #64 (1165 bp)...done!
Finding genes in sequence #65 (1139 bp)...done!
Finding genes in sequence #66 (1129 bp)...done!
Finding genes in sequence #67 (1117 bp)...done!
Finding genes in sequence #68 (1099 bp)...done!
Finding genes in sequence #69 (1075 bp)...done!
Finding genes in sequence #70 (1069 bp)...done!
Finding genes in sequence #71 (1003 bp)...done!
Finding genes in sequence #72 (999 bp)...done!
Finding genes in sequence #73 (991 bp)...done!
Finding genes in sequence #74 (991 bp)...done!
Finding genes in sequence #75 (991 bp)...done!
Finding genes in sequence #76 (979 bp)...done!
Finding genes in sequence #77 (973 bp)...done!
Finding genes in sequence #78 (971 bp)...done!
Finding genes in sequence #79 (955 bp)...done!
