-------------------------------------
PRODIGAL v2.6.3 [February, 2016]         
Univ of Tenn / Oak Ridge National Lab
Doug Hyatt, Loren Hauser, et al.     
-------------------------------------
Request:  Metagenomic, Phase:  Training
Initializing training files...done!
-------------------------------------
Request:  Metagenomic, Phase:  Gene Finding
Finding genes in sequence #1 (15244 bp)...done!
Finding genes in sequence #2 (13491 bp)...done!
Finding genes in sequence #3 (13070 bp)...done!
Finding genes in sequence #4 (11315 bp)...done!
Finding genes in sequence #5 (11177 bp)...done!
Finding genes in sequence #6 (11088 bp)...done!
Finding genes in sequence #7 (7415 bp)...done!
Finding genes in sequence #8 (6367 bp)...done!
Finding genes in sequence #9 (5315 bp)...done!
Finding genes in sequence #10 (5403 bp)...done!
Finding genes in sequence #11 (4833 bp)...done!
Finding genes in sequence #12 (4507 bp)...done!
Finding genes in sequence #13 (3557 bp)...done!
Finding genes in sequence #14 (3469 bp)...done!
Finding genes in sequence #15 (3373 bp)...done!
Finding genes in sequence #16 (3319 bp)...done!
Finding genes in sequence #17 (3305 bp)...done!
Finding genes in sequence #18 (3201 bp)...done!
Finding genes in sequence #19 (3103 bp)...done!
Finding genes in sequence #20 (2857 bp)...done!
Finding genes in sequence #21 (2743 bp)...done!
Finding genes in sequence #22 (2641 bp)...done!
Finding genes in sequence #23 (2407 bp)...done!
Finding genes in sequence #24 (2403 bp)...done!
Finding genes in sequence #25 (2367 bp)...done!
Finding genes in sequence #26 (2336 bp)...done!
Finding genes in sequence #27 (2311 bp)...done!
Finding genes in sequence #28 (2167 bp)...done!
Finding genes in sequence #29 (2065 bp)...done!
Finding genes in sequence #30 (1967 bp)...done!
Finding genes in sequence #31 (1869 bp)...done!
Finding genes in sequence #32 (1720 bp)...done!
Finding genes in sequence #33 (1801 bp)...done!
Finding genes in sequence #34 (1795 bp)...done!
Finding genes in sequence #35 (1795 bp)...done!
Finding genes in sequence #36 (1793 bp)...done!
Finding genes in sequence #37 (1789 bp)...done!
Finding genes in sequence #38 (1783 bp)...done!
Finding genes in sequence #39 (1771 bp)...done!
Finding genes in sequence #40 (1765 bp)...done!
Finding genes in sequence #41 (1765 bp)...done!
Finding genes in sequence #42 (1743 bp)...done!
Finding genes in sequence #43 (1733 bp)...done!
Finding genes in sequence #44 (1717 bp)...done!
Finding genes in sequence #45 (1655 bp)...done!
Finding genes in sequence #46 (1639 bp)...done!
Finding genes in sequence #47 (1639 bp)...done!
Finding genes in sequence #48 (1623 bp)...done!
Finding genes in sequence #49 (1619 bp)...done!
Finding genes in sequence #50 (1609 bp)...done!
Finding genes in sequence #51 (1599 bp)...done!
Finding genes in sequence #52 (1591 bp)...done!
Finding genes in sequence #53 (1583 bp)...done!
Finding genes in sequence #54 (1577 bp)...done!
Finding genes in sequence #55 (1569 bp)...done!
Finding genes in sequence #56 (1561 bp)...done!
Finding genes in sequence #57 (1513 bp)...done!
Finding genes in sequence #58 (1459 bp)...done!
Finding genes in sequence #59 (1435 bp)...done!
Finding genes in sequence #60 (1429 bp)...done!
Finding genes in sequence #61 (1411 bp)...done!
Finding genes in sequence #62 (1375 bp)...done!
Finding genes in sequence #63 (1361 bp)...done!
Finding genes in sequence #64 (1359 bp)...done!
Finding genes in sequence #65 (1305 bp)...done!
Finding genes in sequence #66 (1303 bp)...done!
Finding genes in sequence #67 (1301 bp)...done!
Finding genes in sequence #68 (1295 bp)...done!
Finding genes in sequence #69 (1291 bp)...done!
Finding genes in sequence #70 (1285 bp)...done!
Finding genes in sequence #71 (1251 bp)...done!
Finding genes in sequence #72 (1207 bp)...done!
Finding genes in sequence #73 (1207 bp)...done!
Finding genes in sequence #74 (1207 bp)...done!
Finding genes in sequence #75 (1199 bp)...done!
Finding genes in sequence #76 (1183 bp)...done!
Finding genes in sequence #77 (1169 bp)...done!
Finding genes in sequence #78 (1167 bp)...done!
Finding genes in sequence #79 (1144 bp)...done!
Finding genes in sequence #80 (1163 bp)...done!
Finding genes in sequence #81 (1151 bp)...done!
Finding genes in sequence #82 (1137 bp)...done!
Finding genes in sequence #83 (1135 bp)...done!
Finding genes in sequence #84 (1093 bp)...done!
Finding genes in sequence #85 (1089 bp)...done!
Finding genes in sequence #86 (1075 bp)...done!
Finding genes in sequence #87 (1069 bp)...done!
Finding genes in sequence #88 (1059 bp)...done!
Finding genes in sequence #89 (1055 bp)...done!
Finding genes in sequence #90 (1047 bp)...done!
Finding genes in sequence #91 (990 bp)...done!
Finding genes in sequence #92 (1043 bp)...done!
Finding genes in sequence #93 (1039 bp)...done!
Finding genes in sequence #94 (1033 bp)...done!
Finding genes in sequence #95 (1027 bp)...done!
Finding genes in sequence #96 (1021 bp)...done!
Finding genes in sequence #97 (1009 bp)...done!
Finding genes in sequence #98 (1005 bp)...done!
Finding genes in sequence #99 (999 bp)...done!
Finding genes in sequence #100 (991 bp)...done!
Finding genes in sequence #101 (979 bp)...done!
Finding genes in sequence #102 (961 bp)...done!
Finding genes in sequence #103 (959 bp)...done!
Finding genes in sequence #104 (959 bp)...done!
Finding genes in sequence #105 (957 bp)...done!
Finding genes in sequence #106 (955 bp)...done!
Finding genes in sequence #107 (921 bp)...done!
Finding genes in sequence #108 (947 bp)...done!
