-------------------------------------
PRODIGAL v2.6.3 [February, 2016]         
Univ of Tenn / Oak Ridge National Lab
Doug Hyatt, Loren Hauser, et al.     
-------------------------------------
Request:  Metagenomic, Phase:  Training
Initializing training files...done!
-------------------------------------
Request:  Metagenomic, Phase:  Gene Finding
Finding genes in sequence #1 (15039 bp)...done!
Finding genes in sequence #2 (11525 bp)...done!
Finding genes in sequence #3 (11196 bp)...done!
Finding genes in sequence #4 (3569 bp)...done!
Finding genes in sequence #5 (2885 bp)...done!
Finding genes in sequence #6 (2311 bp)...done!
Finding genes in sequence #7 (2119 bp)...done!
Finding genes in sequence #8 (1903 bp)...done!
Finding genes in sequence #9 (1861 bp)...done!
Finding genes in sequence #10 (1801 bp)...done!
Finding genes in sequence #11 (1763 bp)...done!
Finding genes in sequence #12 (1675 bp)...done!
Finding genes in sequence #13 (1627 bp)...done!
Finding genes in sequence #14 (1591 bp)...done!
Finding genes in sequence #15 (1465 bp)...done!
Finding genes in sequence #16 (1459 bp)...done!
Finding genes in sequence #17 (1381 bp)...done!
Finding genes in sequence #18 (1331 bp)...done!
Finding genes in sequence #19 (1255 bp)...done!
Finding genes in sequence #20 (1255 bp)...done!
Finding genes in sequence #21 (1219 bp)...done!
Finding genes in sequence #22 (1189 bp)...done!
Finding genes in sequence #23 (1169 bp)...done!
Finding genes in sequence #24 (1145 bp)...done!
Finding genes in sequence #25 (1135 bp)...done!
Finding genes in sequence #26 (1113 bp)...done!
Finding genes in sequence #27 (1109 bp)...done!
Finding genes in sequence #28 (1093 bp)...done!
Finding genes in sequence #29 (1055 bp)...done!
Finding genes in sequence #30 (1041 bp)...done!
Finding genes in sequence #31 (1029 bp)...done!
Finding genes in sequence #32 (1005 bp)...done!
Finding genes in sequence #33 (997 bp)...done!
Finding genes in sequence #34 (985 bp)...done!
Finding genes in sequence #35 (979 bp)...done!
Finding genes in sequence #36 (969 bp)...done!
Finding genes in sequence #37 (961 bp)...done!
