-------------------------------------
PRODIGAL v2.6.3 [February, 2016]         
Univ of Tenn / Oak Ridge National Lab
Doug Hyatt, Loren Hauser, et al.     
-------------------------------------
Request:  Metagenomic, Phase:  Training
Initializing training files...done!
-------------------------------------
Request:  Metagenomic, Phase:  Gene Finding
Finding genes in sequence #1 (10386 bp)...done!
Finding genes in sequence #2 (3643 bp)...done!
Finding genes in sequence #3 (3433 bp)...done!
Finding genes in sequence #4 (3427 bp)...done!
Finding genes in sequence #5 (3385 bp)...done!
Finding genes in sequence #6 (3319 bp)...done!
Finding genes in sequence #7 (3199 bp)...done!
Finding genes in sequence #8 (3127 bp)...done!
Finding genes in sequence #9 (3103 bp)...done!
Finding genes in sequence #10 (3091 bp)...done!
Finding genes in sequence #11 (3085 bp)...done!
Finding genes in sequence #12 (2761 bp)...done!
Finding genes in sequence #13 (2585 bp)...done!
Finding genes in sequence #14 (2503 bp)...done!
Finding genes in sequence #15 (2503 bp)...done!
Finding genes in sequence #16 (2497 bp)...done!
Finding genes in sequence #17 (2401 bp)...done!
Finding genes in sequence #18 (2353 bp)...done!
Finding genes in sequence #19 (2271 bp)...done!
Finding genes in sequence #20 (2245 bp)...done!
Finding genes in sequence #21 (2239 bp)...done!
Finding genes in sequence #22 (2239 bp)...done!
Finding genes in sequence #23 (2207 bp)...done!
Finding genes in sequence #24 (2203 bp)...done!
Finding genes in sequence #25 (2177 bp)...done!
Finding genes in sequence #26 (1999 bp)...done!
Finding genes in sequence #27 (1999 bp)...done!
Finding genes in sequence #28 (1861 bp)...done!
Finding genes in sequence #29 (1813 bp)...done!
Finding genes in sequence #30 (1801 bp)...done!
Finding genes in sequence #31 (1801 bp)...done!
Finding genes in sequence #32 (1795 bp)...done!
Finding genes in sequence #33 (1771 bp)...done!
Finding genes in sequence #34 (1771 bp)...done!
Finding genes in sequence #35 (1735 bp)...done!
Finding genes in sequence #36 (1657 bp)...done!
Finding genes in sequence #37 (1645 bp)...done!
Finding genes in sequence #38 (1633 bp)...done!
Finding genes in sequence #39 (1603 bp)...done!
Finding genes in sequence #40 (1591 bp)...done!
Finding genes in sequence #41 (1561 bp)...done!
Finding genes in sequence #42 (1507 bp)...done!
Finding genes in sequence #43 (1507 bp)...done!
Finding genes in sequence #44 (1501 bp)...done!
Finding genes in sequence #45 (1495 bp)...done!
Finding genes in sequence #46 (1489 bp)...done!
Finding genes in sequence #47 (1454 bp)...done!
Finding genes in sequence #48 (1433 bp)...done!
Finding genes in sequence #49 (1393 bp)...done!
Finding genes in sequence #50 (1369 bp)...done!
Finding genes in sequence #51 (1339 bp)...done!
Finding genes in sequence #52 (1327 bp)...done!
Finding genes in sequence #53 (1291 bp)...done!
Finding genes in sequence #54 (1267 bp)...done!
Finding genes in sequence #55 (1255 bp)...done!
Finding genes in sequence #56 (1255 bp)...done!
Finding genes in sequence #57 (1231 bp)...done!
Finding genes in sequence #58 (1219 bp)...done!
Finding genes in sequence #59 (1213 bp)...done!
Finding genes in sequence #60 (1189 bp)...done!
Finding genes in sequence #61 (1165 bp)...done!
Finding genes in sequence #62 (1159 bp)...done!
Finding genes in sequence #63 (1147 bp)...done!
Finding genes in sequence #64 (1138 bp)...done!
Finding genes in sequence #65 (1135 bp)...done!
Finding genes in sequence #66 (1135 bp)...done!
Finding genes in sequence #67 (1129 bp)...done!
Finding genes in sequence #68 (1117 bp)...done!
Finding genes in sequence #69 (1117 bp)...done!
Finding genes in sequence #70 (1117 bp)...done!
Finding genes in sequence #71 (1117 bp)...done!
Finding genes in sequence #72 (1111 bp)...done!
Finding genes in sequence #73 (1099 bp)...done!
Finding genes in sequence #74 (1099 bp)...done!
Finding genes in sequence #75 (1099 bp)...done!
Finding genes in sequence #76 (1093 bp)...done!
Finding genes in sequence #77 (1087 bp)...done!
Finding genes in sequence #78 (1081 bp)...done!
Finding genes in sequence #79 (1075 bp)...done!
Finding genes in sequence #80 (1069 bp)...done!
Finding genes in sequence #81 (1051 bp)...done!
Finding genes in sequence #82 (1045 bp)...done!
Finding genes in sequence #83 (1045 bp)...done!
Finding genes in sequence #84 (1045 bp)...done!
Finding genes in sequence #85 (1033 bp)...done!
Finding genes in sequence #86 (1033 bp)...done!
Finding genes in sequence #87 (1021 bp)...done!
Finding genes in sequence #88 (1021 bp)...done!
Finding genes in sequence #89 (1019 bp)...done!
Finding genes in sequence #90 (991 bp)...done!
Finding genes in sequence #91 (985 bp)...done!
Finding genes in sequence #92 (979 bp)...done!
Finding genes in sequence #93 (967 bp)...done!
Finding genes in sequence #94 (967 bp)...done!
Finding genes in sequence #95 (967 bp)...done!
Finding genes in sequence #96 (967 bp)...done!
Finding genes in sequence #97 (967 bp)...done!
Finding genes in sequence #98 (965 bp)...done!
Finding genes in sequence #99 (955 bp)...done!
Finding genes in sequence #100 (955 bp)...done!
Finding genes in sequence #101 (949 bp)...done!
Finding genes in sequence #102 (949 bp)...done!
Finding genes in sequence #103 (949 bp)...done!
