-------------------------------------
PRODIGAL v2.6.3 [February, 2016]         
Univ of Tenn / Oak Ridge National Lab
Doug Hyatt, Loren Hauser, et al.     
-------------------------------------
Request:  Metagenomic, Phase:  Training
Initializing training files...done!
-------------------------------------
Request:  Metagenomic, Phase:  Gene Finding
Finding genes in sequence #1 (45543 bp)...done!
Finding genes in sequence #2 (3529 bp)...done!
Finding genes in sequence #3 (3355 bp)...done!
Finding genes in sequence #4 (3017 bp)...done!
Finding genes in sequence #5 (2965 bp)...done!
Finding genes in sequence #6 (2761 bp)...done!
Finding genes in sequence #7 (2545 bp)...done!
Finding genes in sequence #8 (2509 bp)...done!
Finding genes in sequence #9 (2443 bp)...done!
Finding genes in sequence #10 (2149 bp)...done!
Finding genes in sequence #11 (2143 bp)...done!
Finding genes in sequence #12 (2041 bp)...done!
Finding genes in sequence #13 (1891 bp)...done!
Finding genes in sequence #14 (1885 bp)...done!
Finding genes in sequence #15 (1875 bp)...done!
Finding genes in sequence #16 (1873 bp)...done!
Finding genes in sequence #17 (1825 bp)...done!
Finding genes in sequence #18 (1771 bp)...done!
Finding genes in sequence #19 (1759 bp)...done!
Finding genes in sequence #20 (1693 bp)...done!
Finding genes in sequence #21 (1683 bp)...done!
Finding genes in sequence #22 (1623 bp)...done!
Finding genes in sequence #23 (1567 bp)...done!
Finding genes in sequence #24 (1567 bp)...done!
Finding genes in sequence #25 (1469 bp)...done!
Finding genes in sequence #26 (1435 bp)...done!
Finding genes in sequence #27 (1429 bp)...done!
Finding genes in sequence #28 (1405 bp)...done!
Finding genes in sequence #29 (1405 bp)...done!
Finding genes in sequence #30 (1387 bp)...done!
Finding genes in sequence #31 (1299 bp)...done!
Finding genes in sequence #32 (1267 bp)...done!
Finding genes in sequence #33 (1267 bp)...done!
Finding genes in sequence #34 (1255 bp)...done!
Finding genes in sequence #35 (1227 bp)...done!
Finding genes in sequence #36 (1221 bp)...done!
Finding genes in sequence #37 (1189 bp)...done!
Finding genes in sequence #38 (1183 bp)...done!
Finding genes in sequence #39 (1181 bp)...done!
Finding genes in sequence #40 (1177 bp)...done!
Finding genes in sequence #41 (1177 bp)...done!
Finding genes in sequence #42 (1159 bp)...done!
Finding genes in sequence #43 (1135 bp)...done!
Finding genes in sequence #44 (1135 bp)...done!
Finding genes in sequence #45 (1105 bp)...done!
Finding genes in sequence #46 (1087 bp)...done!
Finding genes in sequence #47 (1087 bp)...done!
Finding genes in sequence #48 (1075 bp)...done!
Finding genes in sequence #49 (1039 bp)...done!
Finding genes in sequence #50 (1039 bp)...done!
Finding genes in sequence #51 (1027 bp)...done!
Finding genes in sequence #52 (1027 bp)...done!
Finding genes in sequence #53 (1025 bp)...done!
Finding genes in sequence #54 (1003 bp)...done!
Finding genes in sequence #55 (979 bp)...done!
Finding genes in sequence #56 (973 bp)...done!
Finding genes in sequence #57 (967 bp)...done!
Finding genes in sequence #58 (961 bp)...done!
Finding genes in sequence #59 (949 bp)...done!
