-------------------------------------
PRODIGAL v2.6.3 [February, 2016]         
Univ of Tenn / Oak Ridge National Lab
Doug Hyatt, Loren Hauser, et al.     
-------------------------------------
Request:  Metagenomic, Phase:  Training
Initializing training files...done!
-------------------------------------
Request:  Metagenomic, Phase:  Gene Finding
Finding genes in sequence #1 (3319 bp)...done!
Finding genes in sequence #2 (3103 bp)...done!
Finding genes in sequence #3 (2635 bp)...done!
Finding genes in sequence #4 (2311 bp)...done!
Finding genes in sequence #5 (1855 bp)...done!
Finding genes in sequence #6 (1801 bp)...done!
Finding genes in sequence #7 (1795 bp)...done!
Finding genes in sequence #8 (1761 bp)...done!
Finding genes in sequence #9 (1753 bp)...done!
Finding genes in sequence #10 (1681 bp)...done!
Finding genes in sequence #11 (1575 bp)...done!
Finding genes in sequence #12 (1531 bp)...done!
Finding genes in sequence #13 (1513 bp)...done!
Finding genes in sequence #14 (1441 bp)...done!
Finding genes in sequence #15 (1433 bp)...done!
Finding genes in sequence #16 (1381 bp)...done!
Finding genes in sequence #17 (1345 bp)...done!
Finding genes in sequence #18 (1282 bp)...done!
Finding genes in sequence #19 (1293 bp)...done!
Finding genes in sequence #20 (1261 bp)...done!
Finding genes in sequence #21 (1235 bp)...done!
Finding genes in sequence #22 (1233 bp)...done!
Finding genes in sequence #23 (1225 bp)...done!
Finding genes in sequence #24 (1201 bp)...done!
Finding genes in sequence #25 (1189 bp)...done!
Finding genes in sequence #26 (1169 bp)...done!
Finding genes in sequence #27 (1149 bp)...done!
Finding genes in sequence #28 (1137 bp)...done!
Finding genes in sequence #29 (1118 bp)...done!
Finding genes in sequence #30 (1115 bp)...done!
Finding genes in sequence #31 (1097 bp)...done!
Finding genes in sequence #32 (1089 bp)...done!
Finding genes in sequence #33 (1087 bp)...done!
Finding genes in sequence #34 (1081 bp)...done!
Finding genes in sequence #35 (1079 bp)...done!
Finding genes in sequence #36 (1061 bp)...done!
Finding genes in sequence #37 (1041 bp)...done!
Finding genes in sequence #38 (1029 bp)...done!
Finding genes in sequence #39 (1027 bp)...done!
Finding genes in sequence #40 (902 bp)...done!
Finding genes in sequence #41 (1015 bp)...done!
Finding genes in sequence #42 (1009 bp)...done!
Finding genes in sequence #43 (1009 bp)...done!
Finding genes in sequence #44 (986 bp)...done!
Finding genes in sequence #45 (973 bp)...done!
Finding genes in sequence #46 (967 bp)...done!
Finding genes in sequence #47 (965 bp)...done!
Finding genes in sequence #48 (939 bp)...done!
