-------------------------------------
PRODIGAL v2.6.3 [February, 2016]         
Univ of Tenn / Oak Ridge National Lab
Doug Hyatt, Loren Hauser, et al.     
-------------------------------------
Request:  Metagenomic, Phase:  Training
Initializing training files...done!
-------------------------------------
Request:  Metagenomic, Phase:  Gene Finding
Finding genes in sequence #1 (168622 bp)...done!
Finding genes in sequence #2 (69914 bp)...done!
Finding genes in sequence #3 (53417 bp)...done!
Finding genes in sequence #4 (51557 bp)...done!
Finding genes in sequence #5 (23542 bp)...done!
Finding genes in sequence #6 (15423 bp)...done!
Finding genes in sequence #7 (15291 bp)...done!
Finding genes in sequence #8 (14204 bp)...done!
Finding genes in sequence #9 (11892 bp)...done!
Finding genes in sequence #10 (11353 bp)...done!
Finding genes in sequence #11 (10708 bp)...done!
Finding genes in sequence #12 (10410 bp)...done!
Finding genes in sequence #13 (5161 bp)...done!
Finding genes in sequence #14 (4447 bp)...done!
Finding genes in sequence #15 (4381 bp)...done!
Finding genes in sequence #16 (3745 bp)...done!
Finding genes in sequence #17 (3319 bp)...done!
Finding genes in sequence #18 (3295 bp)...done!
Finding genes in sequence #19 (3193 bp)...done!
Finding genes in sequence #20 (3175 bp)...done!
Finding genes in sequence #21 (2903 bp)...done!
Finding genes in sequence #22 (2701 bp)...done!
Finding genes in sequence #23 (1633 bp)...done!
Finding genes in sequence #24 (1537 bp)...done!
Finding genes in sequence #25 (1491 bp)...done!
Finding genes in sequence #26 (1439 bp)...done!
Finding genes in sequence #27 (1351 bp)...done!
