-------------------------------------
PRODIGAL v2.6.3 [February, 2016]         
Univ of Tenn / Oak Ridge National Lab
Doug Hyatt, Loren Hauser, et al.     
-------------------------------------
Request:  Metagenomic, Phase:  Training
Initializing training files...done!
-------------------------------------
Request:  Metagenomic, Phase:  Gene Finding
Finding genes in sequence #1 (15222 bp)...done!
Finding genes in sequence #2 (13218 bp)...done!
Finding genes in sequence #3 (4549 bp)...done!
Finding genes in sequence #4 (3563 bp)...done!
Finding genes in sequence #5 (3535 bp)...done!
Finding genes in sequence #6 (3215 bp)...done!
Finding genes in sequence #7 (3191 bp)...done!
Finding genes in sequence #8 (3153 bp)...done!
Finding genes in sequence #9 (2527 bp)...done!
Finding genes in sequence #10 (2489 bp)...done!
Finding genes in sequence #11 (2359 bp)...done!
Finding genes in sequence #12 (2323 bp)...done!
Finding genes in sequence #13 (2311 bp)...done!
Finding genes in sequence #14 (2168 bp)...done!
Finding genes in sequence #15 (2175 bp)...done!
Finding genes in sequence #16 (2167 bp)...done!
Finding genes in sequence #17 (2081 bp)...done!
Finding genes in sequence #18 (2071 bp)...done!
Finding genes in sequence #19 (2029 bp)...done!
Finding genes in sequence #20 (1894 bp)...done!
Finding genes in sequence #21 (1995 bp)...done!
Finding genes in sequence #22 (1875 bp)...done!
Finding genes in sequence #23 (1855 bp)...done!
Finding genes in sequence #24 (1825 bp)...done!
Finding genes in sequence #25 (1797 bp)...done!
Finding genes in sequence #26 (1791 bp)...done!
Finding genes in sequence #27 (1789 bp)...done!
Finding genes in sequence #28 (1783 bp)...done!
Finding genes in sequence #29 (1760 bp)...done!
Finding genes in sequence #30 (1741 bp)...done!
Finding genes in sequence #31 (1739 bp)...done!
Finding genes in sequence #32 (1723 bp)...done!
Finding genes in sequence #33 (1715 bp)...done!
Finding genes in sequence #34 (1669 bp)...done!
Finding genes in sequence #35 (1567 bp)...done!
Finding genes in sequence #36 (1583 bp)...done!
Finding genes in sequence #37 (1575 bp)...done!
Finding genes in sequence #38 (1489 bp)...done!
Finding genes in sequence #39 (1461 bp)...done!
Finding genes in sequence #40 (1435 bp)...done!
Finding genes in sequence #41 (1435 bp)...done!
Finding genes in sequence #42 (1429 bp)...done!
Finding genes in sequence #43 (1423 bp)...done!
Finding genes in sequence #44 (1419 bp)...done!
Finding genes in sequence #45 (1417 bp)...done!
Finding genes in sequence #46 (1415 bp)...done!
Finding genes in sequence #47 (1393 bp)...done!
Finding genes in sequence #48 (1367 bp)...done!
Finding genes in sequence #49 (1367 bp)...done!
Finding genes in sequence #50 (1279 bp)...done!
Finding genes in sequence #51 (1192 bp)...done!
Finding genes in sequence #52 (1233 bp)...done!
Finding genes in sequence #53 (1225 bp)...done!
Finding genes in sequence #54 (1219 bp)...done!
Finding genes in sequence #55 (1207 bp)...done!
Finding genes in sequence #56 (1207 bp)...done!
Finding genes in sequence #57 (1207 bp)...done!
Finding genes in sequence #58 (1204 bp)...done!
Finding genes in sequence #59 (1203 bp)...done!
Finding genes in sequence #60 (1141 bp)...done!
Finding genes in sequence #61 (1191 bp)...done!
Finding genes in sequence #62 (1183 bp)...done!
Finding genes in sequence #63 (1183 bp)...done!
Finding genes in sequence #64 (1171 bp)...done!
Finding genes in sequence #65 (1141 bp)...done!
Finding genes in sequence #66 (1135 bp)...done!
Finding genes in sequence #67 (1109 bp)...done!
Finding genes in sequence #68 (1091 bp)...done!
Finding genes in sequence #69 (1085 bp)...done!
Finding genes in sequence #70 (1071 bp)...done!
Finding genes in sequence #71 (1065 bp)...done!
Finding genes in sequence #72 (1019 bp)...done!
Finding genes in sequence #73 (1011 bp)...done!
Finding genes in sequence #74 (1015 bp)...done!
Finding genes in sequence #75 (1009 bp)...done!
Finding genes in sequence #76 (1007 bp)...done!
Finding genes in sequence #77 (923 bp)...done!
Finding genes in sequence #78 (1001 bp)...done!
Finding genes in sequence #79 (965 bp)...done!
Finding genes in sequence #80 (957 bp)...done!
