-------------------------------------
PRODIGAL v2.6.3 [February, 2016]         
Univ of Tenn / Oak Ridge National Lab
Doug Hyatt, Loren Hauser, et al.     
-------------------------------------
Request:  Metagenomic, Phase:  Training
Initializing training files...done!
-------------------------------------
Request:  Metagenomic, Phase:  Gene Finding
Finding genes in sequence #1 (10386 bp)...done!
Finding genes in sequence #2 (4451 bp)...done!
Finding genes in sequence #3 (3833 bp)...done!
Finding genes in sequence #4 (3427 bp)...done!
Finding genes in sequence #5 (3319 bp)...done!
Finding genes in sequence #6 (3199 bp)...done!
Finding genes in sequence #7 (2665 bp)...done!
Finding genes in sequence #8 (2635 bp)...done!
Finding genes in sequence #9 (2585 bp)...done!
Finding genes in sequence #10 (2477 bp)...done!
Finding genes in sequence #11 (2461 bp)...done!
Finding genes in sequence #12 (2401 bp)...done!
Finding genes in sequence #13 (2395 bp)...done!
Finding genes in sequence #14 (2309 bp)...done!
Finding genes in sequence #15 (2301 bp)...done!
Finding genes in sequence #16 (2245 bp)...done!
Finding genes in sequence #17 (2239 bp)...done!
Finding genes in sequence #18 (2017 bp)...done!
Finding genes in sequence #19 (1999 bp)...done!
Finding genes in sequence #20 (1873 bp)...done!
Finding genes in sequence #21 (1867 bp)...done!
Finding genes in sequence #22 (1861 bp)...done!
Finding genes in sequence #23 (1807 bp)...done!
Finding genes in sequence #24 (1801 bp)...done!
Finding genes in sequence #25 (1791 bp)...done!
Finding genes in sequence #26 (1789 bp)...done!
Finding genes in sequence #27 (1771 bp)...done!
Finding genes in sequence #28 (1771 bp)...done!
Finding genes in sequence #29 (1743 bp)...done!
Finding genes in sequence #30 (1729 bp)...done!
Finding genes in sequence #31 (1651 bp)...done!
Finding genes in sequence #32 (1645 bp)...done!
Finding genes in sequence #33 (1639 bp)...done!
Finding genes in sequence #34 (1513 bp)...done!
Finding genes in sequence #35 (1477 bp)...done!
Finding genes in sequence #36 (1477 bp)...done!
Finding genes in sequence #37 (1471 bp)...done!
Finding genes in sequence #38 (1453 bp)...done!
Finding genes in sequence #39 (1393 bp)...done!
Finding genes in sequence #40 (1393 bp)...done!
Finding genes in sequence #41 (1387 bp)...done!
Finding genes in sequence #42 (1343 bp)...done!
Finding genes in sequence #43 (1339 bp)...done!
Finding genes in sequence #44 (1309 bp)...done!
Finding genes in sequence #45 (1299 bp)...done!
Finding genes in sequence #46 (1243 bp)...done!
Finding genes in sequence #47 (1237 bp)...done!
Finding genes in sequence #48 (1231 bp)...done!
Finding genes in sequence #49 (1216 bp)...done!
Finding genes in sequence #50 (1207 bp)...done!
Finding genes in sequence #51 (1197 bp)...done!
Finding genes in sequence #52 (1189 bp)...done!
Finding genes in sequence #53 (1177 bp)...done!
Finding genes in sequence #54 (1157 bp)...done!
Finding genes in sequence #55 (1151 bp)...done!
Finding genes in sequence #56 (1147 bp)...done!
Finding genes in sequence #57 (1131 bp)...done!
Finding genes in sequence #58 (1129 bp)...done!
Finding genes in sequence #59 (1123 bp)...done!
Finding genes in sequence #60 (1123 bp)...done!
Finding genes in sequence #61 (1117 bp)...done!
Finding genes in sequence #62 (1109 bp)...done!
Finding genes in sequence #63 (1105 bp)...done!
Finding genes in sequence #64 (1097 bp)...done!
Finding genes in sequence #65 (1093 bp)...done!
Finding genes in sequence #66 (1093 bp)...done!
Finding genes in sequence #67 (1081 bp)...done!
Finding genes in sequence #68 (1081 bp)...done!
Finding genes in sequence #69 (1081 bp)...done!
Finding genes in sequence #70 (1081 bp)...done!
Finding genes in sequence #71 (1075 bp)...done!
Finding genes in sequence #72 (1075 bp)...done!
Finding genes in sequence #73 (1069 bp)...done!
Finding genes in sequence #74 (1055 bp)...done!
Finding genes in sequence #75 (1051 bp)...done!
Finding genes in sequence #76 (1045 bp)...done!
Finding genes in sequence #77 (1045 bp)...done!
Finding genes in sequence #78 (1037 bp)...done!
Finding genes in sequence #79 (1021 bp)...done!
Finding genes in sequence #80 (1021 bp)...done!
Finding genes in sequence #81 (1009 bp)...done!
Finding genes in sequence #82 (1001 bp)...done!
Finding genes in sequence #83 (997 bp)...done!
Finding genes in sequence #84 (991 bp)...done!
Finding genes in sequence #85 (989 bp)...done!
Finding genes in sequence #86 (979 bp)...done!
Finding genes in sequence #87 (979 bp)...done!
Finding genes in sequence #88 (979 bp)...done!
Finding genes in sequence #89 (979 bp)...done!
Finding genes in sequence #90 (973 bp)...done!
Finding genes in sequence #91 (973 bp)...done!
Finding genes in sequence #92 (969 bp)...done!
Finding genes in sequence #93 (967 bp)...done!
Finding genes in sequence #94 (955 bp)...done!
Finding genes in sequence #95 (955 bp)...done!
Finding genes in sequence #96 (949 bp)...done!
Finding genes in sequence #97 (949 bp)...done!
Finding genes in sequence #98 (945 bp)...done!
