-------------------------------------
PRODIGAL v2.6.3 [February, 2016]         
Univ of Tenn / Oak Ridge National Lab
Doug Hyatt, Loren Hauser, et al.     
-------------------------------------
Request:  Metagenomic, Phase:  Training
Initializing training files...done!
-------------------------------------
Request:  Metagenomic, Phase:  Gene Finding
Finding genes in sequence #1 (52903 bp)...done!
Finding genes in sequence #2 (33387 bp)...done!
Finding genes in sequence #3 (14106 bp)...done!
Finding genes in sequence #4 (10731 bp)...done!
Finding genes in sequence #5 (3747 bp)...done!
Finding genes in sequence #6 (3577 bp)...done!
Finding genes in sequence #7 (3349 bp)...done!
Finding genes in sequence #8 (3319 bp)...done!
Finding genes in sequence #9 (3103 bp)...done!
Finding genes in sequence #10 (3091 bp)...done!
Finding genes in sequence #11 (2846 bp)...done!
Finding genes in sequence #12 (2629 bp)...done!
Finding genes in sequence #13 (2611 bp)...done!
Finding genes in sequence #14 (2605 bp)...done!
Finding genes in sequence #15 (2483 bp)...done!
Finding genes in sequence #16 (2311 bp)...done!
Finding genes in sequence #17 (2199 bp)...done!
Finding genes in sequence #18 (2167 bp)...done!
Finding genes in sequence #19 (2022 bp)...done!
Finding genes in sequence #20 (2011 bp)...done!
Finding genes in sequence #21 (1891 bp)...done!
Finding genes in sequence #22 (1855 bp)...done!
Finding genes in sequence #23 (1833 bp)...done!
Finding genes in sequence #24 (1801 bp)...done!
Finding genes in sequence #25 (1793 bp)...done!
Finding genes in sequence #26 (1791 bp)...done!
Finding genes in sequence #27 (1789 bp)...done!
Finding genes in sequence #28 (1787 bp)...done!
Finding genes in sequence #29 (1765 bp)...done!
Finding genes in sequence #30 (1651 bp)...done!
Finding genes in sequence #31 (1619 bp)...done!
Finding genes in sequence #32 (1595 bp)...done!
Finding genes in sequence #33 (1591 bp)...done!
Finding genes in sequence #34 (1589 bp)...done!
Finding genes in sequence #35 (1573 bp)...done!
Finding genes in sequence #36 (1549 bp)...done!
Finding genes in sequence #37 (1547 bp)...done!
Finding genes in sequence #38 (1517 bp)...done!
Finding genes in sequence #39 (1505 bp)...done!
Finding genes in sequence #40 (1489 bp)...done!
Finding genes in sequence #41 (1487 bp)...done!
Finding genes in sequence #42 (1459 bp)...done!
Finding genes in sequence #43 (1435 bp)...done!
Finding genes in sequence #44 (1429 bp)...done!
Finding genes in sequence #45 (1405 bp)...done!
Finding genes in sequence #46 (1381 bp)...done!
Finding genes in sequence #47 (1357 bp)...done!
Finding genes in sequence #48 (1343 bp)...done!
Finding genes in sequence #49 (1291 bp)...done!
Finding genes in sequence #50 (1281 bp)...done!
Finding genes in sequence #51 (1255 bp)...done!
Finding genes in sequence #52 (1247 bp)...done!
Finding genes in sequence #53 (1243 bp)...done!
Finding genes in sequence #54 (1241 bp)...done!
Finding genes in sequence #55 (1235 bp)...done!
Finding genes in sequence #56 (1209 bp)...done!
Finding genes in sequence #57 (1207 bp)...done!
Finding genes in sequence #58 (1205 bp)...done!
Finding genes in sequence #59 (1189 bp)...done!
Finding genes in sequence #60 (1185 bp)...done!
Finding genes in sequence #61 (1064 bp)...done!
Finding genes in sequence #62 (1171 bp)...done!
Finding genes in sequence #63 (1163 bp)...done!
Finding genes in sequence #64 (1159 bp)...done!
Finding genes in sequence #65 (1159 bp)...done!
Finding genes in sequence #66 (1155 bp)...done!
Finding genes in sequence #67 (1153 bp)...done!
Finding genes in sequence #68 (1141 bp)...done!
Finding genes in sequence #69 (1135 bp)...done!
Finding genes in sequence #70 (1113 bp)...done!
Finding genes in sequence #71 (1111 bp)...done!
Finding genes in sequence #72 (1095 bp)...done!
Finding genes in sequence #73 (1089 bp)...done!
Finding genes in sequence #74 (1077 bp)...done!
Finding genes in sequence #75 (1075 bp)...done!
Finding genes in sequence #76 (1071 bp)...done!
Finding genes in sequence #77 (1067 bp)...done!
Finding genes in sequence #78 (1059 bp)...done!
Finding genes in sequence #79 (1057 bp)...done!
Finding genes in sequence #80 (1055 bp)...done!
Finding genes in sequence #81 (1039 bp)...done!
Finding genes in sequence #82 (1039 bp)...done!
Finding genes in sequence #83 (1033 bp)...done!
Finding genes in sequence #84 (1015 bp)...done!
Finding genes in sequence #85 (1013 bp)...done!
Finding genes in sequence #86 (1003 bp)...done!
Finding genes in sequence #87 (993 bp)...done!
Finding genes in sequence #88 (979 bp)...done!
Finding genes in sequence #89 (979 bp)...done!
Finding genes in sequence #90 (973 bp)...done!
Finding genes in sequence #91 (970 bp)...done!
Finding genes in sequence #92 (967 bp)...done!
Finding genes in sequence #93 (963 bp)...done!
Finding genes in sequence #94 (953 bp)...done!
Finding genes in sequence #95 (949 bp)...done!
Finding genes in sequence #96 (945 bp)...done!
