-------------------------------------
PRODIGAL v2.6.3 [February, 2016]         
Univ of Tenn / Oak Ridge National Lab
Doug Hyatt, Loren Hauser, et al.     
-------------------------------------
Request:  Metagenomic, Phase:  Training
Initializing training files...done!
-------------------------------------
Request:  Metagenomic, Phase:  Gene Finding
Finding genes in sequence #1 (27472 bp)...done!
Finding genes in sequence #2 (21221 bp)...done!
Finding genes in sequence #3 (21066 bp)...done!
Finding genes in sequence #4 (16841 bp)...done!
Finding genes in sequence #5 (14221 bp)...done!
Finding genes in sequence #6 (12461 bp)...done!
Finding genes in sequence #7 (8177 bp)...done!
Finding genes in sequence #8 (6033 bp)...done!
Finding genes in sequence #9 (5695 bp)...done!
Finding genes in sequence #10 (3203 bp)...done!
Finding genes in sequence #11 (3061 bp)...done!
Finding genes in sequence #12 (2627 bp)...done!
Finding genes in sequence #13 (2449 bp)...done!
Finding genes in sequence #14 (1777 bp)...done!
Finding genes in sequence #15 (1441 bp)...done!
Finding genes in sequence #16 (949 bp)...done!
