-------------------------------------
PRODIGAL v2.6.3 [February, 2016]         
Univ of Tenn / Oak Ridge National Lab
Doug Hyatt, Loren Hauser, et al.     
-------------------------------------
Request:  Metagenomic, Phase:  Training
Initializing training files...done!
-------------------------------------
Request:  Metagenomic, Phase:  Gene Finding
Finding genes in sequence #1 (12136 bp)...done!
Finding genes in sequence #2 (9095 bp)...done!
Finding genes in sequence #3 (4623 bp)...done!
Finding genes in sequence #4 (3931 bp)...done!
Finding genes in sequence #5 (3431 bp)...done!
Finding genes in sequence #6 (2953 bp)...done!
Finding genes in sequence #7 (2951 bp)...done!
Finding genes in sequence #8 (2933 bp)...done!
Finding genes in sequence #9 (2407 bp)...done!
Finding genes in sequence #10 (2287 bp)...done!
Finding genes in sequence #11 (1729 bp)...done!
Finding genes in sequence #12 (1659 bp)...done!
Finding genes in sequence #13 (1639 bp)...done!
Finding genes in sequence #14 (1543 bp)...done!
Finding genes in sequence #15 (1471 bp)...done!
Finding genes in sequence #16 (1205 bp)...done!
Finding genes in sequence #17 (1093 bp)...done!
Finding genes in sequence #18 (1081 bp)...done!
Finding genes in sequence #19 (955 bp)...done!
