-------------------------------------
PRODIGAL v2.6.3 [February, 2016]         
Univ of Tenn / Oak Ridge National Lab
Doug Hyatt, Loren Hauser, et al.     
-------------------------------------
Request:  Metagenomic, Phase:  Training
Initializing training files...done!
-------------------------------------
Request:  Metagenomic, Phase:  Gene Finding
Finding genes in sequence #1 (949 bp)...done!
Finding genes in sequence #2 (1027 bp)...done!
Finding genes in sequence #3 (13172 bp)...done!
Finding genes in sequence #4 (1849 bp)...done!
Finding genes in sequence #5 (1233 bp)...done!
Finding genes in sequence #6 (1027 bp)...done!
Finding genes in sequence #7 (1023 bp)...done!
Finding genes in sequence #8 (1063 bp)...done!
Finding genes in sequence #9 (10386 bp)...done!
Finding genes in sequence #10 (1027 bp)...done!
Finding genes in sequence #11 (1127 bp)...done!
Finding genes in sequence #12 (1453 bp)...done!
Finding genes in sequence #13 (1387 bp)...done!
