-------------------------------------
PRODIGAL v2.6.3 [February, 2016]         
Univ of Tenn / Oak Ridge National Lab
Doug Hyatt, Loren Hauser, et al.     
-------------------------------------
Request:  Metagenomic, Phase:  Training
Initializing training files...done!
-------------------------------------
Request:  Metagenomic, Phase:  Gene Finding
Finding genes in sequence #1 (4239 bp)...done!
Finding genes in sequence #2 (3980 bp)...done!
Finding genes in sequence #3 (3439 bp)...done!
Finding genes in sequence #4 (3319 bp)...done!
Finding genes in sequence #5 (2899 bp)...done!
Finding genes in sequence #6 (2635 bp)...done!
Finding genes in sequence #7 (1162 bp)...done!
Finding genes in sequence #8 (2175 bp)...done!
Finding genes in sequence #9 (2167 bp)...done!
Finding genes in sequence #10 (2055 bp)...done!
Finding genes in sequence #11 (2035 bp)...done!
Finding genes in sequence #12 (1989 bp)...done!
Finding genes in sequence #13 (1836 bp)...done!
Finding genes in sequence #14 (1879 bp)...done!
Finding genes in sequence #15 (1867 bp)...done!
Finding genes in sequence #16 (1855 bp)...done!
Finding genes in sequence #17 (1819 bp)...done!
Finding genes in sequence #18 (1801 bp)...done!
Finding genes in sequence #19 (1795 bp)...done!
Finding genes in sequence #20 (1763 bp)...done!
Finding genes in sequence #21 (1741 bp)...done!
Finding genes in sequence #22 (1735 bp)...done!
Finding genes in sequence #23 (1731 bp)...done!
Finding genes in sequence #24 (1711 bp)...done!
Finding genes in sequence #25 (1675 bp)...done!
Finding genes in sequence #26 (1615 bp)...done!
Finding genes in sequence #27 (1559 bp)...done!
Finding genes in sequence #28 (1527 bp)...done!
Finding genes in sequence #29 (1513 bp)...done!
Finding genes in sequence #30 (1495 bp)...done!
Finding genes in sequence #31 (1479 bp)...done!
Finding genes in sequence #32 (1453 bp)...done!
Finding genes in sequence #33 (1411 bp)...done!
Finding genes in sequence #34 (1381 bp)...done!
Finding genes in sequence #35 (1351 bp)...done!
Finding genes in sequence #36 (1351 bp)...done!
Finding genes in sequence #37 (1339 bp)...done!
Finding genes in sequence #38 (1321 bp)...done!
Finding genes in sequence #39 (1293 bp)...done!
Finding genes in sequence #40 (1255 bp)...done!
Finding genes in sequence #41 (1253 bp)...done!
Finding genes in sequence #42 (1249 bp)...done!
Finding genes in sequence #43 (1243 bp)...done!
Finding genes in sequence #44 (1225 bp)...done!
Finding genes in sequence #45 (1213 bp)...done!
Finding genes in sequence #46 (1171 bp)...done!
Finding genes in sequence #47 (1169 bp)...done!
Finding genes in sequence #48 (1159 bp)...done!
Finding genes in sequence #49 (1123 bp)...done!
Finding genes in sequence #50 (1101 bp)...done!
Finding genes in sequence #51 (1069 bp)...done!
Finding genes in sequence #52 (1061 bp)...done!
Finding genes in sequence #53 (1057 bp)...done!
Finding genes in sequence #54 (1055 bp)...done!
Finding genes in sequence #55 (1053 bp)...done!
Finding genes in sequence #56 (1049 bp)...done!
Finding genes in sequence #57 (1045 bp)...done!
Finding genes in sequence #58 (1045 bp)...done!
Finding genes in sequence #59 (1027 bp)...done!
Finding genes in sequence #60 (1027 bp)...done!
Finding genes in sequence #61 (1021 bp)...done!
Finding genes in sequence #62 (1017 bp)...done!
Finding genes in sequence #63 (1005 bp)...done!
Finding genes in sequence #64 (991 bp)...done!
Finding genes in sequence #65 (959 bp)...done!
Finding genes in sequence #66 (955 bp)...done!
