-------------------------------------
PRODIGAL v2.6.3 [February, 2016]         
Univ of Tenn / Oak Ridge National Lab
Doug Hyatt, Loren Hauser, et al.     
-------------------------------------
Request:  Metagenomic, Phase:  Training
Initializing training files...done!
-------------------------------------
Request:  Metagenomic, Phase:  Gene Finding
Finding genes in sequence #1 (14205 bp)...done!
Finding genes in sequence #2 (5863 bp)...done!
Finding genes in sequence #3 (5041 bp)...done!
Finding genes in sequence #4 (3745 bp)...done!
Finding genes in sequence #5 (3193 bp)...done!
Finding genes in sequence #6 (3037 bp)...done!
Finding genes in sequence #7 (2701 bp)...done!
Finding genes in sequence #8 (1729 bp)...done!
Finding genes in sequence #9 (1591 bp)...done!
Finding genes in sequence #10 (1543 bp)...done!
Finding genes in sequence #11 (1491 bp)...done!
Finding genes in sequence #12 (1459 bp)...done!
Finding genes in sequence #13 (1279 bp)...done!
Finding genes in sequence #14 (1273 bp)...done!
Finding genes in sequence #15 (1253 bp)...done!
Finding genes in sequence #16 (1047 bp)...done!
Finding genes in sequence #17 (991 bp)...done!
Finding genes in sequence #18 (985 bp)...done!
