-------------------------------------
PRODIGAL v2.6.3 [February, 2016]         
Univ of Tenn / Oak Ridge National Lab
Doug Hyatt, Loren Hauser, et al.     
-------------------------------------
Request:  Metagenomic, Phase:  Training
Initializing training files...done!
-------------------------------------
Request:  Metagenomic, Phase:  Gene Finding
Finding genes in sequence #1 (4633 bp)...done!
Finding genes in sequence #2 (3127 bp)...done!
Finding genes in sequence #3 (2707 bp)...done!
Finding genes in sequence #4 (2221 bp)...done!
Finding genes in sequence #5 (2117 bp)...done!
Finding genes in sequence #6 (1957 bp)...done!
Finding genes in sequence #7 (1947 bp)...done!
Finding genes in sequence #8 (1927 bp)...done!
Finding genes in sequence #9 (1894 bp)...done!
Finding genes in sequence #10 (1831 bp)...done!
Finding genes in sequence #11 (1819 bp)...done!
Finding genes in sequence #12 (1819 bp)...done!
Finding genes in sequence #13 (1819 bp)...done!
Finding genes in sequence #14 (1807 bp)...done!
Finding genes in sequence #15 (1807 bp)...done!
Finding genes in sequence #16 (1801 bp)...done!
Finding genes in sequence #17 (1797 bp)...done!
Finding genes in sequence #18 (1741 bp)...done!
Finding genes in sequence #19 (1735 bp)...done!
Finding genes in sequence #20 (1687 bp)...done!
Finding genes in sequence #21 (1631 bp)...done!
Finding genes in sequence #22 (1597 bp)...done!
Finding genes in sequence #23 (1591 bp)...done!
Finding genes in sequence #24 (1567 bp)...done!
Finding genes in sequence #25 (1533 bp)...done!
Finding genes in sequence #26 (1525 bp)...done!
Finding genes in sequence #27 (1501 bp)...done!
Finding genes in sequence #28 (1465 bp)...done!
Finding genes in sequence #29 (1447 bp)...done!
Finding genes in sequence #30 (1421 bp)...done!
Finding genes in sequence #31 (1417 bp)...done!
Finding genes in sequence #32 (1385 bp)...done!
Finding genes in sequence #33 (1422 bp)...done!
Finding genes in sequence #34 (1357 bp)...done!
Finding genes in sequence #35 (1327 bp)...done!
Finding genes in sequence #36 (1327 bp)...done!
Finding genes in sequence #37 (1321 bp)...done!
Finding genes in sequence #38 (1297 bp)...done!
Finding genes in sequence #39 (1279 bp)...done!
Finding genes in sequence #40 (1261 bp)...done!
Finding genes in sequence #41 (1249 bp)...done!
Finding genes in sequence #42 (1245 bp)...done!
Finding genes in sequence #43 (1239 bp)...done!
Finding genes in sequence #44 (1225 bp)...done!
Finding genes in sequence #45 (1225 bp)...done!
Finding genes in sequence #46 (1219 bp)...done!
Finding genes in sequence #47 (1213 bp)...done!
Finding genes in sequence #48 (1207 bp)...done!
Finding genes in sequence #49 (1181 bp)...done!
Finding genes in sequence #50 (1159 bp)...done!
Finding genes in sequence #51 (1129 bp)...done!
Finding genes in sequence #52 (1111 bp)...done!
Finding genes in sequence #53 (1081 bp)...done!
Finding genes in sequence #54 (1141 bp)...done!
Finding genes in sequence #55 (1047 bp)...done!
Finding genes in sequence #56 (1027 bp)...done!
Finding genes in sequence #57 (1009 bp)...done!
Finding genes in sequence #58 (1003 bp)...done!
Finding genes in sequence #59 (1003 bp)...done!
Finding genes in sequence #60 (999 bp)...done!
Finding genes in sequence #61 (995 bp)...done!
Finding genes in sequence #62 (985 bp)...done!
Finding genes in sequence #63 (985 bp)...done!
Finding genes in sequence #64 (985 bp)...done!
Finding genes in sequence #65 (983 bp)...done!
Finding genes in sequence #66 (955 bp)...done!
Finding genes in sequence #67 (978 bp)...done!
Finding genes in sequence #68 (945 bp)...done!
Finding genes in sequence #69 (937 bp)...done!
Finding genes in sequence #70 (935 bp)...done!
Finding genes in sequence #71 (901 bp)...done!
Finding genes in sequence #72 (901 bp)...done!
Finding genes in sequence #73 (901 bp)...done!
Finding genes in sequence #74 (889 bp)...done!
Finding genes in sequence #75 (887 bp)...done!
Finding genes in sequence #76 (885 bp)...done!
Finding genes in sequence #77 (883 bp)...done!
Finding genes in sequence #78 (881 bp)...done!
Finding genes in sequence #79 (875 bp)...done!
