-------------------------------------
PRODIGAL v2.6.3 [February, 2016]         
Univ of Tenn / Oak Ridge National Lab
Doug Hyatt, Loren Hauser, et al.     
-------------------------------------
Request:  Metagenomic, Phase:  Training
Initializing training files...done!
-------------------------------------
Request:  Metagenomic, Phase:  Gene Finding
Finding genes in sequence #1 (192310 bp)...done!
Finding genes in sequence #2 (148270 bp)...done!
Finding genes in sequence #3 (71985 bp)...done!
Finding genes in sequence #4 (69368 bp)...done!
Finding genes in sequence #5 (69195 bp)...done!
Finding genes in sequence #6 (66958 bp)...done!
Finding genes in sequence #7 (62683 bp)...done!
Finding genes in sequence #8 (60844 bp)...done!
Finding genes in sequence #9 (56665 bp)...done!
Finding genes in sequence #10 (45689 bp)...done!
Finding genes in sequence #11 (45562 bp)...done!
Finding genes in sequence #12 (45050 bp)...done!
Finding genes in sequence #13 (43984 bp)...done!
Finding genes in sequence #14 (41652 bp)...done!
Finding genes in sequence #15 (41423 bp)...done!
Finding genes in sequence #16 (41004 bp)...done!
Finding genes in sequence #17 (40020 bp)...done!
Finding genes in sequence #18 (39678 bp)...done!
Finding genes in sequence #19 (38664 bp)...done!
Finding genes in sequence #20 (37757 bp)...done!
Finding genes in sequence #21 (36898 bp)...done!
Finding genes in sequence #22 (36188 bp)...done!
Finding genes in sequence #23 (35632 bp)...done!
Finding genes in sequence #24 (11155 bp)...done!
Finding genes in sequence #25 (34675 bp)...done!
Finding genes in sequence #26 (13936 bp)...done!
Finding genes in sequence #27 (13885 bp)...done!
Finding genes in sequence #28 (13600 bp)...done!
Finding genes in sequence #29 (13084 bp)...done!
Finding genes in sequence #30 (12182 bp)...done!
Finding genes in sequence #31 (10781 bp)...done!
Finding genes in sequence #32 (10496 bp)...done!
Finding genes in sequence #33 (99926 bp)...done!
Finding genes in sequence #34 (97230 bp)...done!
Finding genes in sequence #35 (96529 bp)...done!
Finding genes in sequence #36 (68876 bp)...done!
Finding genes in sequence #37 (68009 bp)...done!
Finding genes in sequence #38 (62647 bp)...done!
Finding genes in sequence #39 (61954 bp)...done!
Finding genes in sequence #40 (36196 bp)...done!
Finding genes in sequence #41 (35869 bp)...done!
Finding genes in sequence #42 (35106 bp)...done!
Finding genes in sequence #43 (34829 bp)...done!
Finding genes in sequence #44 (33564 bp)...done!
Finding genes in sequence #45 (33157 bp)...done!
Finding genes in sequence #46 (32523 bp)...done!
Finding genes in sequence #47 (29453 bp)...done!
Finding genes in sequence #48 (28910 bp)...done!
Finding genes in sequence #49 (28877 bp)...done!
Finding genes in sequence #50 (28780 bp)...done!
Finding genes in sequence #51 (28523 bp)...done!
Finding genes in sequence #52 (22895 bp)...done!
Finding genes in sequence #53 (27553 bp)...done!
Finding genes in sequence #54 (27365 bp)...done!
Finding genes in sequence #55 (16268 bp)...done!
Finding genes in sequence #56 (14230 bp)...done!
Finding genes in sequence #57 (9099 bp)...done!
Finding genes in sequence #58 (13968 bp)...done!
Finding genes in sequence #59 (13936 bp)...done!
Finding genes in sequence #60 (13921 bp)...done!
Finding genes in sequence #61 (13873 bp)...done!
Finding genes in sequence #62 (12594 bp)...done!
Finding genes in sequence #63 (12575 bp)...done!
Finding genes in sequence #64 (11727 bp)...done!
Finding genes in sequence #65 (11196 bp)...done!
Finding genes in sequence #66 (10959 bp)...done!
Finding genes in sequence #67 (10792 bp)...done!
Finding genes in sequence #68 (10737 bp)...done!
Finding genes in sequence #69 (10691 bp)...done!
Finding genes in sequence #70 (10472 bp)...done!
Finding genes in sequence #71 (59144 bp)...done!
Finding genes in sequence #72 (50874 bp)...done!
Finding genes in sequence #73 (10386 bp)...done!
Finding genes in sequence #74 (37227 bp)...done!
Finding genes in sequence #75 (13882 bp)...done!
Finding genes in sequence #76 (12906 bp)...done!
Finding genes in sequence #77 (7954 bp)...done!
Finding genes in sequence #78 (12842 bp)...done!
Finding genes in sequence #79 (12337 bp)...done!
Finding genes in sequence #80 (11008 bp)...done!
Finding genes in sequence #81 (10239 bp)...done!
Finding genes in sequence #82 (43522 bp)...done!
Finding genes in sequence #83 (44467 bp)...done!
Finding genes in sequence #84 (38414 bp)...done!
Finding genes in sequence #85 (48499 bp)...done!
Finding genes in sequence #86 (190071 bp)...done!
Finding genes in sequence #87 (93705 bp)...done!
Finding genes in sequence #88 (75872 bp)...done!
Finding genes in sequence #89 (67211 bp)...done!
Finding genes in sequence #90 (63356 bp)...done!
Finding genes in sequence #91 (61522 bp)...done!
Finding genes in sequence #92 (53599 bp)...done!
Finding genes in sequence #93 (53242 bp)...done!
Finding genes in sequence #94 (51802 bp)...done!
Finding genes in sequence #95 (47156 bp)...done!
Finding genes in sequence #96 (46878 bp)...done!
Finding genes in sequence #97 (45993 bp)...done!
Finding genes in sequence #98 (45914 bp)...done!
Finding genes in sequence #99 (45042 bp)...done!
Finding genes in sequence #100 (43468 bp)...done!
Finding genes in sequence #101 (43456 bp)...done!
Finding genes in sequence #102 (43288 bp)...done!
Finding genes in sequence #103 (42943 bp)...done!
Finding genes in sequence #104 (42584 bp)...done!
Finding genes in sequence #105 (42448 bp)...done!
Finding genes in sequence #106 (42379 bp)...done!
Finding genes in sequence #107 (41645 bp)...done!
Finding genes in sequence #108 (41110 bp)...done!
Finding genes in sequence #109 (40975 bp)...done!
Finding genes in sequence #110 (40880 bp)...done!
Finding genes in sequence #111 (40531 bp)...done!
Finding genes in sequence #112 (40313 bp)...done!
Finding genes in sequence #113 (39411 bp)...done!
Finding genes in sequence #114 (39124 bp)...done!
Finding genes in sequence #115 (34189 bp)...done!
Finding genes in sequence #116 (38265 bp)...done!
Finding genes in sequence #117 (36207 bp)...done!
Finding genes in sequence #118 (34486 bp)...done!
Finding genes in sequence #119 (33676 bp)...done!
Finding genes in sequence #120 (26292 bp)...done!
Finding genes in sequence #121 (21301 bp)...done!
Finding genes in sequence #122 (20535 bp)...done!
Finding genes in sequence #123 (20506 bp)...done!
Finding genes in sequence #124 (19472 bp)...done!
Finding genes in sequence #125 (17568 bp)...done!
Finding genes in sequence #126 (16526 bp)...done!
Finding genes in sequence #127 (16290 bp)...done!
Finding genes in sequence #128 (15854 bp)...done!
Finding genes in sequence #129 (15658 bp)...done!
Finding genes in sequence #130 (14900 bp)...done!
Finding genes in sequence #131 (14495 bp)...done!
Finding genes in sequence #132 (14437 bp)...done!
Finding genes in sequence #133 (14039 bp)...done!
Finding genes in sequence #134 (12745 bp)...done!
Finding genes in sequence #135 (12708 bp)...done!
Finding genes in sequence #136 (12525 bp)...done!
Finding genes in sequence #137 (12410 bp)...done!
Finding genes in sequence #138 (12391 bp)...done!
Finding genes in sequence #139 (12191 bp)...done!
Finding genes in sequence #140 (12171 bp)...done!
Finding genes in sequence #141 (12010 bp)...done!
Finding genes in sequence #142 (11976 bp)...done!
Finding genes in sequence #143 (11954 bp)...done!
Finding genes in sequence #144 (11670 bp)...done!
Finding genes in sequence #145 (11590 bp)...done!
Finding genes in sequence #146 (11457 bp)...done!
Finding genes in sequence #147 (11193 bp)...done!
Finding genes in sequence #148 (5462 bp)...done!
Finding genes in sequence #149 (10187 bp)...done!
Finding genes in sequence #150 (10080 bp)...done!
Finding genes in sequence #151 (10051 bp)...done!
Finding genes in sequence #152 (9961 bp)...done!
Finding genes in sequence #153 (9793 bp)...done!
Finding genes in sequence #154 (9611 bp)...done!
Finding genes in sequence #155 (8903 bp)...done!
Finding genes in sequence #156 (8409 bp)...done!
Finding genes in sequence #157 (4124 bp)...done!
Finding genes in sequence #158 (7919 bp)...done!
Finding genes in sequence #159 (7671 bp)...done!
Finding genes in sequence #160 (7567 bp)...done!
Finding genes in sequence #161 (7511 bp)...done!
Finding genes in sequence #162 (3723 bp)...done!
Finding genes in sequence #163 (7233 bp)...done!
Finding genes in sequence #164 (6981 bp)...done!
Finding genes in sequence #165 (6963 bp)...done!
Finding genes in sequence #166 (6629 bp)...done!
Finding genes in sequence #167 (6577 bp)...done!
Finding genes in sequence #168 (6013 bp)...done!
Finding genes in sequence #169 (5857 bp)...done!
Finding genes in sequence #170 (5797 bp)...done!
Finding genes in sequence #171 (5757 bp)...done!
Finding genes in sequence #172 (5607 bp)...done!
Finding genes in sequence #173 (5311 bp)...done!
Finding genes in sequence #174 (5205 bp)...done!
Finding genes in sequence #175 (2620 bp)...done!
Finding genes in sequence #176 (5077 bp)...done!
Finding genes in sequence #177 (5059 bp)...done!
Finding genes in sequence #178 (4769 bp)...done!
Finding genes in sequence #179 (4499 bp)...done!
Finding genes in sequence #180 (4437 bp)...done!
Finding genes in sequence #181 (4143 bp)...done!
Finding genes in sequence #182 (4049 bp)...done!
Finding genes in sequence #183 (3641 bp)...done!
Finding genes in sequence #184 (3409 bp)...done!
Finding genes in sequence #185 (3289 bp)...done!
Finding genes in sequence #186 (3275 bp)...done!
Finding genes in sequence #187 (3079 bp)...done!
Finding genes in sequence #188 (2987 bp)...done!
Finding genes in sequence #189 (2791 bp)...done!
Finding genes in sequence #190 (2727 bp)...done!
Finding genes in sequence #191 (2695 bp)...done!
Finding genes in sequence #192 (2671 bp)...done!
Finding genes in sequence #193 (2649 bp)...done!
Finding genes in sequence #194 (2407 bp)...done!
Finding genes in sequence #195 (2315 bp)...done!
Finding genes in sequence #196 (2021 bp)...done!
Finding genes in sequence #197 (1927 bp)...done!
Finding genes in sequence #198 (1887 bp)...done!
Finding genes in sequence #199 (9305 bp)...done!
Finding genes in sequence #200 (41279 bp)...done!
Finding genes in sequence #201 (28036 bp)...done!
Finding genes in sequence #202 (34540 bp)...done!
Finding genes in sequence #203 (13267 bp)...done!
Finding genes in sequence #204 (52508 bp)...done!
Finding genes in sequence #205 (6005 bp)...done!
Finding genes in sequence #206 (47895 bp)...done!
Finding genes in sequence #207 (34441 bp)...done!
Finding genes in sequence #208 (8431 bp)...done!
Finding genes in sequence #209 (55610 bp)...done!
Finding genes in sequence #210 (5437 bp)...done!
Finding genes in sequence #211 (11404 bp)...done!
Finding genes in sequence #212 (7515 bp)...done!
Finding genes in sequence #213 (8767 bp)...done!
Finding genes in sequence #214 (27603 bp)...done!
Finding genes in sequence #215 (9243 bp)...done!
Finding genes in sequence #216 (28308 bp)...done!
Finding genes in sequence #217 (5397 bp)...done!
Finding genes in sequence #218 (39660 bp)...done!
Finding genes in sequence #219 (35356 bp)...done!
Finding genes in sequence #220 (5425 bp)...done!
Finding genes in sequence #221 (27846 bp)...done!
Finding genes in sequence #222 (35202 bp)...done!
Finding genes in sequence #223 (8515 bp)...done!
Finding genes in sequence #224 (6057 bp)...done!
Finding genes in sequence #225 (5775 bp)...done!
Finding genes in sequence #226 (8847 bp)...done!
Finding genes in sequence #227 (5391 bp)...done!
Finding genes in sequence #228 (5055 bp)...done!
Finding genes in sequence #229 (33070 bp)...done!
Finding genes in sequence #230 (10791 bp)...done!
Finding genes in sequence #231 (49969 bp)...done!
Finding genes in sequence #232 (7401 bp)...done!
Finding genes in sequence #233 (18161 bp)...done!
Finding genes in sequence #234 (9583 bp)...done!
Finding genes in sequence #235 (8963 bp)...done!
Finding genes in sequence #236 (49980 bp)...done!
Finding genes in sequence #237 (46380 bp)...done!
Finding genes in sequence #238 (48907 bp)...done!
Finding genes in sequence #239 (34361 bp)...done!
Finding genes in sequence #240 (41489 bp)...done!
Finding genes in sequence #241 (31106 bp)...done!
Finding genes in sequence #242 (54510 bp)...done!
Finding genes in sequence #243 (61039 bp)...done!
Finding genes in sequence #244 (37577 bp)...done!
Finding genes in sequence #245 (50198 bp)...done!
Finding genes in sequence #246 (36663 bp)...done!
Finding genes in sequence #247 (43282 bp)...done!
Finding genes in sequence #248 (44887 bp)...done!
Finding genes in sequence #249 (41312 bp)...done!
Finding genes in sequence #250 (43271 bp)...done!
Finding genes in sequence #251 (36841 bp)...done!
Finding genes in sequence #252 (38389 bp)...done!
Finding genes in sequence #253 (8641 bp)...done!
Finding genes in sequence #254 (8693 bp)...done!
Finding genes in sequence #255 (5275 bp)...done!
Finding genes in sequence #256 (8731 bp)...done!
Finding genes in sequence #257 (8955 bp)...done!
Finding genes in sequence #258 (8435 bp)...done!
Finding genes in sequence #259 (5317 bp)...done!
Finding genes in sequence #260 (5221 bp)...done!
Finding genes in sequence #261 (11254 bp)...done!
Finding genes in sequence #262 (5211 bp)...done!
Finding genes in sequence #263 (8677 bp)...done!
Finding genes in sequence #264 (6078 bp)...done!
Finding genes in sequence #265 (4387 bp)...done!
Finding genes in sequence #266 (5591 bp)...done!
Finding genes in sequence #267 (8747 bp)...done!
Finding genes in sequence #268 (8773 bp)...done!
Finding genes in sequence #269 (5421 bp)...done!
Finding genes in sequence #270 (9509 bp)...done!
Finding genes in sequence #271 (8957 bp)...done!
Finding genes in sequence #272 (8981 bp)...done!
Finding genes in sequence #273 (8405 bp)...done!
Finding genes in sequence #274 (5227 bp)...done!
Finding genes in sequence #275 (42971 bp)...done!
Finding genes in sequence #276 (5131 bp)...done!
Finding genes in sequence #277 (5323 bp)...done!
Finding genes in sequence #278 (35080 bp)...done!
Finding genes in sequence #279 (40202 bp)...done!
Finding genes in sequence #280 (34733 bp)...done!
Finding genes in sequence #281 (12915 bp)...done!
Finding genes in sequence #282 (49293 bp)...done!
Finding genes in sequence #283 (42843 bp)...done!
Finding genes in sequence #284 (40721 bp)...done!
Finding genes in sequence #285 (37756 bp)...done!
Finding genes in sequence #286 (37058 bp)...done!
Finding genes in sequence #287 (53361 bp)...done!
Finding genes in sequence #288 (19773 bp)...done!
Finding genes in sequence #289 (33648 bp)...done!
Finding genes in sequence #290 (57816 bp)...done!
Finding genes in sequence #291 (55467 bp)...done!
Finding genes in sequence #292 (39672 bp)...done!
Finding genes in sequence #293 (54021 bp)...done!
Finding genes in sequence #294 (35175 bp)...done!
Finding genes in sequence #295 (31987 bp)...done!
Finding genes in sequence #296 (37187 bp)...done!
Finding genes in sequence #297 (7575 bp)...done!
Finding genes in sequence #298 (36143 bp)...done!
Finding genes in sequence #299 (11254 bp)...done!
Finding genes in sequence #300 (64675 bp)...done!
Finding genes in sequence #301 (61969 bp)...done!
Finding genes in sequence #302 (63911 bp)...done!
Finding genes in sequence #303 (42794 bp)...done!
Finding genes in sequence #304 (38199 bp)...done!
Finding genes in sequence #305 (36923 bp)...done!
Finding genes in sequence #306 (11748 bp)...done!
Finding genes in sequence #307 (36767 bp)...done!
Finding genes in sequence #308 (39565 bp)...done!
Finding genes in sequence #309 (70206 bp)...done!
Finding genes in sequence #310 (49516 bp)...done!
Finding genes in sequence #311 (37642 bp)...done!
Finding genes in sequence #312 (2567 bp)...done!
Finding genes in sequence #313 (174924 bp)...done!
Finding genes in sequence #314 (57816 bp)...done!
Finding genes in sequence #315 (40721 bp)...done!
Finding genes in sequence #316 (36212 bp)...done!
Finding genes in sequence #317 (36388 bp)...done!
Finding genes in sequence #318 (37114 bp)...done!
Finding genes in sequence #319 (149893 bp)...done!
Finding genes in sequence #320 (89946 bp)...done!
Finding genes in sequence #321 (61749 bp)...done!
Finding genes in sequence #322 (52909 bp)...done!
Finding genes in sequence #323 (41832 bp)...done!
Finding genes in sequence #324 (36767 bp)...done!
Finding genes in sequence #325 (36994 bp)...done!
Finding genes in sequence #326 (59025 bp)...done!
Finding genes in sequence #327 (43521 bp)...done!
Finding genes in sequence #328 (37274 bp)...done!
Finding genes in sequence #329 (13341 bp)...done!
Finding genes in sequence #330 (60253 bp)...done!
Finding genes in sequence #331 (29503 bp)...done!
Finding genes in sequence #332 (56710 bp)...done!
Finding genes in sequence #333 (62651 bp)...done!
Finding genes in sequence #334 (10966 bp)...done!
Finding genes in sequence #335 (9671 bp)...done!
Finding genes in sequence #336 (58522 bp)...done!
Finding genes in sequence #337 (52044 bp)...done!
Finding genes in sequence #338 (33924 bp)...done!
Finding genes in sequence #339 (59106 bp)...done!
Finding genes in sequence #340 (62681 bp)...done!
Finding genes in sequence #341 (41478 bp)...done!
Finding genes in sequence #342 (36008 bp)...done!
Finding genes in sequence #343 (35827 bp)...done!
Finding genes in sequence #344 (10884 bp)...done!
Finding genes in sequence #345 (40265 bp)...done!
Finding genes in sequence #346 (36169 bp)...done!
Finding genes in sequence #347 (2216 bp)...done!
Finding genes in sequence #348 (40382 bp)...done!
Finding genes in sequence #349 (57620 bp)...done!
Finding genes in sequence #350 (177220 bp)...done!
Finding genes in sequence #351 (39336 bp)...done!
Finding genes in sequence #352 (64233 bp)...done!
Finding genes in sequence #353 (31874 bp)...done!
Finding genes in sequence #354 (44710 bp)...done!
Finding genes in sequence #355 (38660 bp)...done!
Finding genes in sequence #356 (41145 bp)...done!
Finding genes in sequence #357 (10362 bp)...done!
Finding genes in sequence #358 (46449 bp)...done!
Finding genes in sequence #359 (36749 bp)...done!
Finding genes in sequence #360 (34623 bp)...done!
Finding genes in sequence #361 (36359 bp)...done!
Finding genes in sequence #362 (7577 bp)...done!
Finding genes in sequence #363 (7555 bp)...done!
Finding genes in sequence #364 (3653 bp)...done!
Finding genes in sequence #365 (11612 bp)...done!
Finding genes in sequence #366 (11355 bp)...done!
Finding genes in sequence #367 (10858 bp)...done!
Finding genes in sequence #368 (13078 bp)...done!
Finding genes in sequence #369 (40610 bp)...done!
Finding genes in sequence #370 (40793 bp)...done!
Finding genes in sequence #371 (3515 bp)...done!
Finding genes in sequence #372 (10533 bp)...done!
Finding genes in sequence #373 (10881 bp)...done!
Finding genes in sequence #374 (49878 bp)...done!
Finding genes in sequence #375 (62565 bp)...done!
Finding genes in sequence #376 (46599 bp)...done!
Finding genes in sequence #377 (43072 bp)...done!
Finding genes in sequence #378 (10501 bp)...done!
Finding genes in sequence #379 (23335 bp)...done!
Finding genes in sequence #380 (5622 bp)...done!
Finding genes in sequence #381 (38646 bp)...done!
Finding genes in sequence #382 (11403 bp)...done!
Finding genes in sequence #383 (118883 bp)...done!
Finding genes in sequence #384 (67844 bp)...done!
Finding genes in sequence #385 (37149 bp)...done!
Finding genes in sequence #386 (11861 bp)...done!
Finding genes in sequence #387 (13515 bp)...done!
Finding genes in sequence #388 (49709 bp)...done!
Finding genes in sequence #389 (39410 bp)...done!
Finding genes in sequence #390 (9207 bp)...done!
Finding genes in sequence #391 (9991 bp)...done!
Finding genes in sequence #392 (5635 bp)...done!
Finding genes in sequence #393 (7101 bp)...done!
Finding genes in sequence #394 (6835 bp)...done!
Finding genes in sequence #395 (11020 bp)...done!
Finding genes in sequence #396 (13562 bp)...done!
Finding genes in sequence #397 (67330 bp)...done!
Finding genes in sequence #398 (33129 bp)...done!
Finding genes in sequence #399 (12075 bp)...done!
Finding genes in sequence #400 (3569 bp)...done!
Finding genes in sequence #401 (11188 bp)...done!
Finding genes in sequence #402 (56628 bp)...done!
Finding genes in sequence #403 (10472 bp)...done!
Finding genes in sequence #404 (89939 bp)...done!
Finding genes in sequence #405 (10159 bp)...done!
Finding genes in sequence #406 (46696 bp)...done!
Finding genes in sequence #407 (16284 bp)...done!
Finding genes in sequence #408 (6047 bp)...done!
Finding genes in sequence #409 (10397 bp)...done!
Finding genes in sequence #410 (8937 bp)...done!
Finding genes in sequence #411 (6669 bp)...done!
Finding genes in sequence #412 (6791 bp)...done!
Finding genes in sequence #413 (10703 bp)...done!
Finding genes in sequence #414 (11943 bp)...done!
Finding genes in sequence #415 (10401 bp)...done!
Finding genes in sequence #416 (6157 bp)...done!
Finding genes in sequence #417 (48344 bp)...done!
Finding genes in sequence #418 (10948 bp)...done!
Finding genes in sequence #419 (10375 bp)...done!
Finding genes in sequence #420 (11163 bp)...done!
Finding genes in sequence #421 (8923 bp)...done!
Finding genes in sequence #422 (11951 bp)...done!
Finding genes in sequence #423 (13820 bp)...done!
Finding genes in sequence #424 (48782 bp)...done!
Finding genes in sequence #425 (39910 bp)...done!
Finding genes in sequence #426 (9917 bp)...done!
Finding genes in sequence #427 (10475 bp)...done!
Finding genes in sequence #428 (9929 bp)...done!
Finding genes in sequence #429 (63528 bp)...done!
Finding genes in sequence #430 (14230 bp)...done!
Finding genes in sequence #431 (60049 bp)...done!
Finding genes in sequence #432 (10273 bp)...done!
Finding genes in sequence #433 (36982 bp)...done!
Finding genes in sequence #434 (31839 bp)...done!
Finding genes in sequence #435 (5171 bp)...done!
Finding genes in sequence #436 (10890 bp)...done!
Finding genes in sequence #437 (17526 bp)...done!
Finding genes in sequence #438 (10572 bp)...done!
Finding genes in sequence #439 (78410 bp)...done!
Finding genes in sequence #440 (11572 bp)...done!
Finding genes in sequence #441 (47385 bp)...done!
Finding genes in sequence #442 (9731 bp)...done!
Finding genes in sequence #443 (5815 bp)...done!
Finding genes in sequence #444 (14989 bp)...done!
Finding genes in sequence #445 (9918 bp)...done!
Finding genes in sequence #446 (10889 bp)...done!
Finding genes in sequence #447 (10795 bp)...done!
Finding genes in sequence #448 (8265 bp)...done!
Finding genes in sequence #449 (8763 bp)...done!
Finding genes in sequence #450 (11207 bp)...done!
Finding genes in sequence #451 (9263 bp)...done!
Finding genes in sequence #452 (9405 bp)...done!
Finding genes in sequence #453 (6643 bp)...done!
Finding genes in sequence #454 (10541 bp)...done!
Finding genes in sequence #455 (6475 bp)...done!
Finding genes in sequence #456 (17066 bp)...done!
Finding genes in sequence #457 (185042 bp)...done!
Finding genes in sequence #458 (11333 bp)...done!
Finding genes in sequence #459 (11994 bp)...done!
Finding genes in sequence #460 (9529 bp)...done!
Finding genes in sequence #461 (12768 bp)...done!
Finding genes in sequence #462 (6018 bp)...done!
Finding genes in sequence #463 (39358 bp)...done!
Finding genes in sequence #464 (8493 bp)...done!
Finding genes in sequence #465 (10394 bp)...done!
Finding genes in sequence #466 (311959 bp)...done!
Finding genes in sequence #467 (78413 bp)...done!
Finding genes in sequence #468 (10247 bp)...done!
Finding genes in sequence #469 (42387 bp)...done!
Finding genes in sequence #470 (9373 bp)...done!
Finding genes in sequence #471 (60946 bp)...done!
Finding genes in sequence #472 (6049 bp)...done!
Finding genes in sequence #473 (11071 bp)...done!
Finding genes in sequence #474 (7268 bp)...done!
Finding genes in sequence #475 (5602 bp)...done!
Finding genes in sequence #476 (8259 bp)...done!
Finding genes in sequence #477 (5536 bp)...done!
Finding genes in sequence #478 (5687 bp)...done!
Finding genes in sequence #479 (4430 bp)...done!
Finding genes in sequence #480 (30779 bp)...done!
Finding genes in sequence #481 (248176 bp)...done!
Finding genes in sequence #482 (13199 bp)...done!
Finding genes in sequence #483 (41761 bp)...done!
Finding genes in sequence #484 (10738 bp)...done!
Finding genes in sequence #485 (46242 bp)...done!
Finding genes in sequence #486 (6591 bp)...done!
Finding genes in sequence #487 (9415 bp)...done!
Finding genes in sequence #488 (7877 bp)...done!
Finding genes in sequence #489 (9171 bp)...done!
Finding genes in sequence #490 (11864 bp)...done!
Finding genes in sequence #491 (10384 bp)...done!
Finding genes in sequence #492 (13272 bp)...done!
Finding genes in sequence #493 (6466 bp)...done!
Finding genes in sequence #494 (10691 bp)...done!
Finding genes in sequence #495 (8437 bp)...done!
Finding genes in sequence #496 (6023 bp)...done!
Finding genes in sequence #497 (48964 bp)...done!
Finding genes in sequence #498 (5045 bp)...done!
Finding genes in sequence #499 (8515 bp)...done!
Finding genes in sequence #500 (3457 bp)...done!
Finding genes in sequence #501 (10373 bp)...done!
Finding genes in sequence #502 (41412 bp)...done!
Finding genes in sequence #503 (7150 bp)...done!
Finding genes in sequence #504 (7417 bp)...done!
Finding genes in sequence #505 (6687 bp)...done!
Finding genes in sequence #506 (10668 bp)...done!
Finding genes in sequence #507 (9355 bp)...done!
Finding genes in sequence #508 (10052 bp)...done!
Finding genes in sequence #509 (13583 bp)...done!
Finding genes in sequence #510 (6821 bp)...done!
Finding genes in sequence #511 (7401 bp)...done!
Finding genes in sequence #512 (10259 bp)...done!
Finding genes in sequence #513 (64819 bp)...done!
Finding genes in sequence #514 (41744 bp)...done!
Finding genes in sequence #515 (38520 bp)...done!
Finding genes in sequence #516 (10308 bp)...done!
Finding genes in sequence #517 (37613 bp)...done!
Finding genes in sequence #518 (40277 bp)...done!
Finding genes in sequence #519 (37573 bp)...done!
Finding genes in sequence #520 (20991 bp)...done!
Finding genes in sequence #521 (29804 bp)...done!
Finding genes in sequence #522 (39219 bp)...done!
Finding genes in sequence #523 (11612 bp)...done!
Finding genes in sequence #524 (38167 bp)...done!
Finding genes in sequence #525 (42330 bp)...done!
Finding genes in sequence #526 (14422 bp)...done!
Finding genes in sequence #527 (9627 bp)...done!
Finding genes in sequence #528 (8351 bp)...done!
Finding genes in sequence #529 (10583 bp)...done!
Finding genes in sequence #530 (4977 bp)...done!
Finding genes in sequence #531 (35362 bp)...done!
Finding genes in sequence #532 (9127 bp)...done!
Finding genes in sequence #533 (13912 bp)...done!
Finding genes in sequence #534 (32617 bp)...done!
Finding genes in sequence #535 (5036 bp)...done!
Finding genes in sequence #536 (5956 bp)...done!
Finding genes in sequence #537 (42482 bp)...done!
Finding genes in sequence #538 (36630 bp)...done!
Finding genes in sequence #539 (6071 bp)...done!
Finding genes in sequence #540 (12501 bp)...done!
Finding genes in sequence #541 (16112 bp)...done!
Finding genes in sequence #542 (10376 bp)...done!
Finding genes in sequence #543 (42902 bp)...done!
Finding genes in sequence #544 (38773 bp)...done!
Finding genes in sequence #545 (10023 bp)...done!
Finding genes in sequence #546 (12041 bp)...done!
Finding genes in sequence #547 (7145 bp)...done!
Finding genes in sequence #548 (8181 bp)...done!
Finding genes in sequence #549 (11385 bp)...done!
Finding genes in sequence #550 (5161 bp)...done!
Finding genes in sequence #551 (10265 bp)...done!
Finding genes in sequence #552 (10413 bp)...done!
Finding genes in sequence #553 (38543 bp)...done!
Finding genes in sequence #554 (14899 bp)...done!
Finding genes in sequence #555 (20991 bp)...done!
Finding genes in sequence #556 (66133 bp)...done!
Finding genes in sequence #557 (5093 bp)...done!
Finding genes in sequence #558 (47481 bp)...done!
Finding genes in sequence #559 (5579 bp)...done!
Finding genes in sequence #560 (11647 bp)...done!
Finding genes in sequence #561 (39728 bp)...done!
Finding genes in sequence #562 (49556 bp)...done!
Finding genes in sequence #563 (36518 bp)...done!
Finding genes in sequence #564 (36133 bp)...done!
Finding genes in sequence #565 (8865 bp)...done!
Finding genes in sequence #566 (11704 bp)...done!
Finding genes in sequence #567 (10049 bp)...done!
Finding genes in sequence #568 (10324 bp)...done!
Finding genes in sequence #569 (36353 bp)...done!
Finding genes in sequence #570 (14714 bp)...done!
Finding genes in sequence #571 (12543 bp)...done!
Finding genes in sequence #572 (9349 bp)...done!
Finding genes in sequence #573 (13882 bp)...done!
Finding genes in sequence #574 (9328 bp)...done!
Finding genes in sequence #575 (43703 bp)...done!
Finding genes in sequence #576 (38200 bp)...done!
Finding genes in sequence #577 (11376 bp)...done!
Finding genes in sequence #578 (10511 bp)...done!
Finding genes in sequence #579 (59358 bp)...done!
Finding genes in sequence #580 (39334 bp)...done!
Finding genes in sequence #581 (13881 bp)...done!
Finding genes in sequence #582 (5980 bp)...done!
Finding genes in sequence #583 (44682 bp)...done!
Finding genes in sequence #584 (80086 bp)...done!
Finding genes in sequence #585 (47030 bp)...done!
Finding genes in sequence #586 (8531 bp)...done!
Finding genes in sequence #587 (11071 bp)...done!
Finding genes in sequence #588 (5059 bp)...done!
Finding genes in sequence #589 (36258 bp)...done!
Finding genes in sequence #590 (10919 bp)...done!
Finding genes in sequence #591 (50341 bp)...done!
Finding genes in sequence #592 (33809 bp)...done!
Finding genes in sequence #593 (6849 bp)...done!
Finding genes in sequence #594 (63999 bp)...done!
Finding genes in sequence #595 (89868 bp)...done!
Finding genes in sequence #596 (14727 bp)...done!
Finding genes in sequence #597 (65179 bp)...done!
Finding genes in sequence #598 (61420 bp)...done!
Finding genes in sequence #599 (14494 bp)...done!
Finding genes in sequence #600 (9309 bp)...done!
Finding genes in sequence #601 (10259 bp)...done!
Finding genes in sequence #602 (35840 bp)...done!
Finding genes in sequence #603 (10913 bp)...done!
Finding genes in sequence #604 (35571 bp)...done!
Finding genes in sequence #605 (8619 bp)...done!
Finding genes in sequence #606 (46250 bp)...done!
Finding genes in sequence #607 (8451 bp)...done!
Finding genes in sequence #608 (7266 bp)...done!
Finding genes in sequence #609 (8387 bp)...done!
Finding genes in sequence #610 (10679 bp)...done!
Finding genes in sequence #611 (5487 bp)...done!
Finding genes in sequence #612 (9359 bp)...done!
Finding genes in sequence #613 (11180 bp)...done!
Finding genes in sequence #614 (6887 bp)...done!
Finding genes in sequence #615 (7049 bp)...done!
Finding genes in sequence #616 (11193 bp)...done!
Finding genes in sequence #617 (5675 bp)...done!
Finding genes in sequence #618 (9125 bp)...done!
Finding genes in sequence #619 (38518 bp)...done!
Finding genes in sequence #620 (44148 bp)...done!
Finding genes in sequence #621 (5533 bp)...done!
Finding genes in sequence #622 (8512 bp)...done!
Finding genes in sequence #623 (10264 bp)...done!
Finding genes in sequence #624 (36509 bp)...done!
Finding genes in sequence #625 (8587 bp)...done!
Finding genes in sequence #626 (10136 bp)...done!
Finding genes in sequence #627 (9648 bp)...done!
Finding genes in sequence #628 (2040 bp)...done!
Finding genes in sequence #629 (38032 bp)...done!
Finding genes in sequence #630 (4162 bp)...done!
Finding genes in sequence #631 (5362 bp)...done!
Finding genes in sequence #632 (5893 bp)...done!
Finding genes in sequence #633 (2873 bp)...done!
Finding genes in sequence #634 (9369 bp)...done!
Finding genes in sequence #635 (43272 bp)...done!
Finding genes in sequence #636 (2897 bp)...done!
Finding genes in sequence #637 (6159 bp)...done!
Finding genes in sequence #638 (2433 bp)...done!
Finding genes in sequence #639 (47651 bp)...done!
Finding genes in sequence #640 (7407 bp)...done!
Finding genes in sequence #641 (37293 bp)...done!
Finding genes in sequence #642 (9422 bp)...done!
Finding genes in sequence #643 (38532 bp)...done!
Finding genes in sequence #644 (59218 bp)...done!
Finding genes in sequence #645 (9173 bp)...done!
Finding genes in sequence #646 (35934 bp)...done!
Finding genes in sequence #647 (5665 bp)...done!
Finding genes in sequence #648 (10057 bp)...done!
Finding genes in sequence #649 (10892 bp)...done!
Finding genes in sequence #650 (3943 bp)...done!
Finding genes in sequence #651 (4697 bp)...done!
Finding genes in sequence #652 (52034 bp)...done!
Finding genes in sequence #653 (14510 bp)...done!
Finding genes in sequence #654 (13239 bp)...done!
Finding genes in sequence #655 (14085 bp)...done!
Finding genes in sequence #656 (14280 bp)...done!
Finding genes in sequence #657 (13790 bp)...done!
Finding genes in sequence #658 (13529 bp)...done!
Finding genes in sequence #659 (3899 bp)...done!
Finding genes in sequence #660 (25006 bp)...done!
Finding genes in sequence #661 (13905 bp)...done!
Finding genes in sequence #662 (13785 bp)...done!
Finding genes in sequence #663 (13749 bp)...done!
Finding genes in sequence #664 (8557 bp)...done!
Finding genes in sequence #665 (2293 bp)...done!
Finding genes in sequence #666 (2603 bp)...done!
Finding genes in sequence #667 (14278 bp)...done!
Finding genes in sequence #668 (14410 bp)...done!
Finding genes in sequence #669 (15172 bp)...done!
Finding genes in sequence #670 (13134 bp)...done!
Finding genes in sequence #671 (13973 bp)...done!
Finding genes in sequence #672 (13702 bp)...done!
Finding genes in sequence #673 (13145 bp)...done!
Finding genes in sequence #674 (4305 bp)...done!
Finding genes in sequence #675 (104316 bp)...done!
Finding genes in sequence #676 (14034 bp)...done!
Finding genes in sequence #677 (3319 bp)...done!
Finding genes in sequence #678 (13531 bp)...done!
Finding genes in sequence #679 (14007 bp)...done!
Finding genes in sequence #680 (13739 bp)...done!
Finding genes in sequence #681 (40054 bp)...done!
Finding genes in sequence #682 (14874 bp)...done!
Finding genes in sequence #683 (13592 bp)...done!
Finding genes in sequence #684 (14002 bp)...done!
Finding genes in sequence #685 (5173 bp)...done!
Finding genes in sequence #686 (12419 bp)...done!
Finding genes in sequence #687 (13481 bp)...done!
Finding genes in sequence #688 (13557 bp)...done!
Finding genes in sequence #689 (14100 bp)...done!
Finding genes in sequence #690 (1963 bp)...done!
Finding genes in sequence #691 (14174 bp)...done!
Finding genes in sequence #692 (14305 bp)...done!
Finding genes in sequence #693 (3353 bp)...done!
Finding genes in sequence #694 (13726 bp)...done!
Finding genes in sequence #695 (40804 bp)...done!
Finding genes in sequence #696 (2357 bp)...done!
Finding genes in sequence #697 (24253 bp)...done!
Finding genes in sequence #698 (10920 bp)...done!
Finding genes in sequence #699 (151636 bp)...done!
Finding genes in sequence #700 (151454 bp)...done!
Finding genes in sequence #701 (79458 bp)...done!
Finding genes in sequence #702 (74237 bp)...done!
Finding genes in sequence #703 (47921 bp)...done!
Finding genes in sequence #704 (44250 bp)...done!
Finding genes in sequence #705 (37438 bp)...done!
Finding genes in sequence #706 (37202 bp)...done!
Finding genes in sequence #707 (33922 bp)...done!
Finding genes in sequence #708 (30596 bp)...done!
Finding genes in sequence #709 (27107 bp)...done!
Finding genes in sequence #710 (10386 bp)...done!
Finding genes in sequence #711 (63673 bp)...done!
Finding genes in sequence #712 (12605 bp)...done!
Finding genes in sequence #713 (39672 bp)...done!
Finding genes in sequence #714 (12468 bp)...done!
Finding genes in sequence #715 (35508 bp)...done!
Finding genes in sequence #716 (12460 bp)...done!
Finding genes in sequence #717 (40040 bp)...done!
Finding genes in sequence #718 (10114 bp)...done!
Finding genes in sequence #719 (79446 bp)...done!
Finding genes in sequence #720 (54894 bp)...done!
Finding genes in sequence #721 (39769 bp)...done!
Finding genes in sequence #722 (33959 bp)...done!
Finding genes in sequence #723 (27106 bp)...done!
Finding genes in sequence #724 (12020 bp)...done!
Finding genes in sequence #725 (30596 bp)...done!
Finding genes in sequence #726 (12537 bp)...done!
Finding genes in sequence #727 (38336 bp)...done!
Finding genes in sequence #728 (2471 bp)...done!
Finding genes in sequence #729 (3947 bp)...done!
Finding genes in sequence #730 (2995 bp)...done!
Finding genes in sequence #731 (2923 bp)...done!
Finding genes in sequence #732 (3947 bp)...done!
Finding genes in sequence #733 (2747 bp)...done!
Finding genes in sequence #734 (3611 bp)...done!
Finding genes in sequence #735 (2643 bp)...done!
Finding genes in sequence #736 (6143 bp)...done!
Finding genes in sequence #737 (4189 bp)...done!
Finding genes in sequence #738 (11533 bp)...done!
Finding genes in sequence #739 (22131 bp)...done!
Finding genes in sequence #740 (12389 bp)...done!
Finding genes in sequence #741 (10865 bp)...done!
Finding genes in sequence #742 (2681 bp)...done!
Finding genes in sequence #743 (3067 bp)...done!
Finding genes in sequence #744 (14390 bp)...done!
Finding genes in sequence #745 (10745 bp)...done!
Finding genes in sequence #746 (3065 bp)...done!
Finding genes in sequence #747 (10865 bp)...done!
Finding genes in sequence #748 (10903 bp)...done!
Finding genes in sequence #749 (10128 bp)...done!
Finding genes in sequence #750 (12063 bp)...done!
Finding genes in sequence #751 (11147 bp)...done!
Finding genes in sequence #752 (5059 bp)...done!
Finding genes in sequence #753 (4247 bp)...done!
Finding genes in sequence #754 (6543 bp)...done!
Finding genes in sequence #755 (42365 bp)...done!
Finding genes in sequence #756 (3039 bp)...done!
Finding genes in sequence #757 (3065 bp)...done!
Finding genes in sequence #758 (4901 bp)...done!
Finding genes in sequence #759 (57667 bp)...done!
Finding genes in sequence #760 (67215 bp)...done!
Finding genes in sequence #761 (59884 bp)...done!
Finding genes in sequence #762 (5824 bp)...done!
Finding genes in sequence #763 (3745 bp)...done!
Finding genes in sequence #764 (4027 bp)...done!
Finding genes in sequence #765 (14106 bp)...done!
Finding genes in sequence #766 (53129 bp)...done!
Finding genes in sequence #767 (5675 bp)...done!
Finding genes in sequence #768 (6185 bp)...done!
Finding genes in sequence #769 (21484 bp)...done!
Finding genes in sequence #770 (14125 bp)...done!
Finding genes in sequence #771 (5086 bp)...done!
Finding genes in sequence #772 (7393 bp)...done!
Finding genes in sequence #773 (18061 bp)...done!
Finding genes in sequence #774 (3745 bp)...done!
Finding genes in sequence #775 (12160 bp)...done!
Finding genes in sequence #776 (6397 bp)...done!
Finding genes in sequence #777 (11465 bp)...done!
Finding genes in sequence #778 (53839 bp)...done!
Finding genes in sequence #779 (75362 bp)...done!
Finding genes in sequence #780 (49140 bp)...done!
Finding genes in sequence #781 (43492 bp)...done!
Finding genes in sequence #782 (33863 bp)...done!
Finding genes in sequence #783 (2851 bp)...done!
Finding genes in sequence #784 (52903 bp)...done!
Finding genes in sequence #785 (54614 bp)...done!
Finding genes in sequence #786 (53417 bp)...done!
Finding genes in sequence #787 (51557 bp)...done!
Finding genes in sequence #788 (10708 bp)...done!
Finding genes in sequence #789 (52345 bp)...done!
Finding genes in sequence #790 (36499 bp)...done!
Finding genes in sequence #791 (34580 bp)...done!
Finding genes in sequence #792 (6397 bp)...done!
Finding genes in sequence #793 (5713 bp)...done!
Finding genes in sequence #794 (14587 bp)...done!
Finding genes in sequence #795 (10379 bp)...done!
Finding genes in sequence #796 (11447 bp)...done!
Finding genes in sequence #797 (45543 bp)...done!
Finding genes in sequence #798 (41829 bp)...done!
Finding genes in sequence #799 (10310 bp)...done!
Finding genes in sequence #800 (1945 bp)...done!
Finding genes in sequence #801 (52212 bp)...done!
Finding genes in sequence #802 (2247 bp)...done!
Finding genes in sequence #803 (2399 bp)...done!
Finding genes in sequence #804 (4805 bp)...done!
Finding genes in sequence #805 (39372 bp)...done!
Finding genes in sequence #806 (11274 bp)...done!
Finding genes in sequence #807 (52903 bp)...done!
Finding genes in sequence #808 (53237 bp)...done!
Finding genes in sequence #809 (4621 bp)...done!
Finding genes in sequence #810 (4027 bp)...done!
Finding genes in sequence #811 (3039 bp)...done!
Finding genes in sequence #812 (2823 bp)...done!
Finding genes in sequence #813 (4451 bp)...done!
Finding genes in sequence #814 (3467 bp)...done!
Finding genes in sequence #815 (34541 bp)...done!
Finding genes in sequence #816 (32630 bp)...done!
Finding genes in sequence #817 (3653 bp)...done!
Finding genes in sequence #818 (8951 bp)...done!
Finding genes in sequence #819 (8735 bp)...done!
Finding genes in sequence #820 (8703 bp)...done!
Finding genes in sequence #821 (8695 bp)...done!
Finding genes in sequence #822 (7085 bp)...done!
Finding genes in sequence #823 (6159 bp)...done!
Finding genes in sequence #824 (5657 bp)...done!
Finding genes in sequence #825 (5643 bp)...done!
Finding genes in sequence #826 (5393 bp)...done!
Finding genes in sequence #827 (5347 bp)...done!
Finding genes in sequence #828 (5271 bp)...done!
Finding genes in sequence #829 (5203 bp)...done!
Finding genes in sequence #830 (4883 bp)...done!
Finding genes in sequence #831 (4779 bp)...done!
Finding genes in sequence #832 (4767 bp)...done!
Finding genes in sequence #833 (4563 bp)...done!
Finding genes in sequence #834 (2335 bp)...done!
Finding genes in sequence #835 (4441 bp)...done!
Finding genes in sequence #836 (4353 bp)...done!
Finding genes in sequence #837 (4321 bp)...done!
Finding genes in sequence #838 (4221 bp)...done!
Finding genes in sequence #839 (4119 bp)...done!
Finding genes in sequence #840 (4063 bp)...done!
Finding genes in sequence #841 (4051 bp)...done!
Finding genes in sequence #842 (4021 bp)...done!
Finding genes in sequence #843 (4070 bp)...done!
Finding genes in sequence #844 (3975 bp)...done!
Finding genes in sequence #845 (3973 bp)...done!
Finding genes in sequence #846 (3907 bp)...done!
Finding genes in sequence #847 (3887 bp)...done!
Finding genes in sequence #848 (3879 bp)...done!
Finding genes in sequence #849 (3877 bp)...done!
Finding genes in sequence #850 (3839 bp)...done!
Finding genes in sequence #851 (3831 bp)...done!
Finding genes in sequence #852 (3777 bp)...done!
Finding genes in sequence #853 (3763 bp)...done!
Finding genes in sequence #854 (3761 bp)...done!
Finding genes in sequence #855 (3751 bp)...done!
Finding genes in sequence #856 (3797 bp)...done!
Finding genes in sequence #857 (3773 bp)...done!
Finding genes in sequence #858 (3699 bp)...done!
Finding genes in sequence #859 (3675 bp)...done!
Finding genes in sequence #860 (2677 bp)...done!
Finding genes in sequence #861 (2385 bp)...done!
Finding genes in sequence #862 (11667 bp)...done!
Finding genes in sequence #863 (46989 bp)...done!
Finding genes in sequence #864 (43561 bp)...done!
Finding genes in sequence #865 (34545 bp)...done!
Finding genes in sequence #866 (81151 bp)...done!
Finding genes in sequence #867 (47826 bp)...done!
Finding genes in sequence #868 (47678 bp)...done!
Finding genes in sequence #869 (11323 bp)...done!
Finding genes in sequence #870 (2249 bp)...done!
Finding genes in sequence #871 (10047 bp)...done!
Finding genes in sequence #872 (6361 bp)...done!
Finding genes in sequence #873 (40989 bp)...done!
Finding genes in sequence #874 (81139 bp)...done!
Finding genes in sequence #875 (43219 bp)...done!
Finding genes in sequence #876 (41117 bp)...done!
Finding genes in sequence #877 (11257 bp)...done!
Finding genes in sequence #878 (10459 bp)...done!
Finding genes in sequence #879 (10239 bp)...done!
Finding genes in sequence #880 (10194 bp)...done!
Finding genes in sequence #881 (10047 bp)...done!
Finding genes in sequence #882 (9999 bp)...done!
Finding genes in sequence #883 (9991 bp)...done!
Finding genes in sequence #884 (9938 bp)...done!
Finding genes in sequence #885 (9823 bp)...done!
Finding genes in sequence #886 (9783 bp)...done!
Finding genes in sequence #887 (9641 bp)...done!
Finding genes in sequence #888 (9503 bp)...done!
Finding genes in sequence #889 (9495 bp)...done!
Finding genes in sequence #890 (9405 bp)...done!
Finding genes in sequence #891 (4722 bp)...done!
Finding genes in sequence #892 (9309 bp)...done!
Finding genes in sequence #893 (9235 bp)...done!
Finding genes in sequence #894 (9199 bp)...done!
Finding genes in sequence #895 (9175 bp)...done!
Finding genes in sequence #896 (9163 bp)...done!
Finding genes in sequence #897 (9029 bp)...done!
Finding genes in sequence #898 (9033 bp)...done!
Finding genes in sequence #899 (9011 bp)...done!
Finding genes in sequence #900 (8973 bp)...done!
Finding genes in sequence #901 (8969 bp)...done!
Finding genes in sequence #902 (8961 bp)...done!
Finding genes in sequence #903 (8929 bp)...done!
Finding genes in sequence #904 (8833 bp)...done!
Finding genes in sequence #905 (8751 bp)...done!
Finding genes in sequence #906 (8749 bp)...done!
Finding genes in sequence #907 (8717 bp)...done!
Finding genes in sequence #908 (4370 bp)...done!
Finding genes in sequence #909 (8651 bp)...done!
Finding genes in sequence #910 (8525 bp)...done!
Finding genes in sequence #911 (8439 bp)...done!
Finding genes in sequence #912 (8429 bp)...done!
Finding genes in sequence #913 (8379 bp)...done!
Finding genes in sequence #914 (8359 bp)...done!
Finding genes in sequence #915 (8351 bp)...done!
Finding genes in sequence #916 (8323 bp)...done!
Finding genes in sequence #917 (8173 bp)...done!
Finding genes in sequence #918 (6897 bp)...done!
Finding genes in sequence #919 (6707 bp)...done!
Finding genes in sequence #920 (6279 bp)...done!
Finding genes in sequence #921 (6237 bp)...done!
Finding genes in sequence #922 (5833 bp)...done!
Finding genes in sequence #923 (5639 bp)...done!
Finding genes in sequence #924 (5623 bp)...done!
Finding genes in sequence #925 (5547 bp)...done!
Finding genes in sequence #926 (5461 bp)...done!
Finding genes in sequence #927 (5409 bp)...done!
Finding genes in sequence #928 (5397 bp)...done!
Finding genes in sequence #929 (2724 bp)...done!
Finding genes in sequence #930 (5359 bp)...done!
Finding genes in sequence #931 (5333 bp)...done!
Finding genes in sequence #932 (5311 bp)...done!
Finding genes in sequence #933 (5147 bp)...done!
Finding genes in sequence #934 (5133 bp)...done!
Finding genes in sequence #935 (5119 bp)...done!
Finding genes in sequence #936 (5107 bp)...done!
Finding genes in sequence #937 (5091 bp)...done!
Finding genes in sequence #938 (5029 bp)...done!
Finding genes in sequence #939 (5009 bp)...done!
Finding genes in sequence #940 (4971 bp)...done!
Finding genes in sequence #941 (4919 bp)...done!
Finding genes in sequence #942 (4911 bp)...done!
Finding genes in sequence #943 (4847 bp)...done!
Finding genes in sequence #944 (4767 bp)...done!
Finding genes in sequence #945 (4737 bp)...done!
Finding genes in sequence #946 (4711 bp)...done!
Finding genes in sequence #947 (4709 bp)...done!
Finding genes in sequence #948 (4631 bp)...done!
Finding genes in sequence #949 (4599 bp)...done!
Finding genes in sequence #950 (4593 bp)...done!
Finding genes in sequence #951 (4579 bp)...done!
Finding genes in sequence #952 (4547 bp)...done!
Finding genes in sequence #953 (4537 bp)...done!
Finding genes in sequence #954 (4527 bp)...done!
Finding genes in sequence #955 (4511 bp)...done!
Finding genes in sequence #956 (4455 bp)...done!
Finding genes in sequence #957 (4447 bp)...done!
Finding genes in sequence #958 (4423 bp)...done!
Finding genes in sequence #959 (4399 bp)...done!
Finding genes in sequence #960 (2211 bp)...done!
Finding genes in sequence #961 (4295 bp)...done!
Finding genes in sequence #962 (4275 bp)...done!
Finding genes in sequence #963 (4233 bp)...done!
Finding genes in sequence #964 (4229 bp)...done!
Finding genes in sequence #965 (4175 bp)...done!
Finding genes in sequence #966 (4043 bp)...done!
Finding genes in sequence #967 (4035 bp)...done!
Finding genes in sequence #968 (4019 bp)...done!
Finding genes in sequence #969 (4015 bp)...done!
Finding genes in sequence #970 (3987 bp)...done!
Finding genes in sequence #971 (3959 bp)...done!
Finding genes in sequence #972 (3937 bp)...done!
Finding genes in sequence #973 (3935 bp)...done!
Finding genes in sequence #974 (3927 bp)...done!
Finding genes in sequence #975 (3903 bp)...done!
Finding genes in sequence #976 (1988 bp)...done!
Finding genes in sequence #977 (3875 bp)...done!
Finding genes in sequence #978 (3865 bp)...done!
Finding genes in sequence #979 (3829 bp)...done!
Finding genes in sequence #980 (3823 bp)...done!
Finding genes in sequence #981 (3803 bp)...done!
Finding genes in sequence #982 (3795 bp)...done!
Finding genes in sequence #983 (1929 bp)...done!
Finding genes in sequence #984 (3679 bp)...done!
Finding genes in sequence #985 (3673 bp)...done!
Finding genes in sequence #986 (3659 bp)...done!
Finding genes in sequence #987 (3627 bp)...done!
Finding genes in sequence #988 (3617 bp)...done!
Finding genes in sequence #989 (3617 bp)...done!
Finding genes in sequence #990 (3601 bp)...done!
Finding genes in sequence #991 (3539 bp)...done!
Finding genes in sequence #992 (1807 bp)...done!
Finding genes in sequence #993 (3531 bp)...done!
Finding genes in sequence #994 (3527 bp)...done!
Finding genes in sequence #995 (3519 bp)...done!
Finding genes in sequence #996 (3427 bp)...done!
Finding genes in sequence #997 (3357 bp)...done!
Finding genes in sequence #998 (3342 bp)...done!
Finding genes in sequence #999 (3311 bp)...done!
Finding genes in sequence #1000 (3307 bp)...done!
Finding genes in sequence #1001 (3303 bp)...done!
Finding genes in sequence #1002 (3212 bp)...done!
Finding genes in sequence #1003 (3187 bp)...done!
Finding genes in sequence #1004 (3127 bp)...done!
Finding genes in sequence #1005 (3085 bp)...done!
Finding genes in sequence #1006 (3001 bp)...done!
Finding genes in sequence #1007 (3001 bp)...done!
Finding genes in sequence #1008 (2969 bp)...done!
Finding genes in sequence #1009 (2965 bp)...done!
Finding genes in sequence #1010 (2963 bp)...done!
Finding genes in sequence #1011 (2929 bp)...done!
Finding genes in sequence #1012 (1492 bp)...done!
Finding genes in sequence #1013 (2865 bp)...done!
Finding genes in sequence #1014 (2863 bp)...done!
Finding genes in sequence #1015 (2809 bp)...done!
Finding genes in sequence #1016 (2797 bp)...done!
Finding genes in sequence #1017 (2777 bp)...done!
Finding genes in sequence #1018 (2737 bp)...done!
Finding genes in sequence #1019 (2731 bp)...done!
Finding genes in sequence #1020 (2701 bp)...done!
Finding genes in sequence #1021 (2601 bp)...done!
Finding genes in sequence #1022 (2485 bp)...done!
Finding genes in sequence #1023 (2459 bp)...done!
Finding genes in sequence #1024 (2431 bp)...done!
Finding genes in sequence #1025 (1243 bp)...done!
Finding genes in sequence #1026 (2329 bp)...done!
Finding genes in sequence #1027 (2319 bp)...done!
Finding genes in sequence #1028 (2203 bp)...done!
Finding genes in sequence #1029 (2181 bp)...done!
Finding genes in sequence #1030 (2159 bp)...done!
Finding genes in sequence #1031 (2164 bp)...done!
Finding genes in sequence #1032 (2139 bp)...done!
Finding genes in sequence #1033 (2097 bp)...done!
Finding genes in sequence #1034 (2071 bp)...done!
Finding genes in sequence #1035 (2059 bp)...done!
Finding genes in sequence #1036 (2007 bp)...done!
Finding genes in sequence #1037 (1991 bp)...done!
Finding genes in sequence #1038 (1989 bp)...done!
Finding genes in sequence #1039 (10105 bp)...done!
Finding genes in sequence #1040 (10123 bp)...done!
Finding genes in sequence #1041 (7555 bp)...done!
Finding genes in sequence #1042 (10686 bp)...done!
Finding genes in sequence #1043 (11768 bp)...done!
Finding genes in sequence #1044 (10815 bp)...done!
Finding genes in sequence #1045 (10729 bp)...done!
Finding genes in sequence #1046 (11110 bp)...done!
Finding genes in sequence #1047 (3059 bp)...done!
Finding genes in sequence #1048 (12389 bp)...done!
Finding genes in sequence #1049 (3233 bp)...done!
Finding genes in sequence #1050 (3205 bp)...done!
Finding genes in sequence #1051 (48143 bp)...done!
Finding genes in sequence #1052 (10543 bp)...done!
Finding genes in sequence #1053 (10647 bp)...done!
Finding genes in sequence #1054 (45208 bp)...done!
Finding genes in sequence #1055 (12437 bp)...done!
Finding genes in sequence #1056 (10756 bp)...done!
Finding genes in sequence #1057 (10751 bp)...done!
Finding genes in sequence #1058 (10510 bp)...done!
Finding genes in sequence #1059 (10119 bp)...done!
Finding genes in sequence #1060 (9679 bp)...done!
Finding genes in sequence #1061 (8657 bp)...done!
Finding genes in sequence #1062 (2173 bp)...done!
Finding genes in sequence #1063 (12951 bp)...done!
Finding genes in sequence #1064 (13780 bp)...done!
Finding genes in sequence #1065 (14003 bp)...done!
Finding genes in sequence #1066 (38149 bp)...done!
Finding genes in sequence #1067 (13966 bp)...done!
Finding genes in sequence #1068 (3183 bp)...done!
Finding genes in sequence #1069 (9357 bp)...done!
Finding genes in sequence #1070 (13490 bp)...done!
Finding genes in sequence #1071 (2672 bp)...done!
Finding genes in sequence #1072 (14305 bp)...done!
Finding genes in sequence #1073 (13846 bp)...done!
Finding genes in sequence #1074 (54452 bp)...done!
Finding genes in sequence #1075 (52147 bp)...done!
Finding genes in sequence #1076 (14153 bp)...done!
Finding genes in sequence #1077 (13368 bp)...done!
Finding genes in sequence #1078 (44270 bp)...done!
Finding genes in sequence #1079 (14025 bp)...done!
Finding genes in sequence #1080 (8437 bp)...done!
Finding genes in sequence #1081 (8075 bp)...done!
Finding genes in sequence #1082 (6559 bp)...done!
Finding genes in sequence #1083 (14830 bp)...done!
Finding genes in sequence #1084 (13573 bp)...done!
Finding genes in sequence #1085 (13824 bp)...done!
Finding genes in sequence #1086 (13764 bp)...done!
Finding genes in sequence #1087 (13896 bp)...done!
Finding genes in sequence #1088 (14422 bp)...done!
Finding genes in sequence #1089 (9413 bp)...done!
Finding genes in sequence #1090 (4943 bp)...done!
Finding genes in sequence #1091 (13984 bp)...done!
Finding genes in sequence #1092 (14781 bp)...done!
Finding genes in sequence #1093 (15486 bp)...done!
Finding genes in sequence #1094 (13379 bp)...done!
Finding genes in sequence #1095 (9175 bp)...done!
Finding genes in sequence #1096 (14275 bp)...done!
Finding genes in sequence #1097 (9427 bp)...done!
Finding genes in sequence #1098 (5963 bp)...done!
Finding genes in sequence #1099 (13759 bp)...done!
Finding genes in sequence #1100 (13302 bp)...done!
Finding genes in sequence #1101 (8059 bp)...done!
Finding genes in sequence #1102 (5167 bp)...done!
Finding genes in sequence #1103 (10208 bp)...done!
Finding genes in sequence #1104 (38585 bp)...done!
Finding genes in sequence #1105 (10057 bp)...done!
Finding genes in sequence #1106 (6483 bp)...done!
Finding genes in sequence #1107 (6793 bp)...done!
Finding genes in sequence #1108 (39882 bp)...done!
Finding genes in sequence #1109 (6737 bp)...done!
Finding genes in sequence #1110 (89215 bp)...done!
Finding genes in sequence #1111 (9649 bp)...done!
Finding genes in sequence #1112 (3775 bp)...done!
Finding genes in sequence #1113 (4547 bp)...done!
Finding genes in sequence #1114 (75050 bp)...done!
Finding genes in sequence #1115 (52517 bp)...done!
Finding genes in sequence #1116 (14344 bp)...done!
Finding genes in sequence #1117 (14248 bp)...done!
Finding genes in sequence #1118 (6385 bp)...done!
Finding genes in sequence #1119 (3903 bp)...done!
Finding genes in sequence #1120 (13632 bp)...done!
Finding genes in sequence #1121 (13834 bp)...done!
Finding genes in sequence #1122 (12364 bp)...done!
Finding genes in sequence #1123 (8371 bp)...done!
Finding genes in sequence #1124 (13517 bp)...done!
Finding genes in sequence #1125 (14072 bp)...done!
Finding genes in sequence #1126 (73509 bp)...done!
Finding genes in sequence #1127 (13378 bp)...done!
Finding genes in sequence #1128 (7042 bp)...done!
Finding genes in sequence #1129 (3353 bp)...done!
Finding genes in sequence #1130 (3567 bp)...done!
Finding genes in sequence #1131 (35310 bp)...done!
Finding genes in sequence #1132 (11391 bp)...done!
Finding genes in sequence #1133 (16257 bp)...done!
Finding genes in sequence #1134 (45819 bp)...done!
Finding genes in sequence #1135 (13739 bp)...done!
Finding genes in sequence #1136 (49336 bp)...done!
Finding genes in sequence #1137 (9105 bp)...done!
Finding genes in sequence #1138 (2875 bp)...done!
Finding genes in sequence #1139 (4117 bp)...done!
Finding genes in sequence #1140 (7067 bp)...done!
Finding genes in sequence #1141 (57276 bp)...done!
Finding genes in sequence #1142 (63668 bp)...done!
Finding genes in sequence #1143 (42858 bp)...done!
Finding genes in sequence #1144 (41956 bp)...done!
Finding genes in sequence #1145 (7019 bp)...done!
Finding genes in sequence #1146 (11906 bp)...done!
Finding genes in sequence #1147 (45555 bp)...done!
Finding genes in sequence #1148 (42727 bp)...done!
Finding genes in sequence #1149 (48203 bp)...done!
Finding genes in sequence #1150 (89798 bp)...done!
Finding genes in sequence #1151 (10143 bp)...done!
Finding genes in sequence #1152 (35046 bp)...done!
Finding genes in sequence #1153 (7359 bp)...done!
Finding genes in sequence #1154 (42842 bp)...done!
Finding genes in sequence #1155 (62060 bp)...done!
Finding genes in sequence #1156 (75736 bp)...done!
Finding genes in sequence #1157 (29142 bp)...done!
Finding genes in sequence #1158 (5108 bp)...done!
Finding genes in sequence #1159 (6686 bp)...done!
Finding genes in sequence #1160 (12629 bp)...done!
Finding genes in sequence #1161 (15138 bp)...done!
Finding genes in sequence #1162 (93717 bp)...done!
Finding genes in sequence #1163 (45025 bp)...done!
Finding genes in sequence #1164 (42419 bp)...done!
Finding genes in sequence #1165 (5080 bp)...done!
Finding genes in sequence #1166 (43009 bp)...done!
Finding genes in sequence #1167 (19507 bp)...done!
Finding genes in sequence #1168 (42032 bp)...done!
Finding genes in sequence #1169 (37095 bp)...done!
Finding genes in sequence #1170 (42671 bp)...done!
Finding genes in sequence #1171 (50756 bp)...done!
Finding genes in sequence #1172 (13190 bp)...done!
Finding genes in sequence #1173 (50442 bp)...done!
Finding genes in sequence #1174 (43095 bp)...done!
Finding genes in sequence #1175 (38613 bp)...done!
Finding genes in sequence #1176 (119255 bp)...done!
Finding genes in sequence #1177 (51615 bp)...done!
Finding genes in sequence #1178 (43496 bp)...done!
Finding genes in sequence #1179 (40709 bp)...done!
Finding genes in sequence #1180 (36831 bp)...done!
Finding genes in sequence #1181 (27865 bp)...done!
Finding genes in sequence #1182 (11786 bp)...done!
Finding genes in sequence #1183 (10846 bp)...done!
Finding genes in sequence #1184 (10176 bp)...done!
Finding genes in sequence #1185 (4959 bp)...done!
Finding genes in sequence #1186 (49546 bp)...done!
Finding genes in sequence #1187 (42936 bp)...done!
Finding genes in sequence #1188 (12995 bp)...done!
Finding genes in sequence #1189 (10008 bp)...done!
Finding genes in sequence #1190 (9787 bp)...done!
Finding genes in sequence #1191 (9635 bp)...done!
Finding genes in sequence #1192 (6213 bp)...done!
Finding genes in sequence #1193 (3349 bp)...done!
Finding genes in sequence #1194 (2842 bp)...done!
Finding genes in sequence #1195 (221705 bp)...done!
Finding genes in sequence #1196 (10295 bp)...done!
Finding genes in sequence #1197 (11838 bp)...done!
Finding genes in sequence #1198 (31299 bp)...done!
Finding genes in sequence #1199 (36782 bp)...done!
Finding genes in sequence #1200 (23598 bp)...done!
Finding genes in sequence #1201 (28900 bp)...done!
Finding genes in sequence #1202 (40401 bp)...done!
Finding genes in sequence #1203 (37060 bp)...done!
Finding genes in sequence #1204 (10039 bp)...done!
Finding genes in sequence #1205 (62170 bp)...done!
Finding genes in sequence #1206 (28270 bp)...done!
Finding genes in sequence #1207 (43872 bp)...done!
Finding genes in sequence #1208 (10116 bp)...done!
Finding genes in sequence #1209 (31780 bp)...done!
Finding genes in sequence #1210 (24668 bp)...done!
Finding genes in sequence #1211 (38975 bp)...done!
Finding genes in sequence #1212 (9994 bp)...done!
Finding genes in sequence #1213 (13784 bp)...done!
Finding genes in sequence #1214 (39866 bp)...done!
Finding genes in sequence #1215 (28808 bp)...done!
Finding genes in sequence #1216 (39435 bp)...done!
Finding genes in sequence #1217 (13002 bp)...done!
Finding genes in sequence #1218 (64635 bp)...done!
Finding genes in sequence #1219 (44548 bp)...done!
Finding genes in sequence #1220 (48715 bp)...done!
Finding genes in sequence #1221 (10052 bp)...done!
Finding genes in sequence #1222 (14086 bp)...done!
Finding genes in sequence #1223 (11137 bp)...done!
Finding genes in sequence #1224 (12454 bp)...done!
Finding genes in sequence #1225 (30837 bp)...done!
Finding genes in sequence #1226 (34581 bp)...done!
Finding genes in sequence #1227 (36754 bp)...done!
Finding genes in sequence #1228 (40721 bp)...done!
Finding genes in sequence #1229 (29445 bp)...done!
Finding genes in sequence #1230 (32136 bp)...done!
Finding genes in sequence #1231 (62462 bp)...done!
Finding genes in sequence #1232 (27847 bp)...done!
Finding genes in sequence #1233 (33341 bp)...done!
Finding genes in sequence #1234 (31612 bp)...done!
Finding genes in sequence #1235 (59499 bp)...done!
Finding genes in sequence #1236 (12319 bp)...done!
Finding genes in sequence #1237 (57653 bp)...done!
Finding genes in sequence #1238 (66452 bp)...done!
Finding genes in sequence #1239 (17796 bp)...done!
Finding genes in sequence #1240 (40930 bp)...done!
Finding genes in sequence #1241 (31877 bp)...done!
Finding genes in sequence #1242 (45495 bp)...done!
Finding genes in sequence #1243 (65831 bp)...done!
Finding genes in sequence #1244 (38911 bp)...done!
Finding genes in sequence #1245 (40828 bp)...done!
Finding genes in sequence #1246 (41448 bp)...done!
Finding genes in sequence #1247 (7516 bp)...done!
Finding genes in sequence #1248 (9923 bp)...done!
Finding genes in sequence #1249 (39536 bp)...done!
Finding genes in sequence #1250 (14438 bp)...done!
Finding genes in sequence #1251 (38376 bp)...done!
Finding genes in sequence #1252 (39779 bp)...done!
Finding genes in sequence #1253 (10787 bp)...done!
Finding genes in sequence #1254 (35950 bp)...done!
Finding genes in sequence #1255 (47514 bp)...done!
Finding genes in sequence #1256 (30030 bp)...done!
Finding genes in sequence #1257 (10360 bp)...done!
Finding genes in sequence #1258 (29013 bp)...done!
Finding genes in sequence #1259 (60069 bp)...done!
Finding genes in sequence #1260 (13080 bp)...done!
Finding genes in sequence #1261 (33055 bp)...done!
Finding genes in sequence #1262 (37017 bp)...done!
Finding genes in sequence #1263 (12342 bp)...done!
Finding genes in sequence #1264 (13259 bp)...done!
Finding genes in sequence #1265 (10219 bp)...done!
Finding genes in sequence #1266 (51222 bp)...done!
Finding genes in sequence #1267 (13115 bp)...done!
Finding genes in sequence #1268 (45139 bp)...done!
Finding genes in sequence #1269 (12106 bp)...done!
Finding genes in sequence #1270 (41284 bp)...done!
Finding genes in sequence #1271 (9895 bp)...done!
Finding genes in sequence #1272 (11583 bp)...done!
Finding genes in sequence #1273 (37020 bp)...done!
Finding genes in sequence #1274 (23323 bp)...done!
Finding genes in sequence #1275 (23227 bp)...done!
Finding genes in sequence #1276 (38172 bp)...done!
Finding genes in sequence #1277 (24107 bp)...done!
Finding genes in sequence #1278 (40604 bp)...done!
Finding genes in sequence #1279 (11258 bp)...done!
Finding genes in sequence #1280 (39721 bp)...done!
Finding genes in sequence #1281 (50695 bp)...done!
Finding genes in sequence #1282 (34656 bp)...done!
Finding genes in sequence #1283 (61255 bp)...done!
Finding genes in sequence #1284 (11341 bp)...done!
Finding genes in sequence #1285 (39676 bp)...done!
Finding genes in sequence #1286 (12106 bp)...done!
Finding genes in sequence #1287 (29479 bp)...done!
Finding genes in sequence #1288 (42847 bp)...done!
Finding genes in sequence #1289 (34323 bp)...done!
Finding genes in sequence #1290 (9911 bp)...done!
Finding genes in sequence #1291 (95322 bp)...done!
Finding genes in sequence #1292 (13300 bp)...done!
Finding genes in sequence #1293 (67234 bp)...done!
Finding genes in sequence #1294 (35027 bp)...done!
Finding genes in sequence #1295 (10700 bp)...done!
Finding genes in sequence #1296 (28984 bp)...done!
Finding genes in sequence #1297 (17789 bp)...done!
Finding genes in sequence #1298 (34684 bp)...done!
Finding genes in sequence #1299 (21566 bp)...done!
Finding genes in sequence #1300 (11836 bp)...done!
Finding genes in sequence #1301 (45919 bp)...done!
Finding genes in sequence #1302 (65788 bp)...done!
Finding genes in sequence #1303 (35027 bp)...done!
Finding genes in sequence #1304 (31780 bp)...done!
Finding genes in sequence #1305 (10498 bp)...done!
Finding genes in sequence #1306 (10121 bp)...done!
Finding genes in sequence #1307 (12722 bp)...done!
Finding genes in sequence #1308 (8907 bp)...done!
Finding genes in sequence #1309 (14277 bp)...done!
Finding genes in sequence #1310 (30761 bp)...done!
Finding genes in sequence #1311 (30668 bp)...done!
Finding genes in sequence #1312 (34731 bp)...done!
Finding genes in sequence #1313 (38470 bp)...done!
Finding genes in sequence #1314 (5942 bp)...done!
Finding genes in sequence #1315 (10025 bp)...done!
Finding genes in sequence #1316 (36137 bp)...done!
Finding genes in sequence #1317 (39434 bp)...done!
Finding genes in sequence #1318 (29596 bp)...done!
Finding genes in sequence #1319 (11259 bp)...done!
Finding genes in sequence #1320 (5768 bp)...done!
Finding genes in sequence #1321 (36140 bp)...done!
Finding genes in sequence #1322 (30476 bp)...done!
Finding genes in sequence #1323 (68564 bp)...done!
Finding genes in sequence #1324 (31491 bp)...done!
Finding genes in sequence #1325 (31491 bp)...done!
Finding genes in sequence #1326 (58609 bp)...done!
Finding genes in sequence #1327 (82138 bp)...done!
Finding genes in sequence #1328 (12733 bp)...done!
Finding genes in sequence #1329 (38470 bp)...done!
Finding genes in sequence #1330 (53390 bp)...done!
Finding genes in sequence #1331 (71977 bp)...done!
Finding genes in sequence #1332 (42622 bp)...done!
Finding genes in sequence #1333 (44300 bp)...done!
Finding genes in sequence #1334 (46173 bp)...done!
Finding genes in sequence #1335 (38696 bp)...done!
Finding genes in sequence #1336 (39759 bp)...done!
Finding genes in sequence #1337 (21282 bp)...done!
Finding genes in sequence #1338 (34703 bp)...done!
Finding genes in sequence #1339 (10348 bp)...done!
Finding genes in sequence #1340 (39865 bp)...done!
Finding genes in sequence #1341 (10268 bp)...done!
Finding genes in sequence #1342 (23599 bp)...done!
Finding genes in sequence #1343 (34660 bp)...done!
Finding genes in sequence #1344 (26713 bp)...done!
Finding genes in sequence #1345 (10269 bp)...done!
Finding genes in sequence #1346 (39463 bp)...done!
Finding genes in sequence #1347 (60901 bp)...done!
Finding genes in sequence #1348 (34703 bp)...done!
Finding genes in sequence #1349 (37023 bp)...done!
Finding genes in sequence #1350 (62166 bp)...done!
Finding genes in sequence #1351 (12820 bp)...done!
Finding genes in sequence #1352 (57653 bp)...done!
Finding genes in sequence #1353 (13002 bp)...done!
Finding genes in sequence #1354 (11663 bp)...done!
Finding genes in sequence #1355 (33395 bp)...done!
Finding genes in sequence #1356 (37232 bp)...done!
Finding genes in sequence #1357 (25439 bp)...done!
Finding genes in sequence #1358 (14003 bp)...done!
Finding genes in sequence #1359 (62683 bp)...done!
Finding genes in sequence #1360 (9923 bp)...done!
Finding genes in sequence #1361 (45380 bp)...done!
Finding genes in sequence #1362 (64726 bp)...done!
Finding genes in sequence #1363 (41454 bp)...done!
Finding genes in sequence #1364 (10699 bp)...done!
Finding genes in sequence #1365 (9911 bp)...done!
Finding genes in sequence #1366 (10968 bp)...done!
Finding genes in sequence #1367 (28996 bp)...done!
Finding genes in sequence #1368 (35050 bp)...done!
Finding genes in sequence #1369 (13723 bp)...done!
Finding genes in sequence #1370 (16107 bp)...done!
Finding genes in sequence #1371 (28243 bp)...done!
Finding genes in sequence #1372 (34743 bp)...done!
Finding genes in sequence #1373 (38882 bp)...done!
Finding genes in sequence #1374 (14003 bp)...done!
Finding genes in sequence #1375 (10349 bp)...done!
Finding genes in sequence #1376 (48700 bp)...done!
Finding genes in sequence #1377 (10130 bp)...done!
Finding genes in sequence #1378 (10465 bp)...done!
Finding genes in sequence #1379 (13764 bp)...done!
Finding genes in sequence #1380 (14034 bp)...done!
Finding genes in sequence #1381 (30030 bp)...done!
Finding genes in sequence #1382 (37777 bp)...done!
Finding genes in sequence #1383 (37938 bp)...done!
Finding genes in sequence #1384 (5439 bp)...done!
Finding genes in sequence #1385 (37153 bp)...done!
Finding genes in sequence #1386 (66263 bp)...done!
Finding genes in sequence #1387 (22487 bp)...done!
Finding genes in sequence #1388 (38285 bp)...done!
Finding genes in sequence #1389 (12978 bp)...done!
Finding genes in sequence #1390 (62171 bp)...done!
Finding genes in sequence #1391 (46812 bp)...done!
Finding genes in sequence #1392 (38125 bp)...done!
Finding genes in sequence #1393 (12272 bp)...done!
Finding genes in sequence #1394 (37909 bp)...done!
Finding genes in sequence #1395 (32680 bp)...done!
Finding genes in sequence #1396 (58609 bp)...done!
Finding genes in sequence #1397 (48217 bp)...done!
Finding genes in sequence #1398 (15669 bp)...done!
Finding genes in sequence #1399 (43707 bp)...done!
Finding genes in sequence #1400 (23982 bp)...done!
Finding genes in sequence #1401 (10097 bp)...done!
Finding genes in sequence #1402 (20415 bp)...done!
Finding genes in sequence #1403 (155011 bp)...done!
Finding genes in sequence #1404 (42622 bp)...done!
Finding genes in sequence #1405 (33326 bp)...done!
Finding genes in sequence #1406 (10787 bp)...done!
Finding genes in sequence #1407 (29445 bp)...done!
Finding genes in sequence #1408 (39872 bp)...done!
Finding genes in sequence #1409 (27237 bp)...done!
Finding genes in sequence #1410 (10219 bp)...done!
Finding genes in sequence #1411 (10669 bp)...done!
Finding genes in sequence #1412 (10009 bp)...done!
Finding genes in sequence #1413 (8102 bp)...done!
Finding genes in sequence #1414 (24099 bp)...done!
Finding genes in sequence #1415 (11054 bp)...done!
Finding genes in sequence #1416 (37366 bp)...done!
Finding genes in sequence #1417 (10164 bp)...done!
Finding genes in sequence #1418 (29348 bp)...done!
Finding genes in sequence #1419 (40963 bp)...done!
Finding genes in sequence #1420 (29000 bp)...done!
Finding genes in sequence #1421 (145390 bp)...done!
Finding genes in sequence #1422 (39015 bp)...done!
Finding genes in sequence #1423 (18718 bp)...done!
Finding genes in sequence #1424 (65822 bp)...done!
Finding genes in sequence #1425 (33810 bp)...done!
Finding genes in sequence #1426 (40721 bp)...done!
Finding genes in sequence #1427 (41673 bp)...done!
Finding genes in sequence #1428 (28995 bp)...done!
Finding genes in sequence #1429 (39417 bp)...done!
Finding genes in sequence #1430 (39152 bp)...done!
Finding genes in sequence #1431 (10010 bp)...done!
Finding genes in sequence #1432 (10625 bp)...done!
Finding genes in sequence #1433 (28974 bp)...done!
Finding genes in sequence #1434 (39554 bp)...done!
Finding genes in sequence #1435 (119157 bp)...done!
Finding genes in sequence #1436 (154969 bp)...done!
Finding genes in sequence #1437 (10178 bp)...done!
Finding genes in sequence #1438 (53954 bp)...done!
Finding genes in sequence #1439 (41806 bp)...done!
Finding genes in sequence #1440 (35768 bp)...done!
Finding genes in sequence #1441 (48971 bp)...done!
Finding genes in sequence #1442 (35584 bp)...done!
Finding genes in sequence #1443 (37475 bp)...done!
Finding genes in sequence #1444 (9986 bp)...done!
Finding genes in sequence #1445 (47237 bp)...done!
Finding genes in sequence #1446 (18948 bp)...done!
Finding genes in sequence #1447 (32106 bp)...done!
Finding genes in sequence #1448 (10879 bp)...done!
Finding genes in sequence #1449 (35153 bp)...done!
Finding genes in sequence #1450 (28093 bp)...done!
Finding genes in sequence #1451 (10504 bp)...done!
Finding genes in sequence #1452 (65472 bp)...done!
Finding genes in sequence #1453 (10007 bp)...done!
Finding genes in sequence #1454 (9994 bp)...done!
Finding genes in sequence #1455 (41744 bp)...done!
Finding genes in sequence #1456 (53394 bp)...done!
Finding genes in sequence #1457 (54183 bp)...done!
Finding genes in sequence #1458 (31047 bp)...done!
Finding genes in sequence #1459 (36292 bp)...done!
Finding genes in sequence #1460 (149312 bp)...done!
Finding genes in sequence #1461 (32556 bp)...done!
Finding genes in sequence #1462 (65329 bp)...done!
Finding genes in sequence #1463 (39065 bp)...done!
Finding genes in sequence #1464 (47039 bp)...done!
Finding genes in sequence #1465 (29556 bp)...done!
Finding genes in sequence #1466 (13869 bp)...done!
Finding genes in sequence #1467 (36798 bp)...done!
Finding genes in sequence #1468 (12445 bp)...done!
Finding genes in sequence #1469 (29479 bp)...done!
Finding genes in sequence #1470 (40419 bp)...done!
Finding genes in sequence #1471 (23216 bp)...done!
Finding genes in sequence #1472 (37663 bp)...done!
Finding genes in sequence #1473 (38911 bp)...done!
Finding genes in sequence #1474 (28031 bp)...done!
Finding genes in sequence #1475 (58279 bp)...done!
Finding genes in sequence #1476 (33969 bp)...done!
Finding genes in sequence #1477 (10024 bp)...done!
Finding genes in sequence #1478 (28782 bp)...done!
Finding genes in sequence #1479 (30131 bp)...done!
Finding genes in sequence #1480 (12951 bp)...done!
Finding genes in sequence #1481 (28954 bp)...done!
Finding genes in sequence #1482 (33055 bp)...done!
Finding genes in sequence #1483 (40722 bp)...done!
Finding genes in sequence #1484 (9921 bp)...done!
Finding genes in sequence #1485 (10164 bp)...done!
Finding genes in sequence #1486 (35280 bp)...done!
Finding genes in sequence #1487 (35990 bp)...done!
Finding genes in sequence #1488 (12410 bp)...done!
Finding genes in sequence #1489 (36013 bp)...done!
Finding genes in sequence #1490 (35939 bp)...done!
Finding genes in sequence #1491 (10097 bp)...done!
Finding genes in sequence #1492 (10345 bp)...done!
Finding genes in sequence #1493 (18817 bp)...done!
Finding genes in sequence #1494 (36137 bp)...done!
Finding genes in sequence #1495 (10999 bp)...done!
Finding genes in sequence #1496 (13445 bp)...done!
Finding genes in sequence #1497 (10345 bp)...done!
Finding genes in sequence #1498 (42507 bp)...done!
Finding genes in sequence #1499 (32985 bp)...done!
Finding genes in sequence #1500 (48771 bp)...done!
Finding genes in sequence #1501 (29553 bp)...done!
Finding genes in sequence #1502 (23431 bp)...done!
Finding genes in sequence #1503 (31299 bp)...done!
Finding genes in sequence #1504 (133661 bp)...done!
Finding genes in sequence #1505 (24000 bp)...done!
Finding genes in sequence #1506 (40677 bp)...done!
Finding genes in sequence #1507 (25399 bp)...done!
Finding genes in sequence #1508 (153616 bp)...done!
Finding genes in sequence #1509 (42318 bp)...done!
Finding genes in sequence #1510 (37545 bp)...done!
Finding genes in sequence #1511 (28200 bp)...done!
Finding genes in sequence #1512 (14708 bp)...done!
Finding genes in sequence #1513 (40846 bp)...done!
Finding genes in sequence #1514 (66960 bp)...done!
Finding genes in sequence #1515 (40001 bp)...done!
Finding genes in sequence #1516 (36982 bp)...done!
Finding genes in sequence #1517 (37556 bp)...done!
Finding genes in sequence #1518 (39407 bp)...done!
Finding genes in sequence #1519 (39267 bp)...done!
Finding genes in sequence #1520 (23656 bp)...done!
Finding genes in sequence #1521 (10783 bp)...done!
Finding genes in sequence #1522 (23143 bp)...done!
Finding genes in sequence #1523 (35695 bp)...done!
Finding genes in sequence #1524 (16633 bp)...done!
Finding genes in sequence #1525 (29321 bp)...done!
Finding genes in sequence #1526 (44897 bp)...done!
Finding genes in sequence #1527 (10588 bp)...done!
Finding genes in sequence #1528 (43299 bp)...done!
Finding genes in sequence #1529 (31311 bp)...done!
Finding genes in sequence #1530 (11174 bp)...done!
Finding genes in sequence #1531 (38614 bp)...done!
Finding genes in sequence #1532 (16188 bp)...done!
Finding genes in sequence #1533 (30941 bp)...done!
Finding genes in sequence #1534 (35362 bp)...done!
Finding genes in sequence #1535 (44094 bp)...done!
Finding genes in sequence #1536 (36686 bp)...done!
Finding genes in sequence #1537 (38703 bp)...done!
Finding genes in sequence #1538 (58199 bp)...done!
Finding genes in sequence #1539 (50119 bp)...done!
Finding genes in sequence #1540 (39796 bp)...done!
Finding genes in sequence #1541 (10065 bp)...done!
Finding genes in sequence #1542 (59944 bp)...done!
Finding genes in sequence #1543 (28527 bp)...done!
Finding genes in sequence #1544 (10740 bp)...done!
Finding genes in sequence #1545 (29860 bp)...done!
Finding genes in sequence #1546 (35397 bp)...done!
Finding genes in sequence #1547 (38548 bp)...done!
Finding genes in sequence #1548 (38598 bp)...done!
Finding genes in sequence #1549 (36434 bp)...done!
Finding genes in sequence #1550 (10644 bp)...done!
Finding genes in sequence #1551 (60069 bp)...done!
Finding genes in sequence #1552 (66615 bp)...done!
Finding genes in sequence #1553 (6830 bp)...done!
Finding genes in sequence #1554 (34717 bp)...done!
Finding genes in sequence #1555 (39152 bp)...done!
Finding genes in sequence #1556 (33131 bp)...done!
Finding genes in sequence #1557 (26714 bp)...done!
Finding genes in sequence #1558 (39874 bp)...done!
Finding genes in sequence #1559 (41236 bp)...done!
Finding genes in sequence #1560 (35850 bp)...done!
Finding genes in sequence #1561 (43306 bp)...done!
Finding genes in sequence #1562 (15623 bp)...done!
Finding genes in sequence #1563 (5110 bp)...done!
Finding genes in sequence #1564 (41628 bp)...done!
Finding genes in sequence #1565 (22753 bp)...done!
Finding genes in sequence #1566 (62445 bp)...done!
Finding genes in sequence #1567 (5422 bp)...done!
Finding genes in sequence #1568 (30534 bp)...done!
Finding genes in sequence #1569 (41843 bp)...done!
Finding genes in sequence #1570 (29000 bp)...done!
Finding genes in sequence #1571 (40161 bp)...done!
Finding genes in sequence #1572 (90358 bp)...done!
Finding genes in sequence #1573 (42021 bp)...done!
Finding genes in sequence #1574 (45503 bp)...done!
Finding genes in sequence #1575 (5462 bp)...done!
Finding genes in sequence #1576 (12387 bp)...done!
Finding genes in sequence #1577 (59010 bp)...done!
Finding genes in sequence #1578 (15314 bp)...done!
Finding genes in sequence #1579 (34789 bp)...done!
Finding genes in sequence #1580 (41559 bp)...done!
Finding genes in sequence #1581 (25682 bp)...done!
Finding genes in sequence #1582 (26984 bp)...done!
Finding genes in sequence #1583 (12158 bp)...done!
Finding genes in sequence #1584 (32140 bp)...done!
Finding genes in sequence #1585 (45889 bp)...done!
Finding genes in sequence #1586 (12949 bp)...done!
Finding genes in sequence #1587 (20688 bp)...done!
Finding genes in sequence #1588 (11463 bp)...done!
Finding genes in sequence #1589 (45139 bp)...done!
Finding genes in sequence #1590 (40151 bp)...done!
Finding genes in sequence #1591 (20782 bp)...done!
Finding genes in sequence #1592 (9921 bp)...done!
Finding genes in sequence #1593 (37056 bp)...done!
Finding genes in sequence #1594 (40276 bp)...done!
Finding genes in sequence #1595 (35584 bp)...done!
Finding genes in sequence #1596 (27344 bp)...done!
Finding genes in sequence #1597 (10621 bp)...done!
Finding genes in sequence #1598 (10852 bp)...done!
Finding genes in sequence #1599 (34504 bp)...done!
Finding genes in sequence #1600 (27805 bp)...done!
Finding genes in sequence #1601 (43684 bp)...done!
Finding genes in sequence #1602 (13292 bp)...done!
Finding genes in sequence #1603 (38939 bp)...done!
Finding genes in sequence #1604 (34772 bp)...done!
Finding genes in sequence #1605 (37100 bp)...done!
Finding genes in sequence #1606 (45893 bp)...done!
Finding genes in sequence #1607 (30756 bp)...done!
Finding genes in sequence #1608 (28515 bp)...done!
Finding genes in sequence #1609 (67975 bp)...done!
Finding genes in sequence #1610 (29026 bp)...done!
Finding genes in sequence #1611 (36553 bp)...done!
Finding genes in sequence #1612 (69433 bp)...done!
Finding genes in sequence #1613 (13522 bp)...done!
Finding genes in sequence #1614 (162698 bp)...done!
Finding genes in sequence #1615 (67658 bp)...done!
Finding genes in sequence #1616 (10456 bp)...done!
Finding genes in sequence #1617 (33711 bp)...done!
Finding genes in sequence #1618 (64934 bp)...done!
Finding genes in sequence #1619 (41609 bp)...done!
Finding genes in sequence #1620 (36031 bp)...done!
Finding genes in sequence #1621 (11828 bp)...done!
Finding genes in sequence #1622 (15339 bp)...done!
Finding genes in sequence #1623 (37233 bp)...done!
Finding genes in sequence #1624 (50190 bp)...done!
Finding genes in sequence #1625 (37556 bp)...done!
Finding genes in sequence #1626 (42315 bp)...done!
Finding genes in sequence #1627 (41673 bp)...done!
Finding genes in sequence #1628 (21776 bp)...done!
Finding genes in sequence #1629 (44753 bp)...done!
Finding genes in sequence #1630 (17216 bp)...done!
Finding genes in sequence #1631 (38995 bp)...done!
Finding genes in sequence #1632 (25480 bp)...done!
Finding genes in sequence #1633 (10939 bp)...done!
Finding genes in sequence #1634 (39015 bp)...done!
Finding genes in sequence #1635 (61887 bp)...done!
Finding genes in sequence #1636 (9923 bp)...done!
Finding genes in sequence #1637 (62780 bp)...done!
Finding genes in sequence #1638 (13567 bp)...done!
Finding genes in sequence #1639 (12919 bp)...done!
Finding genes in sequence #1640 (5323 bp)...done!
Finding genes in sequence #1641 (53476 bp)...done!
Finding genes in sequence #1642 (66108 bp)...done!
Finding genes in sequence #1643 (42163 bp)...done!
Finding genes in sequence #1644 (68251 bp)...done!
Finding genes in sequence #1645 (7465 bp)...done!
Finding genes in sequence #1646 (13393 bp)...done!
Finding genes in sequence #1647 (34172 bp)...done!
Finding genes in sequence #1648 (33645 bp)...done!
Finding genes in sequence #1649 (64343 bp)...done!
Finding genes in sequence #1650 (13780 bp)...done!
Finding genes in sequence #1651 (12873 bp)...done!
Finding genes in sequence #1652 (9982 bp)...done!
Finding genes in sequence #1653 (36278 bp)...done!
Finding genes in sequence #1654 (149565 bp)...done!
Finding genes in sequence #1655 (67973 bp)...done!
Finding genes in sequence #1656 (28915 bp)...done!
Finding genes in sequence #1657 (18123 bp)...done!
Finding genes in sequence #1658 (9991 bp)...done!
Finding genes in sequence #1659 (55763 bp)...done!
Finding genes in sequence #1660 (32347 bp)...done!
Finding genes in sequence #1661 (40846 bp)...done!
Finding genes in sequence #1662 (41815 bp)...done!
Finding genes in sequence #1663 (29157 bp)...done!
Finding genes in sequence #1664 (23530 bp)...done!
Finding genes in sequence #1665 (47086 bp)...done!
Finding genes in sequence #1666 (31300 bp)...done!
Finding genes in sequence #1667 (35347 bp)...done!
Finding genes in sequence #1668 (14579 bp)...done!
Finding genes in sequence #1669 (10200 bp)...done!
Finding genes in sequence #1670 (36276 bp)...done!
Finding genes in sequence #1671 (40866 bp)...done!
Finding genes in sequence #1672 (12935 bp)...done!
Finding genes in sequence #1673 (49574 bp)...done!
Finding genes in sequence #1674 (15130 bp)...done!
Finding genes in sequence #1675 (27025 bp)...done!
Finding genes in sequence #1676 (10429 bp)...done!
Finding genes in sequence #1677 (31038 bp)...done!
Finding genes in sequence #1678 (28913 bp)...done!
Finding genes in sequence #1679 (38902 bp)...done!
Finding genes in sequence #1680 (11163 bp)...done!
Finding genes in sequence #1681 (70737 bp)...done!
Finding genes in sequence #1682 (9993 bp)...done!
Finding genes in sequence #1683 (39872 bp)...done!
Finding genes in sequence #1684 (6117 bp)...done!
Finding genes in sequence #1685 (34265 bp)...done!
Finding genes in sequence #1686 (73128 bp)...done!
Finding genes in sequence #1687 (10219 bp)...done!
Finding genes in sequence #1688 (38703 bp)...done!
Finding genes in sequence #1689 (33524 bp)...done!
Finding genes in sequence #1690 (15265 bp)...done!
Finding genes in sequence #1691 (12164 bp)...done!
Finding genes in sequence #1692 (39554 bp)...done!
Finding genes in sequence #1693 (38568 bp)...done!
Finding genes in sequence #1694 (10505 bp)...done!
Finding genes in sequence #1695 (47820 bp)...done!
Finding genes in sequence #1696 (79015 bp)...done!
Finding genes in sequence #1697 (36784 bp)...done!
Finding genes in sequence #1698 (29860 bp)...done!
Finding genes in sequence #1699 (154012 bp)...done!
Finding genes in sequence #1700 (30213 bp)...done!
Finding genes in sequence #1701 (66226 bp)...done!
Finding genes in sequence #1702 (10499 bp)...done!
Finding genes in sequence #1703 (46307 bp)...done!
