-------------------------------------
PRODIGAL v2.6.3 [February, 2016]         
Univ of Tenn / Oak Ridge National Lab
Doug Hyatt, Loren Hauser, et al.     
-------------------------------------
Request:  Metagenomic, Phase:  Training
Initializing training files...done!
-------------------------------------
Request:  Metagenomic, Phase:  Gene Finding
Finding genes in sequence #1 (10386 bp)...done!
Finding genes in sequence #2 (5041 bp)...done!
Finding genes in sequence #3 (1723 bp)...done!
Finding genes in sequence #4 (1495 bp)...done!
Finding genes in sequence #5 (1379 bp)...done!
Finding genes in sequence #6 (1351 bp)...done!
Finding genes in sequence #7 (1225 bp)...done!
Finding genes in sequence #8 (1209 bp)...done!
Finding genes in sequence #9 (1159 bp)...done!
Finding genes in sequence #10 (1143 bp)...done!
Finding genes in sequence #11 (1129 bp)...done!
Finding genes in sequence #12 (1073 bp)...done!
Finding genes in sequence #13 (1045 bp)...done!
Finding genes in sequence #14 (997 bp)...done!
Finding genes in sequence #15 (963 bp)...done!
Finding genes in sequence #16 (949 bp)...done!
