-------------------------------------
PRODIGAL v2.6.3 [February, 2016]         
Univ of Tenn / Oak Ridge National Lab
Doug Hyatt, Loren Hauser, et al.     
-------------------------------------
Request:  Metagenomic, Phase:  Training
Initializing training files...done!
-------------------------------------
Request:  Metagenomic, Phase:  Gene Finding
Finding genes in sequence #1 (21066 bp)...done!
Finding genes in sequence #2 (11494 bp)...done!
Finding genes in sequence #3 (11200 bp)...done!
Finding genes in sequence #4 (10909 bp)...done!
Finding genes in sequence #5 (10650 bp)...done!
Finding genes in sequence #6 (8181 bp)...done!
Finding genes in sequence #7 (7387 bp)...done!
Finding genes in sequence #8 (4959 bp)...done!
Finding genes in sequence #9 (4901 bp)...done!
Finding genes in sequence #10 (3743 bp)...done!
Finding genes in sequence #11 (2951 bp)...done!
Finding genes in sequence #12 (1933 bp)...done!
Finding genes in sequence #13 (1861 bp)...done!
Finding genes in sequence #14 (1777 bp)...done!
Finding genes in sequence #15 (1423 bp)...done!
