-------------------------------------
PRODIGAL v2.6.3 [February, 2016]         
Univ of Tenn / Oak Ridge National Lab
Doug Hyatt, Loren Hauser, et al.     
-------------------------------------
Request:  Metagenomic, Phase:  Training
Initializing training files...done!
-------------------------------------
Request:  Metagenomic, Phase:  Gene Finding
Finding genes in sequence #1 (21476 bp)...done!
Finding genes in sequence #2 (13212 bp)...done!
Finding genes in sequence #3 (11521 bp)...done!
Finding genes in sequence #4 (4865 bp)...done!
Finding genes in sequence #5 (4545 bp)...done!
Finding genes in sequence #6 (4503 bp)...done!
Finding genes in sequence #7 (4317 bp)...done!
Finding genes in sequence #8 (3563 bp)...done!
Finding genes in sequence #9 (3535 bp)...done!
Finding genes in sequence #10 (3305 bp)...done!
Finding genes in sequence #11 (2613 bp)...done!
Finding genes in sequence #12 (2509 bp)...done!
Finding genes in sequence #13 (2491 bp)...done!
Finding genes in sequence #14 (2491 bp)...done!
Finding genes in sequence #15 (2489 bp)...done!
Finding genes in sequence #16 (2339 bp)...done!
Finding genes in sequence #17 (2333 bp)...done!
Finding genes in sequence #18 (2311 bp)...done!
Finding genes in sequence #19 (2307 bp)...done!
Finding genes in sequence #20 (2281 bp)...done!
Finding genes in sequence #21 (2167 bp)...done!
Finding genes in sequence #22 (2053 bp)...done!
Finding genes in sequence #23 (2041 bp)...done!
Finding genes in sequence #24 (2031 bp)...done!
Finding genes in sequence #25 (1995 bp)...done!
Finding genes in sequence #26 (1885 bp)...done!
Finding genes in sequence #27 (1875 bp)...done!
Finding genes in sequence #28 (1855 bp)...done!
Finding genes in sequence #29 (1825 bp)...done!
Finding genes in sequence #30 (1813 bp)...done!
Finding genes in sequence #31 (1799 bp)...done!
Finding genes in sequence #32 (1789 bp)...done!
Finding genes in sequence #33 (1785 bp)...done!
Finding genes in sequence #34 (1773 bp)...done!
Finding genes in sequence #35 (1773 bp)...done!
Finding genes in sequence #36 (1759 bp)...done!
Finding genes in sequence #37 (1753 bp)...done!
Finding genes in sequence #38 (1711 bp)...done!
Finding genes in sequence #39 (1651 bp)...done!
Finding genes in sequence #40 (1699 bp)...done!
Finding genes in sequence #41 (1685 bp)...done!
Finding genes in sequence #42 (1681 bp)...done!
Finding genes in sequence #43 (1583 bp)...done!
Finding genes in sequence #44 (1577 bp)...done!
Finding genes in sequence #45 (1569 bp)...done!
Finding genes in sequence #46 (1551 bp)...done!
Finding genes in sequence #47 (1533 bp)...done!
Finding genes in sequence #48 (1513 bp)...done!
Finding genes in sequence #49 (1503 bp)...done!
Finding genes in sequence #50 (1491 bp)...done!
Finding genes in sequence #51 (1489 bp)...done!
Finding genes in sequence #52 (1455 bp)...done!
Finding genes in sequence #53 (1441 bp)...done!
Finding genes in sequence #54 (1433 bp)...done!
Finding genes in sequence #55 (1423 bp)...done!
Finding genes in sequence #56 (1419 bp)...done!
Finding genes in sequence #57 (1415 bp)...done!
Finding genes in sequence #58 (1415 bp)...done!
Finding genes in sequence #59 (1407 bp)...done!
Finding genes in sequence #60 (1381 bp)...done!
Finding genes in sequence #61 (1363 bp)...done!
Finding genes in sequence #62 (1359 bp)...done!
Finding genes in sequence #63 (1345 bp)...done!
Finding genes in sequence #64 (1341 bp)...done!
Finding genes in sequence #65 (1339 bp)...done!
Finding genes in sequence #66 (1319 bp)...done!
Finding genes in sequence #67 (1319 bp)...done!
Finding genes in sequence #68 (1317 bp)...done!
Finding genes in sequence #69 (1288 bp)...done!
Finding genes in sequence #70 (1277 bp)...done!
Finding genes in sequence #71 (1261 bp)...done!
Finding genes in sequence #72 (1255 bp)...done!
Finding genes in sequence #73 (1245 bp)...done!
Finding genes in sequence #74 (1235 bp)...done!
Finding genes in sequence #75 (1229 bp)...done!
Finding genes in sequence #76 (1221 bp)...done!
Finding genes in sequence #77 (1207 bp)...done!
Finding genes in sequence #78 (1205 bp)...done!
Finding genes in sequence #79 (1193 bp)...done!
Finding genes in sequence #80 (1189 bp)...done!
Finding genes in sequence #81 (1185 bp)...done!
Finding genes in sequence #82 (1179 bp)...done!
Finding genes in sequence #83 (1169 bp)...done!
Finding genes in sequence #84 (1163 bp)...done!
Finding genes in sequence #85 (1159 bp)...done!
Finding genes in sequence #86 (1113 bp)...done!
Finding genes in sequence #87 (1103 bp)...done!
Finding genes in sequence #88 (1095 bp)...done!
Finding genes in sequence #89 (1091 bp)...done!
Finding genes in sequence #90 (1089 bp)...done!
Finding genes in sequence #91 (1075 bp)...done!
Finding genes in sequence #92 (1069 bp)...done!
Finding genes in sequence #93 (1065 bp)...done!
Finding genes in sequence #94 (1063 bp)...done!
Finding genes in sequence #95 (1057 bp)...done!
Finding genes in sequence #96 (1057 bp)...done!
Finding genes in sequence #97 (1058 bp)...done!
Finding genes in sequence #98 (1055 bp)...done!
Finding genes in sequence #99 (1053 bp)...done!
Finding genes in sequence #100 (1047 bp)...done!
Finding genes in sequence #101 (1027 bp)...done!
Finding genes in sequence #102 (1027 bp)...done!
Finding genes in sequence #103 (1004 bp)...done!
Finding genes in sequence #104 (1013 bp)...done!
Finding genes in sequence #105 (1009 bp)...done!
Finding genes in sequence #106 (1007 bp)...done!
Finding genes in sequence #107 (993 bp)...done!
Finding genes in sequence #108 (993 bp)...done!
Finding genes in sequence #109 (991 bp)...done!
Finding genes in sequence #110 (991 bp)...done!
Finding genes in sequence #111 (961 bp)...done!
Finding genes in sequence #112 (945 bp)...done!
