-------------------------------------
PRODIGAL v2.6.3 [February, 2016]         
Univ of Tenn / Oak Ridge National Lab
Doug Hyatt, Loren Hauser, et al.     
-------------------------------------
Request:  Metagenomic, Phase:  Training
Initializing training files...done!
-------------------------------------
Request:  Metagenomic, Phase:  Gene Finding
Finding genes in sequence #1 (15273 bp)...done!
Finding genes in sequence #2 (15109 bp)...done!
Finding genes in sequence #3 (12271 bp)...done!
Finding genes in sequence #4 (10700 bp)...done!
Finding genes in sequence #5 (10459 bp)...done!
Finding genes in sequence #6 (9077 bp)...done!
Finding genes in sequence #7 (6703 bp)...done!
Finding genes in sequence #8 (6519 bp)...done!
Finding genes in sequence #9 (6203 bp)...done!
Finding genes in sequence #10 (5905 bp)...done!
Finding genes in sequence #11 (4623 bp)...done!
Finding genes in sequence #12 (3647 bp)...done!
Finding genes in sequence #13 (3493 bp)...done!
Finding genes in sequence #14 (3273 bp)...done!
Finding genes in sequence #15 (2683 bp)...done!
Finding genes in sequence #16 (2677 bp)...done!
Finding genes in sequence #17 (2551 bp)...done!
Finding genes in sequence #18 (2119 bp)...done!
Finding genes in sequence #19 (2041 bp)...done!
Finding genes in sequence #20 (1855 bp)...done!
Finding genes in sequence #21 (1839 bp)...done!
Finding genes in sequence #22 (1837 bp)...done!
Finding genes in sequence #23 (1699 bp)...done!
Finding genes in sequence #24 (1621 bp)...done!
Finding genes in sequence #25 (1453 bp)...done!
Finding genes in sequence #26 (1441 bp)...done!
Finding genes in sequence #27 (1417 bp)...done!
Finding genes in sequence #28 (1411 bp)...done!
Finding genes in sequence #29 (1345 bp)...done!
Finding genes in sequence #30 (1327 bp)...done!
Finding genes in sequence #31 (1315 bp)...done!
Finding genes in sequence #32 (1285 bp)...done!
Finding genes in sequence #33 (1279 bp)...done!
Finding genes in sequence #34 (1273 bp)...done!
Finding genes in sequence #35 (1273 bp)...done!
Finding genes in sequence #36 (1267 bp)...done!
Finding genes in sequence #37 (1255 bp)...done!
Finding genes in sequence #38 (1235 bp)...done!
Finding genes in sequence #39 (1231 bp)...done!
Finding genes in sequence #40 (1177 bp)...done!
Finding genes in sequence #41 (1153 bp)...done!
Finding genes in sequence #42 (1109 bp)...done!
Finding genes in sequence #43 (1093 bp)...done!
Finding genes in sequence #44 (1081 bp)...done!
Finding genes in sequence #45 (1075 bp)...done!
Finding genes in sequence #46 (1057 bp)...done!
Finding genes in sequence #47 (1051 bp)...done!
Finding genes in sequence #48 (1027 bp)...done!
Finding genes in sequence #49 (979 bp)...done!
Finding genes in sequence #50 (979 bp)...done!
Finding genes in sequence #51 (973 bp)...done!
Finding genes in sequence #52 (955 bp)...done!
Finding genes in sequence #53 (949 bp)...done!
Finding genes in sequence #54 (949 bp)...done!
