-------------------------------------
PRODIGAL v2.6.3 [February, 2016]         
Univ of Tenn / Oak Ridge National Lab
Doug Hyatt, Loren Hauser, et al.     
-------------------------------------
Request:  Metagenomic, Phase:  Training
Initializing training files...done!
-------------------------------------
Request:  Metagenomic, Phase:  Gene Finding
Finding genes in sequence #1 (4447 bp)...done!
Finding genes in sequence #2 (3193 bp)...done!
Finding genes in sequence #3 (3103 bp)...done!
Finding genes in sequence #4 (2957 bp)...done!
Finding genes in sequence #5 (2857 bp)...done!
Finding genes in sequence #6 (2353 bp)...done!
Finding genes in sequence #7 (1937 bp)...done!
Finding genes in sequence #8 (1813 bp)...done!
Finding genes in sequence #9 (1795 bp)...done!
Finding genes in sequence #10 (1723 bp)...done!
Finding genes in sequence #11 (1651 bp)...done!
Finding genes in sequence #12 (1483 bp)...done!
Finding genes in sequence #13 (1441 bp)...done!
Finding genes in sequence #14 (1399 bp)...done!
Finding genes in sequence #15 (1369 bp)...done!
Finding genes in sequence #16 (1369 bp)...done!
Finding genes in sequence #17 (1357 bp)...done!
Finding genes in sequence #18 (1285 bp)...done!
Finding genes in sequence #19 (1267 bp)...done!
Finding genes in sequence #20 (1225 bp)...done!
Finding genes in sequence #21 (1183 bp)...done!
Finding genes in sequence #22 (1177 bp)...done!
Finding genes in sequence #23 (1177 bp)...done!
Finding genes in sequence #24 (1165 bp)...done!
Finding genes in sequence #25 (1161 bp)...done!
Finding genes in sequence #26 (1153 bp)...done!
Finding genes in sequence #27 (1135 bp)...done!
Finding genes in sequence #28 (1093 bp)...done!
Finding genes in sequence #29 (1075 bp)...done!
Finding genes in sequence #30 (1069 bp)...done!
Finding genes in sequence #31 (1063 bp)...done!
Finding genes in sequence #32 (1039 bp)...done!
Finding genes in sequence #33 (1039 bp)...done!
Finding genes in sequence #34 (1039 bp)...done!
Finding genes in sequence #35 (1039 bp)...done!
Finding genes in sequence #36 (1027 bp)...done!
Finding genes in sequence #37 (1027 bp)...done!
Finding genes in sequence #38 (1027 bp)...done!
Finding genes in sequence #39 (1009 bp)...done!
Finding genes in sequence #40 (985 bp)...done!
Finding genes in sequence #41 (973 bp)...done!
Finding genes in sequence #42 (973 bp)...done!
Finding genes in sequence #43 (967 bp)...done!
Finding genes in sequence #44 (951 bp)...done!
Finding genes in sequence #45 (949 bp)...done!
Finding genes in sequence #46 (949 bp)...done!
