-------------------------------------
PRODIGAL v2.6.3 [February, 2016]         
Univ of Tenn / Oak Ridge National Lab
Doug Hyatt, Loren Hauser, et al.     
-------------------------------------
Request:  Metagenomic, Phase:  Training
Initializing training files...done!
-------------------------------------
Request:  Metagenomic, Phase:  Gene Finding
Finding genes in sequence #1 (6831 bp)...done!
Finding genes in sequence #2 (6543 bp)...done!
Finding genes in sequence #3 (5541 bp)...done!
Finding genes in sequence #4 (2616 bp)...done!
Finding genes in sequence #5 (1807 bp)...done!
Finding genes in sequence #6 (1755 bp)...done!
Finding genes in sequence #7 (1733 bp)...done!
Finding genes in sequence #8 (1725 bp)...done!
Finding genes in sequence #9 (1609 bp)...done!
Finding genes in sequence #10 (1459 bp)...done!
Finding genes in sequence #11 (1407 bp)...done!
Finding genes in sequence #12 (1339 bp)...done!
Finding genes in sequence #13 (1291 bp)...done!
Finding genes in sequence #14 (1285 bp)...done!
Finding genes in sequence #15 (1279 bp)...done!
Finding genes in sequence #16 (1207 bp)...done!
Finding genes in sequence #17 (1189 bp)...done!
Finding genes in sequence #18 (1165 bp)...done!
Finding genes in sequence #19 (1163 bp)...done!
Finding genes in sequence #20 (1035 bp)...done!
Finding genes in sequence #21 (1033 bp)...done!
Finding genes in sequence #22 (979 bp)...done!
Finding genes in sequence #23 (973 bp)...done!
Finding genes in sequence #24 (973 bp)...done!
Finding genes in sequence #25 (959 bp)...done!
Finding genes in sequence #26 (945 bp)...done!
