-------------------------------------
PRODIGAL v2.6.3 [February, 2016]         
Univ of Tenn / Oak Ridge National Lab
Doug Hyatt, Loren Hauser, et al.     
-------------------------------------
Request:  Metagenomic, Phase:  Training
Initializing training files...done!
-------------------------------------
Request:  Metagenomic, Phase:  Gene Finding
Finding genes in sequence #1 (53839 bp)...done!
Finding genes in sequence #2 (12438 bp)...done!
Finding genes in sequence #3 (9707 bp)...done!
Finding genes in sequence #4 (8893 bp)...done!
Finding genes in sequence #5 (5779 bp)...done!
Finding genes in sequence #6 (5647 bp)...done!
Finding genes in sequence #7 (5381 bp)...done!
Finding genes in sequence #8 (5015 bp)...done!
Finding genes in sequence #9 (4559 bp)...done!
Finding genes in sequence #10 (4459 bp)...done!
Finding genes in sequence #11 (4421 bp)...done!
Finding genes in sequence #12 (4221 bp)...done!
Finding genes in sequence #13 (4041 bp)...done!
Finding genes in sequence #14 (3903 bp)...done!
Finding genes in sequence #15 (3887 bp)...done!
Finding genes in sequence #16 (3877 bp)...done!
Finding genes in sequence #17 (3835 bp)...done!
Finding genes in sequence #18 (3547 bp)...done!
Finding genes in sequence #19 (3433 bp)...done!
Finding genes in sequence #20 (3367 bp)...done!
Finding genes in sequence #21 (3037 bp)...done!
Finding genes in sequence #22 (2833 bp)...done!
Finding genes in sequence #23 (2773 bp)...done!
Finding genes in sequence #24 (2629 bp)...done!
Finding genes in sequence #25 (2557 bp)...done!
Finding genes in sequence #26 (2545 bp)...done!
Finding genes in sequence #27 (2533 bp)...done!
Finding genes in sequence #28 (2515 bp)...done!
Finding genes in sequence #29 (2395 bp)...done!
Finding genes in sequence #30 (2313 bp)...done!
Finding genes in sequence #31 (2209 bp)...done!
Finding genes in sequence #32 (2191 bp)...done!
Finding genes in sequence #33 (2185 bp)...done!
Finding genes in sequence #34 (2167 bp)...done!
Finding genes in sequence #35 (2157 bp)...done!
Finding genes in sequence #36 (2149 bp)...done!
Finding genes in sequence #37 (2143 bp)...done!
Finding genes in sequence #38 (2123 bp)...done!
Finding genes in sequence #39 (2095 bp)...done!
Finding genes in sequence #40 (2047 bp)...done!
Finding genes in sequence #41 (2025 bp)...done!
Finding genes in sequence #42 (2023 bp)...done!
Finding genes in sequence #43 (2023 bp)...done!
Finding genes in sequence #44 (1999 bp)...done!
Finding genes in sequence #45 (1921 bp)...done!
Finding genes in sequence #46 (1919 bp)...done!
Finding genes in sequence #47 (1909 bp)...done!
Finding genes in sequence #48 (1873 bp)...done!
Finding genes in sequence #49 (1855 bp)...done!
Finding genes in sequence #50 (1837 bp)...done!
Finding genes in sequence #51 (1831 bp)...done!
Finding genes in sequence #52 (1813 bp)...done!
Finding genes in sequence #53 (1795 bp)...done!
Finding genes in sequence #54 (1795 bp)...done!
Finding genes in sequence #55 (1795 bp)...done!
Finding genes in sequence #56 (1795 bp)...done!
Finding genes in sequence #57 (1771 bp)...done!
Finding genes in sequence #58 (1747 bp)...done!
Finding genes in sequence #59 (1741 bp)...done!
Finding genes in sequence #60 (1735 bp)...done!
Finding genes in sequence #61 (1723 bp)...done!
Finding genes in sequence #62 (1711 bp)...done!
Finding genes in sequence #63 (1705 bp)...done!
Finding genes in sequence #64 (1663 bp)...done!
Finding genes in sequence #65 (1651 bp)...done!
Finding genes in sequence #66 (1639 bp)...done!
Finding genes in sequence #67 (1615 bp)...done!
Finding genes in sequence #68 (1591 bp)...done!
Finding genes in sequence #69 (1585 bp)...done!
Finding genes in sequence #70 (1579 bp)...done!
Finding genes in sequence #71 (1549 bp)...done!
Finding genes in sequence #72 (1549 bp)...done!
Finding genes in sequence #73 (1477 bp)...done!
Finding genes in sequence #74 (1477 bp)...done!
Finding genes in sequence #75 (1471 bp)...done!
Finding genes in sequence #76 (1465 bp)...done!
Finding genes in sequence #77 (1465 bp)...done!
Finding genes in sequence #78 (1453 bp)...done!
Finding genes in sequence #79 (1417 bp)...done!
Finding genes in sequence #80 (1417 bp)...done!
Finding genes in sequence #81 (1399 bp)...done!
Finding genes in sequence #82 (1387 bp)...done!
Finding genes in sequence #83 (1375 bp)...done!
Finding genes in sequence #84 (1363 bp)...done!
Finding genes in sequence #85 (1361 bp)...done!
Finding genes in sequence #86 (1351 bp)...done!
Finding genes in sequence #87 (1327 bp)...done!
Finding genes in sequence #88 (1327 bp)...done!
Finding genes in sequence #89 (1321 bp)...done!
Finding genes in sequence #90 (1315 bp)...done!
Finding genes in sequence #91 (1309 bp)...done!
Finding genes in sequence #92 (1305 bp)...done!
Finding genes in sequence #93 (1291 bp)...done!
Finding genes in sequence #94 (1279 bp)...done!
Finding genes in sequence #95 (1273 bp)...done!
Finding genes in sequence #96 (1189 bp)...done!
Finding genes in sequence #97 (1183 bp)...done!
Finding genes in sequence #98 (1159 bp)...done!
Finding genes in sequence #99 (1153 bp)...done!
Finding genes in sequence #100 (1147 bp)...done!
Finding genes in sequence #101 (1135 bp)...done!
Finding genes in sequence #102 (1133 bp)...done!
Finding genes in sequence #103 (1117 bp)...done!
Finding genes in sequence #104 (1099 bp)...done!
Finding genes in sequence #105 (1093 bp)...done!
Finding genes in sequence #106 (1087 bp)...done!
Finding genes in sequence #107 (1085 bp)...done!
Finding genes in sequence #108 (1075 bp)...done!
Finding genes in sequence #109 (1069 bp)...done!
Finding genes in sequence #110 (1069 bp)...done!
Finding genes in sequence #111 (1069 bp)...done!
Finding genes in sequence #112 (1057 bp)...done!
Finding genes in sequence #113 (1045 bp)...done!
Finding genes in sequence #114 (1045 bp)...done!
Finding genes in sequence #115 (1027 bp)...done!
Finding genes in sequence #116 (1021 bp)...done!
Finding genes in sequence #117 (1015 bp)...done!
Finding genes in sequence #118 (1003 bp)...done!
Finding genes in sequence #119 (997 bp)...done!
Finding genes in sequence #120 (997 bp)...done!
Finding genes in sequence #121 (991 bp)...done!
Finding genes in sequence #122 (967 bp)...done!
Finding genes in sequence #123 (955 bp)...done!
Finding genes in sequence #124 (949 bp)...done!
