-------------------------------------
PRODIGAL v2.6.3 [February, 2016]         
Univ of Tenn / Oak Ridge National Lab
Doug Hyatt, Loren Hauser, et al.     
-------------------------------------
Request:  Metagenomic, Phase:  Training
Initializing training files...done!
-------------------------------------
Request:  Metagenomic, Phase:  Gene Finding
Finding genes in sequence #1 (161353 bp)...done!
Finding genes in sequence #2 (62778 bp)...done!
Finding genes in sequence #3 (16603 bp)...done!
Finding genes in sequence #4 (15423 bp)...done!
Finding genes in sequence #5 (14587 bp)...done!
Finding genes in sequence #6 (14204 bp)...done!
Finding genes in sequence #7 (10708 bp)...done!
Finding genes in sequence #8 (10682 bp)...done!
Finding genes in sequence #9 (10379 bp)...done!
Finding genes in sequence #10 (9081 bp)...done!
Finding genes in sequence #11 (8001 bp)...done!
Finding genes in sequence #12 (5411 bp)...done!
Finding genes in sequence #13 (4447 bp)...done!
Finding genes in sequence #14 (4041 bp)...done!
Finding genes in sequence #15 (3745 bp)...done!
Finding genes in sequence #16 (3037 bp)...done!
Finding genes in sequence #17 (2755 bp)...done!
Finding genes in sequence #18 (1921 bp)...done!
Finding genes in sequence #19 (1843 bp)...done!
Finding genes in sequence #20 (1729 bp)...done!
Finding genes in sequence #21 (1427 bp)...done!
Finding genes in sequence #22 (1351 bp)...done!
Finding genes in sequence #23 (1273 bp)...done!
Finding genes in sequence #24 (1171 bp)...done!
Finding genes in sequence #25 (1063 bp)...done!
