-------------------------------------
PRODIGAL v2.6.3 [February, 2016]         
Univ of Tenn / Oak Ridge National Lab
Doug Hyatt, Loren Hauser, et al.     
-------------------------------------
Request:  Metagenomic, Phase:  Training
Initializing training files...done!
-------------------------------------
Request:  Metagenomic, Phase:  Gene Finding
Finding genes in sequence #1 (5915 bp)...done!
Finding genes in sequence #2 (4623 bp)...done!
Finding genes in sequence #3 (3431 bp)...done!
Finding genes in sequence #4 (3103 bp)...done!
Finding genes in sequence #5 (3097 bp)...done!
Finding genes in sequence #6 (3031 bp)...done!
Finding genes in sequence #7 (2875 bp)...done!
Finding genes in sequence #8 (2227 bp)...done!
Finding genes in sequence #9 (1843 bp)...done!
Finding genes in sequence #10 (1729 bp)...done!
Finding genes in sequence #11 (1639 bp)...done!
Finding genes in sequence #12 (1579 bp)...done!
Finding genes in sequence #13 (1519 bp)...done!
Finding genes in sequence #14 (1195 bp)...done!
Finding genes in sequence #15 (1177 bp)...done!
Finding genes in sequence #16 (1093 bp)...done!
Finding genes in sequence #17 (1045 bp)...done!
Finding genes in sequence #18 (1043 bp)...done!
Finding genes in sequence #19 (1027 bp)...done!
Finding genes in sequence #20 (991 bp)...done!
Finding genes in sequence #21 (979 bp)...done!
Finding genes in sequence #22 (973 bp)...done!
Finding genes in sequence #23 (949 bp)...done!
Finding genes in sequence #24 (949 bp)...done!
