-------------------------------------
PRODIGAL v2.6.3 [February, 2016]         
Univ of Tenn / Oak Ridge National Lab
Doug Hyatt, Loren Hauser, et al.     
-------------------------------------
Request:  Metagenomic, Phase:  Training
Initializing training files...done!
-------------------------------------
Request:  Metagenomic, Phase:  Gene Finding
Finding genes in sequence #1 (46989 bp)...done!
Finding genes in sequence #2 (43561 bp)...done!
Finding genes in sequence #3 (34545 bp)...done!
Finding genes in sequence #4 (12968 bp)...done!
Finding genes in sequence #5 (12437 bp)...done!
Finding genes in sequence #6 (12391 bp)...done!
Finding genes in sequence #7 (11231 bp)...done!
Finding genes in sequence #8 (10707 bp)...done!
Finding genes in sequence #9 (9593 bp)...done!
Finding genes in sequence #10 (6283 bp)...done!
Finding genes in sequence #11 (5899 bp)...done!
Finding genes in sequence #12 (5015 bp)...done!
Finding genes in sequence #13 (4789 bp)...done!
Finding genes in sequence #14 (4559 bp)...done!
Finding genes in sequence #15 (3905 bp)...done!
Finding genes in sequence #16 (3887 bp)...done!
Finding genes in sequence #17 (3835 bp)...done!
Finding genes in sequence #18 (3087 bp)...done!
Finding genes in sequence #19 (3085 bp)...done!
Finding genes in sequence #20 (2773 bp)...done!
Finding genes in sequence #21 (2767 bp)...done!
Finding genes in sequence #22 (2629 bp)...done!
Finding genes in sequence #23 (2533 bp)...done!
Finding genes in sequence #24 (2185 bp)...done!
Finding genes in sequence #25 (2063 bp)...done!
Finding genes in sequence #26 (2025 bp)...done!
Finding genes in sequence #27 (1975 bp)...done!
Finding genes in sequence #28 (1891 bp)...done!
Finding genes in sequence #29 (1883 bp)...done!
Finding genes in sequence #30 (1873 bp)...done!
Finding genes in sequence #31 (1859 bp)...done!
Finding genes in sequence #32 (1831 bp)...done!
Finding genes in sequence #33 (1807 bp)...done!
Finding genes in sequence #34 (1807 bp)...done!
Finding genes in sequence #35 (1801 bp)...done!
Finding genes in sequence #36 (1795 bp)...done!
Finding genes in sequence #37 (1795 bp)...done!
Finding genes in sequence #38 (1789 bp)...done!
Finding genes in sequence #39 (1683 bp)...done!
Finding genes in sequence #40 (1663 bp)...done!
Finding genes in sequence #41 (1567 bp)...done!
Finding genes in sequence #42 (1549 bp)...done!
Finding genes in sequence #43 (1471 bp)...done!
Finding genes in sequence #44 (1465 bp)...done!
Finding genes in sequence #45 (1465 bp)...done!
Finding genes in sequence #46 (1453 bp)...done!
Finding genes in sequence #47 (1437 bp)...done!
Finding genes in sequence #48 (1387 bp)...done!
Finding genes in sequence #49 (1379 bp)...done!
Finding genes in sequence #50 (1375 bp)...done!
Finding genes in sequence #51 (1363 bp)...done!
Finding genes in sequence #52 (1363 bp)...done!
Finding genes in sequence #53 (1361 bp)...done!
Finding genes in sequence #54 (1285 bp)...done!
Finding genes in sequence #55 (1249 bp)...done!
Finding genes in sequence #56 (1219 bp)...done!
Finding genes in sequence #57 (1219 bp)...done!
Finding genes in sequence #58 (1189 bp)...done!
Finding genes in sequence #59 (1177 bp)...done!
Finding genes in sequence #60 (1153 bp)...done!
Finding genes in sequence #61 (1155 bp)...done!
Finding genes in sequence #62 (1135 bp)...done!
Finding genes in sequence #63 (1099 bp)...done!
Finding genes in sequence #64 (1099 bp)...done!
Finding genes in sequence #65 (1093 bp)...done!
Finding genes in sequence #66 (1087 bp)...done!
Finding genes in sequence #67 (1069 bp)...done!
Finding genes in sequence #68 (1063 bp)...done!
Finding genes in sequence #69 (1063 bp)...done!
Finding genes in sequence #70 (1045 bp)...done!
Finding genes in sequence #71 (1031 bp)...done!
Finding genes in sequence #72 (1009 bp)...done!
Finding genes in sequence #73 (1003 bp)...done!
Finding genes in sequence #74 (997 bp)...done!
Finding genes in sequence #75 (997 bp)...done!
Finding genes in sequence #76 (991 bp)...done!
Finding genes in sequence #77 (991 bp)...done!
Finding genes in sequence #78 (985 bp)...done!
Finding genes in sequence #79 (967 bp)...done!
Finding genes in sequence #80 (955 bp)...done!
