-------------------------------------
PRODIGAL v2.6.3 [February, 2016]         
Univ of Tenn / Oak Ridge National Lab
Doug Hyatt, Loren Hauser, et al.     
-------------------------------------
Request:  Metagenomic, Phase:  Training
Initializing training files...done!
-------------------------------------
Request:  Metagenomic, Phase:  Gene Finding
Finding genes in sequence #1 (21066 bp)...done!
Finding genes in sequence #2 (11200 bp)...done!
Finding genes in sequence #3 (10909 bp)...done!
Finding genes in sequence #4 (6033 bp)...done!
Finding genes in sequence #5 (5739 bp)...done!
Finding genes in sequence #6 (4027 bp)...done!
Finding genes in sequence #7 (3229 bp)...done!
Finding genes in sequence #8 (2951 bp)...done!
Finding genes in sequence #9 (1933 bp)...done!
Finding genes in sequence #10 (1921 bp)...done!
Finding genes in sequence #11 (1777 bp)...done!
Finding genes in sequence #12 (1423 bp)...done!
Finding genes in sequence #13 (1195 bp)...done!
Finding genes in sequence #14 (1063 bp)...done!
Finding genes in sequence #15 (879 bp)...done!
Finding genes in sequence #16 (1003 bp)...done!
Finding genes in sequence #17 (991 bp)...done!
