-------------------------------------
PRODIGAL v2.6.3 [February, 2016]         
Univ of Tenn / Oak Ridge National Lab
Doug Hyatt, Loren Hauser, et al.     
-------------------------------------
Request:  Metagenomic, Phase:  Training
Initializing training files...done!
-------------------------------------
Request:  Metagenomic, Phase:  Gene Finding
Finding genes in sequence #1 (4137 bp)...done!
Finding genes in sequence #2 (3067 bp)...done!
Finding genes in sequence #3 (3023 bp)...done!
Finding genes in sequence #4 (1873 bp)...done!
Finding genes in sequence #5 (1579 bp)...done!
Finding genes in sequence #6 (1573 bp)...done!
Finding genes in sequence #7 (1369 bp)...done!
Finding genes in sequence #8 (1357 bp)...done!
Finding genes in sequence #9 (1357 bp)...done!
Finding genes in sequence #10 (1355 bp)...done!
Finding genes in sequence #11 (1333 bp)...done!
Finding genes in sequence #12 (1293 bp)...done!
Finding genes in sequence #13 (1269 bp)...done!
Finding genes in sequence #14 (1267 bp)...done!
Finding genes in sequence #15 (1243 bp)...done!
Finding genes in sequence #16 (1229 bp)...done!
Finding genes in sequence #17 (1219 bp)...done!
Finding genes in sequence #18 (1211 bp)...done!
Finding genes in sequence #19 (1201 bp)...done!
Finding genes in sequence #20 (1159 bp)...done!
Finding genes in sequence #21 (1149 bp)...done!
Finding genes in sequence #22 (1139 bp)...done!
Finding genes in sequence #23 (1087 bp)...done!
Finding genes in sequence #24 (1051 bp)...done!
Finding genes in sequence #25 (1043 bp)...done!
Finding genes in sequence #26 (1031 bp)...done!
Finding genes in sequence #27 (1007 bp)...done!
Finding genes in sequence #28 (1005 bp)...done!
Finding genes in sequence #29 (949 bp)...done!
