-------------------------------------
PRODIGAL v2.6.3 [February, 2016]         
Univ of Tenn / Oak Ridge National Lab
Doug Hyatt, Loren Hauser, et al.     
-------------------------------------
Request:  Metagenomic, Phase:  Training
Initializing training files...done!
-------------------------------------
Request:  Metagenomic, Phase:  Gene Finding
Finding genes in sequence #1 (10229 bp)...done!
Finding genes in sequence #2 (9493 bp)...done!
Finding genes in sequence #3 (5863 bp)...done!
Finding genes in sequence #4 (5041 bp)...done!
Finding genes in sequence #5 (3863 bp)...done!
Finding genes in sequence #6 (3193 bp)...done!
Finding genes in sequence #7 (3091 bp)...done!
Finding genes in sequence #8 (2041 bp)...done!
Finding genes in sequence #9 (2015 bp)...done!
Finding genes in sequence #10 (1897 bp)...done!
Finding genes in sequence #11 (1849 bp)...done!
Finding genes in sequence #12 (1843 bp)...done!
Finding genes in sequence #13 (1819 bp)...done!
Finding genes in sequence #14 (1741 bp)...done!
Finding genes in sequence #15 (1741 bp)...done!
Finding genes in sequence #16 (1741 bp)...done!
Finding genes in sequence #17 (1687 bp)...done!
Finding genes in sequence #18 (1675 bp)...done!
Finding genes in sequence #19 (1629 bp)...done!
Finding genes in sequence #20 (1573 bp)...done!
Finding genes in sequence #21 (1567 bp)...done!
Finding genes in sequence #22 (1483 bp)...done!
Finding genes in sequence #23 (1459 bp)...done!
Finding genes in sequence #24 (1313 bp)...done!
Finding genes in sequence #25 (1297 bp)...done!
Finding genes in sequence #26 (1177 bp)...done!
Finding genes in sequence #27 (1159 bp)...done!
Finding genes in sequence #28 (1159 bp)...done!
Finding genes in sequence #29 (1087 bp)...done!
Finding genes in sequence #30 (1075 bp)...done!
Finding genes in sequence #31 (1045 bp)...done!
Finding genes in sequence #32 (1039 bp)...done!
Finding genes in sequence #33 (1039 bp)...done!
Finding genes in sequence #34 (1039 bp)...done!
Finding genes in sequence #35 (1027 bp)...done!
Finding genes in sequence #36 (1027 bp)...done!
Finding genes in sequence #37 (1009 bp)...done!
Finding genes in sequence #38 (985 bp)...done!
Finding genes in sequence #39 (979 bp)...done!
Finding genes in sequence #40 (949 bp)...done!
