-------------------------------------
PRODIGAL v2.6.3 [February, 2016]         
Univ of Tenn / Oak Ridge National Lab
Doug Hyatt, Loren Hauser, et al.     
-------------------------------------
Request:  Metagenomic, Phase:  Training
Initializing training files...done!
-------------------------------------
Request:  Metagenomic, Phase:  Gene Finding
Finding genes in sequence #1 (3557 bp)...done!
Finding genes in sequence #2 (3319 bp)...done!
Finding genes in sequence #3 (3103 bp)...done!
Finding genes in sequence #4 (2467 bp)...done!
Finding genes in sequence #5 (1805 bp)...done!
Finding genes in sequence #6 (1801 bp)...done!
Finding genes in sequence #7 (1785 bp)...done!
Finding genes in sequence #8 (1649 bp)...done!
Finding genes in sequence #9 (1765 bp)...done!
Finding genes in sequence #10 (1717 bp)...done!
Finding genes in sequence #11 (1639 bp)...done!
Finding genes in sequence #12 (1597 bp)...done!
Finding genes in sequence #13 (1479 bp)...done!
Finding genes in sequence #14 (1459 bp)...done!
Finding genes in sequence #15 (1447 bp)...done!
Finding genes in sequence #16 (1441 bp)...done!
Finding genes in sequence #17 (1367 bp)...done!
Finding genes in sequence #18 (1361 bp)...done!
Finding genes in sequence #19 (1321 bp)...done!
Finding genes in sequence #20 (1313 bp)...done!
Finding genes in sequence #21 (1285 bp)...done!
Finding genes in sequence #22 (1231 bp)...done!
Finding genes in sequence #23 (1209 bp)...done!
Finding genes in sequence #24 (1209 bp)...done!
Finding genes in sequence #25 (1207 bp)...done!
Finding genes in sequence #26 (1169 bp)...done!
Finding genes in sequence #27 (1167 bp)...done!
Finding genes in sequence #28 (1149 bp)...done!
Finding genes in sequence #29 (1135 bp)...done!
Finding genes in sequence #30 (1076 bp)...done!
Finding genes in sequence #31 (1109 bp)...done!
Finding genes in sequence #32 (1097 bp)...done!
Finding genes in sequence #33 (1087 bp)...done!
Finding genes in sequence #34 (1083 bp)...done!
Finding genes in sequence #35 (1077 bp)...done!
Finding genes in sequence #36 (931 bp)...done!
Finding genes in sequence #37 (1039 bp)...done!
Finding genes in sequence #38 (1033 bp)...done!
Finding genes in sequence #39 (1033 bp)...done!
Finding genes in sequence #40 (1027 bp)...done!
Finding genes in sequence #41 (985 bp)...done!
Finding genes in sequence #42 (961 bp)...done!
Finding genes in sequence #43 (959 bp)...done!
Finding genes in sequence #44 (957 bp)...done!
Finding genes in sequence #45 (955 bp)...done!
