-------------------------------------
PRODIGAL v2.6.3 [February, 2016]         
Univ of Tenn / Oak Ridge National Lab
Doug Hyatt, Loren Hauser, et al.     
-------------------------------------
Request:  Metagenomic, Phase:  Training
Initializing training files...done!
-------------------------------------
Request:  Metagenomic, Phase:  Gene Finding
Finding genes in sequence #1 (52903 bp)...done!
Finding genes in sequence #2 (15222 bp)...done!
Finding genes in sequence #3 (13985 bp)...done!
Finding genes in sequence #4 (12788 bp)...done!
Finding genes in sequence #5 (11882 bp)...done!
Finding genes in sequence #6 (11738 bp)...done!
Finding genes in sequence #7 (11641 bp)...done!
Finding genes in sequence #8 (11377 bp)...done!
Finding genes in sequence #9 (11181 bp)...done!
Finding genes in sequence #10 (10730 bp)...done!
Finding genes in sequence #11 (5065 bp)...done!
Finding genes in sequence #12 (4549 bp)...done!
Finding genes in sequence #13 (3769 bp)...done!
Finding genes in sequence #14 (3581 bp)...done!
Finding genes in sequence #15 (3439 bp)...done!
Finding genes in sequence #16 (3319 bp)...done!
Finding genes in sequence #17 (3313 bp)...done!
Finding genes in sequence #18 (3305 bp)...done!
Finding genes in sequence #19 (3131 bp)...done!
Finding genes in sequence #20 (3103 bp)...done!
Finding genes in sequence #21 (3091 bp)...done!
Finding genes in sequence #22 (2981 bp)...done!
Finding genes in sequence #23 (2857 bp)...done!
Finding genes in sequence #24 (2755 bp)...done!
Finding genes in sequence #25 (2741 bp)...done!
Finding genes in sequence #26 (2635 bp)...done!
Finding genes in sequence #27 (2625 bp)...done!
Finding genes in sequence #28 (2481 bp)...done!
Finding genes in sequence #29 (2427 bp)...done!
Finding genes in sequence #30 (2415 bp)...done!
Finding genes in sequence #31 (2327 bp)...done!
Finding genes in sequence #32 (2265 bp)...done!
Finding genes in sequence #33 (2135 bp)...done!
Finding genes in sequence #34 (2167 bp)...done!
Finding genes in sequence #35 (2147 bp)...done!
Finding genes in sequence #36 (2119 bp)...done!
Finding genes in sequence #37 (2083 bp)...done!
Finding genes in sequence #38 (1889 bp)...done!
Finding genes in sequence #39 (1861 bp)...done!
Finding genes in sequence #40 (1833 bp)...done!
Finding genes in sequence #41 (1827 bp)...done!
Finding genes in sequence #42 (1813 bp)...done!
Finding genes in sequence #43 (1801 bp)...done!
Finding genes in sequence #44 (1795 bp)...done!
Finding genes in sequence #45 (1795 bp)...done!
Finding genes in sequence #46 (1789 bp)...done!
Finding genes in sequence #47 (1787 bp)...done!
Finding genes in sequence #48 (1783 bp)...done!
Finding genes in sequence #49 (1777 bp)...done!
Finding genes in sequence #50 (1771 bp)...done!
Finding genes in sequence #51 (1741 bp)...done!
Finding genes in sequence #52 (1741 bp)...done!
Finding genes in sequence #53 (1661 bp)...done!
Finding genes in sequence #54 (1659 bp)...done!
Finding genes in sequence #55 (1651 bp)...done!
Finding genes in sequence #56 (1639 bp)...done!
Finding genes in sequence #57 (1619 bp)...done!
Finding genes in sequence #58 (1597 bp)...done!
Finding genes in sequence #59 (1591 bp)...done!
Finding genes in sequence #60 (1513 bp)...done!
Finding genes in sequence #61 (1449 bp)...done!
Finding genes in sequence #62 (1435 bp)...done!
Finding genes in sequence #63 (1415 bp)...done!
Finding genes in sequence #64 (1375 bp)...done!
Finding genes in sequence #65 (1369 bp)...done!
Finding genes in sequence #66 (1369 bp)...done!
Finding genes in sequence #67 (1363 bp)...done!
Finding genes in sequence #68 (1357 bp)...done!
Finding genes in sequence #69 (1339 bp)...done!
Finding genes in sequence #70 (1285 bp)...done!
Finding genes in sequence #71 (1285 bp)...done!
Finding genes in sequence #72 (1279 bp)...done!
Finding genes in sequence #73 (1255 bp)...done!
Finding genes in sequence #74 (1209 bp)...done!
Finding genes in sequence #75 (1209 bp)...done!
Finding genes in sequence #76 (1207 bp)...done!
Finding genes in sequence #77 (1191 bp)...done!
Finding genes in sequence #78 (1189 bp)...done!
Finding genes in sequence #79 (1173 bp)...done!
Finding genes in sequence #80 (1171 bp)...done!
Finding genes in sequence #81 (1165 bp)...done!
Finding genes in sequence #82 (1161 bp)...done!
Finding genes in sequence #83 (1153 bp)...done!
Finding genes in sequence #84 (1147 bp)...done!
Finding genes in sequence #85 (1147 bp)...done!
Finding genes in sequence #86 (1141 bp)...done!
Finding genes in sequence #87 (1129 bp)...done!
Finding genes in sequence #88 (1121 bp)...done!
Finding genes in sequence #89 (1113 bp)...done!
Finding genes in sequence #90 (1111 bp)...done!
Finding genes in sequence #91 (1097 bp)...done!
Finding genes in sequence #92 (1095 bp)...done!
Finding genes in sequence #93 (1089 bp)...done!
Finding genes in sequence #94 (1077 bp)...done!
Finding genes in sequence #95 (1069 bp)...done!
Finding genes in sequence #96 (1055 bp)...done!
Finding genes in sequence #97 (1053 bp)...done!
Finding genes in sequence #98 (1053 bp)...done!
Finding genes in sequence #99 (1035 bp)...done!
Finding genes in sequence #100 (1035 bp)...done!
Finding genes in sequence #101 (1033 bp)...done!
Finding genes in sequence #102 (1031 bp)...done!
Finding genes in sequence #103 (1029 bp)...done!
Finding genes in sequence #104 (995 bp)...done!
Finding genes in sequence #105 (979 bp)...done!
Finding genes in sequence #106 (973 bp)...done!
Finding genes in sequence #107 (967 bp)...done!
Finding genes in sequence #108 (965 bp)...done!
Finding genes in sequence #109 (959 bp)...done!
Finding genes in sequence #110 (949 bp)...done!
Finding genes in sequence #111 (945 bp)...done!
