-------------------------------------
PRODIGAL v2.6.3 [February, 2016]         
Univ of Tenn / Oak Ridge National Lab
Doug Hyatt, Loren Hauser, et al.     
-------------------------------------
Request:  Metagenomic, Phase:  Training
Initializing training files...done!
-------------------------------------
Request:  Metagenomic, Phase:  Gene Finding
Finding genes in sequence #1 (12875 bp)...done!
Finding genes in sequence #2 (9063 bp)...done!
Finding genes in sequence #3 (8953 bp)...done!
Finding genes in sequence #4 (3391 bp)...done!
Finding genes in sequence #5 (3109 bp)...done!
Finding genes in sequence #6 (2701 bp)...done!
Finding genes in sequence #7 (2599 bp)...done!
Finding genes in sequence #8 (2391 bp)...done!
Finding genes in sequence #9 (1647 bp)...done!
Finding genes in sequence #10 (1601 bp)...done!
Finding genes in sequence #11 (1479 bp)...done!
Finding genes in sequence #12 (1395 bp)...done!
Finding genes in sequence #13 (1327 bp)...done!
Finding genes in sequence #14 (1303 bp)...done!
Finding genes in sequence #15 (1301 bp)...done!
Finding genes in sequence #16 (1283 bp)...done!
Finding genes in sequence #17 (1255 bp)...done!
Finding genes in sequence #18 (1207 bp)...done!
Finding genes in sequence #19 (1199 bp)...done!
Finding genes in sequence #20 (1165 bp)...done!
Finding genes in sequence #21 (1151 bp)...done!
Finding genes in sequence #22 (1099 bp)...done!
Finding genes in sequence #23 (1075 bp)...done!
Finding genes in sequence #24 (1088 bp)...done!
Finding genes in sequence #25 (1027 bp)...done!
Finding genes in sequence #26 (1035 bp)...done!
Finding genes in sequence #27 (993 bp)...done!
Finding genes in sequence #28 (965 bp)...done!
Finding genes in sequence #29 (965 bp)...done!
Finding genes in sequence #30 (955 bp)...done!
Finding genes in sequence #31 (949 bp)...done!
Finding genes in sequence #32 (935 bp)...done!
Finding genes in sequence #33 (921 bp)...done!
Finding genes in sequence #34 (915 bp)...done!
Finding genes in sequence #35 (911 bp)...done!
Finding genes in sequence #36 (909 bp)...done!
Finding genes in sequence #37 (909 bp)...done!
Finding genes in sequence #38 (897 bp)...done!
Finding genes in sequence #39 (893 bp)...done!
Finding genes in sequence #40 (891 bp)...done!
Finding genes in sequence #41 (889 bp)...done!
Finding genes in sequence #42 (885 bp)...done!
Finding genes in sequence #43 (877 bp)...done!
