-------------------------------------
PRODIGAL v2.6.3 [February, 2016]         
Univ of Tenn / Oak Ridge National Lab
Doug Hyatt, Loren Hauser, et al.     
-------------------------------------
Request:  Metagenomic, Phase:  Training
Initializing training files...done!
-------------------------------------
Request:  Metagenomic, Phase:  Gene Finding
Finding genes in sequence #1 (21066 bp)...done!
Finding genes in sequence #2 (10996 bp)...done!
Finding genes in sequence #3 (10862 bp)...done!
Finding genes in sequence #4 (10730 bp)...done!
Finding genes in sequence #5 (9970 bp)...done!
Finding genes in sequence #6 (6647 bp)...done!
Finding genes in sequence #7 (5695 bp)...done!
Finding genes in sequence #8 (4667 bp)...done!
Finding genes in sequence #9 (4247 bp)...done!
Finding genes in sequence #10 (3645 bp)...done!
Finding genes in sequence #11 (3477 bp)...done!
Finding genes in sequence #12 (3441 bp)...done!
Finding genes in sequence #13 (3319 bp)...done!
Finding genes in sequence #14 (3175 bp)...done!
Finding genes in sequence #15 (3103 bp)...done!
Finding genes in sequence #16 (3097 bp)...done!
Finding genes in sequence #17 (3009 bp)...done!
Finding genes in sequence #18 (2927 bp)...done!
Finding genes in sequence #19 (2905 bp)...done!
Finding genes in sequence #20 (2661 bp)...done!
Finding genes in sequence #21 (2635 bp)...done!
Finding genes in sequence #22 (2629 bp)...done!
Finding genes in sequence #23 (2499 bp)...done!
Finding genes in sequence #24 (2401 bp)...done!
Finding genes in sequence #25 (2257 bp)...done!
Finding genes in sequence #26 (2019 bp)...done!
Finding genes in sequence #27 (1947 bp)...done!
Finding genes in sequence #28 (1915 bp)...done!
Finding genes in sequence #29 (1815 bp)...done!
Finding genes in sequence #30 (1801 bp)...done!
Finding genes in sequence #31 (1795 bp)...done!
Finding genes in sequence #32 (1795 bp)...done!
Finding genes in sequence #33 (1791 bp)...done!
Finding genes in sequence #34 (1749 bp)...done!
Finding genes in sequence #35 (1743 bp)...done!
Finding genes in sequence #36 (1693 bp)...done!
Finding genes in sequence #37 (1595 bp)...done!
Finding genes in sequence #38 (1589 bp)...done!
Finding genes in sequence #39 (1587 bp)...done!
Finding genes in sequence #40 (1455 bp)...done!
Finding genes in sequence #41 (1433 bp)...done!
Finding genes in sequence #42 (1381 bp)...done!
Finding genes in sequence #43 (1377 bp)...done!
Finding genes in sequence #44 (1323 bp)...done!
Finding genes in sequence #45 (1291 bp)...done!
Finding genes in sequence #46 (1285 bp)...done!
Finding genes in sequence #47 (1279 bp)...done!
Finding genes in sequence #48 (1267 bp)...done!
Finding genes in sequence #49 (1249 bp)...done!
Finding genes in sequence #50 (1201 bp)...done!
Finding genes in sequence #51 (1189 bp)...done!
Finding genes in sequence #52 (1167 bp)...done!
Finding genes in sequence #53 (1161 bp)...done!
Finding genes in sequence #54 (1135 bp)...done!
Finding genes in sequence #55 (1109 bp)...done!
Finding genes in sequence #56 (1081 bp)...done!
Finding genes in sequence #57 (1063 bp)...done!
Finding genes in sequence #58 (1057 bp)...done!
Finding genes in sequence #59 (1047 bp)...done!
Finding genes in sequence #60 (1033 bp)...done!
Finding genes in sequence #61 (1027 bp)...done!
Finding genes in sequence #62 (1009 bp)...done!
Finding genes in sequence #63 (1005 bp)...done!
Finding genes in sequence #64 (979 bp)...done!
