-------------------------------------
PRODIGAL v2.6.3 [February, 2016]         
Univ of Tenn / Oak Ridge National Lab
Doug Hyatt, Loren Hauser, et al.     
-------------------------------------
Request:  Metagenomic, Phase:  Training
Initializing training files...done!
-------------------------------------
Request:  Metagenomic, Phase:  Gene Finding
Finding genes in sequence #1 (3789 bp)...done!
Finding genes in sequence #2 (2770 bp)...done!
Finding genes in sequence #3 (10386 bp)...done!
Finding genes in sequence #4 (11112 bp)...done!
Finding genes in sequence #5 (13172 bp)...done!
Finding genes in sequence #6 (6169 bp)...done!
Finding genes in sequence #7 (4165 bp)...done!
Finding genes in sequence #8 (3561 bp)...done!
Finding genes in sequence #9 (2099 bp)...done!
Finding genes in sequence #10 (4483 bp)...done!
Finding genes in sequence #11 (2873 bp)...done!
Finding genes in sequence #12 (1751 bp)...done!
