-------------------------------------
PRODIGAL v2.6.3 [February, 2016]         
Univ of Tenn / Oak Ridge National Lab
Doug Hyatt, Loren Hauser, et al.     
-------------------------------------
Request:  Metagenomic, Phase:  Training
Initializing training files...done!
-------------------------------------
Request:  Metagenomic, Phase:  Gene Finding
Finding genes in sequence #1 (10386 bp)...done!
Finding genes in sequence #2 (3607 bp)...done!
Finding genes in sequence #3 (3319 bp)...done!
Finding genes in sequence #4 (3235 bp)...done!
Finding genes in sequence #5 (3085 bp)...done!
Finding genes in sequence #6 (2767 bp)...done!
Finding genes in sequence #7 (2587 bp)...done!
Finding genes in sequence #8 (2537 bp)...done!
Finding genes in sequence #9 (2335 bp)...done!
Finding genes in sequence #10 (2199 bp)...done!
Finding genes in sequence #11 (1983 bp)...done!
Finding genes in sequence #12 (1909 bp)...done!
Finding genes in sequence #13 (1907 bp)...done!
Finding genes in sequence #14 (1771 bp)...done!
Finding genes in sequence #15 (1765 bp)...done!
Finding genes in sequence #16 (1689 bp)...done!
Finding genes in sequence #17 (1573 bp)...done!
Finding genes in sequence #18 (1569 bp)...done!
Finding genes in sequence #19 (1531 bp)...done!
Finding genes in sequence #20 (1485 bp)...done!
Finding genes in sequence #21 (1471 bp)...done!
Finding genes in sequence #22 (1459 bp)...done!
Finding genes in sequence #23 (1457 bp)...done!
Finding genes in sequence #24 (1431 bp)...done!
Finding genes in sequence #25 (1333 bp)...done!
Finding genes in sequence #26 (1285 bp)...done!
Finding genes in sequence #27 (1267 bp)...done!
Finding genes in sequence #28 (1265 bp)...done!
Finding genes in sequence #29 (1251 bp)...done!
Finding genes in sequence #30 (1245 bp)...done!
Finding genes in sequence #31 (1243 bp)...done!
Finding genes in sequence #32 (1231 bp)...done!
Finding genes in sequence #33 (1231 bp)...done!
Finding genes in sequence #34 (1229 bp)...done!
Finding genes in sequence #35 (1223 bp)...done!
Finding genes in sequence #36 (1207 bp)...done!
Finding genes in sequence #37 (1201 bp)...done!
Finding genes in sequence #38 (1167 bp)...done!
Finding genes in sequence #39 (1159 bp)...done!
Finding genes in sequence #40 (1147 bp)...done!
Finding genes in sequence #41 (1143 bp)...done!
Finding genes in sequence #42 (1135 bp)...done!
Finding genes in sequence #43 (1097 bp)...done!
Finding genes in sequence #44 (1093 bp)...done!
Finding genes in sequence #45 (1045 bp)...done!
Finding genes in sequence #46 (1031 bp)...done!
Finding genes in sequence #47 (1015 bp)...done!
Finding genes in sequence #48 (1013 bp)...done!
Finding genes in sequence #49 (999 bp)...done!
Finding genes in sequence #50 (995 bp)...done!
Finding genes in sequence #51 (985 bp)...done!
Finding genes in sequence #52 (967 bp)...done!
Finding genes in sequence #53 (965 bp)...done!
Finding genes in sequence #54 (963 bp)...done!
Finding genes in sequence #55 (955 bp)...done!
Finding genes in sequence #56 (949 bp)...done!
