-------------------------------------
PRODIGAL v2.6.3 [February, 2016]         
Univ of Tenn / Oak Ridge National Lab
Doug Hyatt, Loren Hauser, et al.     
-------------------------------------
Request:  Metagenomic, Phase:  Training
Initializing training files...done!
-------------------------------------
Request:  Metagenomic, Phase:  Gene Finding
Finding genes in sequence #1 (47310 bp)...done!
Finding genes in sequence #2 (3257 bp)...done!
Finding genes in sequence #3 (2803 bp)...done!
Finding genes in sequence #4 (2761 bp)...done!
Finding genes in sequence #5 (2509 bp)...done!
Finding genes in sequence #6 (2491 bp)...done!
Finding genes in sequence #7 (2291 bp)...done!
Finding genes in sequence #8 (2095 bp)...done!
Finding genes in sequence #9 (1975 bp)...done!
Finding genes in sequence #10 (1929 bp)...done!
Finding genes in sequence #11 (1891 bp)...done!
Finding genes in sequence #12 (1825 bp)...done!
Finding genes in sequence #13 (1807 bp)...done!
Finding genes in sequence #14 (1771 bp)...done!
Finding genes in sequence #15 (1741 bp)...done!
Finding genes in sequence #16 (1721 bp)...done!
Finding genes in sequence #17 (1711 bp)...done!
Finding genes in sequence #18 (1675 bp)...done!
Finding genes in sequence #19 (1619 bp)...done!
Finding genes in sequence #20 (1573 bp)...done!
Finding genes in sequence #21 (1489 bp)...done!
Finding genes in sequence #22 (1441 bp)...done!
Finding genes in sequence #23 (1395 bp)...done!
Finding genes in sequence #24 (1393 bp)...done!
Finding genes in sequence #25 (1393 bp)...done!
Finding genes in sequence #26 (1375 bp)...done!
Finding genes in sequence #27 (1343 bp)...done!
Finding genes in sequence #28 (1315 bp)...done!
Finding genes in sequence #29 (1315 bp)...done!
Finding genes in sequence #30 (1255 bp)...done!
Finding genes in sequence #31 (1237 bp)...done!
Finding genes in sequence #32 (1227 bp)...done!
Finding genes in sequence #33 (1219 bp)...done!
Finding genes in sequence #34 (1189 bp)...done!
Finding genes in sequence #35 (1155 bp)...done!
Finding genes in sequence #36 (1141 bp)...done!
Finding genes in sequence #37 (1133 bp)...done!
Finding genes in sequence #38 (1123 bp)...done!
Finding genes in sequence #39 (1087 bp)...done!
Finding genes in sequence #40 (1087 bp)...done!
Finding genes in sequence #41 (1075 bp)...done!
Finding genes in sequence #42 (1075 bp)...done!
Finding genes in sequence #43 (1057 bp)...done!
Finding genes in sequence #44 (1045 bp)...done!
Finding genes in sequence #45 (1027 bp)...done!
Finding genes in sequence #46 (1027 bp)...done!
Finding genes in sequence #47 (1027 bp)...done!
Finding genes in sequence #48 (1009 bp)...done!
Finding genes in sequence #49 (973 bp)...done!
Finding genes in sequence #50 (967 bp)...done!
Finding genes in sequence #51 (957 bp)...done!
