-------------------------------------
PRODIGAL v2.6.3 [February, 2016]         
Univ of Tenn / Oak Ridge National Lab
Doug Hyatt, Loren Hauser, et al.     
-------------------------------------
Request:  Metagenomic, Phase:  Training
Initializing training files...done!
-------------------------------------
Request:  Metagenomic, Phase:  Gene Finding
Finding genes in sequence #1 (10386 bp)...done!
Finding genes in sequence #2 (4591 bp)...done!
Finding genes in sequence #3 (3553 bp)...done!
Finding genes in sequence #4 (3503 bp)...done!
Finding genes in sequence #5 (3427 bp)...done!
Finding genes in sequence #6 (3385 bp)...done!
Finding genes in sequence #7 (3343 bp)...done!
Finding genes in sequence #8 (3319 bp)...done!
Finding genes in sequence #9 (3241 bp)...done!
Finding genes in sequence #10 (3235 bp)...done!
Finding genes in sequence #11 (3127 bp)...done!
Finding genes in sequence #12 (3103 bp)...done!
Finding genes in sequence #13 (2869 bp)...done!
Finding genes in sequence #14 (2863 bp)...done!
Finding genes in sequence #15 (2761 bp)...done!
Finding genes in sequence #16 (2731 bp)...done!
Finding genes in sequence #17 (2635 bp)...done!
Finding genes in sequence #18 (2635 bp)...done!
Finding genes in sequence #19 (2587 bp)...done!
Finding genes in sequence #20 (2557 bp)...done!
Finding genes in sequence #21 (2521 bp)...done!
Finding genes in sequence #22 (2503 bp)...done!
Finding genes in sequence #23 (2497 bp)...done!
Finding genes in sequence #24 (2293 bp)...done!
Finding genes in sequence #25 (2245 bp)...done!
Finding genes in sequence #26 (2235 bp)...done!
Finding genes in sequence #27 (2197 bp)...done!
Finding genes in sequence #28 (2089 bp)...done!
Finding genes in sequence #29 (2083 bp)...done!
Finding genes in sequence #30 (2013 bp)...done!
Finding genes in sequence #31 (1999 bp)...done!
Finding genes in sequence #32 (1981 bp)...done!
Finding genes in sequence #33 (1963 bp)...done!
Finding genes in sequence #34 (1921 bp)...done!
Finding genes in sequence #35 (1903 bp)...done!
Finding genes in sequence #36 (1885 bp)...done!
Finding genes in sequence #37 (1879 bp)...done!
Finding genes in sequence #38 (1867 bp)...done!
Finding genes in sequence #39 (1861 bp)...done!
Finding genes in sequence #40 (1861 bp)...done!
Finding genes in sequence #41 (1813 bp)...done!
Finding genes in sequence #42 (1813 bp)...done!
Finding genes in sequence #43 (1801 bp)...done!
Finding genes in sequence #44 (1801 bp)...done!
Finding genes in sequence #45 (1771 bp)...done!
Finding genes in sequence #46 (1765 bp)...done!
Finding genes in sequence #47 (1765 bp)...done!
Finding genes in sequence #48 (1741 bp)...done!
Finding genes in sequence #49 (1705 bp)...done!
Finding genes in sequence #50 (1705 bp)...done!
Finding genes in sequence #51 (1693 bp)...done!
Finding genes in sequence #52 (1687 bp)...done!
Finding genes in sequence #53 (1675 bp)...done!
Finding genes in sequence #54 (1663 bp)...done!
Finding genes in sequence #55 (1663 bp)...done!
Finding genes in sequence #56 (1657 bp)...done!
Finding genes in sequence #57 (1645 bp)...done!
Finding genes in sequence #58 (1639 bp)...done!
Finding genes in sequence #59 (1627 bp)...done!
Finding genes in sequence #60 (1621 bp)...done!
Finding genes in sequence #61 (1595 bp)...done!
Finding genes in sequence #62 (1537 bp)...done!
Finding genes in sequence #63 (1537 bp)...done!
Finding genes in sequence #64 (1533 bp)...done!
Finding genes in sequence #65 (1519 bp)...done!
Finding genes in sequence #66 (1513 bp)...done!
Finding genes in sequence #67 (1513 bp)...done!
Finding genes in sequence #68 (1507 bp)...done!
Finding genes in sequence #69 (1507 bp)...done!
Finding genes in sequence #70 (1507 bp)...done!
Finding genes in sequence #71 (1495 bp)...done!
Finding genes in sequence #72 (1493 bp)...done!
Finding genes in sequence #73 (1489 bp)...done!
Finding genes in sequence #74 (1485 bp)...done!
Finding genes in sequence #75 (1471 bp)...done!
Finding genes in sequence #76 (1453 bp)...done!
Finding genes in sequence #77 (1453 bp)...done!
Finding genes in sequence #78 (1447 bp)...done!
Finding genes in sequence #79 (1433 bp)...done!
Finding genes in sequence #80 (1381 bp)...done!
Finding genes in sequence #81 (1363 bp)...done!
Finding genes in sequence #82 (1363 bp)...done!
Finding genes in sequence #83 (1333 bp)...done!
Finding genes in sequence #84 (1315 bp)...done!
Finding genes in sequence #85 (1303 bp)...done!
Finding genes in sequence #86 (1273 bp)...done!
Finding genes in sequence #87 (1273 bp)...done!
Finding genes in sequence #88 (1267 bp)...done!
Finding genes in sequence #89 (1267 bp)...done!
Finding genes in sequence #90 (1267 bp)...done!
Finding genes in sequence #91 (1261 bp)...done!
Finding genes in sequence #92 (1261 bp)...done!
Finding genes in sequence #93 (1255 bp)...done!
Finding genes in sequence #94 (1249 bp)...done!
Finding genes in sequence #95 (1243 bp)...done!
Finding genes in sequence #96 (1243 bp)...done!
Finding genes in sequence #97 (1243 bp)...done!
Finding genes in sequence #98 (1231 bp)...done!
Finding genes in sequence #99 (1225 bp)...done!
Finding genes in sequence #100 (1219 bp)...done!
Finding genes in sequence #101 (1213 bp)...done!
Finding genes in sequence #102 (1216 bp)...done!
Finding genes in sequence #103 (1213 bp)...done!
Finding genes in sequence #104 (1201 bp)...done!
Finding genes in sequence #105 (1183 bp)...done!
Finding genes in sequence #106 (1177 bp)...done!
Finding genes in sequence #107 (1177 bp)...done!
Finding genes in sequence #108 (1171 bp)...done!
Finding genes in sequence #109 (1171 bp)...done!
Finding genes in sequence #110 (1165 bp)...done!
Finding genes in sequence #111 (1159 bp)...done!
Finding genes in sequence #112 (1153 bp)...done!
Finding genes in sequence #113 (1153 bp)...done!
Finding genes in sequence #114 (1147 bp)...done!
Finding genes in sequence #115 (1147 bp)...done!
Finding genes in sequence #116 (1141 bp)...done!
Finding genes in sequence #117 (1135 bp)...done!
Finding genes in sequence #118 (1131 bp)...done!
Finding genes in sequence #119 (1129 bp)...done!
Finding genes in sequence #120 (1129 bp)...done!
Finding genes in sequence #121 (1129 bp)...done!
Finding genes in sequence #122 (1123 bp)...done!
Finding genes in sequence #123 (1117 bp)...done!
Finding genes in sequence #124 (1117 bp)...done!
Finding genes in sequence #125 (1117 bp)...done!
Finding genes in sequence #126 (1117 bp)...done!
Finding genes in sequence #127 (1105 bp)...done!
Finding genes in sequence #128 (1105 bp)...done!
Finding genes in sequence #129 (1099 bp)...done!
Finding genes in sequence #130 (1099 bp)...done!
Finding genes in sequence #131 (1093 bp)...done!
Finding genes in sequence #132 (1093 bp)...done!
Finding genes in sequence #133 (1087 bp)...done!
Finding genes in sequence #134 (1087 bp)...done!
Finding genes in sequence #135 (1081 bp)...done!
Finding genes in sequence #136 (1081 bp)...done!
Finding genes in sequence #137 (1075 bp)...done!
Finding genes in sequence #138 (1075 bp)...done!
Finding genes in sequence #139 (1069 bp)...done!
Finding genes in sequence #140 (1063 bp)...done!
Finding genes in sequence #141 (1051 bp)...done!
Finding genes in sequence #142 (1051 bp)...done!
Finding genes in sequence #143 (1045 bp)...done!
Finding genes in sequence #144 (1045 bp)...done!
Finding genes in sequence #145 (1039 bp)...done!
Finding genes in sequence #146 (1033 bp)...done!
Finding genes in sequence #147 (1033 bp)...done!
Finding genes in sequence #148 (1033 bp)...done!
Finding genes in sequence #149 (1033 bp)...done!
Finding genes in sequence #150 (1027 bp)...done!
Finding genes in sequence #151 (1021 bp)...done!
Finding genes in sequence #152 (1019 bp)...done!
Finding genes in sequence #153 (1015 bp)...done!
Finding genes in sequence #154 (1015 bp)...done!
Finding genes in sequence #155 (1015 bp)...done!
Finding genes in sequence #156 (1009 bp)...done!
Finding genes in sequence #157 (997 bp)...done!
Finding genes in sequence #158 (997 bp)...done!
Finding genes in sequence #159 (991 bp)...done!
Finding genes in sequence #160 (985 bp)...done!
Finding genes in sequence #161 (981 bp)...done!
Finding genes in sequence #162 (979 bp)...done!
Finding genes in sequence #163 (979 bp)...done!
Finding genes in sequence #164 (979 bp)...done!
Finding genes in sequence #165 (979 bp)...done!
Finding genes in sequence #166 (979 bp)...done!
Finding genes in sequence #167 (973 bp)...done!
Finding genes in sequence #168 (973 bp)...done!
Finding genes in sequence #169 (973 bp)...done!
Finding genes in sequence #170 (973 bp)...done!
Finding genes in sequence #171 (973 bp)...done!
Finding genes in sequence #172 (967 bp)...done!
Finding genes in sequence #173 (967 bp)...done!
Finding genes in sequence #174 (967 bp)...done!
Finding genes in sequence #175 (967 bp)...done!
Finding genes in sequence #176 (965 bp)...done!
Finding genes in sequence #177 (961 bp)...done!
Finding genes in sequence #178 (961 bp)...done!
Finding genes in sequence #179 (961 bp)...done!
Finding genes in sequence #180 (961 bp)...done!
Finding genes in sequence #181 (955 bp)...done!
Finding genes in sequence #182 (955 bp)...done!
Finding genes in sequence #183 (955 bp)...done!
Finding genes in sequence #184 (955 bp)...done!
Finding genes in sequence #185 (955 bp)...done!
Finding genes in sequence #186 (949 bp)...done!
Finding genes in sequence #187 (949 bp)...done!
Finding genes in sequence #188 (949 bp)...done!
