-------------------------------------
PRODIGAL v2.6.3 [February, 2016]         
Univ of Tenn / Oak Ridge National Lab
Doug Hyatt, Loren Hauser, et al.     
-------------------------------------
Request:  Metagenomic, Phase:  Training
Initializing training files...done!
-------------------------------------
Request:  Metagenomic, Phase:  Gene Finding
Finding genes in sequence #1 (13209 bp)...done!
Finding genes in sequence #2 (12249 bp)...done!
Finding genes in sequence #3 (11898 bp)...done!
Finding genes in sequence #4 (11358 bp)...done!
Finding genes in sequence #5 (4503 bp)...done!
Finding genes in sequence #6 (4027 bp)...done!
Finding genes in sequence #7 (3481 bp)...done!
Finding genes in sequence #8 (3175 bp)...done!
Finding genes in sequence #9 (2841 bp)...done!
Finding genes in sequence #10 (2793 bp)...done!
Finding genes in sequence #11 (2677 bp)...done!
Finding genes in sequence #12 (2661 bp)...done!
Finding genes in sequence #13 (2629 bp)...done!
Finding genes in sequence #14 (2551 bp)...done!
Finding genes in sequence #15 (2413 bp)...done!
Finding genes in sequence #16 (2379 bp)...done!
Finding genes in sequence #17 (2377 bp)...done!
Finding genes in sequence #18 (2311 bp)...done!
Finding genes in sequence #19 (2217 bp)...done!
Finding genes in sequence #20 (2129 bp)...done!
Finding genes in sequence #21 (2065 bp)...done!
Finding genes in sequence #22 (1921 bp)...done!
Finding genes in sequence #23 (1831 bp)...done!
Finding genes in sequence #24 (1831 bp)...done!
Finding genes in sequence #25 (1817 bp)...done!
Finding genes in sequence #26 (1805 bp)...done!
Finding genes in sequence #27 (1795 bp)...done!
Finding genes in sequence #28 (1791 bp)...done!
Finding genes in sequence #29 (1785 bp)...done!
Finding genes in sequence #30 (1761 bp)...done!
Finding genes in sequence #31 (1757 bp)...done!
Finding genes in sequence #32 (1731 bp)...done!
Finding genes in sequence #33 (1699 bp)...done!
Finding genes in sequence #34 (1665 bp)...done!
Finding genes in sequence #35 (1607 bp)...done!
Finding genes in sequence #36 (1589 bp)...done!
Finding genes in sequence #37 (1561 bp)...done!
Finding genes in sequence #38 (1547 bp)...done!
Finding genes in sequence #39 (1545 bp)...done!
Finding genes in sequence #40 (1533 bp)...done!
Finding genes in sequence #41 (1515 bp)...done!
Finding genes in sequence #42 (1473 bp)...done!
Finding genes in sequence #43 (1443 bp)...done!
Finding genes in sequence #44 (1393 bp)...done!
Finding genes in sequence #45 (1385 bp)...done!
Finding genes in sequence #46 (1361 bp)...done!
Finding genes in sequence #47 (1329 bp)...done!
Finding genes in sequence #48 (1317 bp)...done!
Finding genes in sequence #49 (1307 bp)...done!
Finding genes in sequence #50 (1267 bp)...done!
Finding genes in sequence #51 (1259 bp)...done!
Finding genes in sequence #52 (1243 bp)...done!
Finding genes in sequence #53 (1219 bp)...done!
Finding genes in sequence #54 (1185 bp)...done!
Finding genes in sequence #55 (1173 bp)...done!
Finding genes in sequence #56 (1171 bp)...done!
Finding genes in sequence #57 (1167 bp)...done!
Finding genes in sequence #58 (1159 bp)...done!
Finding genes in sequence #59 (1151 bp)...done!
Finding genes in sequence #60 (1141 bp)...done!
Finding genes in sequence #61 (1133 bp)...done!
Finding genes in sequence #62 (1104 bp)...done!
Finding genes in sequence #63 (1101 bp)...done!
Finding genes in sequence #64 (1097 bp)...done!
Finding genes in sequence #65 (1093 bp)...done!
Finding genes in sequence #66 (1093 bp)...done!
Finding genes in sequence #67 (1091 bp)...done!
Finding genes in sequence #68 (1089 bp)...done!
Finding genes in sequence #69 (1089 bp)...done!
Finding genes in sequence #70 (1087 bp)...done!
Finding genes in sequence #71 (1085 bp)...done!
Finding genes in sequence #72 (1075 bp)...done!
Finding genes in sequence #73 (1071 bp)...done!
Finding genes in sequence #74 (1061 bp)...done!
Finding genes in sequence #75 (1055 bp)...done!
Finding genes in sequence #76 (1045 bp)...done!
Finding genes in sequence #77 (1027 bp)...done!
Finding genes in sequence #78 (1009 bp)...done!
Finding genes in sequence #79 (1007 bp)...done!
Finding genes in sequence #80 (1001 bp)...done!
Finding genes in sequence #81 (985 bp)...done!
Finding genes in sequence #82 (979 bp)...done!
Finding genes in sequence #83 (973 bp)...done!
Finding genes in sequence #84 (959 bp)...done!
Finding genes in sequence #85 (949 bp)...done!
Finding genes in sequence #86 (947 bp)...done!
