-------------------------------------
PRODIGAL v2.6.3 [February, 2016]         
Univ of Tenn / Oak Ridge National Lab
Doug Hyatt, Loren Hauser, et al.     
-------------------------------------
Request:  Metagenomic, Phase:  Training
Initializing training files...done!
-------------------------------------
Request:  Metagenomic, Phase:  Gene Finding
Finding genes in sequence #1 (22925 bp)...done!
Finding genes in sequence #2 (12053 bp)...done!
Finding genes in sequence #3 (11378 bp)...done!
Finding genes in sequence #4 (5973 bp)...done!
Finding genes in sequence #5 (5447 bp)...done!
Finding genes in sequence #6 (3431 bp)...done!
Finding genes in sequence #7 (3079 bp)...done!
Finding genes in sequence #8 (2491 bp)...done!
Finding genes in sequence #9 (2407 bp)...done!
Finding genes in sequence #10 (2383 bp)...done!
Finding genes in sequence #11 (1975 bp)...done!
Finding genes in sequence #12 (1883 bp)...done!
Finding genes in sequence #13 (1777 bp)...done!
Finding genes in sequence #14 (1657 bp)...done!
Finding genes in sequence #15 (1369 bp)...done!
Finding genes in sequence #16 (1349 bp)...done!
Finding genes in sequence #17 (1325 bp)...done!
Finding genes in sequence #18 (1297 bp)...done!
Finding genes in sequence #19 (1139 bp)...done!
Finding genes in sequence #20 (1081 bp)...done!
Finding genes in sequence #21 (1063 bp)...done!
Finding genes in sequence #22 (1023 bp)...done!
