-------------------------------------
PRODIGAL v2.6.3 [February, 2016]         
Univ of Tenn / Oak Ridge National Lab
Doug Hyatt, Loren Hauser, et al.     
-------------------------------------
Request:  Metagenomic, Phase:  Training
Initializing training files...done!
-------------------------------------
Request:  Metagenomic, Phase:  Gene Finding
Finding genes in sequence #1 (8372 bp)...done!
Finding genes in sequence #2 (7807 bp)...done!
Finding genes in sequence #3 (40610 bp)...done!
Finding genes in sequence #4 (40793 bp)...done!
Finding genes in sequence #5 (23680 bp)...done!
Finding genes in sequence #6 (6542 bp)...done!
Finding genes in sequence #7 (3179 bp)...done!
Finding genes in sequence #8 (3119 bp)...done!
Finding genes in sequence #9 (2315 bp)...done!
Finding genes in sequence #10 (3860 bp)...done!
Finding genes in sequence #11 (3785 bp)...done!
Finding genes in sequence #12 (11612 bp)...done!
Finding genes in sequence #13 (11088 bp)...done!
Finding genes in sequence #14 (11008 bp)...done!
Finding genes in sequence #15 (10948 bp)...done!
Finding genes in sequence #16 (10935 bp)...done!
Finding genes in sequence #17 (16511 bp)...done!
Finding genes in sequence #18 (14388 bp)...done!
Finding genes in sequence #19 (3731 bp)...done!
Finding genes in sequence #20 (2684 bp)...done!
Finding genes in sequence #21 (2585 bp)...done!
Finding genes in sequence #22 (2777 bp)...done!
Finding genes in sequence #23 (7717 bp)...done!
Finding genes in sequence #24 (1919 bp)...done!
Finding genes in sequence #25 (1919 bp)...done!
Finding genes in sequence #26 (3278 bp)...done!
Finding genes in sequence #27 (3217 bp)...done!
Finding genes in sequence #28 (3335 bp)...done!
Finding genes in sequence #29 (3515 bp)...done!
Finding genes in sequence #30 (4066 bp)...done!
Finding genes in sequence #31 (2909 bp)...done!
Finding genes in sequence #32 (3440 bp)...done!
Finding genes in sequence #33 (2717 bp)...done!
Finding genes in sequence #34 (2335 bp)...done!
Finding genes in sequence #35 (2153 bp)...done!
Finding genes in sequence #36 (6071 bp)...done!
Finding genes in sequence #37 (2259 bp)...done!
Finding genes in sequence #38 (3347 bp)...done!
Finding genes in sequence #39 (14322 bp)...done!
Finding genes in sequence #40 (22188 bp)...done!
Finding genes in sequence #41 (1929 bp)...done!
Finding genes in sequence #42 (4893 bp)...done!
Finding genes in sequence #43 (21431 bp)...done!
Finding genes in sequence #44 (2370 bp)...done!
Finding genes in sequence #45 (1985 bp)...done!
Finding genes in sequence #46 (1907 bp)...done!
