-------------------------------------
PRODIGAL v2.6.3 [February, 2016]         
Univ of Tenn / Oak Ridge National Lab
Doug Hyatt, Loren Hauser, et al.     
-------------------------------------
Request:  Metagenomic, Phase:  Training
Initializing training files...done!
-------------------------------------
Request:  Metagenomic, Phase:  Gene Finding
Finding genes in sequence #1 (14221 bp)...done!
Finding genes in sequence #2 (14106 bp)...done!
Finding genes in sequence #3 (10788 bp)...done!
Finding genes in sequence #4 (10650 bp)...done!
Finding genes in sequence #5 (10284 bp)...done!
Finding genes in sequence #6 (9015 bp)...done!
Finding genes in sequence #7 (2933 bp)...done!
Finding genes in sequence #8 (4929 bp)...done!
Finding genes in sequence #9 (4215 bp)...done!
Finding genes in sequence #10 (4149 bp)...done!
Finding genes in sequence #11 (4079 bp)...done!
Finding genes in sequence #12 (2040 bp)...done!
Finding genes in sequence #13 (4021 bp)...done!
Finding genes in sequence #14 (3835 bp)...done!
Finding genes in sequence #15 (3557 bp)...done!
Finding genes in sequence #16 (3203 bp)...done!
Finding genes in sequence #17 (3037 bp)...done!
Finding genes in sequence #18 (2923 bp)...done!
Finding genes in sequence #19 (2629 bp)...done!
Finding genes in sequence #20 (2407 bp)...done!
Finding genes in sequence #21 (2253 bp)...done!
Finding genes in sequence #22 (1975 bp)...done!
Finding genes in sequence #23 (1859 bp)...done!
Finding genes in sequence #24 (1679 bp)...done!
Finding genes in sequence #25 (1621 bp)...done!
Finding genes in sequence #26 (1585 bp)...done!
Finding genes in sequence #27 (1535 bp)...done!
Finding genes in sequence #28 (1509 bp)...done!
Finding genes in sequence #29 (1463 bp)...done!
Finding genes in sequence #30 (1459 bp)...done!
Finding genes in sequence #31 (1437 bp)...done!
Finding genes in sequence #32 (1387 bp)...done!
Finding genes in sequence #33 (1279 bp)...done!
Finding genes in sequence #34 (1249 bp)...done!
Finding genes in sequence #35 (1207 bp)...done!
Finding genes in sequence #36 (1195 bp)...done!
Finding genes in sequence #37 (1189 bp)...done!
Finding genes in sequence #38 (1147 bp)...done!
Finding genes in sequence #39 (1143 bp)...done!
Finding genes in sequence #40 (1087 bp)...done!
Finding genes in sequence #41 (1075 bp)...done!
Finding genes in sequence #42 (1067 bp)...done!
Finding genes in sequence #43 (1053 bp)...done!
Finding genes in sequence #44 (1047 bp)...done!
Finding genes in sequence #45 (973 bp)...done!
