-------------------------------------
PRODIGAL v2.6.3 [February, 2016]         
Univ of Tenn / Oak Ridge National Lab
Doug Hyatt, Loren Hauser, et al.     
-------------------------------------
Request:  Metagenomic, Phase:  Training
Initializing training files...done!
-------------------------------------
Request:  Metagenomic, Phase:  Gene Finding
Finding genes in sequence #1 (161241 bp)...done!
Finding genes in sequence #2 (15265 bp)...done!
Finding genes in sequence #3 (9191 bp)...done!
Finding genes in sequence #4 (5695 bp)...done!
Finding genes in sequence #5 (4623 bp)...done!
Finding genes in sequence #6 (4001 bp)...done!
Finding genes in sequence #7 (3229 bp)...done!
Finding genes in sequence #8 (3017 bp)...done!
Finding genes in sequence #9 (2869 bp)...done!
Finding genes in sequence #10 (2533 bp)...done!
Finding genes in sequence #11 (2311 bp)...done!
Finding genes in sequence #12 (2209 bp)...done!
Finding genes in sequence #13 (2051 bp)...done!
Finding genes in sequence #14 (1843 bp)...done!
Finding genes in sequence #15 (1825 bp)...done!
Finding genes in sequence #16 (1659 bp)...done!
Finding genes in sequence #17 (1585 bp)...done!
Finding genes in sequence #18 (1531 bp)...done!
Finding genes in sequence #19 (1507 bp)...done!
Finding genes in sequence #20 (1447 bp)...done!
Finding genes in sequence #21 (1405 bp)...done!
Finding genes in sequence #22 (1375 bp)...done!
Finding genes in sequence #23 (1369 bp)...done!
Finding genes in sequence #24 (1369 bp)...done!
Finding genes in sequence #25 (1285 bp)...done!
Finding genes in sequence #26 (1273 bp)...done!
Finding genes in sequence #27 (1267 bp)...done!
Finding genes in sequence #28 (1123 bp)...done!
Finding genes in sequence #29 (1123 bp)...done!
Finding genes in sequence #30 (1093 bp)...done!
Finding genes in sequence #31 (1081 bp)...done!
Finding genes in sequence #32 (1063 bp)...done!
Finding genes in sequence #33 (1051 bp)...done!
Finding genes in sequence #34 (1043 bp)...done!
Finding genes in sequence #35 (1039 bp)...done!
Finding genes in sequence #36 (1027 bp)...done!
Finding genes in sequence #37 (1027 bp)...done!
Finding genes in sequence #38 (1027 bp)...done!
Finding genes in sequence #39 (1025 bp)...done!
Finding genes in sequence #40 (1021 bp)...done!
Finding genes in sequence #41 (1009 bp)...done!
Finding genes in sequence #42 (1003 bp)...done!
Finding genes in sequence #43 (979 bp)...done!
Finding genes in sequence #44 (949 bp)...done!
