-------------------------------------
PRODIGAL v2.6.3 [February, 2016]         
Univ of Tenn / Oak Ridge National Lab
Doug Hyatt, Loren Hauser, et al.     
-------------------------------------
Request:  Metagenomic, Phase:  Training
Initializing training files...done!
-------------------------------------
Request:  Metagenomic, Phase:  Gene Finding
Finding genes in sequence #1 (11538 bp)...done!
Finding genes in sequence #2 (7813 bp)...done!
Finding genes in sequence #3 (7251 bp)...done!
Finding genes in sequence #4 (5455 bp)...done!
Finding genes in sequence #5 (5221 bp)...done!
Finding genes in sequence #6 (5215 bp)...done!
Finding genes in sequence #7 (5197 bp)...done!
Finding genes in sequence #8 (4639 bp)...done!
Finding genes in sequence #9 (4555 bp)...done!
Finding genes in sequence #10 (4329 bp)...done!
Finding genes in sequence #11 (2089 bp)...done!
Finding genes in sequence #12 (3523 bp)...done!
Finding genes in sequence #13 (2857 bp)...done!
Finding genes in sequence #14 (2761 bp)...done!
Finding genes in sequence #15 (2739 bp)...done!
Finding genes in sequence #16 (2740 bp)...done!
Finding genes in sequence #17 (2641 bp)...done!
Finding genes in sequence #18 (1332 bp)...done!
Finding genes in sequence #19 (2587 bp)...done!
Finding genes in sequence #20 (2568 bp)...done!
Finding genes in sequence #21 (2537 bp)...done!
Finding genes in sequence #22 (2539 bp)...done!
Finding genes in sequence #23 (2525 bp)...done!
Finding genes in sequence #24 (2413 bp)...done!
Finding genes in sequence #25 (2275 bp)...done!
Finding genes in sequence #26 (2183 bp)...done!
Finding genes in sequence #27 (2179 bp)...done!
Finding genes in sequence #28 (2107 bp)...done!
Finding genes in sequence #29 (1077 bp)...done!
Finding genes in sequence #30 (2059 bp)...done!
Finding genes in sequence #31 (1050 bp)...done!
Finding genes in sequence #32 (1987 bp)...done!
Finding genes in sequence #33 (1978 bp)...done!
Finding genes in sequence #34 (1967 bp)...done!
Finding genes in sequence #35 (1909 bp)...done!
Finding genes in sequence #36 (1897 bp)...done!
Finding genes in sequence #37 (1789 bp)...done!
Finding genes in sequence #38 (1783 bp)...done!
Finding genes in sequence #39 (1717 bp)...done!
Finding genes in sequence #40 (1687 bp)...done!
Finding genes in sequence #41 (1687 bp)...done!
Finding genes in sequence #42 (1683 bp)...done!
Finding genes in sequence #43 (1619 bp)...done!
Finding genes in sequence #44 (1585 bp)...done!
Finding genes in sequence #45 (1555 bp)...done!
Finding genes in sequence #46 (1489 bp)...done!
Finding genes in sequence #47 (1483 bp)...done!
Finding genes in sequence #48 (1477 bp)...done!
Finding genes in sequence #49 (1427 bp)...done!
Finding genes in sequence #50 (1423 bp)...done!
Finding genes in sequence #51 (1343 bp)...done!
Finding genes in sequence #52 (1339 bp)...done!
Finding genes in sequence #53 (1259 bp)...done!
Finding genes in sequence #54 (1249 bp)...done!
Finding genes in sequence #55 (1247 bp)...done!
Finding genes in sequence #56 (1233 bp)...done!
Finding genes in sequence #57 (1231 bp)...done!
Finding genes in sequence #58 (1231 bp)...done!
Finding genes in sequence #59 (618 bp)...done!
Finding genes in sequence #60 (1171 bp)...done!
Finding genes in sequence #61 (1159 bp)...done!
Finding genes in sequence #62 (1157 bp)...done!
Finding genes in sequence #63 (583 bp)...done!
Finding genes in sequence #64 (1008 bp)...done!
Finding genes in sequence #65 (1093 bp)...done!
Finding genes in sequence #66 (1093 bp)...done!
Finding genes in sequence #67 (1087 bp)...done!
Finding genes in sequence #68 (1035 bp)...done!
Finding genes in sequence #69 (1015 bp)...done!
Finding genes in sequence #70 (999 bp)...done!
Finding genes in sequence #71 (997 bp)...done!
Finding genes in sequence #72 (979 bp)...done!
Finding genes in sequence #73 (973 bp)...done!
Finding genes in sequence #74 (967 bp)...done!
Finding genes in sequence #75 (955 bp)...done!
