-------------------------------------
PRODIGAL v2.6.3 [February, 2016]         
Univ of Tenn / Oak Ridge National Lab
Doug Hyatt, Loren Hauser, et al.     
-------------------------------------
Request:  Metagenomic, Phase:  Training
Initializing training files...done!
-------------------------------------
Request:  Metagenomic, Phase:  Gene Finding
Finding genes in sequence #1 (3529 bp)...done!
Finding genes in sequence #2 (3307 bp)...done!
Finding genes in sequence #3 (2837 bp)...done!
Finding genes in sequence #4 (2635 bp)...done!
Finding genes in sequence #5 (2473 bp)...done!
Finding genes in sequence #6 (2357 bp)...done!
Finding genes in sequence #7 (2329 bp)...done!
Finding genes in sequence #8 (2309 bp)...done!
Finding genes in sequence #9 (1957 bp)...done!
Finding genes in sequence #10 (1895 bp)...done!
Finding genes in sequence #11 (1879 bp)...done!
Finding genes in sequence #12 (1845 bp)...done!
Finding genes in sequence #13 (1795 bp)...done!
Finding genes in sequence #14 (1789 bp)...done!
Finding genes in sequence #15 (1783 bp)...done!
Finding genes in sequence #16 (1765 bp)...done!
Finding genes in sequence #17 (1741 bp)...done!
Finding genes in sequence #18 (1639 bp)...done!
Finding genes in sequence #19 (1597 bp)...done!
Finding genes in sequence #20 (1589 bp)...done!
Finding genes in sequence #21 (1457 bp)...done!
Finding genes in sequence #22 (1381 bp)...done!
Finding genes in sequence #23 (1361 bp)...done!
Finding genes in sequence #24 (1287 bp)...done!
Finding genes in sequence #25 (1265 bp)...done!
Finding genes in sequence #26 (1229 bp)...done!
Finding genes in sequence #27 (1191 bp)...done!
Finding genes in sequence #28 (1171 bp)...done!
Finding genes in sequence #29 (1111 bp)...done!
Finding genes in sequence #30 (1109 bp)...done!
Finding genes in sequence #31 (1095 bp)...done!
Finding genes in sequence #32 (1043 bp)...done!
Finding genes in sequence #33 (1043 bp)...done!
Finding genes in sequence #34 (921 bp)...done!
Finding genes in sequence #35 (1019 bp)...done!
Finding genes in sequence #36 (1009 bp)...done!
Finding genes in sequence #37 (915 bp)...done!
Finding genes in sequence #38 (955 bp)...done!
Finding genes in sequence #39 (991 bp)...done!
Finding genes in sequence #40 (979 bp)...done!
