-------------------------------------
PRODIGAL v2.6.3 [February, 2016]         
Univ of Tenn / Oak Ridge National Lab
Doug Hyatt, Loren Hauser, et al.     
-------------------------------------
Request:  Metagenomic, Phase:  Training
Initializing training files...done!
-------------------------------------
Request:  Metagenomic, Phase:  Gene Finding
Finding genes in sequence #1 (977 bp)...done!
Finding genes in sequence #2 (979 bp)...done!
Finding genes in sequence #3 (1005 bp)...done!
Finding genes in sequence #4 (1039 bp)...done!
Finding genes in sequence #5 (1973 bp)...done!
Finding genes in sequence #6 (1045 bp)...done!
Finding genes in sequence #7 (1975 bp)...done!
Finding genes in sequence #8 (1237 bp)...done!
Finding genes in sequence #9 (10386 bp)...done!
Finding genes in sequence #10 (2339 bp)...done!
Finding genes in sequence #11 (1035 bp)...done!
Finding genes in sequence #12 (1343 bp)...done!
