-------------------------------------
PRODIGAL v2.6.3 [February, 2016]         
Univ of Tenn / Oak Ridge National Lab
Doug Hyatt, Loren Hauser, et al.     
-------------------------------------
Request:  Metagenomic, Phase:  Training
Initializing training files...done!
-------------------------------------
Request:  Metagenomic, Phase:  Gene Finding
Finding genes in sequence #1 (10438 bp)...done!
Finding genes in sequence #2 (3887 bp)...done!
Finding genes in sequence #3 (2947 bp)...done!
Finding genes in sequence #4 (2137 bp)...done!
Finding genes in sequence #5 (2011 bp)...done!
Finding genes in sequence #6 (1573 bp)...done!
Finding genes in sequence #7 (1333 bp)...done!
Finding genes in sequence #8 (1297 bp)...done!
Finding genes in sequence #9 (1273 bp)...done!
Finding genes in sequence #10 (1269 bp)...done!
Finding genes in sequence #11 (1225 bp)...done!
Finding genes in sequence #12 (1203 bp)...done!
Finding genes in sequence #13 (1149 bp)...done!
Finding genes in sequence #14 (1141 bp)...done!
Finding genes in sequence #15 (1137 bp)...done!
Finding genes in sequence #16 (1135 bp)...done!
Finding genes in sequence #17 (1131 bp)...done!
Finding genes in sequence #18 (1087 bp)...done!
Finding genes in sequence #19 (1075 bp)...done!
Finding genes in sequence #20 (1029 bp)...done!
Finding genes in sequence #21 (1005 bp)...done!
Finding genes in sequence #22 (983 bp)...done!
Finding genes in sequence #23 (965 bp)...done!
Finding genes in sequence #24 (955 bp)...done!
Finding genes in sequence #25 (949 bp)...done!
