-------------------------------------
PRODIGAL v2.6.3 [February, 2016]         
Univ of Tenn / Oak Ridge National Lab
Doug Hyatt, Loren Hauser, et al.     
-------------------------------------
Request:  Metagenomic, Phase:  Training
Initializing training files...done!
-------------------------------------
Request:  Metagenomic, Phase:  Gene Finding
Finding genes in sequence #1 (62778 bp)...done!
Finding genes in sequence #2 (15423 bp)...done!
Finding genes in sequence #3 (14204 bp)...done!
Finding genes in sequence #4 (11892 bp)...done!
Finding genes in sequence #5 (11353 bp)...done!
Finding genes in sequence #6 (6153 bp)...done!
Finding genes in sequence #7 (5295 bp)...done!
Finding genes in sequence #8 (4447 bp)...done!
Finding genes in sequence #9 (3931 bp)...done!
Finding genes in sequence #10 (3745 bp)...done!
Finding genes in sequence #11 (3637 bp)...done!
Finding genes in sequence #12 (3447 bp)...done!
Finding genes in sequence #13 (2233 bp)...done!
Finding genes in sequence #14 (2145 bp)...done!
Finding genes in sequence #15 (1913 bp)...done!
Finding genes in sequence #16 (1729 bp)...done!
Finding genes in sequence #17 (1195 bp)...done!
Finding genes in sequence #18 (1159 bp)...done!
Finding genes in sequence #19 (1081 bp)...done!
Finding genes in sequence #20 (1063 bp)...done!
Finding genes in sequence #21 (997 bp)...done!
Finding genes in sequence #22 (991 bp)...done!
