-------------------------------------
PRODIGAL v2.6.3 [February, 2016]         
Univ of Tenn / Oak Ridge National Lab
Doug Hyatt, Loren Hauser, et al.     
-------------------------------------
Request:  Metagenomic, Phase:  Training
Initializing training files...done!
-------------------------------------
Request:  Metagenomic, Phase:  Gene Finding
Finding genes in sequence #1 (16107 bp)...done!
Finding genes in sequence #2 (15989 bp)...done!
Finding genes in sequence #3 (15961 bp)...done!
Finding genes in sequence #4 (14697 bp)...done!
Finding genes in sequence #5 (13986 bp)...done!
Finding genes in sequence #6 (13594 bp)...done!
Finding genes in sequence #7 (13120 bp)...done!
Finding genes in sequence #8 (12425 bp)...done!
Finding genes in sequence #9 (11900 bp)...done!
Finding genes in sequence #10 (11307 bp)...done!
Finding genes in sequence #11 (11069 bp)...done!
Finding genes in sequence #12 (10998 bp)...done!
Finding genes in sequence #13 (10730 bp)...done!
Finding genes in sequence #14 (10529 bp)...done!
Finding genes in sequence #15 (10273 bp)...done!
Finding genes in sequence #16 (5695 bp)...done!
Finding genes in sequence #17 (4549 bp)...done!
Finding genes in sequence #18 (3769 bp)...done!
Finding genes in sequence #19 (3319 bp)...done!
Finding genes in sequence #20 (3143 bp)...done!
Finding genes in sequence #21 (3139 bp)...done!
Finding genes in sequence #22 (3091 bp)...done!
Finding genes in sequence #23 (3037 bp)...done!
Finding genes in sequence #24 (2981 bp)...done!
Finding genes in sequence #25 (2903 bp)...done!
Finding genes in sequence #26 (2787 bp)...done!
Finding genes in sequence #27 (2715 bp)...done!
Finding genes in sequence #28 (2529 bp)...done!
Finding genes in sequence #29 (2611 bp)...done!
Finding genes in sequence #30 (2427 bp)...done!
Finding genes in sequence #31 (2371 bp)...done!
Finding genes in sequence #32 (2331 bp)...done!
Finding genes in sequence #33 (2271 bp)...done!
Finding genes in sequence #34 (2265 bp)...done!
Finding genes in sequence #35 (2167 bp)...done!
Finding genes in sequence #36 (2075 bp)...done!
Finding genes in sequence #37 (1963 bp)...done!
Finding genes in sequence #38 (2041 bp)...done!
Finding genes in sequence #39 (1985 bp)...done!
Finding genes in sequence #40 (1971 bp)...done!
Finding genes in sequence #41 (1921 bp)...done!
Finding genes in sequence #42 (1887 bp)...done!
Finding genes in sequence #43 (1841 bp)...done!
Finding genes in sequence #44 (1816 bp)...done!
Finding genes in sequence #45 (1807 bp)...done!
Finding genes in sequence #46 (1795 bp)...done!
Finding genes in sequence #47 (1789 bp)...done!
Finding genes in sequence #48 (1789 bp)...done!
Finding genes in sequence #49 (1771 bp)...done!
Finding genes in sequence #50 (1771 bp)...done!
Finding genes in sequence #51 (1741 bp)...done!
Finding genes in sequence #52 (1741 bp)...done!
Finding genes in sequence #53 (1665 bp)...done!
Finding genes in sequence #54 (1651 bp)...done!
Finding genes in sequence #55 (1651 bp)...done!
Finding genes in sequence #56 (1639 bp)...done!
Finding genes in sequence #57 (1633 bp)...done!
Finding genes in sequence #58 (1617 bp)...done!
Finding genes in sequence #59 (1589 bp)...done!
Finding genes in sequence #60 (1575 bp)...done!
Finding genes in sequence #61 (1549 bp)...done!
Finding genes in sequence #62 (1521 bp)...done!
Finding genes in sequence #63 (1507 bp)...done!
Finding genes in sequence #64 (1457 bp)...done!
Finding genes in sequence #65 (1435 bp)...done!
Finding genes in sequence #66 (1429 bp)...done!
Finding genes in sequence #67 (1415 bp)...done!
Finding genes in sequence #68 (1413 bp)...done!
Finding genes in sequence #69 (1389 bp)...done!
Finding genes in sequence #70 (1387 bp)...done!
Finding genes in sequence #71 (1381 bp)...done!
Finding genes in sequence #72 (1357 bp)...done!
Finding genes in sequence #73 (1351 bp)...done!
Finding genes in sequence #74 (1331 bp)...done!
Finding genes in sequence #75 (1303 bp)...done!
Finding genes in sequence #76 (1303 bp)...done!
Finding genes in sequence #77 (1291 bp)...done!
Finding genes in sequence #78 (1290 bp)...done!
Finding genes in sequence #79 (1283 bp)...done!
Finding genes in sequence #80 (1279 bp)...done!
Finding genes in sequence #81 (1277 bp)...done!
Finding genes in sequence #82 (1273 bp)...done!
Finding genes in sequence #83 (1267 bp)...done!
Finding genes in sequence #84 (1245 bp)...done!
Finding genes in sequence #85 (1231 bp)...done!
Finding genes in sequence #86 (1207 bp)...done!
Finding genes in sequence #87 (1175 bp)...done!
Finding genes in sequence #88 (1165 bp)...done!
Finding genes in sequence #89 (1153 bp)...done!
Finding genes in sequence #90 (1147 bp)...done!
Finding genes in sequence #91 (1141 bp)...done!
Finding genes in sequence #92 (1141 bp)...done!
Finding genes in sequence #93 (1135 bp)...done!
Finding genes in sequence #94 (1135 bp)...done!
Finding genes in sequence #95 (1131 bp)...done!
Finding genes in sequence #96 (1111 bp)...done!
Finding genes in sequence #97 (1109 bp)...done!
Finding genes in sequence #98 (1107 bp)...done!
Finding genes in sequence #99 (1086 bp)...done!
Finding genes in sequence #100 (1095 bp)...done!
Finding genes in sequence #101 (1097 bp)...done!
Finding genes in sequence #102 (1095 bp)...done!
Finding genes in sequence #103 (1093 bp)...done!
Finding genes in sequence #104 (1089 bp)...done!
Finding genes in sequence #105 (1083 bp)...done!
Finding genes in sequence #106 (1075 bp)...done!
Finding genes in sequence #107 (1075 bp)...done!
Finding genes in sequence #108 (1075 bp)...done!
Finding genes in sequence #109 (1075 bp)...done!
Finding genes in sequence #110 (1069 bp)...done!
Finding genes in sequence #111 (1070 bp)...done!
Finding genes in sequence #112 (1055 bp)...done!
Finding genes in sequence #113 (1049 bp)...done!
Finding genes in sequence #114 (1045 bp)...done!
Finding genes in sequence #115 (1031 bp)...done!
Finding genes in sequence #116 (1029 bp)...done!
Finding genes in sequence #117 (1029 bp)...done!
Finding genes in sequence #118 (1027 bp)...done!
Finding genes in sequence #119 (1019 bp)...done!
Finding genes in sequence #120 (1013 bp)...done!
Finding genes in sequence #121 (1011 bp)...done!
Finding genes in sequence #122 (1003 bp)...done!
Finding genes in sequence #123 (904 bp)...done!
Finding genes in sequence #124 (1001 bp)...done!
Finding genes in sequence #125 (997 bp)...done!
Finding genes in sequence #126 (993 bp)...done!
Finding genes in sequence #127 (864 bp)...done!
Finding genes in sequence #128 (979 bp)...done!
Finding genes in sequence #129 (876 bp)...done!
Finding genes in sequence #130 (967 bp)...done!
Finding genes in sequence #131 (965 bp)...done!
Finding genes in sequence #132 (963 bp)...done!
Finding genes in sequence #133 (901 bp)...done!
Finding genes in sequence #134 (959 bp)...done!
Finding genes in sequence #135 (959 bp)...done!
Finding genes in sequence #136 (957 bp)...done!
Finding genes in sequence #137 (955 bp)...done!
Finding genes in sequence #138 (953 bp)...done!
Finding genes in sequence #139 (502 bp)...done!
Finding genes in sequence #140 (945 bp)...done!
